{
  "numTotalTests": 0,
  "numPassedTests": 0,
  "numFailedTests": 0,
  "numPendingTests": 0,
  "startTime": "2026-02-10T17:41:22.190Z",
  "endTime": "2026-02-10T17:41:26.545Z",
  "testResults": [
    {
      "testFilePath": "D:\\.work\\rental-software\\__tests__\\features\\kasir\\services\\stockValidationService.test.ts",
      "testFileResults": [],
      "failureMessage": "  ● Test suite failed to run\n\n    Cannot find module '../../../features/kasir/services/stockValidationService' from '__tests__/features/kasir/services/stockValidationService.test.ts'\n\n    However, Jest was able to find:\n    \t'./stockValidationService.test.ts'\n\n    You might want to include a file extension in your import, or update your 'moduleFileExtensions', which is currently ['js', 'mjs', 'cjs', 'jsx', 'ts', 'mts', 'cts', 'tsx', 'json', 'node'].\n\n    See https://jestjs.io/docs/configuration#modulefileextensions-arraystring\n\n    \u001b[0m \u001b[90m 13 |\u001b[39m \u001b[36mimport\u001b[39m { \u001b[33mPrismaClient\u001b[39m } \u001b[36mfrom\u001b[39m \u001b[32m'@prisma/client'\u001b[39m\n     \u001b[90m 14 |\u001b[39m \u001b[36mimport\u001b[39m { \u001b[33mStockValidationService\u001b[39m\u001b[33m,\u001b[39m createStockValidationService } \u001b[36mfrom\u001b[39m \u001b[32m'../../../features/kasir/services/stockValidationService'\u001b[39m\n    \u001b[31m\u001b[1m>\u001b[22m\u001b[39m\u001b[90m 15 |\u001b[39m\n     \u001b[90m    |\u001b[39m \u001b[31m\u001b[1m^\u001b[22m\u001b[39m\n     \u001b[90m 16 |\u001b[39m describe(\u001b[32m'StockValidationService - Bug Fix Verification'\u001b[39m\u001b[33m,\u001b[39m () \u001b[33m=>\u001b[39m {\n     \u001b[90m 17 |\u001b[39m   \u001b[36mlet\u001b[39m stockValidationService\u001b[33m:\u001b[39m \u001b[33mStockValidationService\u001b[39m\n     \u001b[90m 18 |\u001b[39m   \u001b[36mlet\u001b[39m mockPrisma\u001b[33m:\u001b[39m jest\u001b[33m.\u001b[39m\u001b[33mMocked\u001b[39m\u001b[33m<\u001b[39m\u001b[33mPrismaClient\u001b[39m\u001b[33m>\u001b[39m\u001b[0m\n\n      at Resolver._throwModNotFoundError (node_modules/jest-resolve/build/index.js:863:11)\n      at Object.<anonymous> (__tests__/features/kasir/services/stockValidationService.test.ts:15:33)\n"
    }
  ]
}