{
  "numTotalTests": 9,
  "numPassedTests": 1,
  "numFailedTests": 8,
  "numPendingTests": 0,
  "startTime": "2025-07-30T05:22:37.499Z",
  "endTime": "2025-07-30T05:22:46.249Z",
  "testResults": [
    {
      "testFilePath": "D:\\.work\\rental-software\\features\\kasir\\components\\detail\\CustomerInfoCard.test.tsx",
      "testFileResults": [
        {
          "ancestorTitles": [
            "CustomerInfoCard"
          ],
          "fullName": "CustomerInfoCard renders customer basic information correctly",
          "status": "failed",
          "title": "renders customer basic information correctly",
          "failureMessages": [
            "Error: Element type is invalid: expected a string (for built-in components) or a class/function (for composite components) but got: undefined. You likely forgot to export your component from the file it's defined in, or you might have mixed up default and named imports.\n\nCheck the render method of `CustomerInfoCard`.\n    at createFiberFromTypeAndProps (D:\\.work\\rental-software\\node_modules\\react-dom\\cjs\\react-dom-client.development.js:4259:28)\n    at createFiberFromElement (D:\\.work\\rental-software\\node_modules\\react-dom\\cjs\\react-dom-client.development.js:4273:14)\n    at createChild (D:\\.work\\rental-software\\node_modules\\react-dom\\cjs\\react-dom-client.development.js:7297:26)\n    at reconcileChildrenArray (D:\\.work\\rental-software\\node_modules\\react-dom\\cjs\\react-dom-client.development.js:7629:25)\n    at reconcileChildFibersImpl (D:\\.work\\rental-software\\node_modules\\react-dom\\cjs\\react-dom-client.development.js:7952:30)\n    at D:\\.work\\rental-software\\node_modules\\react-dom\\cjs\\react-dom-client.development.js:8057:33\n    at reconcileChildren (D:\\.work\\rental-software\\node_modules\\react-dom\\cjs\\react-dom-client.development.js:8621:13)\n    at beginWork (D:\\.work\\rental-software\\node_modules\\react-dom\\cjs\\react-dom-client.development.js:10793:13)\n    at runWithFiberInDEV (D:\\.work\\rental-software\\node_modules\\react-dom\\cjs\\react-dom-client.development.js:1522:13)\n    at performUnitOfWork (D:\\.work\\rental-software\\node_modules\\react-dom\\cjs\\react-dom-client.development.js:15140:22)\n    at workLoopSync (D:\\.work\\rental-software\\node_modules\\react-dom\\cjs\\react-dom-client.development.js:14956:41)\n    at renderRootSync (D:\\.work\\rental-software\\node_modules\\react-dom\\cjs\\react-dom-client.development.js:14936:11)\n    at performWorkOnRoot (D:\\.work\\rental-software\\node_modules\\react-dom\\cjs\\react-dom-client.development.js:14462:44)\n    at performWorkOnRootViaSchedulerTask (D:\\.work\\rental-software\\node_modules\\react-dom\\cjs\\react-dom-client.development.js:16216:7)\n    at flushActQueue (D:\\.work\\rental-software\\node_modules\\react\\cjs\\react.development.js:566:34)\n    at process.env.NODE_ENV.exports.act (D:\\.work\\rental-software\\node_modules\\react\\cjs\\react.development.js:859:10)\n    at D:\\.work\\rental-software\\node_modules\\@testing-library\\react\\dist\\act-compat.js:47:25\n    at renderRoot (D:\\.work\\rental-software\\node_modules\\@testing-library\\react\\dist\\pure.js:190:26)\n    at render (D:\\.work\\rental-software\\node_modules\\@testing-library\\react\\dist\\pure.js:292:10)\n    at Object.<anonymous> (D:\\.work\\rental-software\\features\\kasir\\components\\detail\\CustomerInfoCard.test.tsx:28:11)\n    at Promise.finally.completed (D:\\.work\\rental-software\\node_modules\\jest-circus\\build\\jestAdapterInit.js:1559:28)\n    at new Promise (<anonymous>)\n    at callAsyncCircusFn (D:\\.work\\rental-software\\node_modules\\jest-circus\\build\\jestAdapterInit.js:1499:10)\n    at _callCircusTest (D:\\.work\\rental-software\\node_modules\\jest-circus\\build\\jestAdapterInit.js:1009:40)\n    at processTicksAndRejections (node:internal/process/task_queues:105:5)\n    at _runTest (D:\\.work\\rental-software\\node_modules\\jest-circus\\build\\jestAdapterInit.js:949:3)\n    at _runTestsForDescribeBlock (D:\\.work\\rental-software\\node_modules\\jest-circus\\build\\jestAdapterInit.js:839:13)\n    at _runTestsForDescribeBlock (D:\\.work\\rental-software\\node_modules\\jest-circus\\build\\jestAdapterInit.js:829:11)\n    at run (D:\\.work\\rental-software\\node_modules\\jest-circus\\build\\jestAdapterInit.js:757:3)\n    at runAndTransformResultsToJestFormat (D:\\.work\\rental-software\\node_modules\\jest-circus\\build\\jestAdapterInit.js:1920:21)\n    at jestAdapter (D:\\.work\\rental-software\\node_modules\\jest-circus\\build\\runner.js:101:19)\n    at runTestInternal (D:\\.work\\rental-software\\node_modules\\jest-runner\\build\\index.js:275:16)\n    at runTest (D:\\.work\\rental-software\\node_modules\\jest-runner\\build\\index.js:343:7)"
          ],
          "duration": 97
        },
        {
          "ancestorTitles": [
            "CustomerInfoCard"
          ],
          "fullName": "CustomerInfoCard displays transaction count from totalTransactions when no recentTransactions",
          "status": "failed",
          "title": "displays transaction count from totalTransactions when no recentTransactions",
          "failureMessages": [
            "Error: Element type is invalid: expected a string (for built-in components) or a class/function (for composite components) but got: undefined. You likely forgot to export your component from the file it's defined in, or you might have mixed up default and named imports.\n\nCheck the render method of `CustomerInfoCard`.\n    at createFiberFromTypeAndProps (D:\\.work\\rental-software\\node_modules\\react-dom\\cjs\\react-dom-client.development.js:4259:28)\n    at createFiberFromElement (D:\\.work\\rental-software\\node_modules\\react-dom\\cjs\\react-dom-client.development.js:4273:14)\n    at createChild (D:\\.work\\rental-software\\node_modules\\react-dom\\cjs\\react-dom-client.development.js:7297:26)\n    at reconcileChildrenArray (D:\\.work\\rental-software\\node_modules\\react-dom\\cjs\\react-dom-client.development.js:7629:25)\n    at reconcileChildFibersImpl (D:\\.work\\rental-software\\node_modules\\react-dom\\cjs\\react-dom-client.development.js:7952:30)\n    at D:\\.work\\rental-software\\node_modules\\react-dom\\cjs\\react-dom-client.development.js:8057:33\n    at reconcileChildren (D:\\.work\\rental-software\\node_modules\\react-dom\\cjs\\react-dom-client.development.js:8621:13)\n    at beginWork (D:\\.work\\rental-software\\node_modules\\react-dom\\cjs\\react-dom-client.development.js:10793:13)\n    at runWithFiberInDEV (D:\\.work\\rental-software\\node_modules\\react-dom\\cjs\\react-dom-client.development.js:1522:13)\n    at performUnitOfWork (D:\\.work\\rental-software\\node_modules\\react-dom\\cjs\\react-dom-client.development.js:15140:22)\n    at workLoopSync (D:\\.work\\rental-software\\node_modules\\react-dom\\cjs\\react-dom-client.development.js:14956:41)\n    at renderRootSync (D:\\.work\\rental-software\\node_modules\\react-dom\\cjs\\react-dom-client.development.js:14936:11)\n    at performWorkOnRoot (D:\\.work\\rental-software\\node_modules\\react-dom\\cjs\\react-dom-client.development.js:14462:44)\n    at performWorkOnRootViaSchedulerTask (D:\\.work\\rental-software\\node_modules\\react-dom\\cjs\\react-dom-client.development.js:16216:7)\n    at flushActQueue (D:\\.work\\rental-software\\node_modules\\react\\cjs\\react.development.js:566:34)\n    at process.env.NODE_ENV.exports.act (D:\\.work\\rental-software\\node_modules\\react\\cjs\\react.development.js:859:10)\n    at D:\\.work\\rental-software\\node_modules\\@testing-library\\react\\dist\\act-compat.js:47:25\n    at renderRoot (D:\\.work\\rental-software\\node_modules\\@testing-library\\react\\dist\\pure.js:190:26)\n    at render (D:\\.work\\rental-software\\node_modules\\@testing-library\\react\\dist\\pure.js:292:10)\n    at Object.<anonymous> (D:\\.work\\rental-software\\features\\kasir\\components\\detail\\CustomerInfoCard.test.tsx:38:11)\n    at Promise.finally.completed (D:\\.work\\rental-software\\node_modules\\jest-circus\\build\\jestAdapterInit.js:1559:28)\n    at new Promise (<anonymous>)\n    at callAsyncCircusFn (D:\\.work\\rental-software\\node_modules\\jest-circus\\build\\jestAdapterInit.js:1499:10)\n    at _callCircusTest (D:\\.work\\rental-software\\node_modules\\jest-circus\\build\\jestAdapterInit.js:1009:40)\n    at processTicksAndRejections (node:internal/process/task_queues:105:5)\n    at _runTest (D:\\.work\\rental-software\\node_modules\\jest-circus\\build\\jestAdapterInit.js:949:3)\n    at _runTestsForDescribeBlock (D:\\.work\\rental-software\\node_modules\\jest-circus\\build\\jestAdapterInit.js:839:13)\n    at _runTestsForDescribeBlock (D:\\.work\\rental-software\\node_modules\\jest-circus\\build\\jestAdapterInit.js:829:11)\n    at run (D:\\.work\\rental-software\\node_modules\\jest-circus\\build\\jestAdapterInit.js:757:3)\n    at runAndTransformResultsToJestFormat (D:\\.work\\rental-software\\node_modules\\jest-circus\\build\\jestAdapterInit.js:1920:21)\n    at jestAdapter (D:\\.work\\rental-software\\node_modules\\jest-circus\\build\\runner.js:101:19)\n    at runTestInternal (D:\\.work\\rental-software\\node_modules\\jest-runner\\build\\index.js:275:16)\n    at runTest (D:\\.work\\rental-software\\node_modules\\jest-runner\\build\\index.js:343:7)"
          ],
          "duration": 5
        },
        {
          "ancestorTitles": [
            "CustomerInfoCard"
          ],
          "fullName": "CustomerInfoCard displays transaction count from recentTransactions when available",
          "status": "failed",
          "title": "displays transaction count from recentTransactions when available",
          "failureMessages": [
            "Error: Element type is invalid: expected a string (for built-in components) or a class/function (for composite components) but got: undefined. You likely forgot to export your component from the file it's defined in, or you might have mixed up default and named imports.\n\nCheck the render method of `CustomerInfoCard`.\n    at createFiberFromTypeAndProps (D:\\.work\\rental-software\\node_modules\\react-dom\\cjs\\react-dom-client.development.js:4259:28)\n    at createFiberFromElement (D:\\.work\\rental-software\\node_modules\\react-dom\\cjs\\react-dom-client.development.js:4273:14)\n    at createChild (D:\\.work\\rental-software\\node_modules\\react-dom\\cjs\\react-dom-client.development.js:7297:26)\n    at reconcileChildrenArray (D:\\.work\\rental-software\\node_modules\\react-dom\\cjs\\react-dom-client.development.js:7629:25)\n    at reconcileChildFibersImpl (D:\\.work\\rental-software\\node_modules\\react-dom\\cjs\\react-dom-client.development.js:7952:30)\n    at D:\\.work\\rental-software\\node_modules\\react-dom\\cjs\\react-dom-client.development.js:8057:33\n    at reconcileChildren (D:\\.work\\rental-software\\node_modules\\react-dom\\cjs\\react-dom-client.development.js:8621:13)\n    at beginWork (D:\\.work\\rental-software\\node_modules\\react-dom\\cjs\\react-dom-client.development.js:10793:13)\n    at runWithFiberInDEV (D:\\.work\\rental-software\\node_modules\\react-dom\\cjs\\react-dom-client.development.js:1522:13)\n    at performUnitOfWork (D:\\.work\\rental-software\\node_modules\\react-dom\\cjs\\react-dom-client.development.js:15140:22)\n    at workLoopSync (D:\\.work\\rental-software\\node_modules\\react-dom\\cjs\\react-dom-client.development.js:14956:41)\n    at renderRootSync (D:\\.work\\rental-software\\node_modules\\react-dom\\cjs\\react-dom-client.development.js:14936:11)\n    at performWorkOnRoot (D:\\.work\\rental-software\\node_modules\\react-dom\\cjs\\react-dom-client.development.js:14462:44)\n    at performWorkOnRootViaSchedulerTask (D:\\.work\\rental-software\\node_modules\\react-dom\\cjs\\react-dom-client.development.js:16216:7)\n    at flushActQueue (D:\\.work\\rental-software\\node_modules\\react\\cjs\\react.development.js:566:34)\n    at process.env.NODE_ENV.exports.act (D:\\.work\\rental-software\\node_modules\\react\\cjs\\react.development.js:859:10)\n    at D:\\.work\\rental-software\\node_modules\\@testing-library\\react\\dist\\act-compat.js:47:25\n    at renderRoot (D:\\.work\\rental-software\\node_modules\\@testing-library\\react\\dist\\pure.js:190:26)\n    at render (D:\\.work\\rental-software\\node_modules\\@testing-library\\react\\dist\\pure.js:292:10)\n    at Object.<anonymous> (D:\\.work\\rental-software\\features\\kasir\\components\\detail\\CustomerInfoCard.test.tsx:64:11)\n    at Promise.finally.completed (D:\\.work\\rental-software\\node_modules\\jest-circus\\build\\jestAdapterInit.js:1559:28)\n    at new Promise (<anonymous>)\n    at callAsyncCircusFn (D:\\.work\\rental-software\\node_modules\\jest-circus\\build\\jestAdapterInit.js:1499:10)\n    at _callCircusTest (D:\\.work\\rental-software\\node_modules\\jest-circus\\build\\jestAdapterInit.js:1009:40)\n    at processTicksAndRejections (node:internal/process/task_queues:105:5)\n    at _runTest (D:\\.work\\rental-software\\node_modules\\jest-circus\\build\\jestAdapterInit.js:949:3)\n    at _runTestsForDescribeBlock (D:\\.work\\rental-software\\node_modules\\jest-circus\\build\\jestAdapterInit.js:839:13)\n    at _runTestsForDescribeBlock (D:\\.work\\rental-software\\node_modules\\jest-circus\\build\\jestAdapterInit.js:829:11)\n    at run (D:\\.work\\rental-software\\node_modules\\jest-circus\\build\\jestAdapterInit.js:757:3)\n    at runAndTransformResultsToJestFormat (D:\\.work\\rental-software\\node_modules\\jest-circus\\build\\jestAdapterInit.js:1920:21)\n    at jestAdapter (D:\\.work\\rental-software\\node_modules\\jest-circus\\build\\runner.js:101:19)\n    at runTestInternal (D:\\.work\\rental-software\\node_modules\\jest-runner\\build\\index.js:275:16)\n    at runTest (D:\\.work\\rental-software\\node_modules\\jest-runner\\build\\index.js:343:7)"
          ],
          "duration": 9
        },
        {
          "ancestorTitles": [
            "CustomerInfoCard"
          ],
          "fullName": "CustomerInfoCard displays customer photo when foto is provided",
          "status": "failed",
          "title": "displays customer photo when foto is provided",
          "failureMessages": [
            "Error: Element type is invalid: expected a string (for built-in components) or a class/function (for composite components) but got: undefined. You likely forgot to export your component from the file it's defined in, or you might have mixed up default and named imports.\n\nCheck the render method of `CustomerInfoCard`.\n    at createFiberFromTypeAndProps (D:\\.work\\rental-software\\node_modules\\react-dom\\cjs\\react-dom-client.development.js:4259:28)\n    at createFiberFromElement (D:\\.work\\rental-software\\node_modules\\react-dom\\cjs\\react-dom-client.development.js:4273:14)\n    at createChild (D:\\.work\\rental-software\\node_modules\\react-dom\\cjs\\react-dom-client.development.js:7297:26)\n    at reconcileChildrenArray (D:\\.work\\rental-software\\node_modules\\react-dom\\cjs\\react-dom-client.development.js:7629:25)\n    at reconcileChildFibersImpl (D:\\.work\\rental-software\\node_modules\\react-dom\\cjs\\react-dom-client.development.js:7952:30)\n    at D:\\.work\\rental-software\\node_modules\\react-dom\\cjs\\react-dom-client.development.js:8057:33\n    at reconcileChildren (D:\\.work\\rental-software\\node_modules\\react-dom\\cjs\\react-dom-client.development.js:8621:13)\n    at beginWork (D:\\.work\\rental-software\\node_modules\\react-dom\\cjs\\react-dom-client.development.js:10793:13)\n    at runWithFiberInDEV (D:\\.work\\rental-software\\node_modules\\react-dom\\cjs\\react-dom-client.development.js:1522:13)\n    at performUnitOfWork (D:\\.work\\rental-software\\node_modules\\react-dom\\cjs\\react-dom-client.development.js:15140:22)\n    at workLoopSync (D:\\.work\\rental-software\\node_modules\\react-dom\\cjs\\react-dom-client.development.js:14956:41)\n    at renderRootSync (D:\\.work\\rental-software\\node_modules\\react-dom\\cjs\\react-dom-client.development.js:14936:11)\n    at performWorkOnRoot (D:\\.work\\rental-software\\node_modules\\react-dom\\cjs\\react-dom-client.development.js:14462:44)\n    at performWorkOnRootViaSchedulerTask (D:\\.work\\rental-software\\node_modules\\react-dom\\cjs\\react-dom-client.development.js:16216:7)\n    at flushActQueue (D:\\.work\\rental-software\\node_modules\\react\\cjs\\react.development.js:566:34)\n    at process.env.NODE_ENV.exports.act (D:\\.work\\rental-software\\node_modules\\react\\cjs\\react.development.js:859:10)\n    at D:\\.work\\rental-software\\node_modules\\@testing-library\\react\\dist\\act-compat.js:47:25\n    at renderRoot (D:\\.work\\rental-software\\node_modules\\@testing-library\\react\\dist\\pure.js:190:26)\n    at render (D:\\.work\\rental-software\\node_modules\\@testing-library\\react\\dist\\pure.js:292:10)\n    at Object.<anonymous> (D:\\.work\\rental-software\\features\\kasir\\components\\detail\\CustomerInfoCard.test.tsx:76:11)\n    at Promise.finally.completed (D:\\.work\\rental-software\\node_modules\\jest-circus\\build\\jestAdapterInit.js:1559:28)\n    at new Promise (<anonymous>)\n    at callAsyncCircusFn (D:\\.work\\rental-software\\node_modules\\jest-circus\\build\\jestAdapterInit.js:1499:10)\n    at _callCircusTest (D:\\.work\\rental-software\\node_modules\\jest-circus\\build\\jestAdapterInit.js:1009:40)\n    at processTicksAndRejections (node:internal/process/task_queues:105:5)\n    at _runTest (D:\\.work\\rental-software\\node_modules\\jest-circus\\build\\jestAdapterInit.js:949:3)\n    at _runTestsForDescribeBlock (D:\\.work\\rental-software\\node_modules\\jest-circus\\build\\jestAdapterInit.js:839:13)\n    at _runTestsForDescribeBlock (D:\\.work\\rental-software\\node_modules\\jest-circus\\build\\jestAdapterInit.js:829:11)\n    at run (D:\\.work\\rental-software\\node_modules\\jest-circus\\build\\jestAdapterInit.js:757:3)\n    at runAndTransformResultsToJestFormat (D:\\.work\\rental-software\\node_modules\\jest-circus\\build\\jestAdapterInit.js:1920:21)\n    at jestAdapter (D:\\.work\\rental-software\\node_modules\\jest-circus\\build\\runner.js:101:19)\n    at runTestInternal (D:\\.work\\rental-software\\node_modules\\jest-runner\\build\\index.js:275:16)\n    at runTest (D:\\.work\\rental-software\\node_modules\\jest-runner\\build\\index.js:343:7)"
          ],
          "duration": 5
        },
        {
          "ancestorTitles": [
            "CustomerInfoCard"
          ],
          "fullName": "CustomerInfoCard displays customer notes when catatan is provided",
          "status": "failed",
          "title": "displays customer notes when catatan is provided",
          "failureMessages": [
            "Error: Element type is invalid: expected a string (for built-in components) or a class/function (for composite components) but got: undefined. You likely forgot to export your component from the file it's defined in, or you might have mixed up default and named imports.\n\nCheck the render method of `CustomerInfoCard`.\n    at createFiberFromTypeAndProps (D:\\.work\\rental-software\\node_modules\\react-dom\\cjs\\react-dom-client.development.js:4259:28)\n    at createFiberFromElement (D:\\.work\\rental-software\\node_modules\\react-dom\\cjs\\react-dom-client.development.js:4273:14)\n    at createChild (D:\\.work\\rental-software\\node_modules\\react-dom\\cjs\\react-dom-client.development.js:7297:26)\n    at reconcileChildrenArray (D:\\.work\\rental-software\\node_modules\\react-dom\\cjs\\react-dom-client.development.js:7629:25)\n    at reconcileChildFibersImpl (D:\\.work\\rental-software\\node_modules\\react-dom\\cjs\\react-dom-client.development.js:7952:30)\n    at D:\\.work\\rental-software\\node_modules\\react-dom\\cjs\\react-dom-client.development.js:8057:33\n    at reconcileChildren (D:\\.work\\rental-software\\node_modules\\react-dom\\cjs\\react-dom-client.development.js:8621:13)\n    at beginWork (D:\\.work\\rental-software\\node_modules\\react-dom\\cjs\\react-dom-client.development.js:10793:13)\n    at runWithFiberInDEV (D:\\.work\\rental-software\\node_modules\\react-dom\\cjs\\react-dom-client.development.js:1522:13)\n    at performUnitOfWork (D:\\.work\\rental-software\\node_modules\\react-dom\\cjs\\react-dom-client.development.js:15140:22)\n    at workLoopSync (D:\\.work\\rental-software\\node_modules\\react-dom\\cjs\\react-dom-client.development.js:14956:41)\n    at renderRootSync (D:\\.work\\rental-software\\node_modules\\react-dom\\cjs\\react-dom-client.development.js:14936:11)\n    at performWorkOnRoot (D:\\.work\\rental-software\\node_modules\\react-dom\\cjs\\react-dom-client.development.js:14462:44)\n    at performWorkOnRootViaSchedulerTask (D:\\.work\\rental-software\\node_modules\\react-dom\\cjs\\react-dom-client.development.js:16216:7)\n    at flushActQueue (D:\\.work\\rental-software\\node_modules\\react\\cjs\\react.development.js:566:34)\n    at process.env.NODE_ENV.exports.act (D:\\.work\\rental-software\\node_modules\\react\\cjs\\react.development.js:859:10)\n    at D:\\.work\\rental-software\\node_modules\\@testing-library\\react\\dist\\act-compat.js:47:25\n    at renderRoot (D:\\.work\\rental-software\\node_modules\\@testing-library\\react\\dist\\pure.js:190:26)\n    at render (D:\\.work\\rental-software\\node_modules\\@testing-library\\react\\dist\\pure.js:292:10)\n    at Object.<anonymous> (D:\\.work\\rental-software\\features\\kasir\\components\\detail\\CustomerInfoCard.test.tsx:89:11)\n    at Promise.finally.completed (D:\\.work\\rental-software\\node_modules\\jest-circus\\build\\jestAdapterInit.js:1559:28)\n    at new Promise (<anonymous>)\n    at callAsyncCircusFn (D:\\.work\\rental-software\\node_modules\\jest-circus\\build\\jestAdapterInit.js:1499:10)\n    at _callCircusTest (D:\\.work\\rental-software\\node_modules\\jest-circus\\build\\jestAdapterInit.js:1009:40)\n    at processTicksAndRejections (node:internal/process/task_queues:105:5)\n    at _runTest (D:\\.work\\rental-software\\node_modules\\jest-circus\\build\\jestAdapterInit.js:949:3)\n    at _runTestsForDescribeBlock (D:\\.work\\rental-software\\node_modules\\jest-circus\\build\\jestAdapterInit.js:839:13)\n    at _runTestsForDescribeBlock (D:\\.work\\rental-software\\node_modules\\jest-circus\\build\\jestAdapterInit.js:829:11)\n    at run (D:\\.work\\rental-software\\node_modules\\jest-circus\\build\\jestAdapterInit.js:757:3)\n    at runAndTransformResultsToJestFormat (D:\\.work\\rental-software\\node_modules\\jest-circus\\build\\jestAdapterInit.js:1920:21)\n    at jestAdapter (D:\\.work\\rental-software\\node_modules\\jest-circus\\build\\runner.js:101:19)\n    at runTestInternal (D:\\.work\\rental-software\\node_modules\\jest-runner\\build\\index.js:275:16)\n    at runTest (D:\\.work\\rental-software\\node_modules\\jest-runner\\build\\index.js:343:7)"
          ],
          "duration": 4
        },
        {
          "ancestorTitles": [
            "CustomerInfoCard"
          ],
          "fullName": "CustomerInfoCard displays recent transactions section when available",
          "status": "failed",
          "title": "displays recent transactions section when available",
          "failureMessages": [
            "Error: Element type is invalid: expected a string (for built-in components) or a class/function (for composite components) but got: undefined. You likely forgot to export your component from the file it's defined in, or you might have mixed up default and named imports.\n\nCheck the render method of `CustomerInfoCard`.\n    at createFiberFromTypeAndProps (D:\\.work\\rental-software\\node_modules\\react-dom\\cjs\\react-dom-client.development.js:4259:28)\n    at createFiberFromElement (D:\\.work\\rental-software\\node_modules\\react-dom\\cjs\\react-dom-client.development.js:4273:14)\n    at createChild (D:\\.work\\rental-software\\node_modules\\react-dom\\cjs\\react-dom-client.development.js:7297:26)\n    at reconcileChildrenArray (D:\\.work\\rental-software\\node_modules\\react-dom\\cjs\\react-dom-client.development.js:7629:25)\n    at reconcileChildFibersImpl (D:\\.work\\rental-software\\node_modules\\react-dom\\cjs\\react-dom-client.development.js:7952:30)\n    at D:\\.work\\rental-software\\node_modules\\react-dom\\cjs\\react-dom-client.development.js:8057:33\n    at reconcileChildren (D:\\.work\\rental-software\\node_modules\\react-dom\\cjs\\react-dom-client.development.js:8621:13)\n    at beginWork (D:\\.work\\rental-software\\node_modules\\react-dom\\cjs\\react-dom-client.development.js:10793:13)\n    at runWithFiberInDEV (D:\\.work\\rental-software\\node_modules\\react-dom\\cjs\\react-dom-client.development.js:1522:13)\n    at performUnitOfWork (D:\\.work\\rental-software\\node_modules\\react-dom\\cjs\\react-dom-client.development.js:15140:22)\n    at workLoopSync (D:\\.work\\rental-software\\node_modules\\react-dom\\cjs\\react-dom-client.development.js:14956:41)\n    at renderRootSync (D:\\.work\\rental-software\\node_modules\\react-dom\\cjs\\react-dom-client.development.js:14936:11)\n    at performWorkOnRoot (D:\\.work\\rental-software\\node_modules\\react-dom\\cjs\\react-dom-client.development.js:14462:44)\n    at performWorkOnRootViaSchedulerTask (D:\\.work\\rental-software\\node_modules\\react-dom\\cjs\\react-dom-client.development.js:16216:7)\n    at flushActQueue (D:\\.work\\rental-software\\node_modules\\react\\cjs\\react.development.js:566:34)\n    at process.env.NODE_ENV.exports.act (D:\\.work\\rental-software\\node_modules\\react\\cjs\\react.development.js:859:10)\n    at D:\\.work\\rental-software\\node_modules\\@testing-library\\react\\dist\\act-compat.js:47:25\n    at renderRoot (D:\\.work\\rental-software\\node_modules\\@testing-library\\react\\dist\\pure.js:190:26)\n    at render (D:\\.work\\rental-software\\node_modules\\@testing-library\\react\\dist\\pure.js:292:10)\n    at Object.<anonymous> (D:\\.work\\rental-software\\features\\kasir\\components\\detail\\CustomerInfoCard.test.tsx:116:11)\n    at Promise.finally.completed (D:\\.work\\rental-software\\node_modules\\jest-circus\\build\\jestAdapterInit.js:1559:28)\n    at new Promise (<anonymous>)\n    at callAsyncCircusFn (D:\\.work\\rental-software\\node_modules\\jest-circus\\build\\jestAdapterInit.js:1499:10)\n    at _callCircusTest (D:\\.work\\rental-software\\node_modules\\jest-circus\\build\\jestAdapterInit.js:1009:40)\n    at processTicksAndRejections (node:internal/process/task_queues:105:5)\n    at _runTest (D:\\.work\\rental-software\\node_modules\\jest-circus\\build\\jestAdapterInit.js:949:3)\n    at _runTestsForDescribeBlock (D:\\.work\\rental-software\\node_modules\\jest-circus\\build\\jestAdapterInit.js:839:13)\n    at _runTestsForDescribeBlock (D:\\.work\\rental-software\\node_modules\\jest-circus\\build\\jestAdapterInit.js:829:11)\n    at run (D:\\.work\\rental-software\\node_modules\\jest-circus\\build\\jestAdapterInit.js:757:3)\n    at runAndTransformResultsToJestFormat (D:\\.work\\rental-software\\node_modules\\jest-circus\\build\\jestAdapterInit.js:1920:21)\n    at jestAdapter (D:\\.work\\rental-software\\node_modules\\jest-circus\\build\\runner.js:101:19)\n    at runTestInternal (D:\\.work\\rental-software\\node_modules\\jest-runner\\build\\index.js:275:16)\n    at runTest (D:\\.work\\rental-software\\node_modules\\jest-runner\\build\\index.js:343:7)"
          ],
          "duration": 5
        },
        {
          "ancestorTitles": [
            "CustomerInfoCard"
          ],
          "fullName": "CustomerInfoCard limits recent transactions display to 3 items",
          "status": "failed",
          "title": "limits recent transactions display to 3 items",
          "failureMessages": [
            "Error: Element type is invalid: expected a string (for built-in components) or a class/function (for composite components) but got: undefined. You likely forgot to export your component from the file it's defined in, or you might have mixed up default and named imports.\n\nCheck the render method of `CustomerInfoCard`.\n    at createFiberFromTypeAndProps (D:\\.work\\rental-software\\node_modules\\react-dom\\cjs\\react-dom-client.development.js:4259:28)\n    at createFiberFromElement (D:\\.work\\rental-software\\node_modules\\react-dom\\cjs\\react-dom-client.development.js:4273:14)\n    at createChild (D:\\.work\\rental-software\\node_modules\\react-dom\\cjs\\react-dom-client.development.js:7297:26)\n    at reconcileChildrenArray (D:\\.work\\rental-software\\node_modules\\react-dom\\cjs\\react-dom-client.development.js:7629:25)\n    at reconcileChildFibersImpl (D:\\.work\\rental-software\\node_modules\\react-dom\\cjs\\react-dom-client.development.js:7952:30)\n    at D:\\.work\\rental-software\\node_modules\\react-dom\\cjs\\react-dom-client.development.js:8057:33\n    at reconcileChildren (D:\\.work\\rental-software\\node_modules\\react-dom\\cjs\\react-dom-client.development.js:8621:13)\n    at beginWork (D:\\.work\\rental-software\\node_modules\\react-dom\\cjs\\react-dom-client.development.js:10793:13)\n    at runWithFiberInDEV (D:\\.work\\rental-software\\node_modules\\react-dom\\cjs\\react-dom-client.development.js:1522:13)\n    at performUnitOfWork (D:\\.work\\rental-software\\node_modules\\react-dom\\cjs\\react-dom-client.development.js:15140:22)\n    at workLoopSync (D:\\.work\\rental-software\\node_modules\\react-dom\\cjs\\react-dom-client.development.js:14956:41)\n    at renderRootSync (D:\\.work\\rental-software\\node_modules\\react-dom\\cjs\\react-dom-client.development.js:14936:11)\n    at performWorkOnRoot (D:\\.work\\rental-software\\node_modules\\react-dom\\cjs\\react-dom-client.development.js:14462:44)\n    at performWorkOnRootViaSchedulerTask (D:\\.work\\rental-software\\node_modules\\react-dom\\cjs\\react-dom-client.development.js:16216:7)\n    at flushActQueue (D:\\.work\\rental-software\\node_modules\\react\\cjs\\react.development.js:566:34)\n    at process.env.NODE_ENV.exports.act (D:\\.work\\rental-software\\node_modules\\react\\cjs\\react.development.js:859:10)\n    at D:\\.work\\rental-software\\node_modules\\@testing-library\\react\\dist\\act-compat.js:47:25\n    at renderRoot (D:\\.work\\rental-software\\node_modules\\@testing-library\\react\\dist\\pure.js:190:26)\n    at render (D:\\.work\\rental-software\\node_modules\\@testing-library\\react\\dist\\pure.js:292:10)\n    at Object.<anonymous> (D:\\.work\\rental-software\\features\\kasir\\components\\detail\\CustomerInfoCard.test.tsx:137:11)\n    at Promise.finally.completed (D:\\.work\\rental-software\\node_modules\\jest-circus\\build\\jestAdapterInit.js:1559:28)\n    at new Promise (<anonymous>)\n    at callAsyncCircusFn (D:\\.work\\rental-software\\node_modules\\jest-circus\\build\\jestAdapterInit.js:1499:10)\n    at _callCircusTest (D:\\.work\\rental-software\\node_modules\\jest-circus\\build\\jestAdapterInit.js:1009:40)\n    at processTicksAndRejections (node:internal/process/task_queues:105:5)\n    at _runTest (D:\\.work\\rental-software\\node_modules\\jest-circus\\build\\jestAdapterInit.js:949:3)\n    at _runTestsForDescribeBlock (D:\\.work\\rental-software\\node_modules\\jest-circus\\build\\jestAdapterInit.js:839:13)\n    at _runTestsForDescribeBlock (D:\\.work\\rental-software\\node_modules\\jest-circus\\build\\jestAdapterInit.js:829:11)\n    at run (D:\\.work\\rental-software\\node_modules\\jest-circus\\build\\jestAdapterInit.js:757:3)\n    at runAndTransformResultsToJestFormat (D:\\.work\\rental-software\\node_modules\\jest-circus\\build\\jestAdapterInit.js:1920:21)\n    at jestAdapter (D:\\.work\\rental-software\\node_modules\\jest-circus\\build\\runner.js:101:19)\n    at runTestInternal (D:\\.work\\rental-software\\node_modules\\jest-runner\\build\\index.js:275:16)\n    at runTest (D:\\.work\\rental-software\\node_modules\\jest-runner\\build\\index.js:343:7)"
          ],
          "duration": 6
        },
        {
          "ancestorTitles": [
            "CustomerInfoCard"
          ],
          "fullName": "CustomerInfoCard handles missing optional fields gracefully",
          "status": "passed",
          "title": "handles missing optional fields gracefully",
          "failureMessages": [],
          "duration": 19
        },
        {
          "ancestorTitles": [
            "CustomerInfoCard"
          ],
          "fullName": "CustomerInfoCard displays correct status badges for transactions",
          "status": "failed",
          "title": "displays correct status badges for transactions",
          "failureMessages": [
            "Error: Element type is invalid: expected a string (for built-in components) or a class/function (for composite components) but got: undefined. You likely forgot to export your component from the file it's defined in, or you might have mixed up default and named imports.\n\nCheck the render method of `CustomerInfoCard`.\n    at createFiberFromTypeAndProps (D:\\.work\\rental-software\\node_modules\\react-dom\\cjs\\react-dom-client.development.js:4259:28)\n    at createFiberFromElement (D:\\.work\\rental-software\\node_modules\\react-dom\\cjs\\react-dom-client.development.js:4273:14)\n    at createChild (D:\\.work\\rental-software\\node_modules\\react-dom\\cjs\\react-dom-client.development.js:7297:26)\n    at reconcileChildrenArray (D:\\.work\\rental-software\\node_modules\\react-dom\\cjs\\react-dom-client.development.js:7629:25)\n    at reconcileChildFibersImpl (D:\\.work\\rental-software\\node_modules\\react-dom\\cjs\\react-dom-client.development.js:7952:30)\n    at D:\\.work\\rental-software\\node_modules\\react-dom\\cjs\\react-dom-client.development.js:8057:33\n    at reconcileChildren (D:\\.work\\rental-software\\node_modules\\react-dom\\cjs\\react-dom-client.development.js:8621:13)\n    at beginWork (D:\\.work\\rental-software\\node_modules\\react-dom\\cjs\\react-dom-client.development.js:10793:13)\n    at runWithFiberInDEV (D:\\.work\\rental-software\\node_modules\\react-dom\\cjs\\react-dom-client.development.js:1522:13)\n    at performUnitOfWork (D:\\.work\\rental-software\\node_modules\\react-dom\\cjs\\react-dom-client.development.js:15140:22)\n    at workLoopSync (D:\\.work\\rental-software\\node_modules\\react-dom\\cjs\\react-dom-client.development.js:14956:41)\n    at renderRootSync (D:\\.work\\rental-software\\node_modules\\react-dom\\cjs\\react-dom-client.development.js:14936:11)\n    at performWorkOnRoot (D:\\.work\\rental-software\\node_modules\\react-dom\\cjs\\react-dom-client.development.js:14462:44)\n    at performWorkOnRootViaSchedulerTask (D:\\.work\\rental-software\\node_modules\\react-dom\\cjs\\react-dom-client.development.js:16216:7)\n    at flushActQueue (D:\\.work\\rental-software\\node_modules\\react\\cjs\\react.development.js:566:34)\n    at process.env.NODE_ENV.exports.act (D:\\.work\\rental-software\\node_modules\\react\\cjs\\react.development.js:859:10)\n    at D:\\.work\\rental-software\\node_modules\\@testing-library\\react\\dist\\act-compat.js:47:25\n    at renderRoot (D:\\.work\\rental-software\\node_modules\\@testing-library\\react\\dist\\pure.js:190:26)\n    at render (D:\\.work\\rental-software\\node_modules\\@testing-library\\react\\dist\\pure.js:292:10)\n    at Object.<anonymous> (D:\\.work\\rental-software\\features\\kasir\\components\\detail\\CustomerInfoCard.test.tsx:180:11)\n    at Promise.finally.completed (D:\\.work\\rental-software\\node_modules\\jest-circus\\build\\jestAdapterInit.js:1559:28)\n    at new Promise (<anonymous>)\n    at callAsyncCircusFn (D:\\.work\\rental-software\\node_modules\\jest-circus\\build\\jestAdapterInit.js:1499:10)\n    at _callCircusTest (D:\\.work\\rental-software\\node_modules\\jest-circus\\build\\jestAdapterInit.js:1009:40)\n    at processTicksAndRejections (node:internal/process/task_queues:105:5)\n    at _runTest (D:\\.work\\rental-software\\node_modules\\jest-circus\\build\\jestAdapterInit.js:949:3)\n    at _runTestsForDescribeBlock (D:\\.work\\rental-software\\node_modules\\jest-circus\\build\\jestAdapterInit.js:839:13)\n    at _runTestsForDescribeBlock (D:\\.work\\rental-software\\node_modules\\jest-circus\\build\\jestAdapterInit.js:829:11)\n    at run (D:\\.work\\rental-software\\node_modules\\jest-circus\\build\\jestAdapterInit.js:757:3)\n    at runAndTransformResultsToJestFormat (D:\\.work\\rental-software\\node_modules\\jest-circus\\build\\jestAdapterInit.js:1920:21)\n    at jestAdapter (D:\\.work\\rental-software\\node_modules\\jest-circus\\build\\runner.js:101:19)\n    at runTestInternal (D:\\.work\\rental-software\\node_modules\\jest-runner\\build\\index.js:275:16)\n    at runTest (D:\\.work\\rental-software\\node_modules\\jest-runner\\build\\index.js:343:7)"
          ],
          "duration": 7
        }
      ],
      "failureMessage": "  ● CustomerInfoCard › renders customer basic information correctly\n\n    Element type is invalid: expected a string (for built-in components) or a class/function (for composite components) but got: undefined. You likely forgot to export your component from the file it's defined in, or you might have mixed up default and named imports.\n\n    Check the render method of `CustomerInfoCard`.\n\n    \u001b[0m \u001b[90m 26 |\u001b[39m\n     \u001b[90m 27 |\u001b[39m   it(\u001b[32m'renders customer basic information correctly'\u001b[39m\u001b[33m,\u001b[39m () \u001b[33m=>\u001b[39m {\n    \u001b[31m\u001b[1m>\u001b[22m\u001b[39m\u001b[90m 28 |\u001b[39m     render(\u001b[33m<\u001b[39m\u001b[33mCustomerInfoCard\u001b[39m customer\u001b[33m=\u001b[39m{mockCustomer} \u001b[33m/\u001b[39m\u001b[33m>\u001b[39m)\n     \u001b[90m    |\u001b[39m           \u001b[31m\u001b[1m^\u001b[22m\u001b[39m\n     \u001b[90m 29 |\u001b[39m     \n     \u001b[90m 30 |\u001b[39m     expect(screen\u001b[33m.\u001b[39mgetByText(\u001b[32m'John Doe'\u001b[39m))\u001b[33m.\u001b[39mtoBeInTheDocument()\n     \u001b[90m 31 |\u001b[39m     expect(screen\u001b[33m.\u001b[39mgetByText(\u001b[32m'081234567890'\u001b[39m))\u001b[33m.\u001b[39mtoBeInTheDocument()\u001b[0m\n\n      at createFiberFromTypeAndProps (node_modules/react-dom/cjs/react-dom-client.development.js:4259:28)\n      at createFiberFromElement (node_modules/react-dom/cjs/react-dom-client.development.js:4273:14)\n      at createChild (node_modules/react-dom/cjs/react-dom-client.development.js:7297:26)\n      at reconcileChildrenArray (node_modules/react-dom/cjs/react-dom-client.development.js:7629:25)\n      at reconcileChildFibersImpl (node_modules/react-dom/cjs/react-dom-client.development.js:7952:30)\n      at node_modules/react-dom/cjs/react-dom-client.development.js:8057:33\n      at reconcileChildren (node_modules/react-dom/cjs/react-dom-client.development.js:8621:13)\n      at beginWork (node_modules/react-dom/cjs/react-dom-client.development.js:10793:13)\n      at runWithFiberInDEV (node_modules/react-dom/cjs/react-dom-client.development.js:1522:13)\n      at performUnitOfWork (node_modules/react-dom/cjs/react-dom-client.development.js:15140:22)\n      at workLoopSync (node_modules/react-dom/cjs/react-dom-client.development.js:14956:41)\n      at renderRootSync (node_modules/react-dom/cjs/react-dom-client.development.js:14936:11)\n      at performWorkOnRoot (node_modules/react-dom/cjs/react-dom-client.development.js:14462:44)\n      at performWorkOnRootViaSchedulerTask (node_modules/react-dom/cjs/react-dom-client.development.js:16216:7)\n      at flushActQueue (node_modules/react/cjs/react.development.js:566:34)\n      at process.env.NODE_ENV.exports.act (node_modules/react/cjs/react.development.js:859:10)\n      at node_modules/@testing-library/react/dist/act-compat.js:47:25\n      at renderRoot (node_modules/@testing-library/react/dist/pure.js:190:26)\n      at render (node_modules/@testing-library/react/dist/pure.js:292:10)\n      at Object.<anonymous> (features/kasir/components/detail/CustomerInfoCard.test.tsx:28:11)\n\n  ● CustomerInfoCard › displays transaction count from totalTransactions when no recentTransactions\n\n    Element type is invalid: expected a string (for built-in components) or a class/function (for composite components) but got: undefined. You likely forgot to export your component from the file it's defined in, or you might have mixed up default and named imports.\n\n    Check the render method of `CustomerInfoCard`.\n\n    \u001b[0m \u001b[90m 36 |\u001b[39m\n     \u001b[90m 37 |\u001b[39m   it(\u001b[32m'displays transaction count from totalTransactions when no recentTransactions'\u001b[39m\u001b[33m,\u001b[39m () \u001b[33m=>\u001b[39m {\n    \u001b[31m\u001b[1m>\u001b[22m\u001b[39m\u001b[90m 38 |\u001b[39m     render(\u001b[33m<\u001b[39m\u001b[33mCustomerInfoCard\u001b[39m customer\u001b[33m=\u001b[39m{mockCustomer} \u001b[33m/\u001b[39m\u001b[33m>\u001b[39m)\n     \u001b[90m    |\u001b[39m           \u001b[31m\u001b[1m^\u001b[22m\u001b[39m\n     \u001b[90m 39 |\u001b[39m     \n     \u001b[90m 40 |\u001b[39m     expect(screen\u001b[33m.\u001b[39mgetByText(\u001b[32m'4 transaksi sebelumnya'\u001b[39m))\u001b[33m.\u001b[39mtoBeInTheDocument()\n     \u001b[90m 41 |\u001b[39m   })\u001b[0m\n\n      at createFiberFromTypeAndProps (node_modules/react-dom/cjs/react-dom-client.development.js:4259:28)\n      at createFiberFromElement (node_modules/react-dom/cjs/react-dom-client.development.js:4273:14)\n      at createChild (node_modules/react-dom/cjs/react-dom-client.development.js:7297:26)\n      at reconcileChildrenArray (node_modules/react-dom/cjs/react-dom-client.development.js:7629:25)\n      at reconcileChildFibersImpl (node_modules/react-dom/cjs/react-dom-client.development.js:7952:30)\n      at node_modules/react-dom/cjs/react-dom-client.development.js:8057:33\n      at reconcileChildren (node_modules/react-dom/cjs/react-dom-client.development.js:8621:13)\n      at beginWork (node_modules/react-dom/cjs/react-dom-client.development.js:10793:13)\n      at runWithFiberInDEV (node_modules/react-dom/cjs/react-dom-client.development.js:1522:13)\n      at performUnitOfWork (node_modules/react-dom/cjs/react-dom-client.development.js:15140:22)\n      at workLoopSync (node_modules/react-dom/cjs/react-dom-client.development.js:14956:41)\n      at renderRootSync (node_modules/react-dom/cjs/react-dom-client.development.js:14936:11)\n      at performWorkOnRoot (node_modules/react-dom/cjs/react-dom-client.development.js:14462:44)\n      at performWorkOnRootViaSchedulerTask (node_modules/react-dom/cjs/react-dom-client.development.js:16216:7)\n      at flushActQueue (node_modules/react/cjs/react.development.js:566:34)\n      at process.env.NODE_ENV.exports.act (node_modules/react/cjs/react.development.js:859:10)\n      at node_modules/@testing-library/react/dist/act-compat.js:47:25\n      at renderRoot (node_modules/@testing-library/react/dist/pure.js:190:26)\n      at render (node_modules/@testing-library/react/dist/pure.js:292:10)\n      at Object.<anonymous> (features/kasir/components/detail/CustomerInfoCard.test.tsx:38:11)\n\n  ● CustomerInfoCard › displays transaction count from recentTransactions when available\n\n    Element type is invalid: expected a string (for built-in components) or a class/function (for composite components) but got: undefined. You likely forgot to export your component from the file it's defined in, or you might have mixed up default and named imports.\n\n    Check the render method of `CustomerInfoCard`.\n\n    \u001b[0m \u001b[90m 62 |\u001b[39m     }\n     \u001b[90m 63 |\u001b[39m\n    \u001b[31m\u001b[1m>\u001b[22m\u001b[39m\u001b[90m 64 |\u001b[39m     render(\u001b[33m<\u001b[39m\u001b[33mCustomerInfoCard\u001b[39m customer\u001b[33m=\u001b[39m{customerWithRecent} \u001b[33m/\u001b[39m\u001b[33m>\u001b[39m)\n     \u001b[90m    |\u001b[39m           \u001b[31m\u001b[1m^\u001b[22m\u001b[39m\n     \u001b[90m 65 |\u001b[39m     \n     \u001b[90m 66 |\u001b[39m     \u001b[90m// Should use recentTransactions.length (2) instead of totalTransactions (4)\u001b[39m\n     \u001b[90m 67 |\u001b[39m     expect(screen\u001b[33m.\u001b[39mgetByText(\u001b[32m'2 transaksi sebelumnya'\u001b[39m))\u001b[33m.\u001b[39mtoBeInTheDocument()\u001b[0m\n\n      at createFiberFromTypeAndProps (node_modules/react-dom/cjs/react-dom-client.development.js:4259:28)\n      at createFiberFromElement (node_modules/react-dom/cjs/react-dom-client.development.js:4273:14)\n      at createChild (node_modules/react-dom/cjs/react-dom-client.development.js:7297:26)\n      at reconcileChildrenArray (node_modules/react-dom/cjs/react-dom-client.development.js:7629:25)\n      at reconcileChildFibersImpl (node_modules/react-dom/cjs/react-dom-client.development.js:7952:30)\n      at node_modules/react-dom/cjs/react-dom-client.development.js:8057:33\n      at reconcileChildren (node_modules/react-dom/cjs/react-dom-client.development.js:8621:13)\n      at beginWork (node_modules/react-dom/cjs/react-dom-client.development.js:10793:13)\n      at runWithFiberInDEV (node_modules/react-dom/cjs/react-dom-client.development.js:1522:13)\n      at performUnitOfWork (node_modules/react-dom/cjs/react-dom-client.development.js:15140:22)\n      at workLoopSync (node_modules/react-dom/cjs/react-dom-client.development.js:14956:41)\n      at renderRootSync (node_modules/react-dom/cjs/react-dom-client.development.js:14936:11)\n      at performWorkOnRoot (node_modules/react-dom/cjs/react-dom-client.development.js:14462:44)\n      at performWorkOnRootViaSchedulerTask (node_modules/react-dom/cjs/react-dom-client.development.js:16216:7)\n      at flushActQueue (node_modules/react/cjs/react.development.js:566:34)\n      at process.env.NODE_ENV.exports.act (node_modules/react/cjs/react.development.js:859:10)\n      at node_modules/@testing-library/react/dist/act-compat.js:47:25\n      at renderRoot (node_modules/@testing-library/react/dist/pure.js:190:26)\n      at render (node_modules/@testing-library/react/dist/pure.js:292:10)\n      at Object.<anonymous> (features/kasir/components/detail/CustomerInfoCard.test.tsx:64:11)\n\n  ● CustomerInfoCard › displays customer photo when foto is provided\n\n    Element type is invalid: expected a string (for built-in components) or a class/function (for composite components) but got: undefined. You likely forgot to export your component from the file it's defined in, or you might have mixed up default and named imports.\n\n    Check the render method of `CustomerInfoCard`.\n\n    \u001b[0m \u001b[90m 74 |\u001b[39m     }\n     \u001b[90m 75 |\u001b[39m\n    \u001b[31m\u001b[1m>\u001b[22m\u001b[39m\u001b[90m 76 |\u001b[39m     render(\u001b[33m<\u001b[39m\u001b[33mCustomerInfoCard\u001b[39m customer\u001b[33m=\u001b[39m{customerWithPhoto} \u001b[33m/\u001b[39m\u001b[33m>\u001b[39m)\n     \u001b[90m    |\u001b[39m           \u001b[31m\u001b[1m^\u001b[22m\u001b[39m\n     \u001b[90m 77 |\u001b[39m     \n     \u001b[90m 78 |\u001b[39m     \u001b[36mconst\u001b[39m image \u001b[33m=\u001b[39m screen\u001b[33m.\u001b[39mgetByAltText(\u001b[32m'Foto John Doe'\u001b[39m)\n     \u001b[90m 79 |\u001b[39m     expect(image)\u001b[33m.\u001b[39mtoBeInTheDocument()\u001b[0m\n\n      at createFiberFromTypeAndProps (node_modules/react-dom/cjs/react-dom-client.development.js:4259:28)\n      at createFiberFromElement (node_modules/react-dom/cjs/react-dom-client.development.js:4273:14)\n      at createChild (node_modules/react-dom/cjs/react-dom-client.development.js:7297:26)\n      at reconcileChildrenArray (node_modules/react-dom/cjs/react-dom-client.development.js:7629:25)\n      at reconcileChildFibersImpl (node_modules/react-dom/cjs/react-dom-client.development.js:7952:30)\n      at node_modules/react-dom/cjs/react-dom-client.development.js:8057:33\n      at reconcileChildren (node_modules/react-dom/cjs/react-dom-client.development.js:8621:13)\n      at beginWork (node_modules/react-dom/cjs/react-dom-client.development.js:10793:13)\n      at runWithFiberInDEV (node_modules/react-dom/cjs/react-dom-client.development.js:1522:13)\n      at performUnitOfWork (node_modules/react-dom/cjs/react-dom-client.development.js:15140:22)\n      at workLoopSync (node_modules/react-dom/cjs/react-dom-client.development.js:14956:41)\n      at renderRootSync (node_modules/react-dom/cjs/react-dom-client.development.js:14936:11)\n      at performWorkOnRoot (node_modules/react-dom/cjs/react-dom-client.development.js:14462:44)\n      at performWorkOnRootViaSchedulerTask (node_modules/react-dom/cjs/react-dom-client.development.js:16216:7)\n      at flushActQueue (node_modules/react/cjs/react.development.js:566:34)\n      at process.env.NODE_ENV.exports.act (node_modules/react/cjs/react.development.js:859:10)\n      at node_modules/@testing-library/react/dist/act-compat.js:47:25\n      at renderRoot (node_modules/@testing-library/react/dist/pure.js:190:26)\n      at render (node_modules/@testing-library/react/dist/pure.js:292:10)\n      at Object.<anonymous> (features/kasir/components/detail/CustomerInfoCard.test.tsx:76:11)\n\n  ● CustomerInfoCard › displays customer notes when catatan is provided\n\n    Element type is invalid: expected a string (for built-in components) or a class/function (for composite components) but got: undefined. You likely forgot to export your component from the file it's defined in, or you might have mixed up default and named imports.\n\n    Check the render method of `CustomerInfoCard`.\n\n    \u001b[0m \u001b[90m 87 |\u001b[39m     }\n     \u001b[90m 88 |\u001b[39m\n    \u001b[31m\u001b[1m>\u001b[22m\u001b[39m\u001b[90m 89 |\u001b[39m     render(\u001b[33m<\u001b[39m\u001b[33mCustomerInfoCard\u001b[39m customer\u001b[33m=\u001b[39m{customerWithNotes} \u001b[33m/\u001b[39m\u001b[33m>\u001b[39m)\n     \u001b[90m    |\u001b[39m           \u001b[31m\u001b[1m^\u001b[22m\u001b[39m\n     \u001b[90m 90 |\u001b[39m     \n     \u001b[90m 91 |\u001b[39m     expect(screen\u001b[33m.\u001b[39mgetByText(\u001b[32m'Catatan:'\u001b[39m))\u001b[33m.\u001b[39mtoBeInTheDocument()\n     \u001b[90m 92 |\u001b[39m     expect(screen\u001b[33m.\u001b[39mgetByText(\u001b[32m'Customer yang baik dan selalu tepat waktu'\u001b[39m))\u001b[33m.\u001b[39mtoBeInTheDocument()\u001b[0m\n\n      at createFiberFromTypeAndProps (node_modules/react-dom/cjs/react-dom-client.development.js:4259:28)\n      at createFiberFromElement (node_modules/react-dom/cjs/react-dom-client.development.js:4273:14)\n      at createChild (node_modules/react-dom/cjs/react-dom-client.development.js:7297:26)\n      at reconcileChildrenArray (node_modules/react-dom/cjs/react-dom-client.development.js:7629:25)\n      at reconcileChildFibersImpl (node_modules/react-dom/cjs/react-dom-client.development.js:7952:30)\n      at node_modules/react-dom/cjs/react-dom-client.development.js:8057:33\n      at reconcileChildren (node_modules/react-dom/cjs/react-dom-client.development.js:8621:13)\n      at beginWork (node_modules/react-dom/cjs/react-dom-client.development.js:10793:13)\n      at runWithFiberInDEV (node_modules/react-dom/cjs/react-dom-client.development.js:1522:13)\n      at performUnitOfWork (node_modules/react-dom/cjs/react-dom-client.development.js:15140:22)\n      at workLoopSync (node_modules/react-dom/cjs/react-dom-client.development.js:14956:41)\n      at renderRootSync (node_modules/react-dom/cjs/react-dom-client.development.js:14936:11)\n      at performWorkOnRoot (node_modules/react-dom/cjs/react-dom-client.development.js:14462:44)\n      at performWorkOnRootViaSchedulerTask (node_modules/react-dom/cjs/react-dom-client.development.js:16216:7)\n      at flushActQueue (node_modules/react/cjs/react.development.js:566:34)\n      at process.env.NODE_ENV.exports.act (node_modules/react/cjs/react.development.js:859:10)\n      at node_modules/@testing-library/react/dist/act-compat.js:47:25\n      at renderRoot (node_modules/@testing-library/react/dist/pure.js:190:26)\n      at render (node_modules/@testing-library/react/dist/pure.js:292:10)\n      at Object.<anonymous> (features/kasir/components/detail/CustomerInfoCard.test.tsx:89:11)\n\n  ● CustomerInfoCard › displays recent transactions section when available\n\n    Element type is invalid: expected a string (for built-in components) or a class/function (for composite components) but got: undefined. You likely forgot to export your component from the file it's defined in, or you might have mixed up default and named imports.\n\n    Check the render method of `CustomerInfoCard`.\n\n    \u001b[0m \u001b[90m 114 |\u001b[39m     }\n     \u001b[90m 115 |\u001b[39m\n    \u001b[31m\u001b[1m>\u001b[22m\u001b[39m\u001b[90m 116 |\u001b[39m     render(\u001b[33m<\u001b[39m\u001b[33mCustomerInfoCard\u001b[39m customer\u001b[33m=\u001b[39m{customerWithRecent} \u001b[33m/\u001b[39m\u001b[33m>\u001b[39m)\n     \u001b[90m     |\u001b[39m           \u001b[31m\u001b[1m^\u001b[22m\u001b[39m\n     \u001b[90m 117 |\u001b[39m     \n     \u001b[90m 118 |\u001b[39m     expect(screen\u001b[33m.\u001b[39mgetByText(\u001b[32m'Transaksi Terakhir'\u001b[39m))\u001b[33m.\u001b[39mtoBeInTheDocument()\n     \u001b[90m 119 |\u001b[39m     expect(screen\u001b[33m.\u001b[39mgetByText(\u001b[32m'TXN-001'\u001b[39m))\u001b[33m.\u001b[39mtoBeInTheDocument()\u001b[0m\n\n      at createFiberFromTypeAndProps (node_modules/react-dom/cjs/react-dom-client.development.js:4259:28)\n      at createFiberFromElement (node_modules/react-dom/cjs/react-dom-client.development.js:4273:14)\n      at createChild (node_modules/react-dom/cjs/react-dom-client.development.js:7297:26)\n      at reconcileChildrenArray (node_modules/react-dom/cjs/react-dom-client.development.js:7629:25)\n      at reconcileChildFibersImpl (node_modules/react-dom/cjs/react-dom-client.development.js:7952:30)\n      at node_modules/react-dom/cjs/react-dom-client.development.js:8057:33\n      at reconcileChildren (node_modules/react-dom/cjs/react-dom-client.development.js:8621:13)\n      at beginWork (node_modules/react-dom/cjs/react-dom-client.development.js:10793:13)\n      at runWithFiberInDEV (node_modules/react-dom/cjs/react-dom-client.development.js:1522:13)\n      at performUnitOfWork (node_modules/react-dom/cjs/react-dom-client.development.js:15140:22)\n      at workLoopSync (node_modules/react-dom/cjs/react-dom-client.development.js:14956:41)\n      at renderRootSync (node_modules/react-dom/cjs/react-dom-client.development.js:14936:11)\n      at performWorkOnRoot (node_modules/react-dom/cjs/react-dom-client.development.js:14462:44)\n      at performWorkOnRootViaSchedulerTask (node_modules/react-dom/cjs/react-dom-client.development.js:16216:7)\n      at flushActQueue (node_modules/react/cjs/react.development.js:566:34)\n      at process.env.NODE_ENV.exports.act (node_modules/react/cjs/react.development.js:859:10)\n      at node_modules/@testing-library/react/dist/act-compat.js:47:25\n      at renderRoot (node_modules/@testing-library/react/dist/pure.js:190:26)\n      at render (node_modules/@testing-library/react/dist/pure.js:292:10)\n      at Object.<anonymous> (features/kasir/components/detail/CustomerInfoCard.test.tsx:116:11)\n\n  ● CustomerInfoCard › limits recent transactions display to 3 items\n\n    Element type is invalid: expected a string (for built-in components) or a class/function (for composite components) but got: undefined. You likely forgot to export your component from the file it's defined in, or you might have mixed up default and named imports.\n\n    Check the render method of `CustomerInfoCard`.\n\n    \u001b[0m \u001b[90m 135 |\u001b[39m     }\n     \u001b[90m 136 |\u001b[39m\n    \u001b[31m\u001b[1m>\u001b[22m\u001b[39m\u001b[90m 137 |\u001b[39m     render(\u001b[33m<\u001b[39m\u001b[33mCustomerInfoCard\u001b[39m customer\u001b[33m=\u001b[39m{customerWithManyTransactions} \u001b[33m/\u001b[39m\u001b[33m>\u001b[39m)\n     \u001b[90m     |\u001b[39m           \u001b[31m\u001b[1m^\u001b[22m\u001b[39m\n     \u001b[90m 138 |\u001b[39m     \n     \u001b[90m 139 |\u001b[39m     \u001b[90m// Should display only first 3 transactions\u001b[39m\n     \u001b[90m 140 |\u001b[39m     expect(screen\u001b[33m.\u001b[39mgetByText(\u001b[32m'TXN-001'\u001b[39m))\u001b[33m.\u001b[39mtoBeInTheDocument()\u001b[0m\n\n      at createFiberFromTypeAndProps (node_modules/react-dom/cjs/react-dom-client.development.js:4259:28)\n      at createFiberFromElement (node_modules/react-dom/cjs/react-dom-client.development.js:4273:14)\n      at createChild (node_modules/react-dom/cjs/react-dom-client.development.js:7297:26)\n      at reconcileChildrenArray (node_modules/react-dom/cjs/react-dom-client.development.js:7629:25)\n      at reconcileChildFibersImpl (node_modules/react-dom/cjs/react-dom-client.development.js:7952:30)\n      at node_modules/react-dom/cjs/react-dom-client.development.js:8057:33\n      at reconcileChildren (node_modules/react-dom/cjs/react-dom-client.development.js:8621:13)\n      at beginWork (node_modules/react-dom/cjs/react-dom-client.development.js:10793:13)\n      at runWithFiberInDEV (node_modules/react-dom/cjs/react-dom-client.development.js:1522:13)\n      at performUnitOfWork (node_modules/react-dom/cjs/react-dom-client.development.js:15140:22)\n      at workLoopSync (node_modules/react-dom/cjs/react-dom-client.development.js:14956:41)\n      at renderRootSync (node_modules/react-dom/cjs/react-dom-client.development.js:14936:11)\n      at performWorkOnRoot (node_modules/react-dom/cjs/react-dom-client.development.js:14462:44)\n      at performWorkOnRootViaSchedulerTask (node_modules/react-dom/cjs/react-dom-client.development.js:16216:7)\n      at flushActQueue (node_modules/react/cjs/react.development.js:566:34)\n      at process.env.NODE_ENV.exports.act (node_modules/react/cjs/react.development.js:859:10)\n      at node_modules/@testing-library/react/dist/act-compat.js:47:25\n      at renderRoot (node_modules/@testing-library/react/dist/pure.js:190:26)\n      at render (node_modules/@testing-library/react/dist/pure.js:292:10)\n      at Object.<anonymous> (features/kasir/components/detail/CustomerInfoCard.test.tsx:137:11)\n\n  ● CustomerInfoCard › displays correct status badges for transactions\n\n    Element type is invalid: expected a string (for built-in components) or a class/function (for composite components) but got: undefined. You likely forgot to export your component from the file it's defined in, or you might have mixed up default and named imports.\n\n    Check the render method of `CustomerInfoCard`.\n\n    \u001b[0m \u001b[90m 178 |\u001b[39m     }\n     \u001b[90m 179 |\u001b[39m\n    \u001b[31m\u001b[1m>\u001b[22m\u001b[39m\u001b[90m 180 |\u001b[39m     render(\u001b[33m<\u001b[39m\u001b[33mCustomerInfoCard\u001b[39m customer\u001b[33m=\u001b[39m{customerWithTransactions} \u001b[33m/\u001b[39m\u001b[33m>\u001b[39m)\n     \u001b[90m     |\u001b[39m           \u001b[31m\u001b[1m^\u001b[22m\u001b[39m\n     \u001b[90m 181 |\u001b[39m     \n     \u001b[90m 182 |\u001b[39m     \u001b[36mconst\u001b[39m activeStatus \u001b[33m=\u001b[39m screen\u001b[33m.\u001b[39mgetByText(\u001b[32m'active'\u001b[39m)\n     \u001b[90m 183 |\u001b[39m     \u001b[36mconst\u001b[39m selesaiStatus \u001b[33m=\u001b[39m screen\u001b[33m.\u001b[39mgetByText(\u001b[32m'selesai'\u001b[39m)\u001b[0m\n\n      at createFiberFromTypeAndProps (node_modules/react-dom/cjs/react-dom-client.development.js:4259:28)\n      at createFiberFromElement (node_modules/react-dom/cjs/react-dom-client.development.js:4273:14)\n      at createChild (node_modules/react-dom/cjs/react-dom-client.development.js:7297:26)\n      at reconcileChildrenArray (node_modules/react-dom/cjs/react-dom-client.development.js:7629:25)\n      at reconcileChildFibersImpl (node_modules/react-dom/cjs/react-dom-client.development.js:7952:30)\n      at node_modules/react-dom/cjs/react-dom-client.development.js:8057:33\n      at reconcileChildren (node_modules/react-dom/cjs/react-dom-client.development.js:8621:13)\n      at beginWork (node_modules/react-dom/cjs/react-dom-client.development.js:10793:13)\n      at runWithFiberInDEV (node_modules/react-dom/cjs/react-dom-client.development.js:1522:13)\n      at performUnitOfWork (node_modules/react-dom/cjs/react-dom-client.development.js:15140:22)\n      at workLoopSync (node_modules/react-dom/cjs/react-dom-client.development.js:14956:41)\n      at renderRootSync (node_modules/react-dom/cjs/react-dom-client.development.js:14936:11)\n      at performWorkOnRoot (node_modules/react-dom/cjs/react-dom-client.development.js:14462:44)\n      at performWorkOnRootViaSchedulerTask (node_modules/react-dom/cjs/react-dom-client.development.js:16216:7)\n      at flushActQueue (node_modules/react/cjs/react.development.js:566:34)\n      at process.env.NODE_ENV.exports.act (node_modules/react/cjs/react.development.js:859:10)\n      at node_modules/@testing-library/react/dist/act-compat.js:47:25\n      at renderRoot (node_modules/@testing-library/react/dist/pure.js:190:26)\n      at render (node_modules/@testing-library/react/dist/pure.js:292:10)\n      at Object.<anonymous> (features/kasir/components/detail/CustomerInfoCard.test.tsx:180:11)\n"
    }
  ]
}