{
  "numTotalTests": 3,
  "numPassedTests": 3,
  "numFailedTests": 0,
  "numPendingTests": 0,
  "startTime": "2025-12-10T05:45:10.207Z",
  "endTime": "2025-12-10T05:45:13.534Z",
  "testResults": [
    {
      "testFilePath": "D:\\.work\\rental-software\\features\\manage-product\\services\\__tests__\\productService.rental-state-preservation.test.ts",
      "testFileResults": [
        {
          "ancestorTitles": [
            "ProductService - Rental State Preservation",
            "updateProduct with rental state preservation"
          ],
          "fullName": "ProductService - Rental State Preservation updateProduct with rental state preservation should preserve rentedQuantity when updating quantity",
          "status": "passed",
          "title": "should preserve rentedQuantity when updating quantity",
          "failureMessages": [],
          "duration": 11
        },
        {
          "ancestorTitles": [
            "ProductService - Rental State Preservation",
            "updateProduct with rental state preservation"
          ],
          "fullName": "ProductService - Rental State Preservation updateProduct with rental state preservation should reject quantity reduction below rented + lost items",
          "status": "passed",
          "title": "should reject quantity reduction below rented + lost items",
          "failureMessages": [],
          "duration": 35
        },
        {
          "ancestorTitles": [
            "ProductService - Rental State Preservation",
            "updateProduct with rental state preservation"
          ],
          "fullName": "ProductService - Rental State Preservation updateProduct with rental state preservation should handle new sizes without rental state",
          "status": "passed",
          "title": "should handle new sizes without rental state",
          "failureMessages": [],
          "duration": 7
        }
      ],
      "failureMessage": null
    }
  ]
}