{
  "numTotalTests": 22,
  "numPassedTests": 22,
  "numFailedTests": 0,
  "numPendingTests": 0,
  "startTime": "2025-07-17T01:36:06.437Z",
  "endTime": "2025-07-17T01:36:10.095Z",
  "testResults": [
    {
      "testFilePath": "D:\\.work\\rental-software\\features\\manage-product\\services\\categoryService.test.ts",
      "testFileResults": [
        {
          "ancestorTitles": [
            "CategoryService"
          ],
          "fullName": "CategoryService should return list of categories",
          "status": "passed",
          "title": "should return list of categories",
          "failureMessages": [],
          "duration": 8
        },
        {
          "ancestorTitles": [
            "CategoryService"
          ],
          "fullName": "CategoryService should return category detail by id",
          "status": "passed",
          "title": "should return category detail by id",
          "failureMessages": [],
          "duration": 1
        },
        {
          "ancestorTitles": [
            "CategoryService"
          ],
          "fullName": "CategoryService should create category with valid data",
          "status": "passed",
          "title": "should create category with valid data",
          "failureMessages": [],
          "duration": 1
        },
        {
          "ancestorTitles": [
            "CategoryService"
          ],
          "fullName": "CategoryService should not create category with duplicate name",
          "status": "passed",
          "title": "should not create category with duplicate name",
          "failureMessages": [],
          "duration": 13
        },
        {
          "ancestorTitles": [
            "CategoryService"
          ],
          "fullName": "CategoryService should update category with valid data",
          "status": "passed",
          "title": "should update category with valid data",
          "failureMessages": [],
          "duration": 2
        },
        {
          "ancestorTitles": [
            "CategoryService"
          ],
          "fullName": "CategoryService should not update non-existent category",
          "status": "passed",
          "title": "should not update non-existent category",
          "failureMessages": [],
          "duration": 2
        },
        {
          "ancestorTitles": [
            "CategoryService"
          ],
          "fullName": "CategoryService should delete category if not in use",
          "status": "passed",
          "title": "should delete category if not in use",
          "failureMessages": [],
          "duration": 1
        },
        {
          "ancestorTitles": [
            "CategoryService"
          ],
          "fullName": "CategoryService should not delete category if in use",
          "status": "passed",
          "title": "should not delete category if in use",
          "failureMessages": [],
          "duration": 0
        },
        {
          "ancestorTitles": [
            "CategoryService"
          ],
          "fullName": "CategoryService should validate unique category name",
          "status": "passed",
          "title": "should validate unique category name",
          "failureMessages": [],
          "duration": 1
        },
        {
          "ancestorTitles": [
            "CategoryService"
          ],
          "fullName": "CategoryService should check if category is in use",
          "status": "passed",
          "title": "should check if category is in use",
          "failureMessages": [],
          "duration": 0
        },
        {
          "ancestorTitles": [
            "CategoryService"
          ],
          "fullName": "CategoryService should throw validation error for invalid data",
          "status": "passed",
          "title": "should throw validation error for invalid data",
          "failureMessages": [],
          "duration": 4
        }
      ],
      "failureMessage": null
    },
    {
      "testFilePath": "D:\\.work\\rental-software\\features\\manage-product\\services\\productService.test.ts",
      "testFileResults": [
        {
          "ancestorTitles": [
            "ProductService"
          ],
          "fullName": "ProductService should return paginated list of products with filters",
          "status": "passed",
          "title": "should return paginated list of products with filters",
          "failureMessages": [],
          "duration": 6
        },
        {
          "ancestorTitles": [
            "ProductService"
          ],
          "fullName": "ProductService should return product detail by id",
          "status": "passed",
          "title": "should return product detail by id",
          "failureMessages": [],
          "duration": 1
        },
        {
          "ancestorTitles": [
            "ProductService"
          ],
          "fullName": "ProductService should create product with valid data",
          "status": "passed",
          "title": "should create product with valid data",
          "failureMessages": [],
          "duration": 2
        },
        {
          "ancestorTitles": [
            "ProductService"
          ],
          "fullName": "ProductService should not create product with duplicate code",
          "status": "passed",
          "title": "should not create product with duplicate code",
          "failureMessages": [],
          "duration": 20
        },
        {
          "ancestorTitles": [
            "ProductService"
          ],
          "fullName": "ProductService should update product with valid data",
          "status": "passed",
          "title": "should update product with valid data",
          "failureMessages": [],
          "duration": 3
        },
        {
          "ancestorTitles": [
            "ProductService"
          ],
          "fullName": "ProductService should not update non-existent product",
          "status": "passed",
          "title": "should not update non-existent product",
          "failureMessages": [],
          "duration": 2
        },
        {
          "ancestorTitles": [
            "ProductService"
          ],
          "fullName": "ProductService should soft delete product",
          "status": "passed",
          "title": "should soft delete product",
          "failureMessages": [],
          "duration": 1
        },
        {
          "ancestorTitles": [
            "ProductService"
          ],
          "fullName": "ProductService should validate unique product code",
          "status": "passed",
          "title": "should validate unique product code",
          "failureMessages": [],
          "duration": 1
        },
        {
          "ancestorTitles": [
            "ProductService"
          ],
          "fullName": "ProductService should update product status",
          "status": "passed",
          "title": "should update product status",
          "failureMessages": [],
          "duration": 1
        },
        {
          "ancestorTitles": [
            "ProductService"
          ],
          "fullName": "ProductService should update total pendapatan",
          "status": "passed",
          "title": "should update total pendapatan",
          "failureMessages": [],
          "duration": 1
        },
        {
          "ancestorTitles": [
            "ProductService"
          ],
          "fullName": "ProductService should throw validation error for invalid data",
          "status": "passed",
          "title": "should throw validation error for invalid data",
          "failureMessages": [],
          "duration": 0
        }
      ],
      "failureMessage": null
    }
  ]
}