{
  "numTotalTests": 32,
  "numPassedTests": 27,
  "numFailedTests": 5,
  "numPendingTests": 0,
  "startTime": "2026-08-30T12:46:28.797Z",
  "endTime": "2026-08-30T12:46:34.959Z",
  "testResults": [
    {
      "testFilePath": "D:\\.work\\rental-software\\features\\kasir\\lib\\utils\\__tests__\\priceCalculator.pairing.test.ts",
      "testFileResults": [
        {
          "ancestorTitles": [
            "PriceCalculator Pairing Logic",
            "calculatePairingPrice"
          ],
          "fullName": "PriceCalculator Pairing Logic calculatePairingPrice should calculate jas price only for 4-day duration",
          "status": "passed",
          "title": "should calculate jas price only for 4-day duration",
          "failureMessages": [],
          "duration": 34
        },
        {
          "ancestorTitles": [
            "PriceCalculator Pairing Logic",
            "calculatePairingPrice"
          ],
          "fullName": "PriceCalculator Pairing Logic calculatePairingPrice should calculate jas price only for 7-day duration with multiplier",
          "status": "passed",
          "title": "should calculate jas price only for 7-day duration with multiplier",
          "failureMessages": [],
          "duration": 5
        },
        {
          "ancestorTitles": [
            "PriceCalculator Pairing Logic",
            "calculatePairingPrice"
          ],
          "fullName": "PriceCalculator Pairing Logic calculatePairingPrice should work without linked sarung",
          "status": "passed",
          "title": "should work without linked sarung",
          "failureMessages": [],
          "duration": 5
        },
        {
          "ancestorTitles": [
            "PriceCalculator Pairing Logic",
            "validatePairingData"
          ],
          "fullName": "PriceCalculator Pairing Logic validatePairingData should validate valid pairing data",
          "status": "passed",
          "title": "should validate valid pairing data",
          "failureMessages": [],
          "duration": 5
        },
        {
          "ancestorTitles": [
            "PriceCalculator Pairing Logic",
            "validatePairingData"
          ],
          "fullName": "PriceCalculator Pairing Logic validatePairingData should reject sarung paired with non-jas product",
          "status": "failed",
          "title": "should reject sarung paired with non-jas product",
          "failureMessages": [
            "Error: expect(received).toBe(expected) // Object.is equality\n\nExpected: \"Sarung hanya dapat dipasangkan dengan produk jas\"\nReceived: \"Sarung hanya dapat dipasangkan dengan produk yang eligible\"\n    at Object.toBe (D:\\.work\\rental-software\\features\\kasir\\lib\\utils\\__tests__\\priceCalculator.pairing.test.ts:138:28)\n    at Promise.finally.completed (D:\\.work\\rental-software\\node_modules\\jest-circus\\build\\jestAdapterInit.js:1556:28)\n    at new Promise (<anonymous>)\n    at callAsyncCircusFn (D:\\.work\\rental-software\\node_modules\\jest-circus\\build\\jestAdapterInit.js:1496:10)\n    at _callCircusTest (D:\\.work\\rental-software\\node_modules\\jest-circus\\build\\jestAdapterInit.js:1006:40)\n    at processTicksAndRejections (node:internal/process/task_queues:103:5)\n    at _runTest (D:\\.work\\rental-software\\node_modules\\jest-circus\\build\\jestAdapterInit.js:946:3)\n    at _runTestsForDescribeBlock (D:\\.work\\rental-software\\node_modules\\jest-circus\\build\\jestAdapterInit.js:839:13)\n    at _runTestsForDescribeBlock (D:\\.work\\rental-software\\node_modules\\jest-circus\\build\\jestAdapterInit.js:829:11)\n    at _runTestsForDescribeBlock (D:\\.work\\rental-software\\node_modules\\jest-circus\\build\\jestAdapterInit.js:829:11)\n    at run (D:\\.work\\rental-software\\node_modules\\jest-circus\\build\\jestAdapterInit.js:757:3)\n    at runAndTransformResultsToJestFormat (D:\\.work\\rental-software\\node_modules\\jest-circus\\build\\jestAdapterInit.js:1917:21)\n    at jestAdapter (D:\\.work\\rental-software\\node_modules\\jest-circus\\build\\runner.js:101:19)\n    at runTestInternal (D:\\.work\\rental-software\\node_modules\\jest-runner\\build\\testWorker.js:275:16)\n    at runTest (D:\\.work\\rental-software\\node_modules\\jest-runner\\build\\testWorker.js:343:7)\n    at Object.worker (D:\\.work\\rental-software\\node_modules\\jest-runner\\build\\testWorker.js:497:12)"
          ],
          "duration": 21
        },
        {
          "ancestorTitles": [
            "PriceCalculator Pairing Logic",
            "validatePairingData"
          ],
          "fullName": "PriceCalculator Pairing Logic validatePairingData should reject sarung quantity exceeding jas quantity",
          "status": "passed",
          "title": "should reject sarung quantity exceeding jas quantity",
          "failureMessages": [],
          "duration": 3
        },
        {
          "ancestorTitles": [
            "PriceCalculator Pairing Logic",
            "validatePairingData"
          ],
          "fullName": "PriceCalculator Pairing Logic validatePairingData should reject zero sarung quantity",
          "status": "passed",
          "title": "should reject zero sarung quantity",
          "failureMessages": [],
          "duration": 3
        },
        {
          "ancestorTitles": [
            "PriceCalculator Pairing Logic",
            "validatePairingData"
          ],
          "fullName": "PriceCalculator Pairing Logic validatePairingData should accept item without linked sarung",
          "status": "passed",
          "title": "should accept item without linked sarung",
          "failureMessages": [],
          "duration": 1
        },
        {
          "ancestorTitles": [
            "PriceCalculator Pairing Logic",
            "calculateSubtotalExcludingSarung"
          ],
          "fullName": "PriceCalculator Pairing Logic calculateSubtotalExcludingSarung should exclude sarung prices from subtotal",
          "status": "passed",
          "title": "should exclude sarung prices from subtotal",
          "failureMessages": [],
          "duration": 2
        },
        {
          "ancestorTitles": [
            "PriceCalculator Pairing Logic",
            "calculateSubtotalExcludingSarung"
          ],
          "fullName": "PriceCalculator Pairing Logic calculateSubtotalExcludingSarung should apply duration multiplier correctly",
          "status": "passed",
          "title": "should apply duration multiplier correctly",
          "failureMessages": [],
          "duration": 3
        },
        {
          "ancestorTitles": [
            "PriceCalculator Pairing Logic",
            "getPairingSummary"
          ],
          "fullName": "PriceCalculator Pairing Logic getPairingSummary should correctly categorize items and count pairings",
          "status": "passed",
          "title": "should correctly categorize items and count pairings",
          "failureMessages": [],
          "duration": 8
        },
        {
          "ancestorTitles": [
            "PriceCalculator Pairing Logic",
            "getPairingSummary"
          ],
          "fullName": "PriceCalculator Pairing Logic getPairingSummary should handle jas without sarung pairing",
          "status": "passed",
          "title": "should handle jas without sarung pairing",
          "failureMessages": [],
          "duration": 5
        },
        {
          "ancestorTitles": [
            "PriceCalculator Pairing Logic",
            "validateAllPairings"
          ],
          "fullName": "PriceCalculator Pairing Logic validateAllPairings should validate multiple items successfully",
          "status": "passed",
          "title": "should validate multiple items successfully",
          "failureMessages": [],
          "duration": 6
        },
        {
          "ancestorTitles": [
            "PriceCalculator Pairing Logic",
            "validateAllPairings"
          ],
          "fullName": "PriceCalculator Pairing Logic validateAllPairings should collect multiple validation errors",
          "status": "failed",
          "title": "should collect multiple validation errors",
          "failureMessages": [
            "Error: expect(received).toContain(expected) // indexOf\n\nExpected substring: \"Sarung hanya dapat dipasangkan dengan produk jas\"\nReceived string:    \"Item 1: Sarung hanya dapat dipasangkan dengan produk yang eligible\"\n    at Object.toContain (D:\\.work\\rental-software\\features\\kasir\\lib\\utils\\__tests__\\priceCalculator.pairing.test.ts:346:32)\n    at Promise.finally.completed (D:\\.work\\rental-software\\node_modules\\jest-circus\\build\\jestAdapterInit.js:1556:28)\n    at new Promise (<anonymous>)\n    at callAsyncCircusFn (D:\\.work\\rental-software\\node_modules\\jest-circus\\build\\jestAdapterInit.js:1496:10)\n    at _callCircusTest (D:\\.work\\rental-software\\node_modules\\jest-circus\\build\\jestAdapterInit.js:1006:40)\n    at processTicksAndRejections (node:internal/process/task_queues:103:5)\n    at _runTest (D:\\.work\\rental-software\\node_modules\\jest-circus\\build\\jestAdapterInit.js:946:3)\n    at _runTestsForDescribeBlock (D:\\.work\\rental-software\\node_modules\\jest-circus\\build\\jestAdapterInit.js:839:13)\n    at _runTestsForDescribeBlock (D:\\.work\\rental-software\\node_modules\\jest-circus\\build\\jestAdapterInit.js:829:11)\n    at _runTestsForDescribeBlock (D:\\.work\\rental-software\\node_modules\\jest-circus\\build\\jestAdapterInit.js:829:11)\n    at run (D:\\.work\\rental-software\\node_modules\\jest-circus\\build\\jestAdapterInit.js:757:3)\n    at runAndTransformResultsToJestFormat (D:\\.work\\rental-software\\node_modules\\jest-circus\\build\\jestAdapterInit.js:1917:21)\n    at jestAdapter (D:\\.work\\rental-software\\node_modules\\jest-circus\\build\\runner.js:101:19)\n    at runTestInternal (D:\\.work\\rental-software\\node_modules\\jest-runner\\build\\testWorker.js:275:16)\n    at runTest (D:\\.work\\rental-software\\node_modules\\jest-runner\\build\\testWorker.js:343:7)\n    at Object.worker (D:\\.work\\rental-software\\node_modules\\jest-runner\\build\\testWorker.js:497:12)"
          ],
          "duration": 4
        },
        {
          "ancestorTitles": [
            "PriceCalculator Pairing Logic",
            "validateAllPairings"
          ],
          "fullName": "PriceCalculator Pairing Logic validateAllPairings should generate warnings for jas without sarung",
          "status": "passed",
          "title": "should generate warnings for jas without sarung",
          "failureMessages": [],
          "duration": 3
        },
        {
          "ancestorTitles": [
            "PriceCalculator Pairing Logic",
            "calculatePairingBreakdown"
          ],
          "fullName": "PriceCalculator Pairing Logic calculatePairingBreakdown should provide detailed breakdown for pairing",
          "status": "passed",
          "title": "should provide detailed breakdown for pairing",
          "failureMessages": [],
          "duration": 4
        },
        {
          "ancestorTitles": [
            "PriceCalculator Pairing Logic",
            "calculatePairingBreakdown"
          ],
          "fullName": "PriceCalculator Pairing Logic calculatePairingBreakdown should handle mixed items correctly",
          "status": "passed",
          "title": "should handle mixed items correctly",
          "failureMessages": [],
          "duration": 2
        }
      ],
      "failureMessage": "  ● PriceCalculator Pairing Logic › validatePairingData › should reject sarung paired with non-jas product\n\n    expect(received).toBe(expected) // Object.is equality\n\n    Expected: \"Sarung hanya dapat dipasangkan dengan produk jas\"\n    Received: \"Sarung hanya dapat dipasangkan dengan produk yang eligible\"\n\n    \u001b[0m \u001b[90m 136 |\u001b[39m       \u001b[36mconst\u001b[39m result \u001b[33m=\u001b[39m \u001b[33mPriceCalculator\u001b[39m\u001b[33m.\u001b[39mvalidatePairingData(invalidItem)\n     \u001b[90m 137 |\u001b[39m       expect(result\u001b[33m.\u001b[39misValid)\u001b[33m.\u001b[39mtoBe(\u001b[36mfalse\u001b[39m)\n    \u001b[31m\u001b[1m>\u001b[22m\u001b[39m\u001b[90m 138 |\u001b[39m       expect(result\u001b[33m.\u001b[39merror)\u001b[33m.\u001b[39mtoBe(\u001b[32m'Sarung hanya dapat dipasangkan dengan produk jas'\u001b[39m)\n     \u001b[90m     |\u001b[39m                            \u001b[31m\u001b[1m^\u001b[22m\u001b[39m\n     \u001b[90m 139 |\u001b[39m     })\n     \u001b[90m 140 |\u001b[39m\n     \u001b[90m 141 |\u001b[39m     it(\u001b[32m'should reject sarung quantity exceeding jas quantity'\u001b[39m\u001b[33m,\u001b[39m () \u001b[33m=>\u001b[39m {\u001b[0m\n\n      at Object.toBe (features/kasir/lib/utils/__tests__/priceCalculator.pairing.test.ts:138:28)\n\n  ● PriceCalculator Pairing Logic › validateAllPairings › should collect multiple validation errors\n\n    expect(received).toContain(expected) // indexOf\n\n    Expected substring: \"Sarung hanya dapat dipasangkan dengan produk jas\"\n    Received string:    \"Item 1: Sarung hanya dapat dipasangkan dengan produk yang eligible\"\n\n    \u001b[0m \u001b[90m 344 |\u001b[39m       expect(result\u001b[33m.\u001b[39misValid)\u001b[33m.\u001b[39mtoBe(\u001b[36mfalse\u001b[39m)\n     \u001b[90m 345 |\u001b[39m       expect(result\u001b[33m.\u001b[39merrors)\u001b[33m.\u001b[39mtoHaveLength(\u001b[35m2\u001b[39m)\n    \u001b[31m\u001b[1m>\u001b[22m\u001b[39m\u001b[90m 346 |\u001b[39m       expect(result\u001b[33m.\u001b[39merrors[\u001b[35m0\u001b[39m])\u001b[33m.\u001b[39mtoContain(\u001b[32m'Sarung hanya dapat dipasangkan dengan produk jas'\u001b[39m)\n     \u001b[90m     |\u001b[39m                                \u001b[31m\u001b[1m^\u001b[22m\u001b[39m\n     \u001b[90m 347 |\u001b[39m       expect(result\u001b[33m.\u001b[39merrors[\u001b[35m1\u001b[39m])\u001b[33m.\u001b[39mtoContain(\u001b[32m'Jumlah sarung tidak boleh melebihi jumlah jas'\u001b[39m)\n     \u001b[90m 348 |\u001b[39m     })\n     \u001b[90m 349 |\u001b[39m\u001b[0m\n\n      at Object.toContain (features/kasir/lib/utils/__tests__/priceCalculator.pairing.test.ts:346:32)\n"
    },
    {
      "testFilePath": "D:\\.work\\rental-software\\__tests__\\features\\kasir\\lib\\errors\\pairingErrorHandler.test.ts",
      "testFileResults": [
        {
          "ancestorTitles": [
            "PairingErrorHandler Property Tests"
          ],
          "fullName": "PairingErrorHandler Property Tests Property 6: All error messages should contain actionable recovery steps",
          "status": "passed",
          "title": "Property 6: All error messages should contain actionable recovery steps",
          "failureMessages": [],
          "duration": 186
        },
        {
          "ancestorTitles": [
            "PairingErrorHandler Property Tests"
          ],
          "fullName": "PairingErrorHandler Property Tests Property 6.1: Error classification should be consistent and deterministic",
          "status": "passed",
          "title": "Property 6.1: Error classification should be consistent and deterministic",
          "failureMessages": [],
          "duration": 26
        },
        {
          "ancestorTitles": [
            "PairingErrorHandler Property Tests"
          ],
          "fullName": "PairingErrorHandler Property Tests Property 6.2: Data format errors should allow graceful degradation",
          "status": "failed",
          "title": "Property 6.2: Data format errors should allow graceful degradation",
          "failureMessages": [
            "Error: Property failed after 1 tests\n{ seed: -1700303813, path: \"0:0:0\", endOnFailure: true }\nCounterexample: [\"\",null]\nShrunk 2 time(s)\n\nHint: Enable verbose mode in order to have the list of all failing values encountered during the run\n    at buildError (D:\\.work\\rental-software\\node_modules\\fast-check\\lib\\cjs\\check\\runner\\utils\\RunDetailsFormatter.js:162:19)\n    at throwIfFailed (D:\\.work\\rental-software\\node_modules\\fast-check\\lib\\cjs\\check\\runner\\utils\\RunDetailsFormatter.js:171:11)\n    at reportRunDetails (D:\\.work\\rental-software\\node_modules\\fast-check\\lib\\cjs\\check\\runner\\utils\\RunDetailsFormatter.js:184:16)\n    at Object.assert (D:\\.work\\rental-software\\node_modules\\fast-check\\lib\\cjs\\check\\runner\\Runner.js:65:55)\n    at Object.assert (D:\\.work\\rental-software\\__tests__\\features\\kasir\\lib\\errors\\pairingErrorHandler.test.ts:86:8)\n    at Promise.finally.completed (D:\\.work\\rental-software\\node_modules\\jest-circus\\build\\jestAdapterInit.js:1556:28)\n    at new Promise (<anonymous>)\n    at callAsyncCircusFn (D:\\.work\\rental-software\\node_modules\\jest-circus\\build\\jestAdapterInit.js:1496:10)\n    at _callCircusTest (D:\\.work\\rental-software\\node_modules\\jest-circus\\build\\jestAdapterInit.js:1006:40)\n    at processTicksAndRejections (node:internal/process/task_queues:103:5)\n    at _runTest (D:\\.work\\rental-software\\node_modules\\jest-circus\\build\\jestAdapterInit.js:946:3)\n    at _runTestsForDescribeBlock (D:\\.work\\rental-software\\node_modules\\jest-circus\\build\\jestAdapterInit.js:839:13)\n    at _runTestsForDescribeBlock (D:\\.work\\rental-software\\node_modules\\jest-circus\\build\\jestAdapterInit.js:829:11)\n    at run (D:\\.work\\rental-software\\node_modules\\jest-circus\\build\\jestAdapterInit.js:757:3)\n    at runAndTransformResultsToJestFormat (D:\\.work\\rental-software\\node_modules\\jest-circus\\build\\jestAdapterInit.js:1917:21)\n    at jestAdapter (D:\\.work\\rental-software\\node_modules\\jest-circus\\build\\runner.js:101:19)\n    at runTestInternal (D:\\.work\\rental-software\\node_modules\\jest-runner\\build\\testWorker.js:275:16)\n    at runTest (D:\\.work\\rental-software\\node_modules\\jest-runner\\build\\testWorker.js:343:7)\n    at Object.worker (D:\\.work\\rental-software\\node_modules\\jest-runner\\build\\testWorker.js:497:12)"
          ],
          "duration": 65
        },
        {
          "ancestorTitles": [
            "PairingErrorHandler Property Tests"
          ],
          "fullName": "PairingErrorHandler Property Tests Property 6.3: Stock errors should continue pickup process",
          "status": "failed",
          "title": "Property 6.3: Stock errors should continue pickup process",
          "failureMessages": [
            "Error: Property failed after 1 tests\n{ seed: -1766956963, path: \"0:0:0:0:0:0:0:0:0:0:0\", endOnFailure: true }\nCounterexample: [{\"productSizeId\":\"00000000-0000-1000-8000-000000000000\",\"quantity\":1,\"itemId\":\"00000000-0000-1000-8000-000000000000\",\"linkedSarungSizeId\":null}]\nShrunk 10 time(s)\n\nHint: Enable verbose mode in order to have the list of all failing values encountered during the run\n    at buildError (D:\\.work\\rental-software\\node_modules\\fast-check\\lib\\cjs\\check\\runner\\utils\\RunDetailsFormatter.js:162:19)\n    at throwIfFailed (D:\\.work\\rental-software\\node_modules\\fast-check\\lib\\cjs\\check\\runner\\utils\\RunDetailsFormatter.js:171:11)\n    at reportRunDetails (D:\\.work\\rental-software\\node_modules\\fast-check\\lib\\cjs\\check\\runner\\utils\\RunDetailsFormatter.js:184:16)\n    at Object.assert (D:\\.work\\rental-software\\node_modules\\fast-check\\lib\\cjs\\check\\runner\\Runner.js:65:55)\n    at Object.assert (D:\\.work\\rental-software\\__tests__\\features\\kasir\\lib\\errors\\pairingErrorHandler.test.ts:109:8)\n    at Promise.finally.completed (D:\\.work\\rental-software\\node_modules\\jest-circus\\build\\jestAdapterInit.js:1556:28)\n    at new Promise (<anonymous>)\n    at callAsyncCircusFn (D:\\.work\\rental-software\\node_modules\\jest-circus\\build\\jestAdapterInit.js:1496:10)\n    at _callCircusTest (D:\\.work\\rental-software\\node_modules\\jest-circus\\build\\jestAdapterInit.js:1006:40)\n    at processTicksAndRejections (node:internal/process/task_queues:103:5)\n    at _runTest (D:\\.work\\rental-software\\node_modules\\jest-circus\\build\\jestAdapterInit.js:946:3)\n    at _runTestsForDescribeBlock (D:\\.work\\rental-software\\node_modules\\jest-circus\\build\\jestAdapterInit.js:839:13)\n    at _runTestsForDescribeBlock (D:\\.work\\rental-software\\node_modules\\jest-circus\\build\\jestAdapterInit.js:829:11)\n    at run (D:\\.work\\rental-software\\node_modules\\jest-circus\\build\\jestAdapterInit.js:757:3)\n    at runAndTransformResultsToJestFormat (D:\\.work\\rental-software\\node_modules\\jest-circus\\build\\jestAdapterInit.js:1917:21)\n    at jestAdapter (D:\\.work\\rental-software\\node_modules\\jest-circus\\build\\runner.js:101:19)\n    at runTestInternal (D:\\.work\\rental-software\\node_modules\\jest-runner\\build\\testWorker.js:275:16)\n    at runTest (D:\\.work\\rental-software\\node_modules\\jest-runner\\build\\testWorker.js:343:7)\n    at Object.worker (D:\\.work\\rental-software\\node_modules\\jest-runner\\build\\testWorker.js:497:12)"
          ],
          "duration": 52
        },
        {
          "ancestorTitles": [
            "PairingErrorHandler Property Tests"
          ],
          "fullName": "PairingErrorHandler Property Tests Property 6.4: Item filtering errors should cause immediate failure",
          "status": "passed",
          "title": "Property 6.4: Item filtering errors should cause immediate failure",
          "failureMessages": [],
          "duration": 128
        },
        {
          "ancestorTitles": [
            "PairingErrorHandler Property Tests"
          ],
          "fullName": "PairingErrorHandler Property Tests Property 6.5: Error context creation should preserve all input data",
          "status": "failed",
          "title": "Property 6.5: Error context creation should preserve all input data",
          "failureMessages": [
            "Error: Property failed after 1 tests\n{ seed: -691556481, path: \"0:0:0:0:0:0:0:0:0\", endOnFailure: true }\nCounterexample: [\"00000000-0000-1000-8000-000000000000\",[{\"id\":\"00000000-0000-1000-8000-000000000000\",\"jumlahDiambil\":1}],\"Stock operation failed\"]\nShrunk 8 time(s)\n\nHint: Enable verbose mode in order to have the list of all failing values encountered during the run\n    at buildError (D:\\.work\\rental-software\\node_modules\\fast-check\\lib\\cjs\\check\\runner\\utils\\RunDetailsFormatter.js:162:19)\n    at throwIfFailed (D:\\.work\\rental-software\\node_modules\\fast-check\\lib\\cjs\\check\\runner\\utils\\RunDetailsFormatter.js:171:11)\n    at reportRunDetails (D:\\.work\\rental-software\\node_modules\\fast-check\\lib\\cjs\\check\\runner\\utils\\RunDetailsFormatter.js:184:16)\n    at Object.assert (D:\\.work\\rental-software\\node_modules\\fast-check\\lib\\cjs\\check\\runner\\Runner.js:65:55)\n    at Object.assert (D:\\.work\\rental-software\\__tests__\\features\\kasir\\lib\\errors\\pairingErrorHandler.test.ts:153:8)\n    at Promise.finally.completed (D:\\.work\\rental-software\\node_modules\\jest-circus\\build\\jestAdapterInit.js:1556:28)\n    at new Promise (<anonymous>)\n    at callAsyncCircusFn (D:\\.work\\rental-software\\node_modules\\jest-circus\\build\\jestAdapterInit.js:1496:10)\n    at _callCircusTest (D:\\.work\\rental-software\\node_modules\\jest-circus\\build\\jestAdapterInit.js:1006:40)\n    at processTicksAndRejections (node:internal/process/task_queues:103:5)\n    at _runTest (D:\\.work\\rental-software\\node_modules\\jest-circus\\build\\jestAdapterInit.js:946:3)\n    at _runTestsForDescribeBlock (D:\\.work\\rental-software\\node_modules\\jest-circus\\build\\jestAdapterInit.js:839:13)\n    at _runTestsForDescribeBlock (D:\\.work\\rental-software\\node_modules\\jest-circus\\build\\jestAdapterInit.js:829:11)\n    at run (D:\\.work\\rental-software\\node_modules\\jest-circus\\build\\jestAdapterInit.js:757:3)\n    at runAndTransformResultsToJestFormat (D:\\.work\\rental-software\\node_modules\\jest-circus\\build\\jestAdapterInit.js:1917:21)\n    at jestAdapter (D:\\.work\\rental-software\\node_modules\\jest-circus\\build\\runner.js:101:19)\n    at runTestInternal (D:\\.work\\rental-software\\node_modules\\jest-runner\\build\\testWorker.js:275:16)\n    at runTest (D:\\.work\\rental-software\\node_modules\\jest-runner\\build\\testWorker.js:343:7)\n    at Object.worker (D:\\.work\\rental-software\\node_modules\\jest-runner\\build\\testWorker.js:497:12)"
          ],
          "duration": 14
        },
        {
          "ancestorTitles": [
            "PairingErrorHandler Property Tests"
          ],
          "fullName": "PairingErrorHandler Property Tests Property 6.6: Critical errors should fail pickup, non-critical should allow continuation",
          "status": "passed",
          "title": "Property 6.6: Critical errors should fail pickup, non-critical should allow continuation",
          "failureMessages": [],
          "duration": 27
        }
      ],
      "failureMessage": "  ● PairingErrorHandler Property Tests › Property 6.2: Data format errors should allow graceful degradation\n\n    Property failed after 1 tests\n    { seed: -1700303813, path: \"0:0:0\", endOnFailure: true }\n    Counterexample: [\"\",null]\n    Shrunk 2 time(s)\n\n    Hint: Enable verbose mode in order to have the list of all failing values encountered during the run\n\n    \u001b[0m \u001b[90m 84 |\u001b[39m\n     \u001b[90m 85 |\u001b[39m   test(\u001b[32m'Property 6.2: Data format errors should allow graceful degradation'\u001b[39m\u001b[33m,\u001b[39m () \u001b[33m=>\u001b[39m {\n    \u001b[31m\u001b[1m>\u001b[22m\u001b[39m\u001b[90m 86 |\u001b[39m     fc\u001b[33m.\u001b[39massert(fc\u001b[33m.\u001b[39mproperty(\n     \u001b[90m    |\u001b[39m        \u001b[31m\u001b[1m^\u001b[22m\u001b[39m\n     \u001b[90m 87 |\u001b[39m       fc\u001b[33m.\u001b[39mstring()\u001b[33m,\u001b[39m\n     \u001b[90m 88 |\u001b[39m       fc\u001b[33m.\u001b[39moption(fc\u001b[33m.\u001b[39muuid())\u001b[33m,\u001b[39m\n     \u001b[90m 89 |\u001b[39m       (kondisiAwal\u001b[33m,\u001b[39m itemId) \u001b[33m=>\u001b[39m {\u001b[0m\n\n      at buildError (node_modules/fast-check/lib/cjs/check/runner/utils/RunDetailsFormatter.js:162:19)\n      at throwIfFailed (node_modules/fast-check/lib/cjs/check/runner/utils/RunDetailsFormatter.js:171:11)\n      at reportRunDetails (node_modules/fast-check/lib/cjs/check/runner/utils/RunDetailsFormatter.js:184:16)\n      at Object.assert (node_modules/fast-check/lib/cjs/check/runner/Runner.js:65:55)\n      at Object.assert (__tests__/features/kasir/lib/errors/pairingErrorHandler.test.ts:86:8)\n\n    Cause:\n    expect(received).not.toThrow()\n\n    Error name:    \"TypeError\"\n    Error message: \"_pairingErrorHandler.PairingErrorHandler.handleDataFormatError is not a function\"\n\n        \u001b[0m \u001b[90m 92 |\u001b[39m         \u001b[90m// Property: Data format errors should not throw, just log\u001b[39m\n         \u001b[90m 93 |\u001b[39m         expect(() \u001b[33m=>\u001b[39m {\n        \u001b[31m\u001b[1m>\u001b[22m\u001b[39m\u001b[90m 94 |\u001b[39m           \u001b[33mPairingErrorHandler\u001b[39m\u001b[33m.\u001b[39mhandleDataFormatError(error\u001b[33m,\u001b[39m kondisiAwal\u001b[33m,\u001b[39m itemId)\n         \u001b[90m    |\u001b[39m                               \u001b[31m\u001b[1m^\u001b[22m\u001b[39m\n         \u001b[90m 95 |\u001b[39m         })\u001b[33m.\u001b[39mnot\u001b[33m.\u001b[39mtoThrow()\n         \u001b[90m 96 |\u001b[39m         \n         \u001b[90m 97 |\u001b[39m         \u001b[90m// Should classify as data format error\u001b[39m\u001b[0m\n\n      at handleDataFormatError (__tests__/features/kasir/lib/errors/pairingErrorHandler.test.ts:94:31)\n      at Object.<anonymous> (node_modules/expect/build/index.js:1824:9)\n      at Object.throwingMatcher [as toThrow] (node_modules/expect/build/index.js:2235:93)\n      at toThrow (__tests__/features/kasir/lib/errors/pairingErrorHandler.test.ts:95:16)\n      at Property.predicate (node_modules/fast-check/lib/cjs/check/property/Property.js:17:92)\n      at Property.run (node_modules/fast-check/lib/cjs/check/property/Property.generic.js:46:33)\n      at runIt (node_modules/fast-check/lib/cjs/check/runner/Runner.js:18:30)\n      at check (node_modules/fast-check/lib/cjs/check/runner/Runner.js:58:11)\n      at Object.assert (node_modules/fast-check/lib/cjs/check/runner/Runner.js:61:17)\n      at Object.assert (__tests__/features/kasir/lib/errors/pairingErrorHandler.test.ts:86:8)\n      at toThrow (__tests__/features/kasir/lib/errors/pairingErrorHandler.test.ts:95:16)\n      at Property.predicate (node_modules/fast-check/lib/cjs/check/property/Property.js:17:92)\n      at Property.run (node_modules/fast-check/lib/cjs/check/property/Property.generic.js:46:33)\n      at runIt (node_modules/fast-check/lib/cjs/check/runner/Runner.js:18:30)\n      at check (node_modules/fast-check/lib/cjs/check/runner/Runner.js:58:11)\n      at Object.assert (node_modules/fast-check/lib/cjs/check/runner/Runner.js:61:17)\n      at Object.assert (__tests__/features/kasir/lib/errors/pairingErrorHandler.test.ts:86:8)\n\n  ● PairingErrorHandler Property Tests › Property 6.3: Stock errors should continue pickup process\n\n    Property failed after 1 tests\n    { seed: -1766956963, path: \"0:0:0:0:0:0:0:0:0:0:0\", endOnFailure: true }\n    Counterexample: [{\"productSizeId\":\"00000000-0000-1000-8000-000000000000\",\"quantity\":1,\"itemId\":\"00000000-0000-1000-8000-000000000000\",\"linkedSarungSizeId\":null}]\n    Shrunk 10 time(s)\n\n    Hint: Enable verbose mode in order to have the list of all failing values encountered during the run\n\n    \u001b[0m \u001b[90m 107 |\u001b[39m\n     \u001b[90m 108 |\u001b[39m   test(\u001b[32m'Property 6.3: Stock errors should continue pickup process'\u001b[39m\u001b[33m,\u001b[39m () \u001b[33m=>\u001b[39m {\n    \u001b[31m\u001b[1m>\u001b[22m\u001b[39m\u001b[90m 109 |\u001b[39m     fc\u001b[33m.\u001b[39massert(fc\u001b[33m.\u001b[39mproperty(\n     \u001b[90m     |\u001b[39m        \u001b[31m\u001b[1m^\u001b[22m\u001b[39m\n     \u001b[90m 110 |\u001b[39m       stockContextArb\u001b[33m,\u001b[39m\n     \u001b[90m 111 |\u001b[39m       (context) \u001b[33m=>\u001b[39m {\n     \u001b[90m 112 |\u001b[39m         \u001b[36mconst\u001b[39m error \u001b[33m=\u001b[39m \u001b[36mnew\u001b[39m \u001b[33mError\u001b[39m(\u001b[32m'Stock operation failed'\u001b[39m)\u001b[0m\n\n      at buildError (node_modules/fast-check/lib/cjs/check/runner/utils/RunDetailsFormatter.js:162:19)\n      at throwIfFailed (node_modules/fast-check/lib/cjs/check/runner/utils/RunDetailsFormatter.js:171:11)\n      at reportRunDetails (node_modules/fast-check/lib/cjs/check/runner/utils/RunDetailsFormatter.js:184:16)\n      at Object.assert (node_modules/fast-check/lib/cjs/check/runner/Runner.js:65:55)\n      at Object.assert (__tests__/features/kasir/lib/errors/pairingErrorHandler.test.ts:109:8)\n\n    Cause:\n    expect(received).not.toThrow()\n\n    Error name:    \"TypeError\"\n    Error message: \"_pairingErrorHandler.PairingErrorHandler.handleStockError is not a function\"\n\n        \u001b[0m \u001b[90m 114 |\u001b[39m         \u001b[90m// Property: Stock errors should not throw, just log\u001b[39m\n         \u001b[90m 115 |\u001b[39m         expect(() \u001b[33m=>\u001b[39m {\n        \u001b[31m\u001b[1m>\u001b[22m\u001b[39m\u001b[90m 116 |\u001b[39m           \u001b[33mPairingErrorHandler\u001b[39m\u001b[33m.\u001b[39mhandleStockError(error\u001b[33m,\u001b[39m context)\n         \u001b[90m     |\u001b[39m                               \u001b[31m\u001b[1m^\u001b[22m\u001b[39m\n         \u001b[90m 117 |\u001b[39m         })\u001b[33m.\u001b[39mnot\u001b[33m.\u001b[39mtoThrow()\n         \u001b[90m 118 |\u001b[39m         \n         \u001b[90m 119 |\u001b[39m         \u001b[90m// Should classify as stock management error\u001b[39m\u001b[0m\n\n      at handleStockError (__tests__/features/kasir/lib/errors/pairingErrorHandler.test.ts:116:31)\n      at Object.<anonymous> (node_modules/expect/build/index.js:1824:9)\n      at Object.throwingMatcher [as toThrow] (node_modules/expect/build/index.js:2235:93)\n      at toThrow (__tests__/features/kasir/lib/errors/pairingErrorHandler.test.ts:117:16)\n      at Property.predicate (node_modules/fast-check/lib/cjs/check/property/Property.js:17:92)\n      at Property.run (node_modules/fast-check/lib/cjs/check/property/Property.generic.js:46:33)\n      at runIt (node_modules/fast-check/lib/cjs/check/runner/Runner.js:18:30)\n      at check (node_modules/fast-check/lib/cjs/check/runner/Runner.js:58:11)\n      at Object.assert (node_modules/fast-check/lib/cjs/check/runner/Runner.js:61:17)\n      at Object.assert (__tests__/features/kasir/lib/errors/pairingErrorHandler.test.ts:109:8)\n      at toThrow (__tests__/features/kasir/lib/errors/pairingErrorHandler.test.ts:117:16)\n      at Property.predicate (node_modules/fast-check/lib/cjs/check/property/Property.js:17:92)\n      at Property.run (node_modules/fast-check/lib/cjs/check/property/Property.generic.js:46:33)\n      at runIt (node_modules/fast-check/lib/cjs/check/runner/Runner.js:18:30)\n      at check (node_modules/fast-check/lib/cjs/check/runner/Runner.js:58:11)\n      at Object.assert (node_modules/fast-check/lib/cjs/check/runner/Runner.js:61:17)\n      at Object.assert (__tests__/features/kasir/lib/errors/pairingErrorHandler.test.ts:109:8)\n\n  ● PairingErrorHandler Property Tests › Property 6.5: Error context creation should preserve all input data\n\n    Property failed after 1 tests\n    { seed: -691556481, path: \"0:0:0:0:0:0:0:0:0\", endOnFailure: true }\n    Counterexample: [\"00000000-0000-1000-8000-000000000000\",[{\"id\":\"00000000-0000-1000-8000-000000000000\",\"jumlahDiambil\":1}],\"Stock operation failed\"]\n    Shrunk 8 time(s)\n\n    Hint: Enable verbose mode in order to have the list of all failing values encountered during the run\n\n    \u001b[0m \u001b[90m 151 |\u001b[39m\n     \u001b[90m 152 |\u001b[39m   test(\u001b[32m'Property 6.5: Error context creation should preserve all input data'\u001b[39m\u001b[33m,\u001b[39m () \u001b[33m=>\u001b[39m {\n    \u001b[31m\u001b[1m>\u001b[22m\u001b[39m\u001b[90m 153 |\u001b[39m     fc\u001b[33m.\u001b[39massert(fc\u001b[33m.\u001b[39mproperty(\n     \u001b[90m     |\u001b[39m        \u001b[31m\u001b[1m^\u001b[22m\u001b[39m\n     \u001b[90m 154 |\u001b[39m       fc\u001b[33m.\u001b[39muuid()\u001b[33m,\u001b[39m\n     \u001b[90m 155 |\u001b[39m       fc\u001b[33m.\u001b[39marray(fc\u001b[33m.\u001b[39mrecord({\n     \u001b[90m 156 |\u001b[39m         id\u001b[33m:\u001b[39m fc\u001b[33m.\u001b[39muuid()\u001b[33m,\u001b[39m\u001b[0m\n\n      at buildError (node_modules/fast-check/lib/cjs/check/runner/utils/RunDetailsFormatter.js:162:19)\n      at throwIfFailed (node_modules/fast-check/lib/cjs/check/runner/utils/RunDetailsFormatter.js:171:11)\n      at reportRunDetails (node_modules/fast-check/lib/cjs/check/runner/utils/RunDetailsFormatter.js:184:16)\n      at Object.assert (node_modules/fast-check/lib/cjs/check/runner/Runner.js:65:55)\n      at Object.assert (__tests__/features/kasir/lib/errors/pairingErrorHandler.test.ts:153:8)\n\n    Cause:\n    TypeError: expect(received).toHaveLength(expected)\n\n    Matcher error: received value must have a length property whose value must be a number\n\n    Received has value: undefined\n\n    \u001b[0m \u001b[90m 164 |\u001b[39m         \u001b[90m// Property: Context should preserve all input data\u001b[39m\n     \u001b[90m 165 |\u001b[39m         expect(context\u001b[33m.\u001b[39mtransactionId)\u001b[33m.\u001b[39mtoBe(transactionId)\n    \u001b[31m\u001b[1m>\u001b[22m\u001b[39m\u001b[90m 166 |\u001b[39m         expect(context\u001b[33m.\u001b[39mitems)\u001b[33m.\u001b[39mtoHaveLength(items\u001b[33m.\u001b[39mlength)\n     \u001b[90m     |\u001b[39m                               \u001b[31m\u001b[1m^\u001b[22m\u001b[39m\n     \u001b[90m 167 |\u001b[39m         expect(context\u001b[33m.\u001b[39mtimestamp)\u001b[33m.\u001b[39mtoBeDefined()\n     \u001b[90m 168 |\u001b[39m         expect(context\u001b[33m.\u001b[39merror)\u001b[33m.\u001b[39mtoBeDefined()\n     \u001b[90m 169 |\u001b[39m         expect(context\u001b[33m.\u001b[39mpairingContext)\u001b[33m.\u001b[39mtoBeDefined()\u001b[0m\n\n      at toHaveLength (__tests__/features/kasir/lib/errors/pairingErrorHandler.test.ts:166:31)\n      at Property.predicate (node_modules/fast-check/lib/cjs/check/property/Property.js:17:92)\n      at Property.run (node_modules/fast-check/lib/cjs/check/property/Property.generic.js:46:33)\n      at runIt (node_modules/fast-check/lib/cjs/check/runner/Runner.js:18:30)\n      at check (node_modules/fast-check/lib/cjs/check/runner/Runner.js:58:11)\n      at Object.assert (node_modules/fast-check/lib/cjs/check/runner/Runner.js:61:17)\n      at Object.assert (__tests__/features/kasir/lib/errors/pairingErrorHandler.test.ts:153:8)\n"
    },
    {
      "testFilePath": "D:\\.work\\rental-software\\__tests__\\features\\kasir\\lib\\utils\\pairingDisplayFormatter.test.ts",
      "testFileResults": [
        {
          "ancestorTitles": [
            "PairingDisplayFormatter Property Tests"
          ],
          "fullName": "PairingDisplayFormatter Property Tests Property 5: Display formatting should be consistent and reversible",
          "status": "passed",
          "title": "Property 5: Display formatting should be consistent and reversible",
          "failureMessages": [],
          "duration": 199
        },
        {
          "ancestorTitles": [
            "PairingDisplayFormatter Property Tests"
          ],
          "fullName": "PairingDisplayFormatter Property Tests Property 5.1: Pickup description generation should preserve all item information",
          "status": "passed",
          "title": "Property 5.1: Pickup description generation should preserve all item information",
          "failureMessages": [],
          "duration": 128
        },
        {
          "ancestorTitles": [
            "PairingDisplayFormatter Property Tests"
          ],
          "fullName": "PairingDisplayFormatter Property Tests Property 5.2: Pairing information extraction should be deterministic",
          "status": "passed",
          "title": "Property 5.2: Pairing information extraction should be deterministic",
          "failureMessages": [],
          "duration": 70
        },
        {
          "ancestorTitles": [
            "PairingDisplayFormatter Property Tests"
          ],
          "fullName": "PairingDisplayFormatter Property Tests Property 5.3: Modal formatting should provide complete display information",
          "status": "passed",
          "title": "Property 5.3: Modal formatting should provide complete display information",
          "failureMessages": [],
          "duration": 46
        },
        {
          "ancestorTitles": [
            "PairingDisplayFormatter Property Tests"
          ],
          "fullName": "PairingDisplayFormatter Property Tests Property 5.4: Confirmation formatting should correctly categorize items",
          "status": "passed",
          "title": "Property 5.4: Confirmation formatting should correctly categorize items",
          "failureMessages": [],
          "duration": 179
        },
        {
          "ancestorTitles": [
            "PairingDisplayFormatter Property Tests"
          ],
          "fullName": "PairingDisplayFormatter Property Tests Property 5.5: Pickup summary should provide accurate statistics",
          "status": "passed",
          "title": "Property 5.5: Pickup summary should provide accurate statistics",
          "failureMessages": [],
          "duration": 191
        },
        {
          "ancestorTitles": [
            "PairingDisplayFormatter Property Tests"
          ],
          "fullName": "PairingDisplayFormatter Property Tests Property 5.6: Pickup button text should reflect selection state",
          "status": "passed",
          "title": "Property 5.6: Pickup button text should reflect selection state",
          "failureMessages": [],
          "duration": 96
        },
        {
          "ancestorTitles": [
            "PairingDisplayFormatter Property Tests"
          ],
          "fullName": "PairingDisplayFormatter Property Tests Property 5.7: Item filtering should preserve all valid items",
          "status": "passed",
          "title": "Property 5.7: Item filtering should preserve all valid items",
          "failureMessages": [],
          "duration": 137
        }
      ],
      "failureMessage": null
    }
  ]
}