{
  "numTotalTests": 28,
  "numPassedTests": 28,
  "numFailedTests": 0,
  "numPendingTests": 0,
  "startTime": "2025-07-17T23:52:43.381Z",
  "endTime": "2025-07-17T23:52:51.476Z",
  "testResults": [
    {
      "testFilePath": "D:\\.work\\rental-software\\features\\manage-product\\services\\categoryService.test.ts",
      "testFileResults": [
        {
          "ancestorTitles": [
            "CategoryService"
          ],
          "fullName": "CategoryService should return list of categories",
          "status": "passed",
          "title": "should return list of categories",
          "failureMessages": [],
          "duration": 5
        },
        {
          "ancestorTitles": [
            "CategoryService"
          ],
          "fullName": "CategoryService should return category detail by id",
          "status": "passed",
          "title": "should return category detail by id",
          "failureMessages": [],
          "duration": 0
        },
        {
          "ancestorTitles": [
            "CategoryService"
          ],
          "fullName": "CategoryService should create category with valid data",
          "status": "passed",
          "title": "should create category with valid data",
          "failureMessages": [],
          "duration": 4
        },
        {
          "ancestorTitles": [
            "CategoryService"
          ],
          "fullName": "CategoryService should not create category with duplicate name",
          "status": "passed",
          "title": "should not create category with duplicate name",
          "failureMessages": [],
          "duration": 17
        },
        {
          "ancestorTitles": [
            "CategoryService"
          ],
          "fullName": "CategoryService should update category with valid data",
          "status": "passed",
          "title": "should update category with valid data",
          "failureMessages": [],
          "duration": 5
        },
        {
          "ancestorTitles": [
            "CategoryService"
          ],
          "fullName": "CategoryService should not update non-existent category",
          "status": "passed",
          "title": "should not update non-existent category",
          "failureMessages": [],
          "duration": 4
        },
        {
          "ancestorTitles": [
            "CategoryService"
          ],
          "fullName": "CategoryService should delete category if not in use",
          "status": "passed",
          "title": "should delete category if not in use",
          "failureMessages": [],
          "duration": 1
        },
        {
          "ancestorTitles": [
            "CategoryService"
          ],
          "fullName": "CategoryService should not delete category if in use",
          "status": "passed",
          "title": "should not delete category if in use",
          "failureMessages": [],
          "duration": 1
        },
        {
          "ancestorTitles": [
            "CategoryService"
          ],
          "fullName": "CategoryService should validate unique category name",
          "status": "passed",
          "title": "should validate unique category name",
          "failureMessages": [],
          "duration": 1
        },
        {
          "ancestorTitles": [
            "CategoryService"
          ],
          "fullName": "CategoryService should check if category is in use",
          "status": "passed",
          "title": "should check if category is in use",
          "failureMessages": [],
          "duration": 1
        },
        {
          "ancestorTitles": [
            "CategoryService"
          ],
          "fullName": "CategoryService should throw validation error for invalid data",
          "status": "passed",
          "title": "should throw validation error for invalid data",
          "failureMessages": [],
          "duration": 4
        }
      ],
      "failureMessage": null
    },
    {
      "testFilePath": "D:\\.work\\rental-software\\features\\manage-product\\services\\productService.test.ts",
      "testFileResults": [
        {
          "ancestorTitles": [
            "ProductService"
          ],
          "fullName": "ProductService should return paginated list of products with filters",
          "status": "passed",
          "title": "should return paginated list of products with filters",
          "failureMessages": [],
          "duration": 6
        },
        {
          "ancestorTitles": [
            "ProductService"
          ],
          "fullName": "ProductService should return product detail by id",
          "status": "passed",
          "title": "should return product detail by id",
          "failureMessages": [],
          "duration": 1
        },
        {
          "ancestorTitles": [
            "ProductService",
            "createProduct"
          ],
          "fullName": "ProductService createProduct should create product with valid data without image",
          "status": "passed",
          "title": "should create product with valid data without image",
          "failureMessages": [],
          "duration": 70
        },
        {
          "ancestorTitles": [
            "ProductService",
            "createProduct"
          ],
          "fullName": "ProductService createProduct should create product with image upload",
          "status": "passed",
          "title": "should create product with image upload",
          "failureMessages": [],
          "duration": 11
        },
        {
          "ancestorTitles": [
            "ProductService",
            "createProduct"
          ],
          "fullName": "ProductService createProduct should throw error when image upload fails",
          "status": "passed",
          "title": "should throw error when image upload fails",
          "failureMessages": [],
          "duration": 19
        },
        {
          "ancestorTitles": [
            "ProductService",
            "createProduct"
          ],
          "fullName": "ProductService createProduct should not create product with duplicate code",
          "status": "passed",
          "title": "should not create product with duplicate code",
          "failureMessages": [],
          "duration": 2
        },
        {
          "ancestorTitles": [
            "ProductService",
            "createProduct"
          ],
          "fullName": "ProductService createProduct should throw validation error for invalid data",
          "status": "passed",
          "title": "should throw validation error for invalid data",
          "failureMessages": [],
          "duration": 2
        },
        {
          "ancestorTitles": [
            "ProductService",
            "updateProduct"
          ],
          "fullName": "ProductService updateProduct should update product with valid data without image",
          "status": "passed",
          "title": "should update product with valid data without image",
          "failureMessages": [],
          "duration": 3
        },
        {
          "ancestorTitles": [
            "ProductService",
            "updateProduct"
          ],
          "fullName": "ProductService updateProduct should update product with new image and cleanup old image",
          "status": "passed",
          "title": "should update product with new image and cleanup old image",
          "failureMessages": [],
          "duration": 8
        },
        {
          "ancestorTitles": [
            "ProductService",
            "updateProduct"
          ],
          "fullName": "ProductService updateProduct should handle image upload failure during update",
          "status": "passed",
          "title": "should handle image upload failure during update",
          "failureMessages": [],
          "duration": 1
        },
        {
          "ancestorTitles": [
            "ProductService",
            "updateProduct"
          ],
          "fullName": "ProductService updateProduct should not update non-existent product",
          "status": "passed",
          "title": "should not update non-existent product",
          "failureMessages": [],
          "duration": 1
        },
        {
          "ancestorTitles": [
            "ProductService",
            "deleteProduct"
          ],
          "fullName": "ProductService deleteProduct should soft delete product without image",
          "status": "passed",
          "title": "should soft delete product without image",
          "failureMessages": [],
          "duration": 3
        },
        {
          "ancestorTitles": [
            "ProductService",
            "deleteProduct"
          ],
          "fullName": "ProductService deleteProduct should soft delete product with image cleanup",
          "status": "passed",
          "title": "should soft delete product with image cleanup",
          "failureMessages": [],
          "duration": 2
        },
        {
          "ancestorTitles": [
            "ProductService",
            "deleteProduct"
          ],
          "fullName": "ProductService deleteProduct should handle image cleanup failure gracefully",
          "status": "passed",
          "title": "should handle image cleanup failure gracefully",
          "failureMessages": [],
          "duration": 1
        },
        {
          "ancestorTitles": [
            "ProductService"
          ],
          "fullName": "ProductService should validate unique product code",
          "status": "passed",
          "title": "should validate unique product code",
          "failureMessages": [],
          "duration": 0
        },
        {
          "ancestorTitles": [
            "ProductService"
          ],
          "fullName": "ProductService should update product status",
          "status": "passed",
          "title": "should update product status",
          "failureMessages": [],
          "duration": 0
        },
        {
          "ancestorTitles": [
            "ProductService"
          ],
          "fullName": "ProductService should update total pendapatan",
          "status": "passed",
          "title": "should update total pendapatan",
          "failureMessages": [],
          "duration": 0
        }
      ],
      "failureMessage": null
    }
  ]
}