{
  "numTotalTests": 18,
  "numPassedTests": 18,
  "numFailedTests": 0,
  "numPendingTests": 0,
  "startTime": "2026-01-08T08:10:13.986Z",
  "endTime": "2026-01-08T08:10:16.184Z",
  "testResults": [
    {
      "testFilePath": "D:\\.work\\rental-software\\features\\manage-product\\services\\__tests__\\productCostService.test.ts",
      "testFileResults": [
        {
          "ancestorTitles": [
            "ProductCostService",
            "addProductCost"
          ],
          "fullName": "ProductCostService addProductCost should add cost item to product successfully",
          "status": "passed",
          "title": "should add cost item to product successfully",
          "failureMessages": [],
          "duration": 14
        },
        {
          "ancestorTitles": [
            "ProductCostService",
            "addProductCost"
          ],
          "fullName": "ProductCostService addProductCost should throw NotFoundError when product does not exist",
          "status": "passed",
          "title": "should throw NotFoundError when product does not exist",
          "failureMessages": [],
          "duration": 28
        },
        {
          "ancestorTitles": [
            "ProductCostService",
            "addProductCost"
          ],
          "fullName": "ProductCostService addProductCost should throw NotFoundError when cost item does not exist",
          "status": "passed",
          "title": "should throw NotFoundError when cost item does not exist",
          "failureMessages": [],
          "duration": 3
        },
        {
          "ancestorTitles": [
            "ProductCostService",
            "addProductCost"
          ],
          "fullName": "ProductCostService addProductCost should throw ConflictError when cost item already assigned to product",
          "status": "passed",
          "title": "should throw ConflictError when cost item already assigned to product",
          "failureMessages": [],
          "duration": 3
        },
        {
          "ancestorTitles": [
            "ProductCostService",
            "updateProductCost"
          ],
          "fullName": "ProductCostService updateProductCost should update product cost successfully",
          "status": "passed",
          "title": "should update product cost successfully",
          "failureMessages": [],
          "duration": 4
        },
        {
          "ancestorTitles": [
            "ProductCostService",
            "updateProductCost"
          ],
          "fullName": "ProductCostService updateProductCost should throw NotFoundError when product cost does not exist",
          "status": "passed",
          "title": "should throw NotFoundError when product cost does not exist",
          "failureMessages": [],
          "duration": 2
        },
        {
          "ancestorTitles": [
            "ProductCostService",
            "removeProductCost"
          ],
          "fullName": "ProductCostService removeProductCost should remove product cost successfully",
          "status": "passed",
          "title": "should remove product cost successfully",
          "failureMessages": [],
          "duration": 2
        },
        {
          "ancestorTitles": [
            "ProductCostService",
            "removeProductCost"
          ],
          "fullName": "ProductCostService removeProductCost should throw NotFoundError when product cost does not exist",
          "status": "passed",
          "title": "should throw NotFoundError when product cost does not exist",
          "failureMessages": [],
          "duration": 2
        },
        {
          "ancestorTitles": [
            "ProductCostService",
            "getProductCosts"
          ],
          "fullName": "ProductCostService getProductCosts should return all product costs for a product",
          "status": "passed",
          "title": "should return all product costs for a product",
          "failureMessages": [],
          "duration": 13
        },
        {
          "ancestorTitles": [
            "ProductCostService",
            "getProductCosts"
          ],
          "fullName": "ProductCostService getProductCosts should throw NotFoundError when product does not exist",
          "status": "passed",
          "title": "should throw NotFoundError when product does not exist",
          "failureMessages": [],
          "duration": 5
        },
        {
          "ancestorTitles": [
            "ProductCostService",
            "calculateModalAwal"
          ],
          "fullName": "ProductCostService calculateModalAwal should calculate modal awal as sum of all product costs",
          "status": "passed",
          "title": "should calculate modal awal as sum of all product costs",
          "failureMessages": [],
          "duration": 2
        },
        {
          "ancestorTitles": [
            "ProductCostService",
            "calculateModalAwal"
          ],
          "fullName": "ProductCostService calculateModalAwal should return 0 when product has no costs",
          "status": "passed",
          "title": "should return 0 when product has no costs",
          "failureMessages": [],
          "duration": 6
        },
        {
          "ancestorTitles": [
            "ProductCostService",
            "calculateModalAwal"
          ],
          "fullName": "ProductCostService calculateModalAwal should handle multiple cost items correctly",
          "status": "passed",
          "title": "should handle multiple cost items correctly",
          "failureMessages": [],
          "duration": 1
        },
        {
          "ancestorTitles": [
            "ProductCostService",
            "recalculateModalAwal"
          ],
          "fullName": "ProductCostService recalculateModalAwal should recalculate and update product modal awal",
          "status": "passed",
          "title": "should recalculate and update product modal awal",
          "failureMessages": [],
          "duration": 1
        },
        {
          "ancestorTitles": [
            "ProductCostService",
            "getProductWithCosts"
          ],
          "fullName": "ProductCostService getProductWithCosts should return product with costs and total production cost",
          "status": "passed",
          "title": "should return product with costs and total production cost",
          "failureMessages": [],
          "duration": 2
        },
        {
          "ancestorTitles": [
            "ProductCostService",
            "getProductWithCosts"
          ],
          "fullName": "ProductCostService getProductWithCosts should throw NotFoundError when product does not exist",
          "status": "passed",
          "title": "should throw NotFoundError when product does not exist",
          "failureMessages": [],
          "duration": 1
        },
        {
          "ancestorTitles": [
            "ProductCostService",
            "Modal Awal Calculation Properties"
          ],
          "fullName": "ProductCostService Modal Awal Calculation Properties should maintain consistency: modal awal equals sum of all cost amounts",
          "status": "passed",
          "title": "should maintain consistency: modal awal equals sum of all cost amounts",
          "failureMessages": [],
          "duration": 5
        },
        {
          "ancestorTitles": [
            "ProductCostService",
            "Modal Awal Calculation Properties"
          ],
          "fullName": "ProductCostService Modal Awal Calculation Properties should automatically recalculate modal awal when costs change",
          "status": "passed",
          "title": "should automatically recalculate modal awal when costs change",
          "failureMessages": [],
          "duration": 3
        }
      ],
      "failureMessage": null
    }
  ]
}