{
  "numTotalTests": 14,
  "numPassedTests": 14,
  "numFailedTests": 0,
  "numPendingTests": 0,
  "startTime": "2025-08-01T06:41:26.335Z",
  "endTime": "2025-08-01T06:41:27.942Z",
  "testResults": [
    {
      "testFilePath": "D:\\.work\\rental-software\\features\\kasir\\services\\transaksiService.test.ts",
      "testFileResults": [
        {
          "ancestorTitles": [
            "TransaksiService",
            "createTransaksi"
          ],
          "fullName": "TransaksiService createTransaksi should create transaksi successfully with auto-generated code",
          "status": "passed",
          "title": "should create transaksi successfully with auto-generated code",
          "failureMessages": [],
          "duration": 5
        },
        {
          "ancestorTitles": [
            "TransaksiService",
            "createTransaksi"
          ],
          "fullName": "TransaksiService createTransaksi should throw error if penyewa not found",
          "status": "passed",
          "title": "should throw error if penyewa not found",
          "failureMessages": [],
          "duration": 16
        },
        {
          "ancestorTitles": [
            "TransaksiService",
            "createTransaksi"
          ],
          "fullName": "TransaksiService createTransaksi should throw error if product not available",
          "status": "passed",
          "title": "should throw error if product not available",
          "failureMessages": [],
          "duration": 0
        },
        {
          "ancestorTitles": [
            "TransaksiService",
            "createTransaksi"
          ],
          "fullName": "TransaksiService createTransaksi should throw error if insufficient product quantity",
          "status": "passed",
          "title": "should throw error if insufficient product quantity",
          "failureMessages": [],
          "duration": 0
        },
        {
          "ancestorTitles": [
            "TransaksiService",
            "getTransaksiById"
          ],
          "fullName": "TransaksiService getTransaksiById should return transaksi by ID",
          "status": "passed",
          "title": "should return transaksi by ID",
          "failureMessages": [],
          "duration": 2
        },
        {
          "ancestorTitles": [
            "TransaksiService",
            "getTransaksiById"
          ],
          "fullName": "TransaksiService getTransaksiById should throw error if transaksi not found",
          "status": "passed",
          "title": "should throw error if transaksi not found",
          "failureMessages": [],
          "duration": 1
        },
        {
          "ancestorTitles": [
            "TransaksiService",
            "getTransaksiByCode"
          ],
          "fullName": "TransaksiService getTransaksiByCode should return transaksi by code",
          "status": "passed",
          "title": "should return transaksi by code",
          "failureMessages": [],
          "duration": 1
        },
        {
          "ancestorTitles": [
            "TransaksiService",
            "getTransaksiList"
          ],
          "fullName": "TransaksiService getTransaksiList should return paginated transaksi list",
          "status": "passed",
          "title": "should return paginated transaksi list",
          "failureMessages": [],
          "duration": 1
        },
        {
          "ancestorTitles": [
            "TransaksiService",
            "getTransaksiList"
          ],
          "fullName": "TransaksiService getTransaksiList should filter by status",
          "status": "passed",
          "title": "should filter by status",
          "failureMessages": [],
          "duration": 0
        },
        {
          "ancestorTitles": [
            "TransaksiService",
            "getTransaksiList"
          ],
          "fullName": "TransaksiService getTransaksiList should search by code or penyewa name",
          "status": "passed",
          "title": "should search by code or penyewa name",
          "failureMessages": [],
          "duration": 1
        },
        {
          "ancestorTitles": [
            "TransaksiService",
            "updateTransaksiStatus"
          ],
          "fullName": "TransaksiService updateTransaksiStatus should update transaksi status successfully",
          "status": "passed",
          "title": "should update transaksi status successfully",
          "failureMessages": [],
          "duration": 1
        },
        {
          "ancestorTitles": [
            "TransaksiService",
            "updateTransaksiStatus"
          ],
          "fullName": "TransaksiService updateTransaksiStatus should throw error if transaksi not found",
          "status": "passed",
          "title": "should throw error if transaksi not found",
          "failureMessages": [],
          "duration": 0
        },
        {
          "ancestorTitles": [
            "TransaksiService",
            "updateTransaksiStatus"
          ],
          "fullName": "TransaksiService updateTransaksiStatus should validate status transitions",
          "status": "passed",
          "title": "should validate status transitions",
          "failureMessages": [],
          "duration": 1
        },
        {
          "ancestorTitles": [
            "TransaksiService",
            "getTransaksiStats"
          ],
          "fullName": "TransaksiService getTransaksiStats should return transaction statistics",
          "status": "passed",
          "title": "should return transaction statistics",
          "failureMessages": [],
          "duration": 0
        }
      ],
      "failureMessage": null
    }
  ]
}