{
  "numTotalTests": 17,
  "numPassedTests": 17,
  "numFailedTests": 0,
  "numPendingTests": 0,
  "startTime": "2025-12-27T03:10:51.502Z",
  "endTime": "2025-12-27T03:10:53.843Z",
  "testResults": [
    {
      "testFilePath": "D:\\.work\\rental-software\\features\\kasir\\lib\\utils\\__tests__\\priceCalculator.pairing.test.ts",
      "testFileResults": [
        {
          "ancestorTitles": [
            "PriceCalculator Pairing Logic",
            "calculatePairingPrice"
          ],
          "fullName": "PriceCalculator Pairing Logic calculatePairingPrice should calculate jas price only for 4-day duration",
          "status": "passed",
          "title": "should calculate jas price only for 4-day duration",
          "failureMessages": [],
          "duration": 4
        },
        {
          "ancestorTitles": [
            "PriceCalculator Pairing Logic",
            "calculatePairingPrice"
          ],
          "fullName": "PriceCalculator Pairing Logic calculatePairingPrice should calculate jas price only for 7-day duration with multiplier",
          "status": "passed",
          "title": "should calculate jas price only for 7-day duration with multiplier",
          "failureMessages": [],
          "duration": 1
        },
        {
          "ancestorTitles": [
            "PriceCalculator Pairing Logic",
            "calculatePairingPrice"
          ],
          "fullName": "PriceCalculator Pairing Logic calculatePairingPrice should work without linked sarung",
          "status": "passed",
          "title": "should work without linked sarung",
          "failureMessages": [],
          "duration": 0
        },
        {
          "ancestorTitles": [
            "PriceCalculator Pairing Logic",
            "validatePairingData"
          ],
          "fullName": "PriceCalculator Pairing Logic validatePairingData should validate valid pairing data",
          "status": "passed",
          "title": "should validate valid pairing data",
          "failureMessages": [],
          "duration": 1
        },
        {
          "ancestorTitles": [
            "PriceCalculator Pairing Logic",
            "validatePairingData"
          ],
          "fullName": "PriceCalculator Pairing Logic validatePairingData should reject sarung paired with non-jas product",
          "status": "passed",
          "title": "should reject sarung paired with non-jas product",
          "failureMessages": [],
          "duration": 0
        },
        {
          "ancestorTitles": [
            "PriceCalculator Pairing Logic",
            "validatePairingData"
          ],
          "fullName": "PriceCalculator Pairing Logic validatePairingData should reject sarung quantity exceeding jas quantity",
          "status": "passed",
          "title": "should reject sarung quantity exceeding jas quantity",
          "failureMessages": [],
          "duration": 1
        },
        {
          "ancestorTitles": [
            "PriceCalculator Pairing Logic",
            "validatePairingData"
          ],
          "fullName": "PriceCalculator Pairing Logic validatePairingData should reject zero sarung quantity",
          "status": "passed",
          "title": "should reject zero sarung quantity",
          "failureMessages": [],
          "duration": 0
        },
        {
          "ancestorTitles": [
            "PriceCalculator Pairing Logic",
            "validatePairingData"
          ],
          "fullName": "PriceCalculator Pairing Logic validatePairingData should accept item without linked sarung",
          "status": "passed",
          "title": "should accept item without linked sarung",
          "failureMessages": [],
          "duration": 1
        },
        {
          "ancestorTitles": [
            "PriceCalculator Pairing Logic",
            "calculateSubtotalExcludingSarung"
          ],
          "fullName": "PriceCalculator Pairing Logic calculateSubtotalExcludingSarung should exclude sarung prices from subtotal",
          "status": "passed",
          "title": "should exclude sarung prices from subtotal",
          "failureMessages": [],
          "duration": 1
        },
        {
          "ancestorTitles": [
            "PriceCalculator Pairing Logic",
            "calculateSubtotalExcludingSarung"
          ],
          "fullName": "PriceCalculator Pairing Logic calculateSubtotalExcludingSarung should apply duration multiplier correctly",
          "status": "passed",
          "title": "should apply duration multiplier correctly",
          "failureMessages": [],
          "duration": 1
        },
        {
          "ancestorTitles": [
            "PriceCalculator Pairing Logic",
            "getPairingSummary"
          ],
          "fullName": "PriceCalculator Pairing Logic getPairingSummary should correctly categorize items and count pairings",
          "status": "passed",
          "title": "should correctly categorize items and count pairings",
          "failureMessages": [],
          "duration": 1
        },
        {
          "ancestorTitles": [
            "PriceCalculator Pairing Logic",
            "getPairingSummary"
          ],
          "fullName": "PriceCalculator Pairing Logic getPairingSummary should handle jas without sarung pairing",
          "status": "passed",
          "title": "should handle jas without sarung pairing",
          "failureMessages": [],
          "duration": 4
        },
        {
          "ancestorTitles": [
            "PriceCalculator Pairing Logic",
            "validateAllPairings"
          ],
          "fullName": "PriceCalculator Pairing Logic validateAllPairings should validate multiple items successfully",
          "status": "passed",
          "title": "should validate multiple items successfully",
          "failureMessages": [],
          "duration": 1
        },
        {
          "ancestorTitles": [
            "PriceCalculator Pairing Logic",
            "validateAllPairings"
          ],
          "fullName": "PriceCalculator Pairing Logic validateAllPairings should collect multiple validation errors",
          "status": "passed",
          "title": "should collect multiple validation errors",
          "failureMessages": [],
          "duration": 1
        },
        {
          "ancestorTitles": [
            "PriceCalculator Pairing Logic",
            "validateAllPairings"
          ],
          "fullName": "PriceCalculator Pairing Logic validateAllPairings should generate warnings for jas without sarung",
          "status": "passed",
          "title": "should generate warnings for jas without sarung",
          "failureMessages": [],
          "duration": 1
        },
        {
          "ancestorTitles": [
            "PriceCalculator Pairing Logic",
            "calculatePairingBreakdown"
          ],
          "fullName": "PriceCalculator Pairing Logic calculatePairingBreakdown should provide detailed breakdown for pairing",
          "status": "passed",
          "title": "should provide detailed breakdown for pairing",
          "failureMessages": [],
          "duration": 2
        },
        {
          "ancestorTitles": [
            "PriceCalculator Pairing Logic",
            "calculatePairingBreakdown"
          ],
          "fullName": "PriceCalculator Pairing Logic calculatePairingBreakdown should handle mixed items correctly",
          "status": "passed",
          "title": "should handle mixed items correctly",
          "failureMessages": [],
          "duration": 1
        }
      ],
      "failureMessage": null
    }
  ]
}