{
  "numTotalTests": 23,
  "numPassedTests": 23,
  "numFailedTests": 0,
  "numPendingTests": 0,
  "startTime": "2025-09-02T02:27:19.142Z",
  "endTime": "2025-09-02T02:27:21.071Z",
  "testResults": [
    {
      "testFilePath": "D:\\.work\\rental-software\\features\\manage-product\\services\\categoryService.test.ts",
      "testFileResults": [
        {
          "ancestorTitles": [
            "CategoryService",
            "createCategory"
          ],
          "fullName": "CategoryService createCategory should create category successfully - happy path",
          "status": "passed",
          "title": "should create category successfully - happy path",
          "failureMessages": [],
          "duration": 4
        },
        {
          "ancestorTitles": [
            "CategoryService",
            "createCategory"
          ],
          "fullName": "CategoryService createCategory should throw error when category name already exists",
          "status": "passed",
          "title": "should throw error when category name already exists",
          "failureMessages": [],
          "duration": 14
        },
        {
          "ancestorTitles": [
            "CategoryService",
            "createCategory"
          ],
          "fullName": "CategoryService createCategory should handle case-insensitive name checking",
          "status": "passed",
          "title": "should handle case-insensitive name checking",
          "failureMessages": [],
          "duration": 1
        },
        {
          "ancestorTitles": [
            "CategoryService",
            "createCategory"
          ],
          "fullName": "CategoryService createCategory should handle validation error gracefully",
          "status": "passed",
          "title": "should handle validation error gracefully",
          "failureMessages": [],
          "duration": 3
        },
        {
          "ancestorTitles": [
            "CategoryService",
            "createCategory"
          ],
          "fullName": "CategoryService createCategory should handle database error during creation",
          "status": "passed",
          "title": "should handle database error during creation",
          "failureMessages": [],
          "duration": 0
        },
        {
          "ancestorTitles": [
            "CategoryService",
            "updateCategory"
          ],
          "fullName": "CategoryService updateCategory should update category successfully - happy path",
          "status": "passed",
          "title": "should update category successfully - happy path",
          "failureMessages": [],
          "duration": 2
        },
        {
          "ancestorTitles": [
            "CategoryService",
            "updateCategory"
          ],
          "fullName": "CategoryService updateCategory should throw error when category not found",
          "status": "passed",
          "title": "should throw error when category not found",
          "failureMessages": [],
          "duration": 0
        },
        {
          "ancestorTitles": [
            "CategoryService",
            "updateCategory"
          ],
          "fullName": "CategoryService updateCategory should throw error when updated name conflicts with existing category",
          "status": "passed",
          "title": "should throw error when updated name conflicts with existing category",
          "failureMessages": [],
          "duration": 0
        },
        {
          "ancestorTitles": [
            "CategoryService",
            "updateCategory"
          ],
          "fullName": "CategoryService updateCategory should handle partial update (only color)",
          "status": "passed",
          "title": "should handle partial update (only color)",
          "failureMessages": [],
          "duration": 1
        },
        {
          "ancestorTitles": [
            "CategoryService",
            "updateCategory"
          ],
          "fullName": "CategoryService updateCategory should handle empty update request gracefully",
          "status": "passed",
          "title": "should handle empty update request gracefully",
          "failureMessages": [],
          "duration": 1
        },
        {
          "ancestorTitles": [
            "CategoryService",
            "getCategories"
          ],
          "fullName": "CategoryService getCategories should get all categories without products - happy path",
          "status": "passed",
          "title": "should get all categories without products - happy path",
          "failureMessages": [],
          "duration": 1
        },
        {
          "ancestorTitles": [
            "CategoryService",
            "getCategories"
          ],
          "fullName": "CategoryService getCategories should get categories with products when requested",
          "status": "passed",
          "title": "should get categories with products when requested",
          "failureMessages": [],
          "duration": 1
        },
        {
          "ancestorTitles": [
            "CategoryService",
            "getCategories"
          ],
          "fullName": "CategoryService getCategories should filter categories by search term",
          "status": "passed",
          "title": "should filter categories by search term",
          "failureMessages": [],
          "duration": 0
        },
        {
          "ancestorTitles": [
            "CategoryService",
            "getCategories"
          ],
          "fullName": "CategoryService getCategories should handle empty results",
          "status": "passed",
          "title": "should handle empty results",
          "failureMessages": [],
          "duration": 0
        },
        {
          "ancestorTitles": [
            "CategoryService",
            "getCategories"
          ],
          "fullName": "CategoryService getCategories should handle query without parameters",
          "status": "passed",
          "title": "should handle query without parameters",
          "failureMessages": [],
          "duration": 1
        },
        {
          "ancestorTitles": [
            "CategoryService",
            "getCategoryById"
          ],
          "fullName": "CategoryService getCategoryById should get category by ID successfully - happy path",
          "status": "passed",
          "title": "should get category by ID successfully - happy path",
          "failureMessages": [],
          "duration": 0
        },
        {
          "ancestorTitles": [
            "CategoryService",
            "getCategoryById"
          ],
          "fullName": "CategoryService getCategoryById should throw error when category not found",
          "status": "passed",
          "title": "should throw error when category not found",
          "failureMessages": [],
          "duration": 1
        },
        {
          "ancestorTitles": [
            "CategoryService",
            "getCategoryById"
          ],
          "fullName": "CategoryService getCategoryById should handle invalid ID format",
          "status": "passed",
          "title": "should handle invalid ID format",
          "failureMessages": [],
          "duration": 0
        },
        {
          "ancestorTitles": [
            "CategoryService",
            "deleteCategory"
          ],
          "fullName": "CategoryService deleteCategory should delete category successfully when no products exist - happy path",
          "status": "passed",
          "title": "should delete category successfully when no products exist - happy path",
          "failureMessages": [],
          "duration": 4
        },
        {
          "ancestorTitles": [
            "CategoryService",
            "deleteCategory"
          ],
          "fullName": "CategoryService deleteCategory should throw error when category not found",
          "status": "passed",
          "title": "should throw error when category not found",
          "failureMessages": [],
          "duration": 0
        },
        {
          "ancestorTitles": [
            "CategoryService",
            "deleteCategory"
          ],
          "fullName": "CategoryService deleteCategory should throw error when category has active products",
          "status": "passed",
          "title": "should throw error when category has active products",
          "failureMessages": [],
          "duration": 1
        },
        {
          "ancestorTitles": [
            "CategoryService",
            "deleteCategory"
          ],
          "fullName": "CategoryService deleteCategory should allow deletion when category has only inactive products",
          "status": "passed",
          "title": "should allow deletion when category has only inactive products",
          "failureMessages": [],
          "duration": 0
        },
        {
          "ancestorTitles": [
            "CategoryService",
            "deleteCategory"
          ],
          "fullName": "CategoryService deleteCategory should handle database error during deletion",
          "status": "passed",
          "title": "should handle database error during deletion",
          "failureMessages": [],
          "duration": 1
        }
      ],
      "failureMessage": null
    }
  ]
}