{
  "numTotalTests": 6,
  "numPassedTests": 0,
  "numFailedTests": 6,
  "numPendingTests": 0,
  "startTime": "2025-12-22T14:55:51.962Z",
  "endTime": "2025-12-22T14:55:55.009Z",
  "testResults": [
    {
      "testFilePath": "D:\\.work\\rental-software\\features\\kasir\\components\\ui\\__tests__\\KasirFilterBar.test.tsx",
      "testFileResults": [
        {
          "ancestorTitles": [
            "KasirFilterBar - Debounced Search"
          ],
          "fullName": "KasirFilterBar - Debounced Search should debounce search input and trigger after 800ms",
          "status": "failed",
          "title": "should debounce search input and trigger after 800ms",
          "failureMessages": [
            "Error: Element type is invalid: expected a string (for built-in components) or a class/function (for composite components) but got: undefined. You likely forgot to export your component from the file it's defined in, or you might have mixed up default and named imports.\n\nCheck the render method of `KasirFilterBar`.\n    at createFiberFromTypeAndProps (D:\\.work\\rental-software\\node_modules\\react-dom\\cjs\\react-dom-client.development.js:4259:28)\n    at createFiberFromElement (D:\\.work\\rental-software\\node_modules\\react-dom\\cjs\\react-dom-client.development.js:4273:14)\n    at createChild (D:\\.work\\rental-software\\node_modules\\react-dom\\cjs\\react-dom-client.development.js:7297:26)\n    at reconcileChildrenArray (D:\\.work\\rental-software\\node_modules\\react-dom\\cjs\\react-dom-client.development.js:7629:25)\n    at reconcileChildFibersImpl (D:\\.work\\rental-software\\node_modules\\react-dom\\cjs\\react-dom-client.development.js:7952:30)\n    at D:\\.work\\rental-software\\node_modules\\react-dom\\cjs\\react-dom-client.development.js:8057:33\n    at reconcileChildren (D:\\.work\\rental-software\\node_modules\\react-dom\\cjs\\react-dom-client.development.js:8621:13)\n    at beginWork (D:\\.work\\rental-software\\node_modules\\react-dom\\cjs\\react-dom-client.development.js:10793:13)\n    at runWithFiberInDEV (D:\\.work\\rental-software\\node_modules\\react-dom\\cjs\\react-dom-client.development.js:1522:13)\n    at performUnitOfWork (D:\\.work\\rental-software\\node_modules\\react-dom\\cjs\\react-dom-client.development.js:15140:22)\n    at workLoopSync (D:\\.work\\rental-software\\node_modules\\react-dom\\cjs\\react-dom-client.development.js:14956:41)\n    at renderRootSync (D:\\.work\\rental-software\\node_modules\\react-dom\\cjs\\react-dom-client.development.js:14936:11)\n    at performWorkOnRoot (D:\\.work\\rental-software\\node_modules\\react-dom\\cjs\\react-dom-client.development.js:14462:44)\n    at performWorkOnRootViaSchedulerTask (D:\\.work\\rental-software\\node_modules\\react-dom\\cjs\\react-dom-client.development.js:16216:7)\n    at flushActQueue (D:\\.work\\rental-software\\node_modules\\react\\cjs\\react.development.js:566:34)\n    at process.env.NODE_ENV.exports.act (D:\\.work\\rental-software\\node_modules\\react\\cjs\\react.development.js:860:10)\n    at D:\\.work\\rental-software\\node_modules\\@testing-library\\react\\dist\\act-compat.js:47:25\n    at renderRoot (D:\\.work\\rental-software\\node_modules\\@testing-library\\react\\dist\\pure.js:190:26)\n    at render (D:\\.work\\rental-software\\node_modules\\@testing-library\\react\\dist\\pure.js:292:10)\n    at Object.<anonymous> (D:\\.work\\rental-software\\features\\kasir\\components\\ui\\__tests__\\KasirFilterBar.test.tsx:47:11)\n    at Promise.finally.completed (D:\\.work\\rental-software\\node_modules\\jest-circus\\build\\jestAdapterInit.js:1556:28)\n    at new Promise (<anonymous>)\n    at callAsyncCircusFn (D:\\.work\\rental-software\\node_modules\\jest-circus\\build\\jestAdapterInit.js:1496:10)\n    at _callCircusTest (D:\\.work\\rental-software\\node_modules\\jest-circus\\build\\jestAdapterInit.js:1006:40)\n    at processTicksAndRejections (node:internal/process/task_queues:105:5)\n    at _runTest (D:\\.work\\rental-software\\node_modules\\jest-circus\\build\\jestAdapterInit.js:946:3)\n    at _runTestsForDescribeBlock (D:\\.work\\rental-software\\node_modules\\jest-circus\\build\\jestAdapterInit.js:839:13)\n    at _runTestsForDescribeBlock (D:\\.work\\rental-software\\node_modules\\jest-circus\\build\\jestAdapterInit.js:829:11)\n    at run (D:\\.work\\rental-software\\node_modules\\jest-circus\\build\\jestAdapterInit.js:757:3)\n    at runAndTransformResultsToJestFormat (D:\\.work\\rental-software\\node_modules\\jest-circus\\build\\jestAdapterInit.js:1917:21)\n    at jestAdapter (D:\\.work\\rental-software\\node_modules\\jest-circus\\build\\runner.js:101:19)\n    at runTestInternal (D:\\.work\\rental-software\\node_modules\\jest-runner\\build\\index.js:275:16)\n    at runTest (D:\\.work\\rental-software\\node_modules\\jest-runner\\build\\index.js:343:7)"
          ],
          "duration": 66
        },
        {
          "ancestorTitles": [
            "KasirFilterBar - Debounced Search"
          ],
          "fullName": "KasirFilterBar - Debounced Search should trigger search immediately on Enter key press",
          "status": "failed",
          "title": "should trigger search immediately on Enter key press",
          "failureMessages": [
            "Error: Element type is invalid: expected a string (for built-in components) or a class/function (for composite components) but got: undefined. You likely forgot to export your component from the file it's defined in, or you might have mixed up default and named imports.\n\nCheck the render method of `KasirFilterBar`.\n    at createFiberFromTypeAndProps (D:\\.work\\rental-software\\node_modules\\react-dom\\cjs\\react-dom-client.development.js:4259:28)\n    at createFiberFromElement (D:\\.work\\rental-software\\node_modules\\react-dom\\cjs\\react-dom-client.development.js:4273:14)\n    at createChild (D:\\.work\\rental-software\\node_modules\\react-dom\\cjs\\react-dom-client.development.js:7297:26)\n    at reconcileChildrenArray (D:\\.work\\rental-software\\node_modules\\react-dom\\cjs\\react-dom-client.development.js:7629:25)\n    at reconcileChildFibersImpl (D:\\.work\\rental-software\\node_modules\\react-dom\\cjs\\react-dom-client.development.js:7952:30)\n    at D:\\.work\\rental-software\\node_modules\\react-dom\\cjs\\react-dom-client.development.js:8057:33\n    at reconcileChildren (D:\\.work\\rental-software\\node_modules\\react-dom\\cjs\\react-dom-client.development.js:8621:13)\n    at beginWork (D:\\.work\\rental-software\\node_modules\\react-dom\\cjs\\react-dom-client.development.js:10793:13)\n    at runWithFiberInDEV (D:\\.work\\rental-software\\node_modules\\react-dom\\cjs\\react-dom-client.development.js:1522:13)\n    at performUnitOfWork (D:\\.work\\rental-software\\node_modules\\react-dom\\cjs\\react-dom-client.development.js:15140:22)\n    at workLoopSync (D:\\.work\\rental-software\\node_modules\\react-dom\\cjs\\react-dom-client.development.js:14956:41)\n    at renderRootSync (D:\\.work\\rental-software\\node_modules\\react-dom\\cjs\\react-dom-client.development.js:14936:11)\n    at performWorkOnRoot (D:\\.work\\rental-software\\node_modules\\react-dom\\cjs\\react-dom-client.development.js:14462:44)\n    at performWorkOnRootViaSchedulerTask (D:\\.work\\rental-software\\node_modules\\react-dom\\cjs\\react-dom-client.development.js:16216:7)\n    at flushActQueue (D:\\.work\\rental-software\\node_modules\\react\\cjs\\react.development.js:566:34)\n    at process.env.NODE_ENV.exports.act (D:\\.work\\rental-software\\node_modules\\react\\cjs\\react.development.js:860:10)\n    at D:\\.work\\rental-software\\node_modules\\@testing-library\\react\\dist\\act-compat.js:47:25\n    at renderRoot (D:\\.work\\rental-software\\node_modules\\@testing-library\\react\\dist\\pure.js:190:26)\n    at render (D:\\.work\\rental-software\\node_modules\\@testing-library\\react\\dist\\pure.js:292:10)\n    at Object.<anonymous> (D:\\.work\\rental-software\\features\\kasir\\components\\ui\\__tests__\\KasirFilterBar.test.tsx:77:11)\n    at Promise.finally.completed (D:\\.work\\rental-software\\node_modules\\jest-circus\\build\\jestAdapterInit.js:1556:28)\n    at new Promise (<anonymous>)\n    at callAsyncCircusFn (D:\\.work\\rental-software\\node_modules\\jest-circus\\build\\jestAdapterInit.js:1496:10)\n    at _callCircusTest (D:\\.work\\rental-software\\node_modules\\jest-circus\\build\\jestAdapterInit.js:1006:40)\n    at processTicksAndRejections (node:internal/process/task_queues:105:5)\n    at _runTest (D:\\.work\\rental-software\\node_modules\\jest-circus\\build\\jestAdapterInit.js:946:3)\n    at _runTestsForDescribeBlock (D:\\.work\\rental-software\\node_modules\\jest-circus\\build\\jestAdapterInit.js:839:13)\n    at _runTestsForDescribeBlock (D:\\.work\\rental-software\\node_modules\\jest-circus\\build\\jestAdapterInit.js:829:11)\n    at run (D:\\.work\\rental-software\\node_modules\\jest-circus\\build\\jestAdapterInit.js:757:3)\n    at runAndTransformResultsToJestFormat (D:\\.work\\rental-software\\node_modules\\jest-circus\\build\\jestAdapterInit.js:1917:21)\n    at jestAdapter (D:\\.work\\rental-software\\node_modules\\jest-circus\\build\\runner.js:101:19)\n    at runTestInternal (D:\\.work\\rental-software\\node_modules\\jest-runner\\build\\index.js:275:16)\n    at runTest (D:\\.work\\rental-software\\node_modules\\jest-runner\\build\\index.js:343:7)"
          ],
          "duration": 7
        },
        {
          "ancestorTitles": [
            "KasirFilterBar - Debounced Search"
          ],
          "fullName": "KasirFilterBar - Debounced Search should show typing indicator when local value differs from filter value",
          "status": "failed",
          "title": "should show typing indicator when local value differs from filter value",
          "failureMessages": [
            "Error: Element type is invalid: expected a string (for built-in components) or a class/function (for composite components) but got: undefined. You likely forgot to export your component from the file it's defined in, or you might have mixed up default and named imports.\n\nCheck the render method of `KasirFilterBar`.\n    at createFiberFromTypeAndProps (D:\\.work\\rental-software\\node_modules\\react-dom\\cjs\\react-dom-client.development.js:4259:28)\n    at createFiberFromElement (D:\\.work\\rental-software\\node_modules\\react-dom\\cjs\\react-dom-client.development.js:4273:14)\n    at createChild (D:\\.work\\rental-software\\node_modules\\react-dom\\cjs\\react-dom-client.development.js:7297:26)\n    at reconcileChildrenArray (D:\\.work\\rental-software\\node_modules\\react-dom\\cjs\\react-dom-client.development.js:7629:25)\n    at reconcileChildFibersImpl (D:\\.work\\rental-software\\node_modules\\react-dom\\cjs\\react-dom-client.development.js:7952:30)\n    at D:\\.work\\rental-software\\node_modules\\react-dom\\cjs\\react-dom-client.development.js:8057:33\n    at reconcileChildren (D:\\.work\\rental-software\\node_modules\\react-dom\\cjs\\react-dom-client.development.js:8621:13)\n    at beginWork (D:\\.work\\rental-software\\node_modules\\react-dom\\cjs\\react-dom-client.development.js:10793:13)\n    at runWithFiberInDEV (D:\\.work\\rental-software\\node_modules\\react-dom\\cjs\\react-dom-client.development.js:1522:13)\n    at performUnitOfWork (D:\\.work\\rental-software\\node_modules\\react-dom\\cjs\\react-dom-client.development.js:15140:22)\n    at workLoopSync (D:\\.work\\rental-software\\node_modules\\react-dom\\cjs\\react-dom-client.development.js:14956:41)\n    at renderRootSync (D:\\.work\\rental-software\\node_modules\\react-dom\\cjs\\react-dom-client.development.js:14936:11)\n    at performWorkOnRoot (D:\\.work\\rental-software\\node_modules\\react-dom\\cjs\\react-dom-client.development.js:14462:44)\n    at performWorkOnRootViaSchedulerTask (D:\\.work\\rental-software\\node_modules\\react-dom\\cjs\\react-dom-client.development.js:16216:7)\n    at flushActQueue (D:\\.work\\rental-software\\node_modules\\react\\cjs\\react.development.js:566:34)\n    at process.env.NODE_ENV.exports.act (D:\\.work\\rental-software\\node_modules\\react\\cjs\\react.development.js:860:10)\n    at D:\\.work\\rental-software\\node_modules\\@testing-library\\react\\dist\\act-compat.js:47:25\n    at renderRoot (D:\\.work\\rental-software\\node_modules\\@testing-library\\react\\dist\\pure.js:190:26)\n    at render (D:\\.work\\rental-software\\node_modules\\@testing-library\\react\\dist\\pure.js:292:10)\n    at Object.<anonymous> (D:\\.work\\rental-software\\features\\kasir\\components\\ui\\__tests__\\KasirFilterBar.test.tsx:102:11)\n    at Promise.finally.completed (D:\\.work\\rental-software\\node_modules\\jest-circus\\build\\jestAdapterInit.js:1556:28)\n    at new Promise (<anonymous>)\n    at callAsyncCircusFn (D:\\.work\\rental-software\\node_modules\\jest-circus\\build\\jestAdapterInit.js:1496:10)\n    at _callCircusTest (D:\\.work\\rental-software\\node_modules\\jest-circus\\build\\jestAdapterInit.js:1006:40)\n    at processTicksAndRejections (node:internal/process/task_queues:105:5)\n    at _runTest (D:\\.work\\rental-software\\node_modules\\jest-circus\\build\\jestAdapterInit.js:946:3)\n    at _runTestsForDescribeBlock (D:\\.work\\rental-software\\node_modules\\jest-circus\\build\\jestAdapterInit.js:839:13)\n    at _runTestsForDescribeBlock (D:\\.work\\rental-software\\node_modules\\jest-circus\\build\\jestAdapterInit.js:829:11)\n    at run (D:\\.work\\rental-software\\node_modules\\jest-circus\\build\\jestAdapterInit.js:757:3)\n    at runAndTransformResultsToJestFormat (D:\\.work\\rental-software\\node_modules\\jest-circus\\build\\jestAdapterInit.js:1917:21)\n    at jestAdapter (D:\\.work\\rental-software\\node_modules\\jest-circus\\build\\runner.js:101:19)\n    at runTestInternal (D:\\.work\\rental-software\\node_modules\\jest-runner\\build\\index.js:275:16)\n    at runTest (D:\\.work\\rental-software\\node_modules\\jest-runner\\build\\index.js:343:7)"
          ],
          "duration": 5
        },
        {
          "ancestorTitles": [
            "KasirFilterBar - Debounced Search"
          ],
          "fullName": "KasirFilterBar - Debounced Search should reset local search value when filters are reset",
          "status": "failed",
          "title": "should reset local search value when filters are reset",
          "failureMessages": [
            "Error: Element type is invalid: expected a string (for built-in components) or a class/function (for composite components) but got: undefined. You likely forgot to export your component from the file it's defined in, or you might have mixed up default and named imports.\n\nCheck the render method of `KasirFilterBar`.\n    at createFiberFromTypeAndProps (D:\\.work\\rental-software\\node_modules\\react-dom\\cjs\\react-dom-client.development.js:4259:28)\n    at createFiberFromElement (D:\\.work\\rental-software\\node_modules\\react-dom\\cjs\\react-dom-client.development.js:4273:14)\n    at createChild (D:\\.work\\rental-software\\node_modules\\react-dom\\cjs\\react-dom-client.development.js:7297:26)\n    at reconcileChildrenArray (D:\\.work\\rental-software\\node_modules\\react-dom\\cjs\\react-dom-client.development.js:7629:25)\n    at reconcileChildFibersImpl (D:\\.work\\rental-software\\node_modules\\react-dom\\cjs\\react-dom-client.development.js:7952:30)\n    at D:\\.work\\rental-software\\node_modules\\react-dom\\cjs\\react-dom-client.development.js:8057:33\n    at reconcileChildren (D:\\.work\\rental-software\\node_modules\\react-dom\\cjs\\react-dom-client.development.js:8621:13)\n    at beginWork (D:\\.work\\rental-software\\node_modules\\react-dom\\cjs\\react-dom-client.development.js:10793:13)\n    at runWithFiberInDEV (D:\\.work\\rental-software\\node_modules\\react-dom\\cjs\\react-dom-client.development.js:1522:13)\n    at performUnitOfWork (D:\\.work\\rental-software\\node_modules\\react-dom\\cjs\\react-dom-client.development.js:15140:22)\n    at workLoopSync (D:\\.work\\rental-software\\node_modules\\react-dom\\cjs\\react-dom-client.development.js:14956:41)\n    at renderRootSync (D:\\.work\\rental-software\\node_modules\\react-dom\\cjs\\react-dom-client.development.js:14936:11)\n    at performWorkOnRoot (D:\\.work\\rental-software\\node_modules\\react-dom\\cjs\\react-dom-client.development.js:14462:44)\n    at performWorkOnRootViaSchedulerTask (D:\\.work\\rental-software\\node_modules\\react-dom\\cjs\\react-dom-client.development.js:16216:7)\n    at flushActQueue (D:\\.work\\rental-software\\node_modules\\react\\cjs\\react.development.js:566:34)\n    at process.env.NODE_ENV.exports.act (D:\\.work\\rental-software\\node_modules\\react\\cjs\\react.development.js:860:10)\n    at D:\\.work\\rental-software\\node_modules\\@testing-library\\react\\dist\\act-compat.js:47:25\n    at renderRoot (D:\\.work\\rental-software\\node_modules\\@testing-library\\react\\dist\\pure.js:190:26)\n    at render (D:\\.work\\rental-software\\node_modules\\@testing-library\\react\\dist\\pure.js:292:10)\n    at Object.<anonymous> (D:\\.work\\rental-software\\features\\kasir\\components\\ui\\__tests__\\KasirFilterBar.test.tsx:121:32)\n    at Promise.finally.completed (D:\\.work\\rental-software\\node_modules\\jest-circus\\build\\jestAdapterInit.js:1556:28)\n    at new Promise (<anonymous>)\n    at callAsyncCircusFn (D:\\.work\\rental-software\\node_modules\\jest-circus\\build\\jestAdapterInit.js:1496:10)\n    at _callCircusTest (D:\\.work\\rental-software\\node_modules\\jest-circus\\build\\jestAdapterInit.js:1006:40)\n    at processTicksAndRejections (node:internal/process/task_queues:105:5)\n    at _runTest (D:\\.work\\rental-software\\node_modules\\jest-circus\\build\\jestAdapterInit.js:946:3)\n    at _runTestsForDescribeBlock (D:\\.work\\rental-software\\node_modules\\jest-circus\\build\\jestAdapterInit.js:839:13)\n    at _runTestsForDescribeBlock (D:\\.work\\rental-software\\node_modules\\jest-circus\\build\\jestAdapterInit.js:829:11)\n    at run (D:\\.work\\rental-software\\node_modules\\jest-circus\\build\\jestAdapterInit.js:757:3)\n    at runAndTransformResultsToJestFormat (D:\\.work\\rental-software\\node_modules\\jest-circus\\build\\jestAdapterInit.js:1917:21)\n    at jestAdapter (D:\\.work\\rental-software\\node_modules\\jest-circus\\build\\runner.js:101:19)\n    at runTestInternal (D:\\.work\\rental-software\\node_modules\\jest-runner\\build\\index.js:275:16)\n    at runTest (D:\\.work\\rental-software\\node_modules\\jest-runner\\build\\index.js:343:7)"
          ],
          "duration": 5
        },
        {
          "ancestorTitles": [
            "KasirFilterBar - Debounced Search"
          ],
          "fullName": "KasirFilterBar - Debounced Search should support searching by product code (placeholder text verification)",
          "status": "failed",
          "title": "should support searching by product code (placeholder text verification)",
          "failureMessages": [
            "Error: Element type is invalid: expected a string (for built-in components) or a class/function (for composite components) but got: undefined. You likely forgot to export your component from the file it's defined in, or you might have mixed up default and named imports.\n\nCheck the render method of `KasirFilterBar`.\n    at createFiberFromTypeAndProps (D:\\.work\\rental-software\\node_modules\\react-dom\\cjs\\react-dom-client.development.js:4259:28)\n    at createFiberFromElement (D:\\.work\\rental-software\\node_modules\\react-dom\\cjs\\react-dom-client.development.js:4273:14)\n    at createChild (D:\\.work\\rental-software\\node_modules\\react-dom\\cjs\\react-dom-client.development.js:7297:26)\n    at reconcileChildrenArray (D:\\.work\\rental-software\\node_modules\\react-dom\\cjs\\react-dom-client.development.js:7629:25)\n    at reconcileChildFibersImpl (D:\\.work\\rental-software\\node_modules\\react-dom\\cjs\\react-dom-client.development.js:7952:30)\n    at D:\\.work\\rental-software\\node_modules\\react-dom\\cjs\\react-dom-client.development.js:8057:33\n    at reconcileChildren (D:\\.work\\rental-software\\node_modules\\react-dom\\cjs\\react-dom-client.development.js:8621:13)\n    at beginWork (D:\\.work\\rental-software\\node_modules\\react-dom\\cjs\\react-dom-client.development.js:10793:13)\n    at runWithFiberInDEV (D:\\.work\\rental-software\\node_modules\\react-dom\\cjs\\react-dom-client.development.js:1522:13)\n    at performUnitOfWork (D:\\.work\\rental-software\\node_modules\\react-dom\\cjs\\react-dom-client.development.js:15140:22)\n    at workLoopSync (D:\\.work\\rental-software\\node_modules\\react-dom\\cjs\\react-dom-client.development.js:14956:41)\n    at renderRootSync (D:\\.work\\rental-software\\node_modules\\react-dom\\cjs\\react-dom-client.development.js:14936:11)\n    at performWorkOnRoot (D:\\.work\\rental-software\\node_modules\\react-dom\\cjs\\react-dom-client.development.js:14462:44)\n    at performWorkOnRootViaSchedulerTask (D:\\.work\\rental-software\\node_modules\\react-dom\\cjs\\react-dom-client.development.js:16216:7)\n    at flushActQueue (D:\\.work\\rental-software\\node_modules\\react\\cjs\\react.development.js:566:34)\n    at process.env.NODE_ENV.exports.act (D:\\.work\\rental-software\\node_modules\\react\\cjs\\react.development.js:860:10)\n    at D:\\.work\\rental-software\\node_modules\\@testing-library\\react\\dist\\act-compat.js:47:25\n    at renderRoot (D:\\.work\\rental-software\\node_modules\\@testing-library\\react\\dist\\pure.js:190:26)\n    at render (D:\\.work\\rental-software\\node_modules\\@testing-library\\react\\dist\\pure.js:292:10)\n    at Object.<anonymous> (D:\\.work\\rental-software\\features\\kasir\\components\\ui\\__tests__\\KasirFilterBar.test.tsx:148:11)\n    at Promise.finally.completed (D:\\.work\\rental-software\\node_modules\\jest-circus\\build\\jestAdapterInit.js:1556:28)\n    at new Promise (<anonymous>)\n    at callAsyncCircusFn (D:\\.work\\rental-software\\node_modules\\jest-circus\\build\\jestAdapterInit.js:1496:10)\n    at _callCircusTest (D:\\.work\\rental-software\\node_modules\\jest-circus\\build\\jestAdapterInit.js:1006:40)\n    at processTicksAndRejections (node:internal/process/task_queues:105:5)\n    at _runTest (D:\\.work\\rental-software\\node_modules\\jest-circus\\build\\jestAdapterInit.js:946:3)\n    at _runTestsForDescribeBlock (D:\\.work\\rental-software\\node_modules\\jest-circus\\build\\jestAdapterInit.js:839:13)\n    at _runTestsForDescribeBlock (D:\\.work\\rental-software\\node_modules\\jest-circus\\build\\jestAdapterInit.js:829:11)\n    at run (D:\\.work\\rental-software\\node_modules\\jest-circus\\build\\jestAdapterInit.js:757:3)\n    at runAndTransformResultsToJestFormat (D:\\.work\\rental-software\\node_modules\\jest-circus\\build\\jestAdapterInit.js:1917:21)\n    at jestAdapter (D:\\.work\\rental-software\\node_modules\\jest-circus\\build\\runner.js:101:19)\n    at runTestInternal (D:\\.work\\rental-software\\node_modules\\jest-runner\\build\\index.js:275:16)\n    at runTest (D:\\.work\\rental-software\\node_modules\\jest-runner\\build\\index.js:343:7)"
          ],
          "duration": 8
        },
        {
          "ancestorTitles": [
            "KasirFilterBar - Debounced Search"
          ],
          "fullName": "KasirFilterBar - Debounced Search should show helpful search tip",
          "status": "failed",
          "title": "should show helpful search tip",
          "failureMessages": [
            "Error: Element type is invalid: expected a string (for built-in components) or a class/function (for composite components) but got: undefined. You likely forgot to export your component from the file it's defined in, or you might have mixed up default and named imports.\n\nCheck the render method of `KasirFilterBar`.\n    at createFiberFromTypeAndProps (D:\\.work\\rental-software\\node_modules\\react-dom\\cjs\\react-dom-client.development.js:4259:28)\n    at createFiberFromElement (D:\\.work\\rental-software\\node_modules\\react-dom\\cjs\\react-dom-client.development.js:4273:14)\n    at createChild (D:\\.work\\rental-software\\node_modules\\react-dom\\cjs\\react-dom-client.development.js:7297:26)\n    at reconcileChildrenArray (D:\\.work\\rental-software\\node_modules\\react-dom\\cjs\\react-dom-client.development.js:7629:25)\n    at reconcileChildFibersImpl (D:\\.work\\rental-software\\node_modules\\react-dom\\cjs\\react-dom-client.development.js:7952:30)\n    at D:\\.work\\rental-software\\node_modules\\react-dom\\cjs\\react-dom-client.development.js:8057:33\n    at reconcileChildren (D:\\.work\\rental-software\\node_modules\\react-dom\\cjs\\react-dom-client.development.js:8621:13)\n    at beginWork (D:\\.work\\rental-software\\node_modules\\react-dom\\cjs\\react-dom-client.development.js:10793:13)\n    at runWithFiberInDEV (D:\\.work\\rental-software\\node_modules\\react-dom\\cjs\\react-dom-client.development.js:1522:13)\n    at performUnitOfWork (D:\\.work\\rental-software\\node_modules\\react-dom\\cjs\\react-dom-client.development.js:15140:22)\n    at workLoopSync (D:\\.work\\rental-software\\node_modules\\react-dom\\cjs\\react-dom-client.development.js:14956:41)\n    at renderRootSync (D:\\.work\\rental-software\\node_modules\\react-dom\\cjs\\react-dom-client.development.js:14936:11)\n    at performWorkOnRoot (D:\\.work\\rental-software\\node_modules\\react-dom\\cjs\\react-dom-client.development.js:14462:44)\n    at performWorkOnRootViaSchedulerTask (D:\\.work\\rental-software\\node_modules\\react-dom\\cjs\\react-dom-client.development.js:16216:7)\n    at flushActQueue (D:\\.work\\rental-software\\node_modules\\react\\cjs\\react.development.js:566:34)\n    at process.env.NODE_ENV.exports.act (D:\\.work\\rental-software\\node_modules\\react\\cjs\\react.development.js:860:10)\n    at D:\\.work\\rental-software\\node_modules\\@testing-library\\react\\dist\\act-compat.js:47:25\n    at renderRoot (D:\\.work\\rental-software\\node_modules\\@testing-library\\react\\dist\\pure.js:190:26)\n    at render (D:\\.work\\rental-software\\node_modules\\@testing-library\\react\\dist\\pure.js:292:10)\n    at Object.<anonymous> (D:\\.work\\rental-software\\features\\kasir\\components\\ui\\__tests__\\KasirFilterBar.test.tsx:164:11)\n    at Promise.finally.completed (D:\\.work\\rental-software\\node_modules\\jest-circus\\build\\jestAdapterInit.js:1556:28)\n    at new Promise (<anonymous>)\n    at callAsyncCircusFn (D:\\.work\\rental-software\\node_modules\\jest-circus\\build\\jestAdapterInit.js:1496:10)\n    at _callCircusTest (D:\\.work\\rental-software\\node_modules\\jest-circus\\build\\jestAdapterInit.js:1006:40)\n    at processTicksAndRejections (node:internal/process/task_queues:105:5)\n    at _runTest (D:\\.work\\rental-software\\node_modules\\jest-circus\\build\\jestAdapterInit.js:946:3)\n    at _runTestsForDescribeBlock (D:\\.work\\rental-software\\node_modules\\jest-circus\\build\\jestAdapterInit.js:839:13)\n    at _runTestsForDescribeBlock (D:\\.work\\rental-software\\node_modules\\jest-circus\\build\\jestAdapterInit.js:829:11)\n    at run (D:\\.work\\rental-software\\node_modules\\jest-circus\\build\\jestAdapterInit.js:757:3)\n    at runAndTransformResultsToJestFormat (D:\\.work\\rental-software\\node_modules\\jest-circus\\build\\jestAdapterInit.js:1917:21)\n    at jestAdapter (D:\\.work\\rental-software\\node_modules\\jest-circus\\build\\runner.js:101:19)\n    at runTestInternal (D:\\.work\\rental-software\\node_modules\\jest-runner\\build\\index.js:275:16)\n    at runTest (D:\\.work\\rental-software\\node_modules\\jest-runner\\build\\index.js:343:7)"
          ],
          "duration": 4
        }
      ],
      "failureMessage": "\u001b[1m\u001b[31m  \u001b[1m● \u001b[22m\u001b[1mKasirFilterBar - Debounced Search › should debounce search input and trigger after 800ms\u001b[39m\u001b[22m\n\n    Element type is invalid: expected a string (for built-in components) or a class/function (for composite components) but got: undefined. You likely forgot to export your component from the file it's defined in, or you might have mixed up default and named imports.\n\n    Check the render method of `KasirFilterBar`.\n\u001b[2m\u001b[22m\n\u001b[2m    \u001b[0m \u001b[90m 45 |\u001b[39m\u001b[22m\n\u001b[2m     \u001b[90m 46 |\u001b[39m   it(\u001b[32m'should debounce search input and trigger after 800ms'\u001b[39m\u001b[33m,\u001b[39m \u001b[36masync\u001b[39m () \u001b[33m=>\u001b[39m {\u001b[22m\n\u001b[2m    \u001b[31m\u001b[1m>\u001b[22m\u001b[2m\u001b[39m\u001b[90m 47 |\u001b[39m     render(\u001b[22m\n\u001b[2m     \u001b[90m    |\u001b[39m           \u001b[31m\u001b[1m^\u001b[22m\u001b[2m\u001b[39m\u001b[22m\n\u001b[2m     \u001b[90m 48 |\u001b[39m       \u001b[33m<\u001b[39m\u001b[33mKasirFilterBar\u001b[39m\u001b[22m\n\u001b[2m     \u001b[90m 49 |\u001b[39m         filters\u001b[33m=\u001b[39m{mockFilters}\u001b[22m\n\u001b[2m     \u001b[90m 50 |\u001b[39m         onFiltersChange\u001b[33m=\u001b[39m{mockOnFiltersChange}\u001b[0m\u001b[22m\n\u001b[2m\u001b[22m\n\u001b[2m      \u001b[2mat createFiberFromTypeAndProps (\u001b[22m\u001b[2mnode_modules/react-dom/cjs/react-dom-client.development.js\u001b[2m:4259:28)\u001b[22m\u001b[2m\u001b[22m\n\u001b[2m      \u001b[2mat createFiberFromElement (\u001b[22m\u001b[2mnode_modules/react-dom/cjs/react-dom-client.development.js\u001b[2m:4273:14)\u001b[22m\u001b[2m\u001b[22m\n\u001b[2m      \u001b[2mat createChild (\u001b[22m\u001b[2mnode_modules/react-dom/cjs/react-dom-client.development.js\u001b[2m:7297:26)\u001b[22m\u001b[2m\u001b[22m\n\u001b[2m      \u001b[2mat reconcileChildrenArray (\u001b[22m\u001b[2mnode_modules/react-dom/cjs/react-dom-client.development.js\u001b[2m:7629:25)\u001b[22m\u001b[2m\u001b[22m\n\u001b[2m      \u001b[2mat reconcileChildFibersImpl (\u001b[22m\u001b[2mnode_modules/react-dom/cjs/react-dom-client.development.js\u001b[2m:7952:30)\u001b[22m\u001b[2m\u001b[22m\n\u001b[2m      \u001b[2mat \u001b[22m\u001b[2mnode_modules/react-dom/cjs/react-dom-client.development.js\u001b[2m:8057:33\u001b[22m\u001b[2m\u001b[22m\n\u001b[2m      \u001b[2mat reconcileChildren (\u001b[22m\u001b[2mnode_modules/react-dom/cjs/react-dom-client.development.js\u001b[2m:8621:13)\u001b[22m\u001b[2m\u001b[22m\n\u001b[2m      \u001b[2mat beginWork (\u001b[22m\u001b[2mnode_modules/react-dom/cjs/react-dom-client.development.js\u001b[2m:10793:13)\u001b[22m\u001b[2m\u001b[22m\n\u001b[2m      \u001b[2mat runWithFiberInDEV (\u001b[22m\u001b[2mnode_modules/react-dom/cjs/react-dom-client.development.js\u001b[2m:1522:13)\u001b[22m\u001b[2m\u001b[22m\n\u001b[2m      \u001b[2mat performUnitOfWork (\u001b[22m\u001b[2mnode_modules/react-dom/cjs/react-dom-client.development.js\u001b[2m:15140:22)\u001b[22m\u001b[2m\u001b[22m\n\u001b[2m      \u001b[2mat workLoopSync (\u001b[22m\u001b[2mnode_modules/react-dom/cjs/react-dom-client.development.js\u001b[2m:14956:41)\u001b[22m\u001b[2m\u001b[22m\n\u001b[2m      \u001b[2mat renderRootSync (\u001b[22m\u001b[2mnode_modules/react-dom/cjs/react-dom-client.development.js\u001b[2m:14936:11)\u001b[22m\u001b[2m\u001b[22m\n\u001b[2m      \u001b[2mat performWorkOnRoot (\u001b[22m\u001b[2mnode_modules/react-dom/cjs/react-dom-client.development.js\u001b[2m:14462:44)\u001b[22m\u001b[2m\u001b[22m\n\u001b[2m      \u001b[2mat performWorkOnRootViaSchedulerTask (\u001b[22m\u001b[2mnode_modules/react-dom/cjs/react-dom-client.development.js\u001b[2m:16216:7)\u001b[22m\u001b[2m\u001b[22m\n\u001b[2m      \u001b[2mat flushActQueue (\u001b[22m\u001b[2mnode_modules/react/cjs/react.development.js\u001b[2m:566:34)\u001b[22m\u001b[2m\u001b[22m\n\u001b[2m      \u001b[2mat process.env.NODE_ENV.exports.act (\u001b[22m\u001b[2mnode_modules/react/cjs/react.development.js\u001b[2m:860:10)\u001b[22m\u001b[2m\u001b[22m\n\u001b[2m      \u001b[2mat \u001b[22m\u001b[2mnode_modules/@testing-library/react/dist/act-compat.js\u001b[2m:47:25\u001b[22m\u001b[2m\u001b[22m\n\u001b[2m      \u001b[2mat renderRoot (\u001b[22m\u001b[2mnode_modules/@testing-library/react/dist/pure.js\u001b[2m:190:26)\u001b[22m\u001b[2m\u001b[22m\n\u001b[2m      \u001b[2mat render (\u001b[22m\u001b[2mnode_modules/@testing-library/react/dist/pure.js\u001b[2m:292:10)\u001b[22m\u001b[2m\u001b[22m\n\u001b[2m      \u001b[2mat Object.<anonymous> (\u001b[22m\u001b[2m\u001b[0m\u001b[36mfeatures/kasir/components/ui/__tests__/KasirFilterBar.test.tsx\u001b[39m\u001b[0m\u001b[2m:47:11)\u001b[22m\u001b[2m\u001b[22m\n\n\u001b[1m\u001b[31m  \u001b[1m● \u001b[22m\u001b[1mKasirFilterBar - Debounced Search › should trigger search immediately on Enter key press\u001b[39m\u001b[22m\n\n    Element type is invalid: expected a string (for built-in components) or a class/function (for composite components) but got: undefined. You likely forgot to export your component from the file it's defined in, or you might have mixed up default and named imports.\n\n    Check the render method of `KasirFilterBar`.\n\u001b[2m\u001b[22m\n\u001b[2m    \u001b[0m \u001b[90m 75 |\u001b[39m\u001b[22m\n\u001b[2m     \u001b[90m 76 |\u001b[39m   it(\u001b[32m'should trigger search immediately on Enter key press'\u001b[39m\u001b[33m,\u001b[39m \u001b[36masync\u001b[39m () \u001b[33m=>\u001b[39m {\u001b[22m\n\u001b[2m    \u001b[31m\u001b[1m>\u001b[22m\u001b[2m\u001b[39m\u001b[90m 77 |\u001b[39m     render(\u001b[22m\n\u001b[2m     \u001b[90m    |\u001b[39m           \u001b[31m\u001b[1m^\u001b[22m\u001b[2m\u001b[39m\u001b[22m\n\u001b[2m     \u001b[90m 78 |\u001b[39m       \u001b[33m<\u001b[39m\u001b[33mKasirFilterBar\u001b[39m\u001b[22m\n\u001b[2m     \u001b[90m 79 |\u001b[39m         filters\u001b[33m=\u001b[39m{mockFilters}\u001b[22m\n\u001b[2m     \u001b[90m 80 |\u001b[39m         onFiltersChange\u001b[33m=\u001b[39m{mockOnFiltersChange}\u001b[0m\u001b[22m\n\u001b[2m\u001b[22m\n\u001b[2m      \u001b[2mat createFiberFromTypeAndProps (\u001b[22m\u001b[2mnode_modules/react-dom/cjs/react-dom-client.development.js\u001b[2m:4259:28)\u001b[22m\u001b[2m\u001b[22m\n\u001b[2m      \u001b[2mat createFiberFromElement (\u001b[22m\u001b[2mnode_modules/react-dom/cjs/react-dom-client.development.js\u001b[2m:4273:14)\u001b[22m\u001b[2m\u001b[22m\n\u001b[2m      \u001b[2mat createChild (\u001b[22m\u001b[2mnode_modules/react-dom/cjs/react-dom-client.development.js\u001b[2m:7297:26)\u001b[22m\u001b[2m\u001b[22m\n\u001b[2m      \u001b[2mat reconcileChildrenArray (\u001b[22m\u001b[2mnode_modules/react-dom/cjs/react-dom-client.development.js\u001b[2m:7629:25)\u001b[22m\u001b[2m\u001b[22m\n\u001b[2m      \u001b[2mat reconcileChildFibersImpl (\u001b[22m\u001b[2mnode_modules/react-dom/cjs/react-dom-client.development.js\u001b[2m:7952:30)\u001b[22m\u001b[2m\u001b[22m\n\u001b[2m      \u001b[2mat \u001b[22m\u001b[2mnode_modules/react-dom/cjs/react-dom-client.development.js\u001b[2m:8057:33\u001b[22m\u001b[2m\u001b[22m\n\u001b[2m      \u001b[2mat reconcileChildren (\u001b[22m\u001b[2mnode_modules/react-dom/cjs/react-dom-client.development.js\u001b[2m:8621:13)\u001b[22m\u001b[2m\u001b[22m\n\u001b[2m      \u001b[2mat beginWork (\u001b[22m\u001b[2mnode_modules/react-dom/cjs/react-dom-client.development.js\u001b[2m:10793:13)\u001b[22m\u001b[2m\u001b[22m\n\u001b[2m      \u001b[2mat runWithFiberInDEV (\u001b[22m\u001b[2mnode_modules/react-dom/cjs/react-dom-client.development.js\u001b[2m:1522:13)\u001b[22m\u001b[2m\u001b[22m\n\u001b[2m      \u001b[2mat performUnitOfWork (\u001b[22m\u001b[2mnode_modules/react-dom/cjs/react-dom-client.development.js\u001b[2m:15140:22)\u001b[22m\u001b[2m\u001b[22m\n\u001b[2m      \u001b[2mat workLoopSync (\u001b[22m\u001b[2mnode_modules/react-dom/cjs/react-dom-client.development.js\u001b[2m:14956:41)\u001b[22m\u001b[2m\u001b[22m\n\u001b[2m      \u001b[2mat renderRootSync (\u001b[22m\u001b[2mnode_modules/react-dom/cjs/react-dom-client.development.js\u001b[2m:14936:11)\u001b[22m\u001b[2m\u001b[22m\n\u001b[2m      \u001b[2mat performWorkOnRoot (\u001b[22m\u001b[2mnode_modules/react-dom/cjs/react-dom-client.development.js\u001b[2m:14462:44)\u001b[22m\u001b[2m\u001b[22m\n\u001b[2m      \u001b[2mat performWorkOnRootViaSchedulerTask (\u001b[22m\u001b[2mnode_modules/react-dom/cjs/react-dom-client.development.js\u001b[2m:16216:7)\u001b[22m\u001b[2m\u001b[22m\n\u001b[2m      \u001b[2mat flushActQueue (\u001b[22m\u001b[2mnode_modules/react/cjs/react.development.js\u001b[2m:566:34)\u001b[22m\u001b[2m\u001b[22m\n\u001b[2m      \u001b[2mat process.env.NODE_ENV.exports.act (\u001b[22m\u001b[2mnode_modules/react/cjs/react.development.js\u001b[2m:860:10)\u001b[22m\u001b[2m\u001b[22m\n\u001b[2m      \u001b[2mat \u001b[22m\u001b[2mnode_modules/@testing-library/react/dist/act-compat.js\u001b[2m:47:25\u001b[22m\u001b[2m\u001b[22m\n\u001b[2m      \u001b[2mat renderRoot (\u001b[22m\u001b[2mnode_modules/@testing-library/react/dist/pure.js\u001b[2m:190:26)\u001b[22m\u001b[2m\u001b[22m\n\u001b[2m      \u001b[2mat render (\u001b[22m\u001b[2mnode_modules/@testing-library/react/dist/pure.js\u001b[2m:292:10)\u001b[22m\u001b[2m\u001b[22m\n\u001b[2m      \u001b[2mat Object.<anonymous> (\u001b[22m\u001b[2m\u001b[0m\u001b[36mfeatures/kasir/components/ui/__tests__/KasirFilterBar.test.tsx\u001b[39m\u001b[0m\u001b[2m:77:11)\u001b[22m\u001b[2m\u001b[22m\n\n\u001b[1m\u001b[31m  \u001b[1m● \u001b[22m\u001b[1mKasirFilterBar - Debounced Search › should show typing indicator when local value differs from filter value\u001b[39m\u001b[22m\n\n    Element type is invalid: expected a string (for built-in components) or a class/function (for composite components) but got: undefined. You likely forgot to export your component from the file it's defined in, or you might have mixed up default and named imports.\n\n    Check the render method of `KasirFilterBar`.\n\u001b[2m\u001b[22m\n\u001b[2m    \u001b[0m \u001b[90m 100 |\u001b[39m\u001b[22m\n\u001b[2m     \u001b[90m 101 |\u001b[39m   it(\u001b[32m'should show typing indicator when local value differs from filter value'\u001b[39m\u001b[33m,\u001b[39m () \u001b[33m=>\u001b[39m {\u001b[22m\n\u001b[2m    \u001b[31m\u001b[1m>\u001b[22m\u001b[2m\u001b[39m\u001b[90m 102 |\u001b[39m     render(\u001b[22m\n\u001b[2m     \u001b[90m     |\u001b[39m           \u001b[31m\u001b[1m^\u001b[22m\u001b[2m\u001b[39m\u001b[22m\n\u001b[2m     \u001b[90m 103 |\u001b[39m       \u001b[33m<\u001b[39m\u001b[33mKasirFilterBar\u001b[39m\u001b[22m\n\u001b[2m     \u001b[90m 104 |\u001b[39m         filters\u001b[33m=\u001b[39m{mockFilters}\u001b[22m\n\u001b[2m     \u001b[90m 105 |\u001b[39m         onFiltersChange\u001b[33m=\u001b[39m{mockOnFiltersChange}\u001b[0m\u001b[22m\n\u001b[2m\u001b[22m\n\u001b[2m      \u001b[2mat createFiberFromTypeAndProps (\u001b[22m\u001b[2mnode_modules/react-dom/cjs/react-dom-client.development.js\u001b[2m:4259:28)\u001b[22m\u001b[2m\u001b[22m\n\u001b[2m      \u001b[2mat createFiberFromElement (\u001b[22m\u001b[2mnode_modules/react-dom/cjs/react-dom-client.development.js\u001b[2m:4273:14)\u001b[22m\u001b[2m\u001b[22m\n\u001b[2m      \u001b[2mat createChild (\u001b[22m\u001b[2mnode_modules/react-dom/cjs/react-dom-client.development.js\u001b[2m:7297:26)\u001b[22m\u001b[2m\u001b[22m\n\u001b[2m      \u001b[2mat reconcileChildrenArray (\u001b[22m\u001b[2mnode_modules/react-dom/cjs/react-dom-client.development.js\u001b[2m:7629:25)\u001b[22m\u001b[2m\u001b[22m\n\u001b[2m      \u001b[2mat reconcileChildFibersImpl (\u001b[22m\u001b[2mnode_modules/react-dom/cjs/react-dom-client.development.js\u001b[2m:7952:30)\u001b[22m\u001b[2m\u001b[22m\n\u001b[2m      \u001b[2mat \u001b[22m\u001b[2mnode_modules/react-dom/cjs/react-dom-client.development.js\u001b[2m:8057:33\u001b[22m\u001b[2m\u001b[22m\n\u001b[2m      \u001b[2mat reconcileChildren (\u001b[22m\u001b[2mnode_modules/react-dom/cjs/react-dom-client.development.js\u001b[2m:8621:13)\u001b[22m\u001b[2m\u001b[22m\n\u001b[2m      \u001b[2mat beginWork (\u001b[22m\u001b[2mnode_modules/react-dom/cjs/react-dom-client.development.js\u001b[2m:10793:13)\u001b[22m\u001b[2m\u001b[22m\n\u001b[2m      \u001b[2mat runWithFiberInDEV (\u001b[22m\u001b[2mnode_modules/react-dom/cjs/react-dom-client.development.js\u001b[2m:1522:13)\u001b[22m\u001b[2m\u001b[22m\n\u001b[2m      \u001b[2mat performUnitOfWork (\u001b[22m\u001b[2mnode_modules/react-dom/cjs/react-dom-client.development.js\u001b[2m:15140:22)\u001b[22m\u001b[2m\u001b[22m\n\u001b[2m      \u001b[2mat workLoopSync (\u001b[22m\u001b[2mnode_modules/react-dom/cjs/react-dom-client.development.js\u001b[2m:14956:41)\u001b[22m\u001b[2m\u001b[22m\n\u001b[2m      \u001b[2mat renderRootSync (\u001b[22m\u001b[2mnode_modules/react-dom/cjs/react-dom-client.development.js\u001b[2m:14936:11)\u001b[22m\u001b[2m\u001b[22m\n\u001b[2m      \u001b[2mat performWorkOnRoot (\u001b[22m\u001b[2mnode_modules/react-dom/cjs/react-dom-client.development.js\u001b[2m:14462:44)\u001b[22m\u001b[2m\u001b[22m\n\u001b[2m      \u001b[2mat performWorkOnRootViaSchedulerTask (\u001b[22m\u001b[2mnode_modules/react-dom/cjs/react-dom-client.development.js\u001b[2m:16216:7)\u001b[22m\u001b[2m\u001b[22m\n\u001b[2m      \u001b[2mat flushActQueue (\u001b[22m\u001b[2mnode_modules/react/cjs/react.development.js\u001b[2m:566:34)\u001b[22m\u001b[2m\u001b[22m\n\u001b[2m      \u001b[2mat process.env.NODE_ENV.exports.act (\u001b[22m\u001b[2mnode_modules/react/cjs/react.development.js\u001b[2m:860:10)\u001b[22m\u001b[2m\u001b[22m\n\u001b[2m      \u001b[2mat \u001b[22m\u001b[2mnode_modules/@testing-library/react/dist/act-compat.js\u001b[2m:47:25\u001b[22m\u001b[2m\u001b[22m\n\u001b[2m      \u001b[2mat renderRoot (\u001b[22m\u001b[2mnode_modules/@testing-library/react/dist/pure.js\u001b[2m:190:26)\u001b[22m\u001b[2m\u001b[22m\n\u001b[2m      \u001b[2mat render (\u001b[22m\u001b[2mnode_modules/@testing-library/react/dist/pure.js\u001b[2m:292:10)\u001b[22m\u001b[2m\u001b[22m\n\u001b[2m      \u001b[2mat Object.<anonymous> (\u001b[22m\u001b[2m\u001b[0m\u001b[36mfeatures/kasir/components/ui/__tests__/KasirFilterBar.test.tsx\u001b[39m\u001b[0m\u001b[2m:102:11)\u001b[22m\u001b[2m\u001b[22m\n\n\u001b[1m\u001b[31m  \u001b[1m● \u001b[22m\u001b[1mKasirFilterBar - Debounced Search › should reset local search value when filters are reset\u001b[39m\u001b[22m\n\n    Element type is invalid: expected a string (for built-in components) or a class/function (for composite components) but got: undefined. You likely forgot to export your component from the file it's defined in, or you might have mixed up default and named imports.\n\n    Check the render method of `KasirFilterBar`.\n\u001b[2m\u001b[22m\n\u001b[2m    \u001b[0m \u001b[90m 119 |\u001b[39m\u001b[22m\n\u001b[2m     \u001b[90m 120 |\u001b[39m   it(\u001b[32m'should reset local search value when filters are reset'\u001b[39m\u001b[33m,\u001b[39m () \u001b[33m=>\u001b[39m {\u001b[22m\n\u001b[2m    \u001b[31m\u001b[1m>\u001b[22m\u001b[2m\u001b[39m\u001b[90m 121 |\u001b[39m     \u001b[36mconst\u001b[39m { rerender } \u001b[33m=\u001b[39m render(\u001b[22m\n\u001b[2m     \u001b[90m     |\u001b[39m                                \u001b[31m\u001b[1m^\u001b[22m\u001b[2m\u001b[39m\u001b[22m\n\u001b[2m     \u001b[90m 122 |\u001b[39m       \u001b[33m<\u001b[39m\u001b[33mKasirFilterBar\u001b[39m\u001b[22m\n\u001b[2m     \u001b[90m 123 |\u001b[39m         filters\u001b[33m=\u001b[39m{{ \u001b[33m...\u001b[39mmockFilters\u001b[33m,\u001b[39m search\u001b[33m:\u001b[39m \u001b[32m'initial'\u001b[39m }}\u001b[22m\n\u001b[2m     \u001b[90m 124 |\u001b[39m         onFiltersChange\u001b[33m=\u001b[39m{mockOnFiltersChange}\u001b[0m\u001b[22m\n\u001b[2m\u001b[22m\n\u001b[2m      \u001b[2mat createFiberFromTypeAndProps (\u001b[22m\u001b[2mnode_modules/react-dom/cjs/react-dom-client.development.js\u001b[2m:4259:28)\u001b[22m\u001b[2m\u001b[22m\n\u001b[2m      \u001b[2mat createFiberFromElement (\u001b[22m\u001b[2mnode_modules/react-dom/cjs/react-dom-client.development.js\u001b[2m:4273:14)\u001b[22m\u001b[2m\u001b[22m\n\u001b[2m      \u001b[2mat createChild (\u001b[22m\u001b[2mnode_modules/react-dom/cjs/react-dom-client.development.js\u001b[2m:7297:26)\u001b[22m\u001b[2m\u001b[22m\n\u001b[2m      \u001b[2mat reconcileChildrenArray (\u001b[22m\u001b[2mnode_modules/react-dom/cjs/react-dom-client.development.js\u001b[2m:7629:25)\u001b[22m\u001b[2m\u001b[22m\n\u001b[2m      \u001b[2mat reconcileChildFibersImpl (\u001b[22m\u001b[2mnode_modules/react-dom/cjs/react-dom-client.development.js\u001b[2m:7952:30)\u001b[22m\u001b[2m\u001b[22m\n\u001b[2m      \u001b[2mat \u001b[22m\u001b[2mnode_modules/react-dom/cjs/react-dom-client.development.js\u001b[2m:8057:33\u001b[22m\u001b[2m\u001b[22m\n\u001b[2m      \u001b[2mat reconcileChildren (\u001b[22m\u001b[2mnode_modules/react-dom/cjs/react-dom-client.development.js\u001b[2m:8621:13)\u001b[22m\u001b[2m\u001b[22m\n\u001b[2m      \u001b[2mat beginWork (\u001b[22m\u001b[2mnode_modules/react-dom/cjs/react-dom-client.development.js\u001b[2m:10793:13)\u001b[22m\u001b[2m\u001b[22m\n\u001b[2m      \u001b[2mat runWithFiberInDEV (\u001b[22m\u001b[2mnode_modules/react-dom/cjs/react-dom-client.development.js\u001b[2m:1522:13)\u001b[22m\u001b[2m\u001b[22m\n\u001b[2m      \u001b[2mat performUnitOfWork (\u001b[22m\u001b[2mnode_modules/react-dom/cjs/react-dom-client.development.js\u001b[2m:15140:22)\u001b[22m\u001b[2m\u001b[22m\n\u001b[2m      \u001b[2mat workLoopSync (\u001b[22m\u001b[2mnode_modules/react-dom/cjs/react-dom-client.development.js\u001b[2m:14956:41)\u001b[22m\u001b[2m\u001b[22m\n\u001b[2m      \u001b[2mat renderRootSync (\u001b[22m\u001b[2mnode_modules/react-dom/cjs/react-dom-client.development.js\u001b[2m:14936:11)\u001b[22m\u001b[2m\u001b[22m\n\u001b[2m      \u001b[2mat performWorkOnRoot (\u001b[22m\u001b[2mnode_modules/react-dom/cjs/react-dom-client.development.js\u001b[2m:14462:44)\u001b[22m\u001b[2m\u001b[22m\n\u001b[2m      \u001b[2mat performWorkOnRootViaSchedulerTask (\u001b[22m\u001b[2mnode_modules/react-dom/cjs/react-dom-client.development.js\u001b[2m:16216:7)\u001b[22m\u001b[2m\u001b[22m\n\u001b[2m      \u001b[2mat flushActQueue (\u001b[22m\u001b[2mnode_modules/react/cjs/react.development.js\u001b[2m:566:34)\u001b[22m\u001b[2m\u001b[22m\n\u001b[2m      \u001b[2mat process.env.NODE_ENV.exports.act (\u001b[22m\u001b[2mnode_modules/react/cjs/react.development.js\u001b[2m:860:10)\u001b[22m\u001b[2m\u001b[22m\n\u001b[2m      \u001b[2mat \u001b[22m\u001b[2mnode_modules/@testing-library/react/dist/act-compat.js\u001b[2m:47:25\u001b[22m\u001b[2m\u001b[22m\n\u001b[2m      \u001b[2mat renderRoot (\u001b[22m\u001b[2mnode_modules/@testing-library/react/dist/pure.js\u001b[2m:190:26)\u001b[22m\u001b[2m\u001b[22m\n\u001b[2m      \u001b[2mat render (\u001b[22m\u001b[2mnode_modules/@testing-library/react/dist/pure.js\u001b[2m:292:10)\u001b[22m\u001b[2m\u001b[22m\n\u001b[2m      \u001b[2mat Object.<anonymous> (\u001b[22m\u001b[2m\u001b[0m\u001b[36mfeatures/kasir/components/ui/__tests__/KasirFilterBar.test.tsx\u001b[39m\u001b[0m\u001b[2m:121:32)\u001b[22m\u001b[2m\u001b[22m\n\n\u001b[1m\u001b[31m  \u001b[1m● \u001b[22m\u001b[1mKasirFilterBar - Debounced Search › should support searching by product code (placeholder text verification)\u001b[39m\u001b[22m\n\n    Element type is invalid: expected a string (for built-in components) or a class/function (for composite components) but got: undefined. You likely forgot to export your component from the file it's defined in, or you might have mixed up default and named imports.\n\n    Check the render method of `KasirFilterBar`.\n\u001b[2m\u001b[22m\n\u001b[2m    \u001b[0m \u001b[90m 146 |\u001b[39m\u001b[22m\n\u001b[2m     \u001b[90m 147 |\u001b[39m   it(\u001b[32m'should support searching by product code (placeholder text verification)'\u001b[39m\u001b[33m,\u001b[39m () \u001b[33m=>\u001b[39m {\u001b[22m\n\u001b[2m    \u001b[31m\u001b[1m>\u001b[22m\u001b[2m\u001b[39m\u001b[90m 148 |\u001b[39m     render(\u001b[22m\n\u001b[2m     \u001b[90m     |\u001b[39m           \u001b[31m\u001b[1m^\u001b[22m\u001b[2m\u001b[39m\u001b[22m\n\u001b[2m     \u001b[90m 149 |\u001b[39m       \u001b[33m<\u001b[39m\u001b[33mKasirFilterBar\u001b[39m\u001b[22m\n\u001b[2m     \u001b[90m 150 |\u001b[39m         filters\u001b[33m=\u001b[39m{mockFilters}\u001b[22m\n\u001b[2m     \u001b[90m 151 |\u001b[39m         onFiltersChange\u001b[33m=\u001b[39m{mockOnFiltersChange}\u001b[0m\u001b[22m\n\u001b[2m\u001b[22m\n\u001b[2m      \u001b[2mat createFiberFromTypeAndProps (\u001b[22m\u001b[2mnode_modules/react-dom/cjs/react-dom-client.development.js\u001b[2m:4259:28)\u001b[22m\u001b[2m\u001b[22m\n\u001b[2m      \u001b[2mat createFiberFromElement (\u001b[22m\u001b[2mnode_modules/react-dom/cjs/react-dom-client.development.js\u001b[2m:4273:14)\u001b[22m\u001b[2m\u001b[22m\n\u001b[2m      \u001b[2mat createChild (\u001b[22m\u001b[2mnode_modules/react-dom/cjs/react-dom-client.development.js\u001b[2m:7297:26)\u001b[22m\u001b[2m\u001b[22m\n\u001b[2m      \u001b[2mat reconcileChildrenArray (\u001b[22m\u001b[2mnode_modules/react-dom/cjs/react-dom-client.development.js\u001b[2m:7629:25)\u001b[22m\u001b[2m\u001b[22m\n\u001b[2m      \u001b[2mat reconcileChildFibersImpl (\u001b[22m\u001b[2mnode_modules/react-dom/cjs/react-dom-client.development.js\u001b[2m:7952:30)\u001b[22m\u001b[2m\u001b[22m\n\u001b[2m      \u001b[2mat \u001b[22m\u001b[2mnode_modules/react-dom/cjs/react-dom-client.development.js\u001b[2m:8057:33\u001b[22m\u001b[2m\u001b[22m\n\u001b[2m      \u001b[2mat reconcileChildren (\u001b[22m\u001b[2mnode_modules/react-dom/cjs/react-dom-client.development.js\u001b[2m:8621:13)\u001b[22m\u001b[2m\u001b[22m\n\u001b[2m      \u001b[2mat beginWork (\u001b[22m\u001b[2mnode_modules/react-dom/cjs/react-dom-client.development.js\u001b[2m:10793:13)\u001b[22m\u001b[2m\u001b[22m\n\u001b[2m      \u001b[2mat runWithFiberInDEV (\u001b[22m\u001b[2mnode_modules/react-dom/cjs/react-dom-client.development.js\u001b[2m:1522:13)\u001b[22m\u001b[2m\u001b[22m\n\u001b[2m      \u001b[2mat performUnitOfWork (\u001b[22m\u001b[2mnode_modules/react-dom/cjs/react-dom-client.development.js\u001b[2m:15140:22)\u001b[22m\u001b[2m\u001b[22m\n\u001b[2m      \u001b[2mat workLoopSync (\u001b[22m\u001b[2mnode_modules/react-dom/cjs/react-dom-client.development.js\u001b[2m:14956:41)\u001b[22m\u001b[2m\u001b[22m\n\u001b[2m      \u001b[2mat renderRootSync (\u001b[22m\u001b[2mnode_modules/react-dom/cjs/react-dom-client.development.js\u001b[2m:14936:11)\u001b[22m\u001b[2m\u001b[22m\n\u001b[2m      \u001b[2mat performWorkOnRoot (\u001b[22m\u001b[2mnode_modules/react-dom/cjs/react-dom-client.development.js\u001b[2m:14462:44)\u001b[22m\u001b[2m\u001b[22m\n\u001b[2m      \u001b[2mat performWorkOnRootViaSchedulerTask (\u001b[22m\u001b[2mnode_modules/react-dom/cjs/react-dom-client.development.js\u001b[2m:16216:7)\u001b[22m\u001b[2m\u001b[22m\n\u001b[2m      \u001b[2mat flushActQueue (\u001b[22m\u001b[2mnode_modules/react/cjs/react.development.js\u001b[2m:566:34)\u001b[22m\u001b[2m\u001b[22m\n\u001b[2m      \u001b[2mat process.env.NODE_ENV.exports.act (\u001b[22m\u001b[2mnode_modules/react/cjs/react.development.js\u001b[2m:860:10)\u001b[22m\u001b[2m\u001b[22m\n\u001b[2m      \u001b[2mat \u001b[22m\u001b[2mnode_modules/@testing-library/react/dist/act-compat.js\u001b[2m:47:25\u001b[22m\u001b[2m\u001b[22m\n\u001b[2m      \u001b[2mat renderRoot (\u001b[22m\u001b[2mnode_modules/@testing-library/react/dist/pure.js\u001b[2m:190:26)\u001b[22m\u001b[2m\u001b[22m\n\u001b[2m      \u001b[2mat render (\u001b[22m\u001b[2mnode_modules/@testing-library/react/dist/pure.js\u001b[2m:292:10)\u001b[22m\u001b[2m\u001b[22m\n\u001b[2m      \u001b[2mat Object.<anonymous> (\u001b[22m\u001b[2m\u001b[0m\u001b[36mfeatures/kasir/components/ui/__tests__/KasirFilterBar.test.tsx\u001b[39m\u001b[0m\u001b[2m:148:11)\u001b[22m\u001b[2m\u001b[22m\n\n\u001b[1m\u001b[31m  \u001b[1m● \u001b[22m\u001b[1mKasirFilterBar - Debounced Search › should show helpful search tip\u001b[39m\u001b[22m\n\n    Element type is invalid: expected a string (for built-in components) or a class/function (for composite components) but got: undefined. You likely forgot to export your component from the file it's defined in, or you might have mixed up default and named imports.\n\n    Check the render method of `KasirFilterBar`.\n\u001b[2m\u001b[22m\n\u001b[2m    \u001b[0m \u001b[90m 162 |\u001b[39m\u001b[22m\n\u001b[2m     \u001b[90m 163 |\u001b[39m   it(\u001b[32m'should show helpful search tip'\u001b[39m\u001b[33m,\u001b[39m () \u001b[33m=>\u001b[39m {\u001b[22m\n\u001b[2m    \u001b[31m\u001b[1m>\u001b[22m\u001b[2m\u001b[39m\u001b[90m 164 |\u001b[39m     render(\u001b[22m\n\u001b[2m     \u001b[90m     |\u001b[39m           \u001b[31m\u001b[1m^\u001b[22m\u001b[2m\u001b[39m\u001b[22m\n\u001b[2m     \u001b[90m 165 |\u001b[39m       \u001b[33m<\u001b[39m\u001b[33mKasirFilterBar\u001b[39m\u001b[22m\n\u001b[2m     \u001b[90m 166 |\u001b[39m         filters\u001b[33m=\u001b[39m{mockFilters}\u001b[22m\n\u001b[2m     \u001b[90m 167 |\u001b[39m         onFiltersChange\u001b[33m=\u001b[39m{mockOnFiltersChange}\u001b[0m\u001b[22m\n\u001b[2m\u001b[22m\n\u001b[2m      \u001b[2mat createFiberFromTypeAndProps (\u001b[22m\u001b[2mnode_modules/react-dom/cjs/react-dom-client.development.js\u001b[2m:4259:28)\u001b[22m\u001b[2m\u001b[22m\n\u001b[2m      \u001b[2mat createFiberFromElement (\u001b[22m\u001b[2mnode_modules/react-dom/cjs/react-dom-client.development.js\u001b[2m:4273:14)\u001b[22m\u001b[2m\u001b[22m\n\u001b[2m      \u001b[2mat createChild (\u001b[22m\u001b[2mnode_modules/react-dom/cjs/react-dom-client.development.js\u001b[2m:7297:26)\u001b[22m\u001b[2m\u001b[22m\n\u001b[2m      \u001b[2mat reconcileChildrenArray (\u001b[22m\u001b[2mnode_modules/react-dom/cjs/react-dom-client.development.js\u001b[2m:7629:25)\u001b[22m\u001b[2m\u001b[22m\n\u001b[2m      \u001b[2mat reconcileChildFibersImpl (\u001b[22m\u001b[2mnode_modules/react-dom/cjs/react-dom-client.development.js\u001b[2m:7952:30)\u001b[22m\u001b[2m\u001b[22m\n\u001b[2m      \u001b[2mat \u001b[22m\u001b[2mnode_modules/react-dom/cjs/react-dom-client.development.js\u001b[2m:8057:33\u001b[22m\u001b[2m\u001b[22m\n\u001b[2m      \u001b[2mat reconcileChildren (\u001b[22m\u001b[2mnode_modules/react-dom/cjs/react-dom-client.development.js\u001b[2m:8621:13)\u001b[22m\u001b[2m\u001b[22m\n\u001b[2m      \u001b[2mat beginWork (\u001b[22m\u001b[2mnode_modules/react-dom/cjs/react-dom-client.development.js\u001b[2m:10793:13)\u001b[22m\u001b[2m\u001b[22m\n\u001b[2m      \u001b[2mat runWithFiberInDEV (\u001b[22m\u001b[2mnode_modules/react-dom/cjs/react-dom-client.development.js\u001b[2m:1522:13)\u001b[22m\u001b[2m\u001b[22m\n\u001b[2m      \u001b[2mat performUnitOfWork (\u001b[22m\u001b[2mnode_modules/react-dom/cjs/react-dom-client.development.js\u001b[2m:15140:22)\u001b[22m\u001b[2m\u001b[22m\n\u001b[2m      \u001b[2mat workLoopSync (\u001b[22m\u001b[2mnode_modules/react-dom/cjs/react-dom-client.development.js\u001b[2m:14956:41)\u001b[22m\u001b[2m\u001b[22m\n\u001b[2m      \u001b[2mat renderRootSync (\u001b[22m\u001b[2mnode_modules/react-dom/cjs/react-dom-client.development.js\u001b[2m:14936:11)\u001b[22m\u001b[2m\u001b[22m\n\u001b[2m      \u001b[2mat performWorkOnRoot (\u001b[22m\u001b[2mnode_modules/react-dom/cjs/react-dom-client.development.js\u001b[2m:14462:44)\u001b[22m\u001b[2m\u001b[22m\n\u001b[2m      \u001b[2mat performWorkOnRootViaSchedulerTask (\u001b[22m\u001b[2mnode_modules/react-dom/cjs/react-dom-client.development.js\u001b[2m:16216:7)\u001b[22m\u001b[2m\u001b[22m\n\u001b[2m      \u001b[2mat flushActQueue (\u001b[22m\u001b[2mnode_modules/react/cjs/react.development.js\u001b[2m:566:34)\u001b[22m\u001b[2m\u001b[22m\n\u001b[2m      \u001b[2mat process.env.NODE_ENV.exports.act (\u001b[22m\u001b[2mnode_modules/react/cjs/react.development.js\u001b[2m:860:10)\u001b[22m\u001b[2m\u001b[22m\n\u001b[2m      \u001b[2mat \u001b[22m\u001b[2mnode_modules/@testing-library/react/dist/act-compat.js\u001b[2m:47:25\u001b[22m\u001b[2m\u001b[22m\n\u001b[2m      \u001b[2mat renderRoot (\u001b[22m\u001b[2mnode_modules/@testing-library/react/dist/pure.js\u001b[2m:190:26)\u001b[22m\u001b[2m\u001b[22m\n\u001b[2m      \u001b[2mat render (\u001b[22m\u001b[2mnode_modules/@testing-library/react/dist/pure.js\u001b[2m:292:10)\u001b[22m\u001b[2m\u001b[22m\n\u001b[2m      \u001b[2mat Object.<anonymous> (\u001b[22m\u001b[2m\u001b[0m\u001b[36mfeatures/kasir/components/ui/__tests__/KasirFilterBar.test.tsx\u001b[39m\u001b[0m\u001b[2m:164:11)\u001b[22m\u001b[2m\u001b[22m\n"
    }
  ]
}