{
  "numTotalTests": 0,
  "numPassedTests": 0,
  "numFailedTests": 0,
  "numPendingTests": 0,
  "startTime": "2026-06-07T06:12:21.536Z",
  "endTime": "2026-06-07T06:12:23.178Z",
  "testResults": [
    {
      "testFilePath": "D:\\.work\\rental-software\\features\\kasir\\hooks\\__tests__\\usePagination.integration.test.ts",
      "testFileResults": [],
      "failureMessage": "  ● Test suite failed to run\n\n      \u001b[31mx\u001b[0m Expression expected\n         ,-[\u001b[36;1;4mD:\\.work\\rental-software\\features\\kasir\\hooks\\__tests__\\usePagination.integration.test.ts\u001b[0m:370:1]\n     \u001b[2m367\u001b[0m |       expect(result.current.filters.search).toBe('test')\n     \u001b[2m368\u001b[0m |     })\n     \u001b[2m369\u001b[0m |   })\n     \u001b[2m370\u001b[0m | })\n         : \u001b[35;1m^\u001b[0m\n         `----\n\n\n    Caused by:\n        Syntax Error\n\n      at Object.transformSync (node_modules/next/src/build/swc/index.ts:1444:25)\n      at transformSync (node_modules/next/src/build/swc/index.ts:1575:19)\n      at Object.process (node_modules/next/src/build/swc/jest-transformer.ts:105:25)\n      at ScriptTransformer.transformSource (node_modules/@jest/transform/build/index.js:422:31)\n      at ScriptTransformer._transformAndBuildScript (node_modules/@jest/transform/build/index.js:519:40)\n      at ScriptTransformer.transform (node_modules/@jest/transform/build/index.js:558:19)\n"
    }
  ]
}