{
  "numTotalTests": 197,
  "numPassedTests": 151,
  "numFailedTests": 46,
  "numPendingTests": 0,
  "startTime": "2025-11-22T03:14:06.719Z",
  "endTime": "2025-11-22T03:14:17.503Z",
  "testResults": [
    {
      "testFilePath": "D:\\.work\\rental-software\\features\\kasir\\lib\\utils\\codeGenerator.test.ts",
      "testFileResults": [
        {
          "ancestorTitles": [
            "TransactionCodeGenerator Enhanced Features",
            "UUID Validation"
          ],
          "fullName": "TransactionCodeGenerator Enhanced Features UUID Validation should validate correct UUID v4 format",
          "status": "passed",
          "title": "should validate correct UUID v4 format",
          "failureMessages": [],
          "duration": 9
        },
        {
          "ancestorTitles": [
            "TransactionCodeGenerator Enhanced Features",
            "UUID Validation"
          ],
          "fullName": "TransactionCodeGenerator Enhanced Features UUID Validation should reject invalid UUID formats",
          "status": "passed",
          "title": "should reject invalid UUID formats",
          "failureMessages": [],
          "duration": 3
        },
        {
          "ancestorTitles": [
            "TransactionCodeGenerator Enhanced Features",
            "Parameter Type Detection"
          ],
          "fullName": "TransactionCodeGenerator Enhanced Features Parameter Type Detection should correctly detect UUID parameters",
          "status": "passed",
          "title": "should correctly detect UUID parameters",
          "failureMessages": [],
          "duration": 1
        },
        {
          "ancestorTitles": [
            "TransactionCodeGenerator Enhanced Features",
            "Parameter Type Detection"
          ],
          "fullName": "TransactionCodeGenerator Enhanced Features Parameter Type Detection should correctly detect transaction code parameters",
          "status": "passed",
          "title": "should correctly detect transaction code parameters",
          "failureMessages": [],
          "duration": 1
        },
        {
          "ancestorTitles": [
            "TransactionCodeGenerator Enhanced Features",
            "Parameter Type Detection"
          ],
          "fullName": "TransactionCodeGenerator Enhanced Features Parameter Type Detection should correctly detect invalid parameters",
          "status": "passed",
          "title": "should correctly detect invalid parameters",
          "failureMessages": [],
          "duration": 2
        },
        {
          "ancestorTitles": [
            "TransactionCodeGenerator Enhanced Features",
            "Existing Transaction Code Functionality"
          ],
          "fullName": "TransactionCodeGenerator Enhanced Features Existing Transaction Code Functionality should still validate transaction codes correctly",
          "status": "passed",
          "title": "should still validate transaction codes correctly",
          "failureMessages": [],
          "duration": 1
        },
        {
          "ancestorTitles": [
            "TransactionCodeGenerator Enhanced Features",
            "Existing Transaction Code Functionality"
          ],
          "fullName": "TransactionCodeGenerator Enhanced Features Existing Transaction Code Functionality should reject invalid transaction codes",
          "status": "passed",
          "title": "should reject invalid transaction codes",
          "failureMessages": [],
          "duration": 1
        }
      ],
      "failureMessage": null
    },
    {
      "testFilePath": "D:\\.work\\rental-software\\features\\kasir\\services\\penyewaService.test.ts",
      "testFileResults": [
        {
          "ancestorTitles": [
            "PenyewaService",
            "createPenyewa"
          ],
          "fullName": "PenyewaService createPenyewa should create penyewa successfully",
          "status": "passed",
          "title": "should create penyewa successfully",
          "failureMessages": [],
          "duration": 13
        },
        {
          "ancestorTitles": [
            "PenyewaService",
            "createPenyewa"
          ],
          "fullName": "PenyewaService createPenyewa should throw error if phone number already exists",
          "status": "passed",
          "title": "should throw error if phone number already exists",
          "failureMessages": [],
          "duration": 15
        },
        {
          "ancestorTitles": [
            "PenyewaService",
            "createPenyewa"
          ],
          "fullName": "PenyewaService createPenyewa should handle database errors",
          "status": "passed",
          "title": "should handle database errors",
          "failureMessages": [],
          "duration": 5
        },
        {
          "ancestorTitles": [
            "PenyewaService",
            "getPenyewaById"
          ],
          "fullName": "PenyewaService getPenyewaById should return penyewa by ID",
          "status": "passed",
          "title": "should return penyewa by ID",
          "failureMessages": [],
          "duration": 2
        },
        {
          "ancestorTitles": [
            "PenyewaService",
            "getPenyewaById"
          ],
          "fullName": "PenyewaService getPenyewaById should throw error if penyewa not found",
          "status": "passed",
          "title": "should throw error if penyewa not found",
          "failureMessages": [],
          "duration": 2
        },
        {
          "ancestorTitles": [
            "PenyewaService",
            "getPenyewaList"
          ],
          "fullName": "PenyewaService getPenyewaList should return paginated penyewa list",
          "status": "passed",
          "title": "should return paginated penyewa list",
          "failureMessages": [],
          "duration": 2
        },
        {
          "ancestorTitles": [
            "PenyewaService",
            "getPenyewaList"
          ],
          "fullName": "PenyewaService getPenyewaList should search penyewa by name or phone",
          "status": "passed",
          "title": "should search penyewa by name or phone",
          "failureMessages": [],
          "duration": 1
        },
        {
          "ancestorTitles": [
            "PenyewaService",
            "getPenyewaList"
          ],
          "fullName": "PenyewaService getPenyewaList should handle empty results",
          "status": "passed",
          "title": "should handle empty results",
          "failureMessages": [],
          "duration": 1
        },
        {
          "ancestorTitles": [
            "PenyewaService",
            "updatePenyewa"
          ],
          "fullName": "PenyewaService updatePenyewa should update penyewa successfully",
          "status": "passed",
          "title": "should update penyewa successfully",
          "failureMessages": [],
          "duration": 1
        },
        {
          "ancestorTitles": [
            "PenyewaService",
            "updatePenyewa"
          ],
          "fullName": "PenyewaService updatePenyewa should throw error if penyewa not found",
          "status": "passed",
          "title": "should throw error if penyewa not found",
          "failureMessages": [],
          "duration": 1
        },
        {
          "ancestorTitles": [
            "PenyewaService",
            "updatePenyewa"
          ],
          "fullName": "PenyewaService updatePenyewa should validate phone uniqueness when updating phone",
          "status": "passed",
          "title": "should validate phone uniqueness when updating phone",
          "failureMessages": [],
          "duration": 1
        },
        {
          "ancestorTitles": [
            "PenyewaService",
            "findPenyewaByPhone"
          ],
          "fullName": "PenyewaService findPenyewaByPhone should find penyewa by phone number",
          "status": "passed",
          "title": "should find penyewa by phone number",
          "failureMessages": [],
          "duration": 1
        },
        {
          "ancestorTitles": [
            "PenyewaService",
            "findPenyewaByPhone"
          ],
          "fullName": "PenyewaService findPenyewaByPhone should return null if penyewa not found",
          "status": "passed",
          "title": "should return null if penyewa not found",
          "failureMessages": [],
          "duration": 0
        }
      ],
      "failureMessage": null
    },
    {
      "testFilePath": "D:\\.work\\rental-software\\features\\kasir\\lib\\validation\\pickupValidation.test.ts",
      "testFileResults": [
        {
          "ancestorTitles": [
            "PickupBusinessRules",
            "validateTransactionStatus"
          ],
          "fullName": "PickupBusinessRules validateTransactionStatus should validate active transaction status",
          "status": "passed",
          "title": "should validate active transaction status",
          "failureMessages": [],
          "duration": 11
        },
        {
          "ancestorTitles": [
            "PickupBusinessRules",
            "validateTransactionStatus"
          ],
          "fullName": "PickupBusinessRules validateTransactionStatus should reject non-active transaction status",
          "status": "passed",
          "title": "should reject non-active transaction status",
          "failureMessages": [],
          "duration": 2
        },
        {
          "ancestorTitles": [
            "PickupBusinessRules",
            "validatePickupQuantity"
          ],
          "fullName": "PickupBusinessRules validatePickupQuantity should reject zero or negative quantity",
          "status": "passed",
          "title": "should reject zero or negative quantity",
          "failureMessages": [],
          "duration": 1
        },
        {
          "ancestorTitles": [
            "PickupBusinessRules",
            "validatePickupQuantity"
          ],
          "fullName": "PickupBusinessRules validatePickupQuantity should reject quantity exceeding available",
          "status": "passed",
          "title": "should reject quantity exceeding available",
          "failureMessages": [],
          "duration": 2
        },
        {
          "ancestorTitles": [
            "PickupBusinessRules",
            "validatePickupQuantity"
          ],
          "fullName": "PickupBusinessRules validatePickupQuantity should warn for partial pickup",
          "status": "passed",
          "title": "should warn for partial pickup",
          "failureMessages": [],
          "duration": 1
        },
        {
          "ancestorTitles": [
            "PickupBusinessRules",
            "validateItemNotFullyPickedUp"
          ],
          "fullName": "PickupBusinessRules validateItemNotFullyPickedUp should allow pickup for available items",
          "status": "passed",
          "title": "should allow pickup for available items",
          "failureMessages": [],
          "duration": 0
        },
        {
          "ancestorTitles": [
            "PickupBusinessRules",
            "validateItemNotFullyPickedUp"
          ],
          "fullName": "PickupBusinessRules validateItemNotFullyPickedUp should reject pickup for fully picked up items",
          "status": "passed",
          "title": "should reject pickup for fully picked up items",
          "failureMessages": [],
          "duration": 1
        },
        {
          "ancestorTitles": [
            "PickupBusinessRules",
            "validatePickupBatchLimits"
          ],
          "fullName": "PickupBusinessRules validatePickupBatchLimits should validate normal batch size",
          "status": "passed",
          "title": "should validate normal batch size",
          "failureMessages": [],
          "duration": 1
        },
        {
          "ancestorTitles": [
            "PickupBusinessRules",
            "validatePickupBatchLimits"
          ],
          "fullName": "PickupBusinessRules validatePickupBatchLimits should warn for large batches",
          "status": "passed",
          "title": "should warn for large batches",
          "failureMessages": [],
          "duration": 2
        },
        {
          "ancestorTitles": [
            "PickupBusinessRules",
            "validatePickupBatchLimits"
          ],
          "fullName": "PickupBusinessRules validatePickupBatchLimits should reject batches exceeding item limit",
          "status": "passed",
          "title": "should reject batches exceeding item limit",
          "failureMessages": [],
          "duration": 1
        },
        {
          "ancestorTitles": [
            "PickupBusinessRules",
            "validatePickupBatchLimits"
          ],
          "fullName": "PickupBusinessRules validatePickupBatchLimits should reject batches exceeding quantity limit",
          "status": "passed",
          "title": "should reject batches exceeding quantity limit",
          "failureMessages": [],
          "duration": 1
        },
        {
          "ancestorTitles": [
            "PickupBusinessRules",
            "validateNoDuplicateItems"
          ],
          "fullName": "PickupBusinessRules validateNoDuplicateItems should validate unique items",
          "status": "passed",
          "title": "should validate unique items",
          "failureMessages": [],
          "duration": 0
        },
        {
          "ancestorTitles": [
            "PickupBusinessRules",
            "validateNoDuplicateItems"
          ],
          "fullName": "PickupBusinessRules validateNoDuplicateItems should reject duplicate items",
          "status": "passed",
          "title": "should reject duplicate items",
          "failureMessages": [],
          "duration": 1
        },
        {
          "ancestorTitles": [
            "PickupBusinessRules",
            "validateBusinessHours"
          ],
          "fullName": "PickupBusinessRules validateBusinessHours should validate normal business hours",
          "status": "passed",
          "title": "should validate normal business hours",
          "failureMessages": [],
          "duration": 1
        },
        {
          "ancestorTitles": [
            "PickupBusinessRules",
            "validateBusinessHours"
          ],
          "fullName": "PickupBusinessRules validateBusinessHours should warn for weekend pickup",
          "status": "passed",
          "title": "should warn for weekend pickup",
          "failureMessages": [],
          "duration": 0
        },
        {
          "ancestorTitles": [
            "PickupBusinessRules",
            "validateBusinessHours"
          ],
          "fullName": "PickupBusinessRules validateBusinessHours should warn for outside business hours",
          "status": "passed",
          "title": "should warn for outside business hours",
          "failureMessages": [],
          "duration": 0
        },
        {
          "ancestorTitles": [
            "PickupBusinessRules",
            "validateConcurrentPickup"
          ],
          "fullName": "PickupBusinessRules validateConcurrentPickup should validate when no concurrent pickup detected",
          "status": "passed",
          "title": "should validate when no concurrent pickup detected",
          "failureMessages": [],
          "duration": 1
        },
        {
          "ancestorTitles": [
            "PickupBusinessRules",
            "validateConcurrentPickup"
          ],
          "fullName": "PickupBusinessRules validateConcurrentPickup should detect potential concurrent pickup",
          "status": "passed",
          "title": "should detect potential concurrent pickup",
          "failureMessages": [],
          "duration": 1
        },
        {
          "ancestorTitles": [
            "PickupValidator",
            "validatePickupRequest"
          ],
          "fullName": "PickupValidator validatePickupRequest should perform comprehensive validation and return valid result",
          "status": "passed",
          "title": "should perform comprehensive validation and return valid result",
          "failureMessages": [],
          "duration": 1
        },
        {
          "ancestorTitles": [
            "PickupValidator",
            "validatePickupRequest"
          ],
          "fullName": "PickupValidator validatePickupRequest should detect multiple validation errors",
          "status": "passed",
          "title": "should detect multiple validation errors",
          "failureMessages": [],
          "duration": 1
        },
        {
          "ancestorTitles": [
            "PickupValidator",
            "validatePickupRequest"
          ],
          "fullName": "PickupValidator validatePickupRequest should categorize validation results correctly",
          "status": "passed",
          "title": "should categorize validation results correctly",
          "failureMessages": [],
          "duration": 1
        },
        {
          "ancestorTitles": [
            "PickupValidator",
            "generateValidationReport"
          ],
          "fullName": "PickupValidator generateValidationReport should generate comprehensive validation report",
          "status": "passed",
          "title": "should generate comprehensive validation report",
          "failureMessages": [],
          "duration": 1
        },
        {
          "ancestorTitles": [
            "PickupValidator",
            "generateValidationReport"
          ],
          "fullName": "PickupValidator generateValidationReport should generate valid status report",
          "status": "passed",
          "title": "should generate valid status report",
          "failureMessages": [],
          "duration": 1
        }
      ],
      "failureMessage": null
    },
    {
      "testFilePath": "D:\\.work\\rental-software\\features\\kasir\\services\\availabilityService.test.ts",
      "testFileResults": [
        {
          "ancestorTitles": [
            "AvailabilityService",
            "getProductAvailability"
          ],
          "fullName": "AvailabilityService getProductAvailability should calculate availability for product with no active rentals",
          "status": "failed",
          "title": "should calculate availability for product with no active rentals",
          "failureMessages": [
            "Error: expect(received).toBe(expected) // Object.is equality\n\nExpected: 0\nReceived: undefined\n    at Object.toBe (D:\\.work\\rental-software\\features\\kasir\\services\\availabilityService.test.ts:63:37)\n    at processTicksAndRejections (node:internal/process/task_queues:105:5)"
          ],
          "duration": 13
        },
        {
          "ancestorTitles": [
            "AvailabilityService",
            "getProductAvailability"
          ],
          "fullName": "AvailabilityService getProductAvailability should calculate availability considering active rentals",
          "status": "failed",
          "title": "should calculate availability considering active rentals",
          "failureMessages": [
            "Error: expect(received).toBe(expected) // Object.is equality\n\nExpected: 5\nReceived: undefined\n    at Object.toBe (D:\\.work\\rental-software\\features\\kasir\\services\\availabilityService.test.ts:109:37)\n    at processTicksAndRejections (node:internal/process/task_queues:105:5)"
          ],
          "duration": 2
        },
        {
          "ancestorTitles": [
            "AvailabilityService",
            "getProductAvailability"
          ],
          "fullName": "AvailabilityService getProductAvailability should exclude fully returned items from rental calculation",
          "status": "failed",
          "title": "should exclude fully returned items from rental calculation",
          "failureMessages": [
            "Error: expect(received).toBe(expected) // Object.is equality\n\nExpected: 2\nReceived: undefined\n    at Object.toBe (D:\\.work\\rental-software\\features\\kasir\\services\\availabilityService.test.ts:153:37)\n    at processTicksAndRejections (node:internal/process/task_queues:105:5)"
          ],
          "duration": 2
        },
        {
          "ancestorTitles": [
            "AvailabilityService",
            "getProductAvailability"
          ],
          "fullName": "AvailabilityService getProductAvailability should handle ongoing rentals with no end date",
          "status": "failed",
          "title": "should handle ongoing rentals with no end date",
          "failureMessages": [
            "Error: expect(received).toBe(expected) // Object.is equality\n\nExpected: 4\nReceived: undefined\n    at Object.toBe (D:\\.work\\rental-software\\features\\kasir\\services\\availabilityService.test.ts:177:37)\n    at processTicksAndRejections (node:internal/process/task_queues:105:5)"
          ],
          "duration": 1
        },
        {
          "ancestorTitles": [
            "AvailabilityService",
            "getProductAvailability"
          ],
          "fullName": "AvailabilityService getProductAvailability should throw error if product not found",
          "status": "passed",
          "title": "should throw error if product not found",
          "failureMessages": [],
          "duration": 5
        },
        {
          "ancestorTitles": [
            "AvailabilityService",
            "getProductAvailability"
          ],
          "fullName": "AvailabilityService getProductAvailability should ensure available quantity never goes below zero",
          "status": "failed",
          "title": "should ensure available quantity never goes below zero",
          "failureMessages": [
            "Error: expect(received).toBe(expected) // Object.is equality\n\nExpected: 0\nReceived: NaN\n    at Object.toBe (D:\\.work\\rental-software\\features\\kasir\\services\\availabilityService.test.ts:209:40)\n    at processTicksAndRejections (node:internal/process/task_queues:105:5)"
          ],
          "duration": 1
        },
        {
          "ancestorTitles": [
            "AvailabilityService",
            "getMultipleProductAvailability"
          ],
          "fullName": "AvailabilityService getMultipleProductAvailability should get availability for multiple products",
          "status": "passed",
          "title": "should get availability for multiple products",
          "failureMessages": [],
          "duration": 1
        },
        {
          "ancestorTitles": [
            "AvailabilityService",
            "checkRentalAvailability"
          ],
          "fullName": "AvailabilityService checkRentalAvailability should return available=true when all items are available",
          "status": "passed",
          "title": "should return available=true when all items are available",
          "failureMessages": [],
          "duration": 2
        },
        {
          "ancestorTitles": [
            "AvailabilityService",
            "checkRentalAvailability"
          ],
          "fullName": "AvailabilityService checkRentalAvailability should return conflicts when items are not available",
          "status": "passed",
          "title": "should return conflicts when items are not available",
          "failureMessages": [],
          "duration": 1
        },
        {
          "ancestorTitles": [
            "AvailabilityService",
            "getCategoryAvailability"
          ],
          "fullName": "AvailabilityService getCategoryAvailability should get availability for all products in a category",
          "status": "passed",
          "title": "should get availability for all products in a category",
          "failureMessages": [],
          "duration": 2
        },
        {
          "ancestorTitles": [
            "AvailabilityService",
            "reserveProducts"
          ],
          "fullName": "AvailabilityService reserveProducts should reserve products when available",
          "status": "passed",
          "title": "should reserve products when available",
          "failureMessages": [],
          "duration": 1
        },
        {
          "ancestorTitles": [
            "AvailabilityService",
            "reserveProducts"
          ],
          "fullName": "AvailabilityService reserveProducts should throw error when products not available for reservation",
          "status": "passed",
          "title": "should throw error when products not available for reservation",
          "failureMessages": [],
          "duration": 1
        },
        {
          "ancestorTitles": [
            "AvailabilityService",
            "getAvailabilitySummary"
          ],
          "fullName": "AvailabilityService getAvailabilitySummary should return availability summary for dashboard",
          "status": "failed",
          "title": "should return availability summary for dashboard",
          "failureMessages": [
            "Error: expect(received).toBe(expected) // Object.is equality\n\nExpected: 1\nReceived: 0\n    at Object.toBe (D:\\.work\\rental-software\\features\\kasir\\services\\availabilityService.test.ts:419:37)\n    at processTicksAndRejections (node:internal/process/task_queues:105:5)"
          ],
          "duration": 1
        },
        {
          "ancestorTitles": [
            "AvailabilityService",
            "getLowStockProducts"
          ],
          "fullName": "AvailabilityService getLowStockProducts should return products with low availability",
          "status": "failed",
          "title": "should return products with low availability",
          "failureMessages": [
            "Error: expect(received).toHaveLength(expected)\n\nExpected length: 1\nReceived length: 0\nReceived array:  []\n    at Object.toHaveLength (D:\\.work\\rental-software\\features\\kasir\\services\\availabilityService.test.ts:466:22)\n    at processTicksAndRejections (node:internal/process/task_queues:105:5)"
          ],
          "duration": 2
        },
        {
          "ancestorTitles": [
            "AvailabilityService",
            "getLowStockProducts"
          ],
          "fullName": "AvailabilityService getLowStockProducts should sort low stock products by availability ascending",
          "status": "failed",
          "title": "should sort low stock products by availability ascending",
          "failureMessages": [
            "Error: expect(received).toHaveLength(expected)\n\nExpected length: 2\nReceived length: 0\nReceived array:  []\n    at Object.toHaveLength (D:\\.work\\rental-software\\features\\kasir\\services\\availabilityService.test.ts:515:22)\n    at processTicksAndRejections (node:internal/process/task_queues:105:5)"
          ],
          "duration": 1
        },
        {
          "ancestorTitles": [
            "AvailabilityService",
            "validateTransactionItems"
          ],
          "fullName": "AvailabilityService validateTransactionItems should validate all items successfully",
          "status": "passed",
          "title": "should validate all items successfully",
          "failureMessages": [],
          "duration": 1
        },
        {
          "ancestorTitles": [
            "AvailabilityService",
            "validateTransactionItems"
          ],
          "fullName": "AvailabilityService validateTransactionItems should return error for nonexistent product",
          "status": "passed",
          "title": "should return error for nonexistent product",
          "failureMessages": [],
          "duration": 1
        },
        {
          "ancestorTitles": [
            "AvailabilityService",
            "validateTransactionItems"
          ],
          "fullName": "AvailabilityService validateTransactionItems should return error for inactive product",
          "status": "passed",
          "title": "should return error for inactive product",
          "failureMessages": [],
          "duration": 1
        },
        {
          "ancestorTitles": [
            "AvailabilityService",
            "validateTransactionItems"
          ],
          "fullName": "AvailabilityService validateTransactionItems should return errors for insufficient quantity",
          "status": "passed",
          "title": "should return errors for insufficient quantity",
          "failureMessages": [],
          "duration": 0
        },
        {
          "ancestorTitles": [
            "AvailabilityService",
            "validateTransactionItems"
          ],
          "fullName": "AvailabilityService validateTransactionItems should return warnings for low stock after rental",
          "status": "passed",
          "title": "should return warnings for low stock after rental",
          "failureMessages": [],
          "duration": 1
        },
        {
          "ancestorTitles": [
            "AvailabilityService",
            "validateTransactionItems"
          ],
          "fullName": "AvailabilityService validateTransactionItems should handle errors gracefully during validation",
          "status": "passed",
          "title": "should handle errors gracefully during validation",
          "failureMessages": [],
          "duration": 1
        },
        {
          "ancestorTitles": [
            "createAvailabilityService factory"
          ],
          "fullName": "createAvailabilityService factory should create availability service instance",
          "status": "passed",
          "title": "should create availability service instance",
          "failureMessages": [],
          "duration": 0
        }
      ],
      "failureMessage": "  ● AvailabilityService › getProductAvailability › should calculate availability for product with no active rentals\n\n    expect(received).toBe(expected) // Object.is equality\n\n    Expected: 0\n    Received: undefined\n\n    \u001b[0m \u001b[90m 61 |\u001b[39m       expect(result\u001b[33m.\u001b[39mproductId)\u001b[33m.\u001b[39mtoBe(productId)\n     \u001b[90m 62 |\u001b[39m       expect(result\u001b[33m.\u001b[39mtotalStock)\u001b[33m.\u001b[39mtoBe(\u001b[35m10\u001b[39m)\n    \u001b[31m\u001b[1m>\u001b[22m\u001b[39m\u001b[90m 63 |\u001b[39m       expect(result\u001b[33m.\u001b[39mrentedQuantity)\u001b[33m.\u001b[39mtoBe(\u001b[35m0\u001b[39m)\n     \u001b[90m    |\u001b[39m                                     \u001b[31m\u001b[1m^\u001b[22m\u001b[39m\n     \u001b[90m 64 |\u001b[39m       expect(result\u001b[33m.\u001b[39mavailableQuantity)\u001b[33m.\u001b[39mtoBe(\u001b[35m10\u001b[39m)\n     \u001b[90m 65 |\u001b[39m       expect(result\u001b[33m.\u001b[39mactiveRentals)\u001b[33m.\u001b[39mtoEqual([])\n     \u001b[90m 66 |\u001b[39m\u001b[0m\n\n      at Object.toBe (features/kasir/services/availabilityService.test.ts:63:37)\n\n  ● AvailabilityService › getProductAvailability › should calculate availability considering active rentals\n\n    expect(received).toBe(expected) // Object.is equality\n\n    Expected: 5\n    Received: undefined\n\n    \u001b[0m \u001b[90m 107 |\u001b[39m\n     \u001b[90m 108 |\u001b[39m       expect(result\u001b[33m.\u001b[39mtotalStock)\u001b[33m.\u001b[39mtoBe(\u001b[35m10\u001b[39m)\n    \u001b[31m\u001b[1m>\u001b[22m\u001b[39m\u001b[90m 109 |\u001b[39m       expect(result\u001b[33m.\u001b[39mrentedQuantity)\u001b[33m.\u001b[39mtoBe(\u001b[35m5\u001b[39m) \u001b[90m// 3 + 2\u001b[39m\n     \u001b[90m     |\u001b[39m                                     \u001b[31m\u001b[1m^\u001b[22m\u001b[39m\n     \u001b[90m 110 |\u001b[39m       expect(result\u001b[33m.\u001b[39mavailableQuantity)\u001b[33m.\u001b[39mtoBe(\u001b[35m5\u001b[39m) \u001b[90m// 10 - 5\u001b[39m\n     \u001b[90m 111 |\u001b[39m       expect(result\u001b[33m.\u001b[39mactiveRentals)\u001b[33m.\u001b[39mtoHaveLength(\u001b[35m2\u001b[39m)\n     \u001b[90m 112 |\u001b[39m       expect(result\u001b[33m.\u001b[39mactiveRentals[\u001b[35m0\u001b[39m])\u001b[33m.\u001b[39mtoEqual({\u001b[0m\n\n      at Object.toBe (features/kasir/services/availabilityService.test.ts:109:37)\n\n  ● AvailabilityService › getProductAvailability › should exclude fully returned items from rental calculation\n\n    expect(received).toBe(expected) // Object.is equality\n\n    Expected: 2\n    Received: undefined\n\n    \u001b[0m \u001b[90m 151 |\u001b[39m       \u001b[36mconst\u001b[39m result \u001b[33m=\u001b[39m \u001b[36mawait\u001b[39m availabilityService\u001b[33m.\u001b[39mgetProductAvailability(productId\u001b[33m,\u001b[39m checkDate)\n     \u001b[90m 152 |\u001b[39m\n    \u001b[31m\u001b[1m>\u001b[22m\u001b[39m\u001b[90m 153 |\u001b[39m       expect(result\u001b[33m.\u001b[39mrentedQuantity)\u001b[33m.\u001b[39mtoBe(\u001b[35m2\u001b[39m) \u001b[90m// Only count the unreturned item\u001b[39m\n     \u001b[90m     |\u001b[39m                                     \u001b[31m\u001b[1m^\u001b[22m\u001b[39m\n     \u001b[90m 154 |\u001b[39m       expect(result\u001b[33m.\u001b[39mavailableQuantity)\u001b[33m.\u001b[39mtoBe(\u001b[35m8\u001b[39m) \u001b[90m// 10 - 2\u001b[39m\n     \u001b[90m 155 |\u001b[39m     })\n     \u001b[90m 156 |\u001b[39m\u001b[0m\n\n      at Object.toBe (features/kasir/services/availabilityService.test.ts:153:37)\n\n  ● AvailabilityService › getProductAvailability › should handle ongoing rentals with no end date\n\n    expect(received).toBe(expected) // Object.is equality\n\n    Expected: 4\n    Received: undefined\n\n    \u001b[0m \u001b[90m 175 |\u001b[39m       \u001b[36mconst\u001b[39m result \u001b[33m=\u001b[39m \u001b[36mawait\u001b[39m availabilityService\u001b[33m.\u001b[39mgetProductAvailability(productId\u001b[33m,\u001b[39m checkDate)\n     \u001b[90m 176 |\u001b[39m\n    \u001b[31m\u001b[1m>\u001b[22m\u001b[39m\u001b[90m 177 |\u001b[39m       expect(result\u001b[33m.\u001b[39mrentedQuantity)\u001b[33m.\u001b[39mtoBe(\u001b[35m4\u001b[39m)\n     \u001b[90m     |\u001b[39m                                     \u001b[31m\u001b[1m^\u001b[22m\u001b[39m\n     \u001b[90m 178 |\u001b[39m       expect(result\u001b[33m.\u001b[39mavailableQuantity)\u001b[33m.\u001b[39mtoBe(\u001b[35m6\u001b[39m)\n     \u001b[90m 179 |\u001b[39m       expect(result\u001b[33m.\u001b[39mactiveRentals[\u001b[35m0\u001b[39m]\u001b[33m.\u001b[39mendDate)\u001b[33m.\u001b[39mtoBeUndefined()\n     \u001b[90m 180 |\u001b[39m     })\u001b[0m\n\n      at Object.toBe (features/kasir/services/availabilityService.test.ts:177:37)\n\n  ● AvailabilityService › getProductAvailability › should ensure available quantity never goes below zero\n\n    expect(received).toBe(expected) // Object.is equality\n\n    Expected: 0\n    Received: NaN\n\n    \u001b[0m \u001b[90m 207 |\u001b[39m       \u001b[36mconst\u001b[39m result \u001b[33m=\u001b[39m \u001b[36mawait\u001b[39m availabilityService\u001b[33m.\u001b[39mgetProductAvailability(productId\u001b[33m,\u001b[39m checkDate)\n     \u001b[90m 208 |\u001b[39m\n    \u001b[31m\u001b[1m>\u001b[22m\u001b[39m\u001b[90m 209 |\u001b[39m       expect(result\u001b[33m.\u001b[39mavailableQuantity)\u001b[33m.\u001b[39mtoBe(\u001b[35m0\u001b[39m) \u001b[90m// Should not be negative\u001b[39m\n     \u001b[90m     |\u001b[39m                                        \u001b[31m\u001b[1m^\u001b[22m\u001b[39m\n     \u001b[90m 210 |\u001b[39m       expect(result\u001b[33m.\u001b[39mrentedQuantity)\u001b[33m.\u001b[39mtoBe(\u001b[35m15\u001b[39m)\n     \u001b[90m 211 |\u001b[39m     })\n     \u001b[90m 212 |\u001b[39m   })\u001b[0m\n\n      at Object.toBe (features/kasir/services/availabilityService.test.ts:209:40)\n\n  ● AvailabilityService › getAvailabilitySummary › should return availability summary for dashboard\n\n    expect(received).toBe(expected) // Object.is equality\n\n    Expected: 1\n    Received: 0\n\n    \u001b[0m \u001b[90m 417 |\u001b[39m\n     \u001b[90m 418 |\u001b[39m       expect(result\u001b[33m.\u001b[39mtotalProducts)\u001b[33m.\u001b[39mtoBe(\u001b[35m3\u001b[39m)\n    \u001b[31m\u001b[1m>\u001b[22m\u001b[39m\u001b[90m 419 |\u001b[39m       expect(result\u001b[33m.\u001b[39mfullyAvailable)\u001b[33m.\u001b[39mtoBe(\u001b[35m1\u001b[39m)\n     \u001b[90m     |\u001b[39m                                     \u001b[31m\u001b[1m^\u001b[22m\u001b[39m\n     \u001b[90m 420 |\u001b[39m       expect(result\u001b[33m.\u001b[39mpartiallyAvailable)\u001b[33m.\u001b[39mtoBe(\u001b[35m1\u001b[39m)\n     \u001b[90m 421 |\u001b[39m       expect(result\u001b[33m.\u001b[39moutOfStock)\u001b[33m.\u001b[39mtoBe(\u001b[35m1\u001b[39m)\n     \u001b[90m 422 |\u001b[39m       expect(result\u001b[33m.\u001b[39mtotalRented)\u001b[33m.\u001b[39mtoBe(\u001b[35m10\u001b[39m) \u001b[90m// 0 + 2 + 8\u001b[39m\u001b[0m\n\n      at Object.toBe (features/kasir/services/availabilityService.test.ts:419:37)\n\n  ● AvailabilityService › getLowStockProducts › should return products with low availability\n\n    expect(received).toHaveLength(expected)\n\n    Expected length: 1\n    Received length: 0\n    Received array:  []\n\n    \u001b[0m \u001b[90m 464 |\u001b[39m       \u001b[36mconst\u001b[39m result \u001b[33m=\u001b[39m \u001b[36mawait\u001b[39m availabilityService\u001b[33m.\u001b[39mgetLowStockProducts(\u001b[35m2\u001b[39m)\n     \u001b[90m 465 |\u001b[39m\n    \u001b[31m\u001b[1m>\u001b[22m\u001b[39m\u001b[90m 466 |\u001b[39m       expect(result)\u001b[33m.\u001b[39mtoHaveLength(\u001b[35m1\u001b[39m)\n     \u001b[90m     |\u001b[39m                      \u001b[31m\u001b[1m^\u001b[22m\u001b[39m\n     \u001b[90m 467 |\u001b[39m       expect(result[\u001b[35m0\u001b[39m])\u001b[33m.\u001b[39mtoEqual({\n     \u001b[90m 468 |\u001b[39m         productId\u001b[33m:\u001b[39m \u001b[32m'product-2'\u001b[39m\u001b[33m,\u001b[39m\n     \u001b[90m 469 |\u001b[39m         productName\u001b[33m:\u001b[39m \u001b[32m'Product 2'\u001b[39m\u001b[33m,\u001b[39m\u001b[0m\n\n      at Object.toHaveLength (features/kasir/services/availabilityService.test.ts:466:22)\n\n  ● AvailabilityService › getLowStockProducts › should sort low stock products by availability ascending\n\n    expect(received).toHaveLength(expected)\n\n    Expected length: 2\n    Received length: 0\n    Received array:  []\n\n    \u001b[0m \u001b[90m 513 |\u001b[39m       \u001b[36mconst\u001b[39m result \u001b[33m=\u001b[39m \u001b[36mawait\u001b[39m availabilityService\u001b[33m.\u001b[39mgetLowStockProducts(\u001b[35m2\u001b[39m)\n     \u001b[90m 514 |\u001b[39m\n    \u001b[31m\u001b[1m>\u001b[22m\u001b[39m\u001b[90m 515 |\u001b[39m       expect(result)\u001b[33m.\u001b[39mtoHaveLength(\u001b[35m2\u001b[39m)\n     \u001b[90m     |\u001b[39m                      \u001b[31m\u001b[1m^\u001b[22m\u001b[39m\n     \u001b[90m 516 |\u001b[39m       expect(result[\u001b[35m0\u001b[39m]\u001b[33m.\u001b[39mavailableQuantity)\u001b[33m.\u001b[39mtoBe(\u001b[35m1\u001b[39m) \u001b[90m// Most critical first\u001b[39m\n     \u001b[90m 517 |\u001b[39m       expect(result[\u001b[35m1\u001b[39m]\u001b[33m.\u001b[39mavailableQuantity)\u001b[33m.\u001b[39mtoBe(\u001b[35m2\u001b[39m)\n     \u001b[90m 518 |\u001b[39m     })\u001b[0m\n\n      at Object.toHaveLength (features/kasir/services/availabilityService.test.ts:515:22)\n"
    },
    {
      "testFilePath": "D:\\.work\\rental-software\\features\\kasir\\services\\pembayaranService.test.ts",
      "testFileResults": [
        {
          "ancestorTitles": [
            "PembayaranService",
            "createPembayaran"
          ],
          "fullName": "PembayaranService createPembayaran should create payment successfully",
          "status": "failed",
          "title": "should create payment successfully",
          "failureMessages": [
            "ReferenceError: setImmediate is not defined\n    at PembayaranService.setImmediate [as createPembayaran] (D:\\.work\\rental-software\\features\\kasir\\services\\pembayaranService.ts:166:5)\n    at processTicksAndRejections (node:internal/process/task_queues:105:5)\n    at Object.<anonymous> (D:\\.work\\rental-software\\features\\kasir\\services\\pembayaranService.test.ts:180:22)"
          ],
          "duration": 33
        },
        {
          "ancestorTitles": [
            "PembayaranService",
            "createPembayaran"
          ],
          "fullName": "PembayaranService createPembayaran should throw error if transaction not found",
          "status": "passed",
          "title": "should throw error if transaction not found",
          "failureMessages": [],
          "duration": 5
        },
        {
          "ancestorTitles": [
            "PembayaranService",
            "createPembayaran"
          ],
          "fullName": "PembayaranService createPembayaran should throw error if transaction is cancelled",
          "status": "passed",
          "title": "should throw error if transaction is cancelled",
          "failureMessages": [],
          "duration": 3
        },
        {
          "ancestorTitles": [
            "PembayaranService",
            "createPembayaran"
          ],
          "fullName": "PembayaranService createPembayaran should throw error if transaction is completed",
          "status": "passed",
          "title": "should throw error if transaction is completed",
          "failureMessages": [],
          "duration": 2
        },
        {
          "ancestorTitles": [
            "PembayaranService",
            "createPembayaran"
          ],
          "fullName": "PembayaranService createPembayaran should throw error if payment amount is invalid",
          "status": "passed",
          "title": "should throw error if payment amount is invalid",
          "failureMessages": [],
          "duration": 1
        },
        {
          "ancestorTitles": [
            "PembayaranService",
            "createPembayaran"
          ],
          "fullName": "PembayaranService createPembayaran should handle overpayment validation",
          "status": "passed",
          "title": "should handle overpayment validation",
          "failureMessages": [],
          "duration": 0
        },
        {
          "ancestorTitles": [
            "PembayaranService",
            "getTransactionPayments"
          ],
          "fullName": "PembayaranService getTransactionPayments should return payments for a transaction",
          "status": "passed",
          "title": "should return payments for a transaction",
          "failureMessages": [],
          "duration": 2
        },
        {
          "ancestorTitles": [
            "PembayaranService",
            "getPembayaranById"
          ],
          "fullName": "PembayaranService getPembayaranById should return payment by ID",
          "status": "passed",
          "title": "should return payment by ID",
          "failureMessages": [],
          "duration": 1
        },
        {
          "ancestorTitles": [
            "PembayaranService",
            "getPembayaranById"
          ],
          "fullName": "PembayaranService getPembayaranById should throw error if payment not found",
          "status": "passed",
          "title": "should throw error if payment not found",
          "failureMessages": [],
          "duration": 0
        },
        {
          "ancestorTitles": [
            "PembayaranService",
            "getPaymentSummary"
          ],
          "fullName": "PembayaranService getPaymentSummary should return payment summary for transaction",
          "status": "passed",
          "title": "should return payment summary for transaction",
          "failureMessages": [],
          "duration": 1
        },
        {
          "ancestorTitles": [
            "PembayaranService",
            "getPaymentSummary"
          ],
          "fullName": "PembayaranService getPaymentSummary should throw error if transaction not found for summary",
          "status": "passed",
          "title": "should throw error if transaction not found for summary",
          "failureMessages": [],
          "duration": 1
        },
        {
          "ancestorTitles": [
            "PembayaranService",
            "getPaymentSummary"
          ],
          "fullName": "PembayaranService getPaymentSummary should handle transaction with no payments",
          "status": "passed",
          "title": "should handle transaction with no payments",
          "failureMessages": [],
          "duration": 0
        },
        {
          "ancestorTitles": [
            "PembayaranService",
            "getPaymentList"
          ],
          "fullName": "PembayaranService getPaymentList should return paginated payment list",
          "status": "passed",
          "title": "should return paginated payment list",
          "failureMessages": [],
          "duration": 2
        },
        {
          "ancestorTitles": [
            "PembayaranService",
            "getPaymentList"
          ],
          "fullName": "PembayaranService getPaymentList should filter payments by transaction ID",
          "status": "passed",
          "title": "should filter payments by transaction ID",
          "failureMessages": [],
          "duration": 1
        },
        {
          "ancestorTitles": [
            "PembayaranService",
            "getPaymentList"
          ],
          "fullName": "PembayaranService getPaymentList should filter payments by method",
          "status": "passed",
          "title": "should filter payments by method",
          "failureMessages": [],
          "duration": 1
        },
        {
          "ancestorTitles": [
            "PembayaranService",
            "getPaymentList"
          ],
          "fullName": "PembayaranService getPaymentList should filter payments by date range",
          "status": "passed",
          "title": "should filter payments by date range",
          "failureMessages": [],
          "duration": 1
        },
        {
          "ancestorTitles": [
            "PembayaranService",
            "cancelPayment"
          ],
          "fullName": "PembayaranService cancelPayment should cancel payment successfully",
          "status": "failed",
          "title": "should cancel payment successfully",
          "failureMessages": [
            "ReferenceError: setImmediate is not defined\n    at PembayaranService.setImmediate [as cancelPayment] (D:\\.work\\rental-software\\features\\kasir\\services\\pembayaranService.ts:434:5)\n    at processTicksAndRejections (node:internal/process/task_queues:105:5)\n    at Object.<anonymous> (D:\\.work\\rental-software\\features\\kasir\\services\\pembayaranService.test.ts:567:7)"
          ],
          "duration": 1
        },
        {
          "ancestorTitles": [
            "PembayaranService",
            "cancelPayment"
          ],
          "fullName": "PembayaranService cancelPayment should throw error if payment not found for cancellation",
          "status": "passed",
          "title": "should throw error if payment not found for cancellation",
          "failureMessages": [],
          "duration": 1
        },
        {
          "ancestorTitles": [
            "PembayaranService",
            "cancelPayment"
          ],
          "fullName": "PembayaranService cancelPayment should throw error if transaction is already cancelled",
          "status": "passed",
          "title": "should throw error if transaction is already cancelled",
          "failureMessages": [],
          "duration": 0
        },
        {
          "ancestorTitles": [
            "PembayaranService",
            "getPaymentStats"
          ],
          "fullName": "PembayaranService getPaymentStats should return payment statistics",
          "status": "passed",
          "title": "should return payment statistics",
          "failureMessages": [],
          "duration": 1
        },
        {
          "ancestorTitles": [
            "PembayaranService",
            "getPaymentStats"
          ],
          "fullName": "PembayaranService getPaymentStats should filter statistics by date range",
          "status": "failed",
          "title": "should filter statistics by date range",
          "failureMessages": [
            "Error: expect(jest.fn()).toHaveBeenCalledWith(...expected)\n\n- Expected\n+ Received\n\n@@ -6,7 +6,14 @@\n    \"where\": Object {\n      \"createdAt\": Object {\n        \"gte\": 2025-07-01T00:00:00.000Z,\n        \"lte\": 2025-07-31T00:00:00.000Z,\n      },\n+     \"transaksi\": Object {\n+       \"status\": Object {\n+         \"notIn\": Array [\n+           \"cancelled\",\n+         ],\n+       },\n+     },\n    },\n  },\n\nNumber of calls: 1\n    at Object.toHaveBeenCalledWith (D:\\.work\\rental-software\\features\\kasir\\services\\pembayaranService.test.ts:632:46)\n    at processTicksAndRejections (node:internal/process/task_queues:105:5)"
          ],
          "duration": 4
        },
        {
          "ancestorTitles": [
            "PembayaranService",
            "getPaymentStats"
          ],
          "fullName": "PembayaranService getPaymentStats should handle empty payment data",
          "status": "passed",
          "title": "should handle empty payment data",
          "failureMessages": [],
          "duration": 1
        },
        {
          "ancestorTitles": [
            "PembayaranService",
            "getPaymentStats"
          ],
          "fullName": "PembayaranService getPaymentStats should aggregate payments by method correctly",
          "status": "passed",
          "title": "should aggregate payments by method correctly",
          "failureMessages": [],
          "duration": 1
        }
      ],
      "failureMessage": "  ● PembayaranService › createPembayaran › should create payment successfully\n\n    ReferenceError: setImmediate is not defined\n\n    \u001b[0m \u001b[90m 164 |\u001b[39m\n     \u001b[90m 165 |\u001b[39m     \u001b[90m// Log audit trail asynchronously for better performance\u001b[39m\n    \u001b[31m\u001b[1m>\u001b[22m\u001b[39m\u001b[90m 166 |\u001b[39m     setImmediate(() \u001b[33m=>\u001b[39m {\n     \u001b[90m     |\u001b[39m     \u001b[31m\u001b[1m^\u001b[22m\u001b[39m\n     \u001b[90m 167 |\u001b[39m       \u001b[36mthis\u001b[39m\u001b[33m.\u001b[39mauditService\u001b[33m.\u001b[39mlogPembayaranActivity(\n     \u001b[90m 168 |\u001b[39m         \u001b[32m'create'\u001b[39m\u001b[33m,\u001b[39m\n     \u001b[90m 169 |\u001b[39m         result\u001b[33m.\u001b[39mid\u001b[33m,\u001b[39m\u001b[0m\n\n      at PembayaranService.setImmediate [as createPembayaran] (features/kasir/services/pembayaranService.ts:166:5)\n      at Object.<anonymous> (features/kasir/services/pembayaranService.test.ts:180:22)\n\n  ● PembayaranService › cancelPayment › should cancel payment successfully\n\n    ReferenceError: setImmediate is not defined\n\n    \u001b[0m \u001b[90m 432 |\u001b[39m\n     \u001b[90m 433 |\u001b[39m     \u001b[90m// Log audit trail asynchronously for better performance\u001b[39m\n    \u001b[31m\u001b[1m>\u001b[22m\u001b[39m\u001b[90m 434 |\u001b[39m     setImmediate(() \u001b[33m=>\u001b[39m {\n     \u001b[90m     |\u001b[39m     \u001b[31m\u001b[1m^\u001b[22m\u001b[39m\n     \u001b[90m 435 |\u001b[39m       \u001b[36mthis\u001b[39m\u001b[33m.\u001b[39mauditService\u001b[33m.\u001b[39mlogPembayaranActivity(\n     \u001b[90m 436 |\u001b[39m         \u001b[32m'delete'\u001b[39m\u001b[33m,\u001b[39m\n     \u001b[90m 437 |\u001b[39m         id\u001b[33m,\u001b[39m\u001b[0m\n\n      at PembayaranService.setImmediate [as cancelPayment] (features/kasir/services/pembayaranService.ts:434:5)\n      at Object.<anonymous> (features/kasir/services/pembayaranService.test.ts:567:7)\n\n  ● PembayaranService › getPaymentStats › should filter statistics by date range\n\n    expect(jest.fn()).toHaveBeenCalledWith(...expected)\n\n    - Expected\n    + Received\n\n    @@ -6,7 +6,14 @@\n        \"where\": Object {\n          \"createdAt\": Object {\n            \"gte\": 2025-07-01T00:00:00.000Z,\n            \"lte\": 2025-07-31T00:00:00.000Z,\n          },\n    +     \"transaksi\": Object {\n    +       \"status\": Object {\n    +         \"notIn\": Array [\n    +           \"cancelled\",\n    +         ],\n    +       },\n    +     },\n        },\n      },\n\n    Number of calls: 1\n\n    \u001b[0m \u001b[90m 630 |\u001b[39m       \u001b[36mawait\u001b[39m pembayaranService\u001b[33m.\u001b[39mgetPaymentStats(startDate\u001b[33m,\u001b[39m endDate)\n     \u001b[90m 631 |\u001b[39m\n    \u001b[31m\u001b[1m>\u001b[22m\u001b[39m\u001b[90m 632 |\u001b[39m       expect(mockPrisma\u001b[33m.\u001b[39mpembayaran\u001b[33m.\u001b[39mfindMany)\u001b[33m.\u001b[39mtoHaveBeenCalledWith({\n     \u001b[90m     |\u001b[39m                                              \u001b[31m\u001b[1m^\u001b[22m\u001b[39m\n     \u001b[90m 633 |\u001b[39m         where\u001b[33m:\u001b[39m {\n     \u001b[90m 634 |\u001b[39m           createdAt\u001b[33m:\u001b[39m {\n     \u001b[90m 635 |\u001b[39m             gte\u001b[33m:\u001b[39m startDate\u001b[33m,\u001b[39m\u001b[0m\n\n      at Object.toHaveBeenCalledWith (features/kasir/services/pembayaranService.test.ts:632:46)\n"
    },
    {
      "testFilePath": "D:\\.work\\rental-software\\features\\kasir\\lib\\utils\\statusUtils.test.ts",
      "testFileResults": [
        {
          "ancestorTitles": [
            "Status Utils Functions",
            "calculateEnhancedStatus",
            "Priority 1: Overdue Status (terlambat)"
          ],
          "fullName": "Status Utils Functions calculateEnhancedStatus Priority 1: Overdue Status (terlambat) should return terlambat when base status is terlambat",
          "status": "passed",
          "title": "should return terlambat when base status is terlambat",
          "failureMessages": [],
          "duration": 94
        },
        {
          "ancestorTitles": [
            "Status Utils Functions",
            "calculateEnhancedStatus",
            "Priority 1: Overdue Status (terlambat)"
          ],
          "fullName": "Status Utils Functions calculateEnhancedStatus Priority 1: Overdue Status (terlambat) should return terlambat when past end date and status is active",
          "status": "passed",
          "title": "should return terlambat when past end date and status is active",
          "failureMessages": [],
          "duration": 13
        },
        {
          "ancestorTitles": [
            "Status Utils Functions",
            "calculateEnhancedStatus",
            "Priority 1: Overdue Status (terlambat)"
          ],
          "fullName": "Status Utils Functions calculateEnhancedStatus Priority 1: Overdue Status (terlambat) should not return terlambat when end date is in future",
          "status": "passed",
          "title": "should not return terlambat when end date is in future",
          "failureMessages": [],
          "duration": 10
        },
        {
          "ancestorTitles": [
            "Status Utils Functions",
            "calculateEnhancedStatus",
            "Priority 2: Cancelled Status"
          ],
          "fullName": "Status Utils Functions calculateEnhancedStatus Priority 2: Cancelled Status should return cancelled when base status is cancelled",
          "status": "passed",
          "title": "should return cancelled when base status is cancelled",
          "failureMessages": [],
          "duration": 4
        },
        {
          "ancestorTitles": [
            "Status Utils Functions",
            "calculateEnhancedStatus",
            "Priority 3: Completed Status (selesai)"
          ],
          "fullName": "Status Utils Functions calculateEnhancedStatus Priority 3: Completed Status (selesai) should return selesai when base status is selesai",
          "status": "passed",
          "title": "should return selesai when base status is selesai",
          "failureMessages": [],
          "duration": 8
        },
        {
          "ancestorTitles": [
            "Status Utils Functions",
            "calculateEnhancedStatus",
            "Priority 4: Pickup Detection (diambil)"
          ],
          "fullName": "Status Utils Functions calculateEnhancedStatus Priority 4: Pickup Detection (diambil) should return diambil when hasPickup flag is true",
          "status": "passed",
          "title": "should return diambil when hasPickup flag is true",
          "failureMessages": [],
          "duration": 9
        },
        {
          "ancestorTitles": [
            "Status Utils Functions",
            "calculateEnhancedStatus",
            "Priority 4: Pickup Detection (diambil)"
          ],
          "fullName": "Status Utils Functions calculateEnhancedStatus Priority 4: Pickup Detection (diambil) should return diambil when items have jumlahDiambil > 0",
          "status": "passed",
          "title": "should return diambil when items have jumlahDiambil > 0",
          "failureMessages": [],
          "duration": 10
        },
        {
          "ancestorTitles": [
            "Status Utils Functions",
            "calculateEnhancedStatus",
            "Priority 4: Pickup Detection (diambil)"
          ],
          "fullName": "Status Utils Functions calculateEnhancedStatus Priority 4: Pickup Detection (diambil) should return active when no pickup detected",
          "status": "passed",
          "title": "should return active when no pickup detected",
          "failureMessages": [],
          "duration": 15
        },
        {
          "ancestorTitles": [
            "Status Utils Functions",
            "calculateEnhancedStatus",
            "Priority 4: Pickup Detection (diambil)"
          ],
          "fullName": "Status Utils Functions calculateEnhancedStatus Priority 4: Pickup Detection (diambil) should prefer hasPickup flag over item parsing when provided",
          "status": "passed",
          "title": "should prefer hasPickup flag over item parsing when provided",
          "failureMessages": [],
          "duration": 6
        },
        {
          "ancestorTitles": [
            "Status Utils Functions",
            "calculateEnhancedStatus",
            "Fallback to Base Status"
          ],
          "fullName": "Status Utils Functions calculateEnhancedStatus Fallback to Base Status should return base status when no special conditions apply",
          "status": "passed",
          "title": "should return base status when no special conditions apply",
          "failureMessages": [],
          "duration": 4
        },
        {
          "ancestorTitles": [
            "Status Utils Functions",
            "calculateEnhancedStatus",
            "Fallback to Base Status"
          ],
          "fullName": "Status Utils Functions calculateEnhancedStatus Fallback to Base Status should return base status when status is not active",
          "status": "passed",
          "title": "should return base status when status is not active",
          "failureMessages": [],
          "duration": 4
        },
        {
          "ancestorTitles": [
            "Status Utils Functions",
            "calculateEnhancedStatus",
            "Edge Cases"
          ],
          "fullName": "Status Utils Functions calculateEnhancedStatus Edge Cases should handle undefined items gracefully",
          "status": "passed",
          "title": "should handle undefined items gracefully",
          "failureMessages": [],
          "duration": 3
        },
        {
          "ancestorTitles": [
            "Status Utils Functions",
            "calculateEnhancedStatus",
            "Edge Cases"
          ],
          "fullName": "Status Utils Functions calculateEnhancedStatus Edge Cases should handle empty items array",
          "status": "passed",
          "title": "should handle empty items array",
          "failureMessages": [],
          "duration": 5
        },
        {
          "ancestorTitles": [
            "Status Utils Functions",
            "calculateEnhancedStatus",
            "Edge Cases"
          ],
          "fullName": "Status Utils Functions calculateEnhancedStatus Edge Cases should handle invalid end date",
          "status": "passed",
          "title": "should handle invalid end date",
          "failureMessages": [],
          "duration": 9
        },
        {
          "ancestorTitles": [
            "Status Utils Functions",
            "hasValidItemData"
          ],
          "fullName": "Status Utils Functions hasValidItemData should return true for valid items array with jumlahDiambil",
          "status": "passed",
          "title": "should return true for valid items array with jumlahDiambil",
          "failureMessages": [],
          "duration": 2
        },
        {
          "ancestorTitles": [
            "Status Utils Functions",
            "hasValidItemData"
          ],
          "fullName": "Status Utils Functions hasValidItemData should return false for non-array input",
          "status": "passed",
          "title": "should return false for non-array input",
          "failureMessages": [],
          "duration": 7
        },
        {
          "ancestorTitles": [
            "Status Utils Functions",
            "hasValidItemData"
          ],
          "fullName": "Status Utils Functions hasValidItemData should return false for empty array",
          "status": "passed",
          "title": "should return false for empty array",
          "failureMessages": [],
          "duration": 1
        },
        {
          "ancestorTitles": [
            "Status Utils Functions",
            "hasValidItemData"
          ],
          "fullName": "Status Utils Functions hasValidItemData should return false for items missing jumlahDiambil",
          "status": "passed",
          "title": "should return false for items missing jumlahDiambil",
          "failureMessages": [],
          "duration": 2
        },
        {
          "ancestorTitles": [
            "Status Utils Functions",
            "hasValidItemData"
          ],
          "fullName": "Status Utils Functions hasValidItemData should return false for items with non-numeric jumlahDiambil",
          "status": "passed",
          "title": "should return false for items with non-numeric jumlahDiambil",
          "failureMessages": [],
          "duration": 2
        },
        {
          "ancestorTitles": [
            "Status Utils Functions",
            "hasValidItemData"
          ],
          "fullName": "Status Utils Functions hasValidItemData should return false for null/undefined items in array",
          "status": "passed",
          "title": "should return false for null/undefined items in array",
          "failureMessages": [],
          "duration": 6
        },
        {
          "ancestorTitles": [
            "Status Utils Functions",
            "hasPickupItems"
          ],
          "fullName": "Status Utils Functions hasPickupItems should return true when at least one item has jumlahDiambil > 0",
          "status": "passed",
          "title": "should return true when at least one item has jumlahDiambil > 0",
          "failureMessages": [],
          "duration": 1
        },
        {
          "ancestorTitles": [
            "Status Utils Functions",
            "hasPickupItems"
          ],
          "fullName": "Status Utils Functions hasPickupItems should return false when all items have jumlahDiambil = 0",
          "status": "passed",
          "title": "should return false when all items have jumlahDiambil = 0",
          "failureMessages": [],
          "duration": 1
        },
        {
          "ancestorTitles": [
            "Status Utils Functions",
            "hasPickupItems"
          ],
          "fullName": "Status Utils Functions hasPickupItems should return false for empty items array",
          "status": "passed",
          "title": "should return false for empty items array",
          "failureMessages": [],
          "duration": 0
        },
        {
          "ancestorTitles": [
            "Status Utils Functions",
            "isOverdue"
          ],
          "fullName": "Status Utils Functions isOverdue should return true when current date is past end date",
          "status": "passed",
          "title": "should return true when current date is past end date",
          "failureMessages": [],
          "duration": 1
        },
        {
          "ancestorTitles": [
            "Status Utils Functions",
            "isOverdue"
          ],
          "fullName": "Status Utils Functions isOverdue should return false when current date is before end date",
          "status": "passed",
          "title": "should return false when current date is before end date",
          "failureMessages": [],
          "duration": 0
        },
        {
          "ancestorTitles": [
            "Status Utils Functions",
            "isOverdue"
          ],
          "fullName": "Status Utils Functions isOverdue should return false when end date is undefined",
          "status": "passed",
          "title": "should return false when end date is undefined",
          "failureMessages": [],
          "duration": 1
        },
        {
          "ancestorTitles": [
            "Status Utils Functions",
            "isOverdue"
          ],
          "fullName": "Status Utils Functions isOverdue should return false when end date is empty string",
          "status": "passed",
          "title": "should return false when end date is empty string",
          "failureMessages": [],
          "duration": 0
        },
        {
          "ancestorTitles": [
            "Status Utils Functions",
            "isOverdue"
          ],
          "fullName": "Status Utils Functions isOverdue should handle invalid date strings gracefully",
          "status": "passed",
          "title": "should handle invalid date strings gracefully",
          "failureMessages": [],
          "duration": 0
        },
        {
          "ancestorTitles": [
            "Status Utils Functions",
            "isOverdue"
          ],
          "fullName": "Status Utils Functions isOverdue should handle edge case of exact current time",
          "status": "passed",
          "title": "should handle edge case of exact current time",
          "failureMessages": [],
          "duration": 0
        }
      ],
      "failureMessage": null
    },
    {
      "testFilePath": "D:\\.work\\rental-software\\features\\kasir\\lib\\utils\\penaltyCalculator.test.ts",
      "testFileResults": [
        {
          "ancestorTitles": [
            "PenaltyCalculator",
            "calculateLatePenalty"
          ],
          "fullName": "PenaltyCalculator calculateLatePenalty should calculate no penalty for on-time return",
          "status": "passed",
          "title": "should calculate no penalty for on-time return",
          "failureMessages": [],
          "duration": 8
        },
        {
          "ancestorTitles": [
            "PenaltyCalculator",
            "calculateLatePenalty"
          ],
          "fullName": "PenaltyCalculator calculateLatePenalty should calculate penalty for late return with default rate",
          "status": "passed",
          "title": "should calculate penalty for late return with default rate",
          "failureMessages": [],
          "duration": 1
        },
        {
          "ancestorTitles": [
            "PenaltyCalculator",
            "calculateLatePenalty"
          ],
          "fullName": "PenaltyCalculator calculateLatePenalty should cap penalty at maximum days (365)",
          "status": "passed",
          "title": "should cap penalty at maximum days (365)",
          "failureMessages": [],
          "duration": 1
        },
        {
          "ancestorTitles": [
            "PenaltyCalculator",
            "calculateLatePenalty"
          ],
          "fullName": "PenaltyCalculator calculateLatePenalty should handle fractional days by rounding up",
          "status": "passed",
          "title": "should handle fractional days by rounding up",
          "failureMessages": [],
          "duration": 0
        },
        {
          "ancestorTitles": [
            "PenaltyCalculator",
            "calculateConditionPenalty",
            "Frontend Integration - Current Condition Values"
          ],
          "fullName": "PenaltyCalculator calculateConditionPenalty Frontend Integration - Current Condition Values should handle \"baik\" condition correctly (CRITICAL FIX)",
          "status": "passed",
          "title": "should handle \"baik\" condition correctly (CRITICAL FIX)",
          "failureMessages": [],
          "duration": 2
        },
        {
          "ancestorTitles": [
            "PenaltyCalculator",
            "calculateConditionPenalty",
            "Frontend Integration - Current Condition Values"
          ],
          "fullName": "PenaltyCalculator calculateConditionPenalty Frontend Integration - Current Condition Values should handle \"kotor\" condition correctly",
          "status": "passed",
          "title": "should handle \"kotor\" condition correctly",
          "failureMessages": [],
          "duration": 1
        },
        {
          "ancestorTitles": [
            "PenaltyCalculator",
            "calculateConditionPenalty",
            "Frontend Integration - Current Condition Values"
          ],
          "fullName": "PenaltyCalculator calculateConditionPenalty Frontend Integration - Current Condition Values should handle \"rusak ringan\" condition correctly",
          "status": "passed",
          "title": "should handle \"rusak ringan\" condition correctly",
          "failureMessages": [],
          "duration": 1
        },
        {
          "ancestorTitles": [
            "PenaltyCalculator",
            "calculateConditionPenalty",
            "Frontend Integration - Current Condition Values"
          ],
          "fullName": "PenaltyCalculator calculateConditionPenalty Frontend Integration - Current Condition Values should handle \"rusak berat\" condition correctly",
          "status": "passed",
          "title": "should handle \"rusak berat\" condition correctly",
          "failureMessages": [],
          "duration": 1
        },
        {
          "ancestorTitles": [
            "PenaltyCalculator",
            "calculateConditionPenalty",
            "Frontend Integration - Current Condition Values"
          ],
          "fullName": "PenaltyCalculator calculateConditionPenalty Frontend Integration - Current Condition Values should handle \"hilang\" condition correctly (already working)",
          "status": "passed",
          "title": "should handle \"hilang\" condition correctly (already working)",
          "failureMessages": [],
          "duration": 48
        },
        {
          "ancestorTitles": [
            "PenaltyCalculator",
            "calculateConditionPenalty",
            "Legacy conditions - backward compatibility"
          ],
          "fullName": "PenaltyCalculator calculateConditionPenalty Legacy conditions - backward compatibility should return zero penalty for perfect condition",
          "status": "passed",
          "title": "should return zero penalty for perfect condition",
          "failureMessages": [],
          "duration": 1
        },
        {
          "ancestorTitles": [
            "PenaltyCalculator",
            "calculateConditionPenalty",
            "minor damage conditions"
          ],
          "fullName": "PenaltyCalculator calculateConditionPenalty minor damage conditions should apply 1x daily rate for light dirt",
          "status": "failed",
          "title": "should apply 1x daily rate for light dirt",
          "failureMessages": [
            "Error: expect(received).toBe(expected) // Object.is equality\n\nExpected: 5000\nReceived: 0\n    at Object.toBe (D:\\.work\\rental-software\\features\\kasir\\lib\\utils\\penaltyCalculator.test.ts:94:32)\n    at Promise.finally.completed (D:\\.work\\rental-software\\node_modules\\jest-circus\\build\\jestAdapterInit.js:1556:28)\n    at new Promise (<anonymous>)\n    at callAsyncCircusFn (D:\\.work\\rental-software\\node_modules\\jest-circus\\build\\jestAdapterInit.js:1496:10)\n    at _callCircusTest (D:\\.work\\rental-software\\node_modules\\jest-circus\\build\\jestAdapterInit.js:1006:40)\n    at processTicksAndRejections (node:internal/process/task_queues:105:5)\n    at _runTest (D:\\.work\\rental-software\\node_modules\\jest-circus\\build\\jestAdapterInit.js:946:3)\n    at _runTestsForDescribeBlock (D:\\.work\\rental-software\\node_modules\\jest-circus\\build\\jestAdapterInit.js:839:13)\n    at _runTestsForDescribeBlock (D:\\.work\\rental-software\\node_modules\\jest-circus\\build\\jestAdapterInit.js:829:11)\n    at _runTestsForDescribeBlock (D:\\.work\\rental-software\\node_modules\\jest-circus\\build\\jestAdapterInit.js:829:11)\n    at _runTestsForDescribeBlock (D:\\.work\\rental-software\\node_modules\\jest-circus\\build\\jestAdapterInit.js:829:11)\n    at run (D:\\.work\\rental-software\\node_modules\\jest-circus\\build\\jestAdapterInit.js:757:3)\n    at runAndTransformResultsToJestFormat (D:\\.work\\rental-software\\node_modules\\jest-circus\\build\\jestAdapterInit.js:1917:21)\n    at jestAdapter (D:\\.work\\rental-software\\node_modules\\jest-circus\\build\\runner.js:101:19)\n    at runTestInternal (D:\\.work\\rental-software\\node_modules\\jest-runner\\build\\testWorker.js:275:16)\n    at runTest (D:\\.work\\rental-software\\node_modules\\jest-runner\\build\\testWorker.js:343:7)\n    at Object.worker (D:\\.work\\rental-software\\node_modules\\jest-runner\\build\\testWorker.js:497:12)"
          ],
          "duration": 5
        },
        {
          "ancestorTitles": [
            "PenaltyCalculator",
            "calculateConditionPenalty",
            "minor damage conditions"
          ],
          "fullName": "PenaltyCalculator calculateConditionPenalty minor damage conditions should apply 1x daily rate for light stains",
          "status": "failed",
          "title": "should apply 1x daily rate for light stains",
          "failureMessages": [
            "Error: expect(received).toBe(expected) // Object.is equality\n\nExpected: 5000\nReceived: 10000\n    at Object.toBe (D:\\.work\\rental-software\\features\\kasir\\lib\\utils\\penaltyCalculator.test.ts:101:32)\n    at Promise.finally.completed (D:\\.work\\rental-software\\node_modules\\jest-circus\\build\\jestAdapterInit.js:1556:28)\n    at new Promise (<anonymous>)\n    at callAsyncCircusFn (D:\\.work\\rental-software\\node_modules\\jest-circus\\build\\jestAdapterInit.js:1496:10)\n    at _callCircusTest (D:\\.work\\rental-software\\node_modules\\jest-circus\\build\\jestAdapterInit.js:1006:40)\n    at processTicksAndRejections (node:internal/process/task_queues:105:5)\n    at _runTest (D:\\.work\\rental-software\\node_modules\\jest-circus\\build\\jestAdapterInit.js:946:3)\n    at _runTestsForDescribeBlock (D:\\.work\\rental-software\\node_modules\\jest-circus\\build\\jestAdapterInit.js:839:13)\n    at _runTestsForDescribeBlock (D:\\.work\\rental-software\\node_modules\\jest-circus\\build\\jestAdapterInit.js:829:11)\n    at _runTestsForDescribeBlock (D:\\.work\\rental-software\\node_modules\\jest-circus\\build\\jestAdapterInit.js:829:11)\n    at _runTestsForDescribeBlock (D:\\.work\\rental-software\\node_modules\\jest-circus\\build\\jestAdapterInit.js:829:11)\n    at run (D:\\.work\\rental-software\\node_modules\\jest-circus\\build\\jestAdapterInit.js:757:3)\n    at runAndTransformResultsToJestFormat (D:\\.work\\rental-software\\node_modules\\jest-circus\\build\\jestAdapterInit.js:1917:21)\n    at jestAdapter (D:\\.work\\rental-software\\node_modules\\jest-circus\\build\\runner.js:101:19)\n    at runTestInternal (D:\\.work\\rental-software\\node_modules\\jest-runner\\build\\testWorker.js:275:16)\n    at runTest (D:\\.work\\rental-software\\node_modules\\jest-runner\\build\\testWorker.js:343:7)\n    at Object.worker (D:\\.work\\rental-software\\node_modules\\jest-runner\\build\\testWorker.js:497:12)"
          ],
          "duration": 0
        },
        {
          "ancestorTitles": [
            "PenaltyCalculator",
            "calculateConditionPenalty",
            "moderate damage conditions"
          ],
          "fullName": "PenaltyCalculator calculateConditionPenalty moderate damage conditions should apply 2x daily rate for small damage",
          "status": "failed",
          "title": "should apply 2x daily rate for small damage",
          "failureMessages": [
            "Error: expect(received).toContain(expected) // indexOf\n\nExpected substring: \"kerusakan sedang\"\nReceived string:    \"Penalty untuk kondisi barang yang tidak standar\"\n    at Object.toContain (D:\\.work\\rental-software\\features\\kasir\\lib\\utils\\penaltyCalculator.test.ts:111:36)\n    at Promise.finally.completed (D:\\.work\\rental-software\\node_modules\\jest-circus\\build\\jestAdapterInit.js:1556:28)\n    at new Promise (<anonymous>)\n    at callAsyncCircusFn (D:\\.work\\rental-software\\node_modules\\jest-circus\\build\\jestAdapterInit.js:1496:10)\n    at _callCircusTest (D:\\.work\\rental-software\\node_modules\\jest-circus\\build\\jestAdapterInit.js:1006:40)\n    at processTicksAndRejections (node:internal/process/task_queues:105:5)\n    at _runTest (D:\\.work\\rental-software\\node_modules\\jest-circus\\build\\jestAdapterInit.js:946:3)\n    at _runTestsForDescribeBlock (D:\\.work\\rental-software\\node_modules\\jest-circus\\build\\jestAdapterInit.js:839:13)\n    at _runTestsForDescribeBlock (D:\\.work\\rental-software\\node_modules\\jest-circus\\build\\jestAdapterInit.js:829:11)\n    at _runTestsForDescribeBlock (D:\\.work\\rental-software\\node_modules\\jest-circus\\build\\jestAdapterInit.js:829:11)\n    at _runTestsForDescribeBlock (D:\\.work\\rental-software\\node_modules\\jest-circus\\build\\jestAdapterInit.js:829:11)\n    at run (D:\\.work\\rental-software\\node_modules\\jest-circus\\build\\jestAdapterInit.js:757:3)\n    at runAndTransformResultsToJestFormat (D:\\.work\\rental-software\\node_modules\\jest-circus\\build\\jestAdapterInit.js:1917:21)\n    at jestAdapter (D:\\.work\\rental-software\\node_modules\\jest-circus\\build\\runner.js:101:19)\n    at runTestInternal (D:\\.work\\rental-software\\node_modules\\jest-runner\\build\\testWorker.js:275:16)\n    at runTest (D:\\.work\\rental-software\\node_modules\\jest-runner\\build\\testWorker.js:343:7)\n    at Object.worker (D:\\.work\\rental-software\\node_modules\\jest-runner\\build\\testWorker.js:497:12)"
          ],
          "duration": 1
        },
        {
          "ancestorTitles": [
            "PenaltyCalculator",
            "calculateConditionPenalty",
            "moderate damage conditions"
          ],
          "fullName": "PenaltyCalculator calculateConditionPenalty moderate damage conditions should apply 2x daily rate for heavy stains",
          "status": "passed",
          "title": "should apply 2x daily rate for heavy stains",
          "failureMessages": [],
          "duration": 1
        },
        {
          "ancestorTitles": [
            "PenaltyCalculator",
            "calculateConditionPenalty",
            "severe damage conditions"
          ],
          "fullName": "PenaltyCalculator calculateConditionPenalty severe damage conditions should apply 4x daily rate for major damage",
          "status": "failed",
          "title": "should apply 4x daily rate for major damage",
          "failureMessages": [
[...]
eact-dom/cjs/react-dom-client.development.js:8057:33\n      at reconcileChildren (node_modules/react-dom/cjs/react-dom-client.development.js:8621:13)\n      at beginWork (node_modules/react-dom/cjs/react-dom-client.development.js:10793:13)\n      at runWithFiberInDEV (node_modules/react-dom/cjs/react-dom-client.development.js:1522:13)\n      at performUnitOfWork (node_modules/react-dom/cjs/react-dom-client.development.js:15140:22)\n      at workLoopSync (node_modules/react-dom/cjs/react-dom-client.development.js:14956:41)\n      at renderRootSync (node_modules/react-dom/cjs/react-dom-client.development.js:14936:11)\n      at performWorkOnRoot (node_modules/react-dom/cjs/react-dom-client.development.js:14462:44)\n      at performWorkOnRootViaSchedulerTask (node_modules/react-dom/cjs/react-dom-client.development.js:16216:7)\n      at flushActQueue (node_modules/react/cjs/react.development.js:566:34)\n      at process.env.NODE_ENV.exports.act (node_modules/react/cjs/react.development.js:860:10)\n      at node_modules/@testing-library/react/dist/act-compat.js:47:25\n      at renderRoot (node_modules/@testing-library/react/dist/pure.js:190:26)\n      at render (node_modules/@testing-library/react/dist/pure.js:292:10)\n      at Object.<anonymous> (features/kasir/components/detail/__tests__/ProductDetailCard.test.tsx:160:11)\n\n  ● ProductDetailCard › should handle missing return data gracefully\n\n    Element type is invalid: expected a string (for built-in components) or a class/function (for composite components) but got: undefined. You likely forgot to export your component from the file it's defined in, or you might have mixed up default and named imports.\n\n    Check the render method of `ProductDetailCard`.\n\n    \u001b[0m \u001b[90m 184 |\u001b[39m     }\n     \u001b[90m 185 |\u001b[39m     \n    \u001b[31m\u001b[1m>\u001b[22m\u001b[39m\u001b[90m 186 |\u001b[39m     render(\u001b[33m<\u001b[39m\u001b[33mProductDetailCard\u001b[39m item\u001b[33m=\u001b[39m{itemWithPartialReturnData} \u001b[33m/\u001b[39m\u001b[33m>\u001b[39m)\n     \u001b[90m     |\u001b[39m           \u001b[31m\u001b[1m^\u001b[22m\u001b[39m\n     \u001b[90m 187 |\u001b[39m     \n     \u001b[90m 188 |\u001b[39m     expect(screen\u001b[33m.\u001b[39mgetByText(\u001b[32m'Dikembalikan Sebagian'\u001b[39m))\u001b[33m.\u001b[39mtoBeInTheDocument()\n     \u001b[90m 189 |\u001b[39m     expect(screen\u001b[33m.\u001b[39mqueryByText(\u001b[32m'Detail Kondisi Pengembalian'\u001b[39m))\u001b[33m.\u001b[39mnot\u001b[33m.\u001b[39mtoBeInTheDocument()\u001b[0m\n\n      at createFiberFromTypeAndProps (node_modules/react-dom/cjs/react-dom-client.development.js:4259:28)\n      at createFiberFromElement (node_modules/react-dom/cjs/react-dom-client.development.js:4273:14)\n      at createChild (node_modules/react-dom/cjs/react-dom-client.development.js:7297:26)\n      at reconcileChildrenArray (node_modules/react-dom/cjs/react-dom-client.development.js:7629:25)\n      at reconcileChildFibersImpl (node_modules/react-dom/cjs/react-dom-client.development.js:7952:30)\n      at node_modules/react-dom/cjs/react-dom-client.development.js:8057:33\n      at reconcileChildren (node_modules/react-dom/cjs/react-dom-client.development.js:8621:13)\n      at beginWork (node_modules/react-dom/cjs/react-dom-client.development.js:10793:13)\n      at runWithFiberInDEV (node_modules/react-dom/cjs/react-dom-client.development.js:1522:13)\n      at performUnitOfWork (node_modules/react-dom/cjs/react-dom-client.development.js:15140:22)\n      at workLoopSync (node_modules/react-dom/cjs/react-dom-client.development.js:14956:41)\n      at renderRootSync (node_modules/react-dom/cjs/react-dom-client.development.js:14936:11)\n      at performWorkOnRoot (node_modules/react-dom/cjs/react-dom-client.development.js:14462:44)\n      at performWorkOnRootViaSchedulerTask (node_modules/react-dom/cjs/react-dom-client.development.js:16216:7)\n      at flushActQueue (node_modules/react/cjs/react.development.js:566:34)\n      at process.env.NODE_ENV.exports.act (node_modules/react/cjs/react.development.js:860:10)\n      at node_modules/@testing-library/react/dist/act-compat.js:47:25\n      at renderRoot (node_modules/@testing-library/react/dist/pure.js:190:26)\n      at render (node_modules/@testing-library/react/dist/pure.js:292:10)\n      at Object.<anonymous> (features/kasir/components/detail/__tests__/ProductDetailCard.test.tsx:186:11)\n\n  ● ProductDetailCard › should handle zero penalty amounts correctly\n\n    Element type is invalid: expected a string (for built-in components) or a class/function (for composite components) but got: undefined. You likely forgot to export your component from the file it's defined in, or you might have mixed up default and named imports.\n\n    Check the render method of `ProductDetailCard`.\n\n    \u001b[0m \u001b[90m 207 |\u001b[39m     }\n     \u001b[90m 208 |\u001b[39m     \n    \u001b[31m\u001b[1m>\u001b[22m\u001b[39m\u001b[90m 209 |\u001b[39m     render(\u001b[33m<\u001b[39m\u001b[33mProductDetailCard\u001b[39m item\u001b[33m=\u001b[39m{noPenaltyItem} \u001b[33m/\u001b[39m\u001b[33m>\u001b[39m)\n     \u001b[90m     |\u001b[39m           \u001b[31m\u001b[1m^\u001b[22m\u001b[39m\n     \u001b[90m 210 |\u001b[39m     \n     \u001b[90m 211 |\u001b[39m     expect(screen\u001b[33m.\u001b[39mgetByText(\u001b[32m'Detail Kondisi Pengembalian'\u001b[39m))\u001b[33m.\u001b[39mtoBeInTheDocument()\n     \u001b[90m 212 |\u001b[39m     expect(screen\u001b[33m.\u001b[39mqueryByText(\u001b[32m'Informasi Denda Pengembalian'\u001b[39m))\u001b[33m.\u001b[39mnot\u001b[33m.\u001b[39mtoBeInTheDocument()\u001b[0m\n\n      at createFiberFromTypeAndProps (node_modules/react-dom/cjs/react-dom-client.development.js:4259:28)\n      at createFiberFromElement (node_modules/react-dom/cjs/react-dom-client.development.js:4273:14)\n      at createChild (node_modules/react-dom/cjs/react-dom-client.development.js:7297:26)\n      at reconcileChildrenArray (node_modules/react-dom/cjs/react-dom-client.development.js:7629:25)\n      at reconcileChildFibersImpl (node_modules/react-dom/cjs/react-dom-client.development.js:7952:30)\n      at node_modules/react-dom/cjs/react-dom-client.development.js:8057:33\n      at reconcileChildren (node_modules/react-dom/cjs/react-dom-client.development.js:8621:13)\n      at beginWork (node_modules/react-dom/cjs/react-dom-client.development.js:10793:13)\n      at runWithFiberInDEV (node_modules/react-dom/cjs/react-dom-client.development.js:1522:13)\n      at performUnitOfWork (node_modules/react-dom/cjs/react-dom-client.development.js:15140:22)\n      at workLoopSync (node_modules/react-dom/cjs/react-dom-client.development.js:14956:41)\n      at renderRootSync (node_modules/react-dom/cjs/react-dom-client.development.js:14936:11)\n      at performWorkOnRoot (node_modules/react-dom/cjs/react-dom-client.development.js:14462:44)\n      at performWorkOnRootViaSchedulerTask (node_modules/react-dom/cjs/react-dom-client.development.js:16216:7)\n      at flushActQueue (node_modules/react/cjs/react.development.js:566:34)\n      at process.env.NODE_ENV.exports.act (node_modules/react/cjs/react.development.js:860:10)\n      at node_modules/@testing-library/react/dist/act-compat.js:47:25\n      at renderRoot (node_modules/@testing-library/react/dist/pure.js:190:26)\n      at render (node_modules/@testing-library/react/dist/pure.js:292:10)\n      at Object.<anonymous> (features/kasir/components/detail/__tests__/ProductDetailCard.test.tsx:209:11)\n\n  ● ProductDetailCard › should display pickup status when available\n\n    Element type is invalid: expected a string (for built-in components) or a class/function (for composite components) but got: undefined. You likely forgot to export your component from the file it's defined in, or you might have mixed up default and named imports.\n\n    Check the render method of `ProductDetailCard`.\n\n    \u001b[0m \u001b[90m 220 |\u001b[39m     }\n     \u001b[90m 221 |\u001b[39m     \n    \u001b[31m\u001b[1m>\u001b[22m\u001b[39m\u001b[90m 222 |\u001b[39m     render(\u001b[33m<\u001b[39m\u001b[33mProductDetailCard\u001b[39m item\u001b[33m=\u001b[39m{mockItem} pickupInfo\u001b[33m=\u001b[39m{pickupInfo} \u001b[33m/\u001b[39m\u001b[33m>\u001b[39m)\n     \u001b[90m     |\u001b[39m           \u001b[31m\u001b[1m^\u001b[22m\u001b[39m\n     \u001b[90m 223 |\u001b[39m     \n     \u001b[90m 224 |\u001b[39m     expect(screen\u001b[33m.\u001b[39mgetByText(\u001b[32m'Status Pengambilan'\u001b[39m))\u001b[33m.\u001b[39mtoBeInTheDocument()\n     \u001b[90m 225 |\u001b[39m     expect(screen\u001b[33m.\u001b[39mgetByText(\u001b[32m'2'\u001b[39m))\u001b[33m.\u001b[39mtoBeInTheDocument() \u001b[90m// jumlahDiambil\u001b[39m\u001b[0m\n\n      at createFiberFromTypeAndProps (node_modules/react-dom/cjs/react-dom-client.development.js:4259:28)\n      at createFiberFromElement (node_modules/react-dom/cjs/react-dom-client.development.js:4273:14)\n      at createChild (node_modules/react-dom/cjs/react-dom-client.development.js:7297:26)\n      at reconcileChildrenArray (node_modules/react-dom/cjs/react-dom-client.development.js:7629:25)\n      at reconcileChildFibersImpl (node_modules/react-dom/cjs/react-dom-client.development.js:7952:30)\n      at node_modules/react-dom/cjs/react-dom-client.development.js:8057:33\n      at reconcileChildren (node_modules/react-dom/cjs/react-dom-client.development.js:8621:13)\n      at beginWork (node_modules/react-dom/cjs/react-dom-client.development.js:10793:13)\n      at runWithFiberInDEV (node_modules/react-dom/cjs/react-dom-client.development.js:1522:13)\n      at performUnitOfWork (node_modules/react-dom/cjs/react-dom-client.development.js:15140:22)\n      at workLoopSync (node_modules/react-dom/cjs/react-dom-client.development.js:14956:41)\n      at renderRootSync (node_modules/react-dom/cjs/react-dom-client.development.js:14936:11)\n      at performWorkOnRoot (node_modules/react-dom/cjs/react-dom-client.development.js:14462:44)\n      at performWorkOnRootViaSchedulerTask (node_modules/react-dom/cjs/react-dom-client.development.js:16216:7)\n      at flushActQueue (node_modules/react/cjs/react.development.js:566:34)\n      at process.env.NODE_ENV.exports.act (node_modules/react/cjs/react.development.js:860:10)\n      at node_modules/@testing-library/react/dist/act-compat.js:47:25\n      at renderRoot (node_modules/@testing-library/react/dist/pure.js:190:26)\n      at render (node_modules/@testing-library/react/dist/pure.js:292:10)\n      at Object.<anonymous> (features/kasir/components/detail/__tests__/ProductDetailCard.test.tsx:222:11)\n\n  ● ProductDetailCard › should render condition labels correctly\n\n    Element type is invalid: expected a string (for built-in components) or a class/function (for composite components) but got: undefined. You likely forgot to export your component from the file it's defined in, or you might have mixed up default and named imports.\n\n    Check the render method of `ProductDetailCard`.\n\n    \u001b[0m \u001b[90m 261 |\u001b[39m     }\n     \u001b[90m 262 |\u001b[39m     \n    \u001b[31m\u001b[1m>\u001b[22m\u001b[39m\u001b[90m 263 |\u001b[39m     render(\u001b[33m<\u001b[39m\u001b[33mProductDetailCard\u001b[39m item\u001b[33m=\u001b[39m{itemWithVariousConditions} \u001b[33m/\u001b[39m\u001b[33m>\u001b[39m)\n     \u001b[90m     |\u001b[39m           \u001b[31m\u001b[1m^\u001b[22m\u001b[39m\n     \u001b[90m 264 |\u001b[39m     \n     \u001b[90m 265 |\u001b[39m     expect(screen\u001b[33m.\u001b[39mgetByText(\u001b[32m'Baik'\u001b[39m))\u001b[33m.\u001b[39mtoBeInTheDocument()\n     \u001b[90m 266 |\u001b[39m     expect(screen\u001b[33m.\u001b[39mgetByText(\u001b[32m'Kotor'\u001b[39m))\u001b[33m.\u001b[39mtoBeInTheDocument()\u001b[0m\n\n      at createFiberFromTypeAndProps (node_modules/react-dom/cjs/react-dom-client.development.js:4259:28)\n      at createFiberFromElement (node_modules/react-dom/cjs/react-dom-client.development.js:4273:14)\n      at createChild (node_modules/react-dom/cjs/react-dom-client.development.js:7297:26)\n      at reconcileChildrenArray (node_modules/react-dom/cjs/react-dom-client.development.js:7629:25)\n      at reconcileChildFibersImpl (node_modules/react-dom/cjs/react-dom-client.development.js:7952:30)\n      at node_modules/react-dom/cjs/react-dom-client.development.js:8057:33\n      at reconcileChildren (node_modules/react-dom/cjs/react-dom-client.development.js:8621:13)\n      at beginWork (node_modules/react-dom/cjs/react-dom-client.development.js:10793:13)\n      at runWithFiberInDEV (node_modules/react-dom/cjs/react-dom-client.development.js:1522:13)\n      at performUnitOfWork (node_modules/react-dom/cjs/react-dom-client.development.js:15140:22)\n      at workLoopSync (node_modules/react-dom/cjs/react-dom-client.development.js:14956:41)\n      at renderRootSync (node_modules/react-dom/cjs/react-dom-client.development.js:14936:11)\n      at performWorkOnRoot (node_modules/react-dom/cjs/react-dom-client.development.js:14462:44)\n      at performWorkOnRootViaSchedulerTask (node_modules/react-dom/cjs/react-dom-client.development.js:16216:7)\n      at flushActQueue (node_modules/react/cjs/react.development.js:566:34)\n      at process.env.NODE_ENV.exports.act (node_modules/react/cjs/react.development.js:860:10)\n      at node_modules/@testing-library/react/dist/act-compat.js:47:25\n      at renderRoot (node_modules/@testing-library/react/dist/pure.js:190:26)\n      at render (node_modules/@testing-library/react/dist/pure.js:292:10)\n      at Object.<anonymous> (features/kasir/components/detail/__tests__/ProductDetailCard.test.tsx:263:11)\n\n  ● ProductDetailCard › should have proper accessibility attributes\n\n    Element type is invalid: expected a string (for built-in components) or a class/function (for composite components) but got: undefined. You likely forgot to export your component from the file it's defined in, or you might have mixed up default and named imports.\n\n    Check the render method of `ProductDetailCard`.\n\n    \u001b[0m \u001b[90m 270 |\u001b[39m\n     \u001b[90m 271 |\u001b[39m   it(\u001b[32m'should have proper accessibility attributes'\u001b[39m\u001b[33m,\u001b[39m () \u001b[33m=>\u001b[39m {\n    \u001b[31m\u001b[1m>\u001b[22m\u001b[39m\u001b[90m 272 |\u001b[39m     render(\u001b[33m<\u001b[39m\u001b[33mProductDetailCard\u001b[39m item\u001b[33m=\u001b[39m{mockItemWithReturnData} \u001b[33m/\u001b[39m\u001b[33m>\u001b[39m)\n     \u001b[90m     |\u001b[39m           \u001b[31m\u001b[1m^\u001b[22m\u001b[39m\n     \u001b[90m 273 |\u001b[39m     \n     \u001b[90m 274 |\u001b[39m     \u001b[36mconst\u001b[39m toggleButton \u001b[33m=\u001b[39m screen\u001b[33m.\u001b[39mgetByRole(\u001b[32m'button'\u001b[39m)\n     \u001b[90m 275 |\u001b[39m     expect(toggleButton)\u001b[33m.\u001b[39mtoHaveAttribute(\u001b[32m'aria-expanded'\u001b[39m)\u001b[0m\n\n      at createFiberFromTypeAndProps (node_modules/react-dom/cjs/react-dom-client.development.js:4259:28)\n      at createFiberFromElement (node_modules/react-dom/cjs/react-dom-client.development.js:4273:14)\n      at createChild (node_modules/react-dom/cjs/react-dom-client.development.js:7297:26)\n      at reconcileChildrenArray (node_modules/react-dom/cjs/react-dom-client.development.js:7629:25)\n      at reconcileChildFibersImpl (node_modules/react-dom/cjs/react-dom-client.development.js:7952:30)\n      at node_modules/react-dom/cjs/react-dom-client.development.js:8057:33\n      at reconcileChildren (node_modules/react-dom/cjs/react-dom-client.development.js:8621:13)\n      at beginWork (node_modules/react-dom/cjs/react-dom-client.development.js:10793:13)\n      at runWithFiberInDEV (node_modules/react-dom/cjs/react-dom-client.development.js:1522:13)\n      at performUnitOfWork (node_modules/react-dom/cjs/react-dom-client.development.js:15140:22)\n      at workLoopSync (node_modules/react-dom/cjs/react-dom-client.development.js:14956:41)\n      at renderRootSync (node_modules/react-dom/cjs/react-dom-client.development.js:14936:11)\n      at performWorkOnRoot (node_modules/react-dom/cjs/react-dom-client.development.js:14462:44)\n      at performWorkOnRootViaSchedulerTask (node_modules/react-dom/cjs/react-dom-client.development.js:16216:7)\n      at flushActQueue (node_modules/react/cjs/react.development.js:566:34)\n      at process.env.NODE_ENV.exports.act (node_modules/react/cjs/react.development.js:860:10)\n      at node_modules/@testing-library/react/dist/act-compat.js:47:25\n      at renderRoot (node_modules/@testing-library/react/dist/pure.js:190:26)\n      at render (node_modules/@testing-library/react/dist/pure.js:292:10)\n      at Object.<anonymous> (features/kasir/components/detail/__tests__/ProductDetailCard.test.tsx:272:11)\n\n  ● ReturnStatusBadge › should render different status variants correctly\n\n    Element type is invalid: expected a string (for built-in components) or a class/function (for composite components) but got: undefined. You likely forgot to export your component from the file it's defined in, or you might have mixed up default and named imports.\n\n    Check the render method of `ProductDetailCard`.\n\n    \u001b[0m \u001b[90m 287 |\u001b[39m\n     \u001b[90m 288 |\u001b[39m     testCases\u001b[33m.\u001b[39mforEach(({ status\u001b[33m,\u001b[39m expectedText }) \u001b[33m=>\u001b[39m {\n    \u001b[31m\u001b[1m>\u001b[22m\u001b[39m\u001b[90m 289 |\u001b[39m       \u001b[36mconst\u001b[39m { unmount } \u001b[33m=\u001b[39m render(\n     \u001b[90m     |\u001b[39m                                 \u001b[31m\u001b[1m^\u001b[22m\u001b[39m\n     \u001b[90m 290 |\u001b[39m         \u001b[33m<\u001b[39m\u001b[33mProductDetailCard\u001b[39m \n     \u001b[90m 291 |\u001b[39m           item\u001b[33m=\u001b[39m{{ \u001b[33m...\u001b[39mmockItem\u001b[33m,\u001b[39m statusKembali\u001b[33m:\u001b[39m status }} \n     \u001b[90m 292 |\u001b[39m         \u001b[33m/\u001b[39m\u001b[33m>\u001b[39m\u001b[0m\n\n      at createFiberFromTypeAndProps (node_modules/react-dom/cjs/react-dom-client.development.js:4259:28)\n      at createFiberFromElement (node_modules/react-dom/cjs/react-dom-client.development.js:4273:14)\n      at createChild (node_modules/react-dom/cjs/react-dom-client.development.js:7297:26)\n      at reconcileChildrenArray (node_modules/react-dom/cjs/react-dom-client.development.js:7629:25)\n      at reconcileChildFibersImpl (node_modules/react-dom/cjs/react-dom-client.development.js:7952:30)\n      at node_modules/react-dom/cjs/react-dom-client.development.js:8057:33\n      at reconcileChildren (node_modules/react-dom/cjs/react-dom-client.development.js:8621:13)\n      at beginWork (node_modules/react-dom/cjs/react-dom-client.development.js:10793:13)\n      at runWithFiberInDEV (node_modules/react-dom/cjs/react-dom-client.development.js:1522:13)\n      at performUnitOfWork (node_modules/react-dom/cjs/react-dom-client.development.js:15140:22)\n      at workLoopSync (node_modules/react-dom/cjs/react-dom-client.development.js:14956:41)\n      at renderRootSync (node_modules/react-dom/cjs/react-dom-client.development.js:14936:11)\n      at performWorkOnRoot (node_modules/react-dom/cjs/react-dom-client.development.js:14462:44)\n      at performWorkOnRootViaSchedulerTask (node_modules/react-dom/cjs/react-dom-client.development.js:16216:7)\n      at flushActQueue (node_modules/react/cjs/react.development.js:566:34)\n      at process.env.NODE_ENV.exports.act (node_modules/react/cjs/react.development.js:860:10)\n      at node_modules/@testing-library/react/dist/act-compat.js:47:25\n      at renderRoot (node_modules/@testing-library/react/dist/pure.js:190:26)\n      at render (node_modules/@testing-library/react/dist/pure.js:292:10)\n      at features/kasir/components/detail/__tests__/ProductDetailCard.test.tsx:289:33\n          at Array.forEach (<anonymous>)\n      at Object.forEach (features/kasir/components/detail/__tests__/ProductDetailCard.test.tsx:288:15)\n"
    }
  ]
}