{
  "numTotalTests": 10,
  "numPassedTests": 10,
  "numFailedTests": 0,
  "numPendingTests": 0,
  "startTime": "2026-01-04T13:29:41.496Z",
  "endTime": "2026-01-04T13:29:43.915Z",
  "testResults": [
    {
      "testFilePath": "D:\\.work\\rental-software\\__tests__\\unit\\kasir\\inventory-service-pairing.test.ts",
      "testFileResults": [
        {
          "ancestorTitles": [
            "InventoryService - Pairing Integration",
            "updateStockOnCreate - Single Item"
          ],
          "fullName": "InventoryService - Pairing Integration updateStockOnCreate - Single Item should update stock for single item without linkedSarung",
          "status": "passed",
          "title": "should update stock for single item without linkedSarung",
          "failureMessages": [],
          "duration": 50
        },
        {
          "ancestorTitles": [
            "InventoryService - Pairing Integration",
            "updateStockOnCreate - Single Item"
          ],
          "fullName": "InventoryService - Pairing Integration updateStockOnCreate - Single Item should throw error for invalid quantity",
          "status": "passed",
          "title": "should throw error for invalid quantity",
          "failureMessages": [],
          "duration": 15
        },
        {
          "ancestorTitles": [
            "InventoryService - Pairing Integration",
            "updateStockOnCreate - Dual Deduction (Jas + Sarung)"
          ],
          "fullName": "InventoryService - Pairing Integration updateStockOnCreate - Dual Deduction (Jas + Sarung) should perform dual stock deduction for jas-sarung pairing",
          "status": "passed",
          "title": "should perform dual stock deduction for jas-sarung pairing",
          "failureMessages": [],
          "duration": 9
        },
        {
          "ancestorTitles": [
            "InventoryService - Pairing Integration",
            "updateStockOnCreate - Dual Deduction (Jas + Sarung)"
          ],
          "fullName": "InventoryService - Pairing Integration updateStockOnCreate - Dual Deduction (Jas + Sarung) should handle dual deduction with multiple quantities",
          "status": "passed",
          "title": "should handle dual deduction with multiple quantities",
          "failureMessages": [],
          "duration": 6
        },
        {
          "ancestorTitles": [
            "InventoryService - Pairing Integration",
            "updateStockOnCreate - Dual Deduction (Jas + Sarung)"
          ],
          "fullName": "InventoryService - Pairing Integration updateStockOnCreate - Dual Deduction (Jas + Sarung) should handle database errors gracefully in dual deduction",
          "status": "passed",
          "title": "should handle database errors gracefully in dual deduction",
          "failureMessages": [],
          "duration": 5
        },
        {
          "ancestorTitles": [
            "InventoryService - Pairing Integration",
            "processStockForPickup - Integration Test"
          ],
          "fullName": "InventoryService - Pairing Integration processStockForPickup - Integration Test should process stock for pickup with JSON kondisiAwal format",
          "status": "passed",
          "title": "should process stock for pickup with JSON kondisiAwal format",
          "failureMessages": [],
          "duration": 13
        },
        {
          "ancestorTitles": [
            "InventoryService - Pairing Integration",
            "processStockForPickup - Integration Test"
          ],
          "fullName": "InventoryService - Pairing Integration processStockForPickup - Integration Test should process stock for pickup with regular item (no pairing)",
          "status": "passed",
          "title": "should process stock for pickup with regular item (no pairing)",
          "failureMessages": [],
          "duration": 7
        },
        {
          "ancestorTitles": [
            "InventoryService - Pairing Integration",
            "processStockForPickup - Integration Test"
          ],
          "fullName": "InventoryService - Pairing Integration processStockForPickup - Integration Test should handle invalid kondisiAwal gracefully",
          "status": "passed",
          "title": "should handle invalid kondisiAwal gracefully",
          "failureMessages": [],
          "duration": 3
        },
        {
          "ancestorTitles": [
            "InventoryService - Pairing Integration",
            "processStockForPickup - Integration Test"
          ],
          "fullName": "InventoryService - Pairing Integration processStockForPickup - Integration Test should continue pickup process even if stock deduction fails",
          "status": "passed",
          "title": "should continue pickup process even if stock deduction fails",
          "failureMessages": [],
          "duration": 5
        },
        {
          "ancestorTitles": [
            "InventoryService - Pairing Integration",
            "Transaction Context Handling"
          ],
          "fullName": "InventoryService - Pairing Integration Transaction Context Handling should work with transaction context (no nested $transaction calls)",
          "status": "passed",
          "title": "should work with transaction context (no nested $transaction calls)",
          "failureMessages": [],
          "duration": 8
        }
      ],
      "failureMessage": null
    }
  ]
}