{
  "numTotalTests": 19,
  "numPassedTests": 19,
  "numFailedTests": 0,
  "numPendingTests": 0,
  "startTime": "2025-07-17T08:52:41.990Z",
  "endTime": "2025-07-17T08:52:48.253Z",
  "testResults": [
    {
      "testFilePath": "D:\\.work\\rental-software\\__tests__\\integration\\manage-product\\categoryService.integration.test.ts",
      "testFileResults": [
        {
          "ancestorTitles": [
            "CategoryService ↔ Database Integration",
            "Database Connection Handling"
          ],
          "fullName": "CategoryService ↔ Database Integration Database Connection Handling should handle database connection failure gracefully",
          "status": "passed",
          "title": "should handle database connection failure gracefully",
          "failureMessages": [],
          "duration": 22
        },
        {
          "ancestorTitles": [
            "CategoryService ↔ Database Integration",
            "Transaction Management"
          ],
          "fullName": "CategoryService ↔ Database Integration Transaction Management should handle transaction rollback on partial failure",
          "status": "passed",
          "title": "should handle transaction rollback on partial failure",
          "failureMessages": [],
          "duration": 6
        },
        {
          "ancestorTitles": [
            "CategoryService ↔ Database Integration",
            "Transaction Management"
          ],
          "fullName": "CategoryService ↔ Database Integration Transaction Management should handle successful transaction completion",
          "status": "passed",
          "title": "should handle successful transaction completion",
          "failureMessages": [],
          "duration": 2
        },
        {
          "ancestorTitles": [
            "CategoryService ↔ Database Integration",
            "Concurrent Access Handling"
          ],
          "fullName": "CategoryService ↔ Database Integration Concurrent Access Handling should handle concurrent category updates",
          "status": "passed",
          "title": "should handle concurrent category updates",
          "failureMessages": [],
          "duration": 2
        },
        {
          "ancestorTitles": [
            "CategoryService ↔ Database Integration",
            "Constraint Violation Handling"
          ],
          "fullName": "CategoryService ↔ Database Integration Constraint Violation Handling should handle unique category name constraint",
          "status": "passed",
          "title": "should handle unique category name constraint",
          "failureMessages": [],
          "duration": 2
        },
        {
          "ancestorTitles": [
            "CategoryService ↔ Database Integration",
            "Constraint Violation Handling"
          ],
          "fullName": "CategoryService ↔ Database Integration Constraint Violation Handling should prevent deleting category with associated products",
          "status": "passed",
          "title": "should prevent deleting category with associated products",
          "failureMessages": [],
          "duration": 1
        },
        {
          "ancestorTitles": [
            "CategoryService ↔ Database Integration",
            "Error Propagation"
          ],
          "fullName": "CategoryService ↔ Database Integration Error Propagation should propagate database errors with meaningful messages",
          "status": "passed",
          "title": "should propagate database errors with meaningful messages",
          "failureMessages": [],
          "duration": 3
        }
      ],
      "failureMessage": null
    },
    {
      "testFilePath": "D:\\.work\\rental-software\\__tests__\\integration\\manage-product\\productService.integration.test.ts",
      "testFileResults": [
        {
          "ancestorTitles": [
            "ProductService ↔ Database Integration",
            "Product-Category Integration"
          ],
          "fullName": "ProductService ↔ Database Integration Product-Category Integration should create product and assign to category without image",
          "status": "passed",
          "title": "should create product and assign to category without image",
          "failureMessages": [],
          "duration": 91
        },
        {
          "ancestorTitles": [
            "ProductService ↔ Database Integration",
            "Product-Category Integration"
          ],
          "fullName": "ProductService ↔ Database Integration Product-Category Integration should create product with image upload",
          "status": "passed",
          "title": "should create product with image upload",
          "failureMessages": [],
          "duration": 8
        },
        {
          "ancestorTitles": [
            "ProductService ↔ Database Integration",
            "Product-Category Integration"
          ],
          "fullName": "ProductService ↔ Database Integration Product-Category Integration should handle image upload failure during product creation",
          "status": "passed",
          "title": "should handle image upload failure during product creation",
          "failureMessages": [],
          "duration": 29
        },
        {
          "ancestorTitles": [
            "ProductService ↔ Database Integration",
            "Constraint Violation Handling"
          ],
          "fullName": "ProductService ↔ Database Integration Constraint Violation Handling should not create product with non-existent category",
          "status": "passed",
          "title": "should not create product with non-existent category",
          "failureMessages": [],
          "duration": 1
        },
        {
          "ancestorTitles": [
            "ProductService ↔ Database Integration",
            "Constraint Violation Handling"
          ],
          "fullName": "ProductService ↔ Database Integration Constraint Violation Handling should not create product with duplicate code",
          "status": "passed",
          "title": "should not create product with duplicate code",
          "failureMessages": [],
          "duration": 1
        },
        {
          "ancestorTitles": [
            "ProductService ↔ Database Integration",
            "Concurrent Operation Handling"
          ],
          "fullName": "ProductService ↔ Database Integration Concurrent Operation Handling should handle concurrent product creation with same code",
          "status": "passed",
          "title": "should handle concurrent product creation with same code",
          "failureMessages": [],
          "duration": 2
        },
        {
          "ancestorTitles": [
            "ProductService ↔ Database Integration",
            "Update and Delete Operations"
          ],
          "fullName": "ProductService ↔ Database Integration Update and Delete Operations should update product and reflect changes without image",
          "status": "passed",
          "title": "should update product and reflect changes without image",
          "failureMessages": [],
          "duration": 4
        },
        {
          "ancestorTitles": [
            "ProductService ↔ Database Integration",
            "Update and Delete Operations"
          ],
          "fullName": "ProductService ↔ Database Integration Update and Delete Operations should update product with new image and cleanup old image",
          "status": "passed",
          "title": "should update product with new image and cleanup old image",
          "failureMessages": [],
          "duration": 17
        },
        {
          "ancestorTitles": [
            "ProductService ↔ Database Integration",
            "Update and Delete Operations"
          ],
          "fullName": "ProductService ↔ Database Integration Update and Delete Operations should handle image upload failure during update",
          "status": "passed",
          "title": "should handle image upload failure during update",
          "failureMessages": [],
          "duration": 5
        },
        {
          "ancestorTitles": [
            "ProductService ↔ Database Integration",
            "Update and Delete Operations"
          ],
          "fullName": "ProductService ↔ Database Integration Update and Delete Operations should soft delete product without image cleanup",
          "status": "passed",
          "title": "should soft delete product without image cleanup",
          "failureMessages": [],
          "duration": 2
        },
        {
          "ancestorTitles": [
            "ProductService ↔ Database Integration",
            "Update and Delete Operations"
          ],
          "fullName": "ProductService ↔ Database Integration Update and Delete Operations should soft delete product with image cleanup",
          "status": "passed",
          "title": "should soft delete product with image cleanup",
          "failureMessages": [],
          "duration": 2
        },
        {
          "ancestorTitles": [
            "ProductService ↔ Database Integration",
            "Update and Delete Operations"
          ],
          "fullName": "ProductService ↔ Database Integration Update and Delete Operations should handle image cleanup failure gracefully during delete",
          "status": "passed",
          "title": "should handle image cleanup failure gracefully during delete",
          "failureMessages": [],
          "duration": 2
        }
      ],
      "failureMessage": null
    }
  ]
}