{
  "numTotalTests": 0,
  "numPassedTests": 0,
  "numFailedTests": 0,
  "numPendingTests": 0,
  "startTime": "2025-08-09T07:05:16.776Z",
  "endTime": "2025-08-09T07:05:21.640Z",
  "testResults": [
    {
      "testFilePath": "D:\\.work\\rental-software\\features\\kasir\\hooks\\__tests__\\useMultiConditionReturn.stability.test.ts",
      "testFileResults": [],
      "failureMessage": "  ● Test suite failed to run\n\n      \u001b[31mx\u001b[0m Expected '>', got 'client'\n        ,-[\u001b[36;1;4mD:\\.work\\rental-software\\features\\kasir\\hooks\\__tests__\\useMultiConditionReturn.stability.test.ts\u001b[0m:77:1]\n     \u001b[2m74\u001b[0m |   })\n     \u001b[2m75\u001b[0m | \n     \u001b[2m76\u001b[0m |   return ({ children }: { children: React.ReactNode }) => (\n     \u001b[2m77\u001b[0m |     <QueryClientProvider client={queryClient}>\n        : \u001b[35;1m                         ^^^^^^\u001b[0m\n     \u001b[2m78\u001b[0m |       {children}\n     \u001b[2m79\u001b[0m |     </QueryClientProvider>\n     \u001b[2m79\u001b[0m |   )\r\n        `----\n\n\n    Caused by:\n        Syntax Error\n\n      at Object.transformSync (node_modules/next/src/build/swc/index.ts:1374:25)\n      at transformSync (node_modules/next/src/build/swc/index.ts:1477:19)\n      at Object.process (node_modules/next/src/build/swc/jest-transformer.ts:105:25)\n      at ScriptTransformer.transformSource (node_modules/@jest/transform/build/index.js:422:31)\n      at ScriptTransformer._transformAndBuildScript (node_modules/@jest/transform/build/index.js:519:40)\n      at ScriptTransformer.transform (node_modules/@jest/transform/build/index.js:558:19)\n"
    }
  ]
}