{
  "numTotalTests": 19,
  "numPassedTests": 19,
  "numFailedTests": 0,
  "numPendingTests": 0,
  "startTime": "2026-05-15T14:37:31.083Z",
  "endTime": "2026-05-15T14:37:32.449Z",
  "testResults": [
    {
      "testFilePath": "D:\\.work\\rental-software\\__tests__\\unit\\kasir\\return-service-sarung-filter.test.ts",
      "testFileResults": [
        {
          "ancestorTitles": [
            "STOCK-001: Sarung Gratis Filter Logic",
            "isSarungGratisItem() - Primary Detection (isSarungGratis flag)"
          ],
          "fullName": "STOCK-001: Sarung Gratis Filter Logic isSarungGratisItem() - Primary Detection (isSarungGratis flag) should return true for sarung gratis with explicit flag",
          "status": "passed",
          "title": "should return true for sarung gratis with explicit flag",
          "failureMessages": [],
          "duration": 4
        },
        {
          "ancestorTitles": [
            "STOCK-001: Sarung Gratis Filter Logic",
            "isSarungGratisItem() - Primary Detection (isSarungGratis flag)"
          ],
          "fullName": "STOCK-001: Sarung Gratis Filter Logic isSarungGratisItem() - Primary Detection (isSarungGratis flag) should return false for sarung standalone with explicit flag false",
          "status": "passed",
          "title": "should return false for sarung standalone with explicit flag false",
          "failureMessages": [],
          "duration": 1
        },
        {
          "ancestorTitles": [
            "STOCK-001: Sarung Gratis Filter Logic",
            "isSarungGratisItem() - Fallback Detection (subtotal = 0)"
          ],
          "fullName": "STOCK-001: Sarung Gratis Filter Logic isSarungGratisItem() - Fallback Detection (subtotal = 0) should return true for sarung with subtotal = 0 (no explicit flag)",
          "status": "passed",
          "title": "should return true for sarung with subtotal = 0 (no explicit flag)",
          "failureMessages": [],
          "duration": 0
        },
        {
          "ancestorTitles": [
            "STOCK-001: Sarung Gratis Filter Logic",
            "isSarungGratisItem() - Fallback Detection (subtotal = 0)"
          ],
          "fullName": "STOCK-001: Sarung Gratis Filter Logic isSarungGratisItem() - Fallback Detection (subtotal = 0) should return false for sarung with subtotal > 0",
          "status": "passed",
          "title": "should return false for sarung with subtotal > 0",
          "failureMessages": [],
          "duration": 0
        },
        {
          "ancestorTitles": [
            "STOCK-001: Sarung Gratis Filter Logic",
            "isSarungGratisItem() - Jas Items (with linkedSarung)"
          ],
          "fullName": "STOCK-001: Sarung Gratis Filter Logic isSarungGratisItem() - Jas Items (with linkedSarung) should return false for jas items (items with linkedSarung)",
          "status": "passed",
          "title": "should return false for jas items (items with linkedSarung)",
          "failureMessages": [],
          "duration": 1
        },
        {
          "ancestorTitles": [
            "STOCK-001: Sarung Gratis Filter Logic",
            "isSarungGratisItem() - Non-Sarung Items"
          ],
          "fullName": "STOCK-001: Sarung Gratis Filter Logic isSarungGratisItem() - Non-Sarung Items should return false for non-sarung category items",
          "status": "passed",
          "title": "should return false for non-sarung category items",
          "failureMessages": [],
          "duration": 0
        },
        {
          "ancestorTitles": [
            "STOCK-001: Sarung Gratis Filter Logic",
            "isSarungGratisItem() - Non-Sarung Items"
          ],
          "fullName": "STOCK-001: Sarung Gratis Filter Logic isSarungGratisItem() - Non-Sarung Items should return false for accessories category",
          "status": "passed",
          "title": "should return false for accessories category",
          "failureMessages": [],
          "duration": 0
        },
        {
          "ancestorTitles": [
            "STOCK-001: Sarung Gratis Filter Logic",
            "isSarungGratisItem() - Edge Cases"
          ],
          "fullName": "STOCK-001: Sarung Gratis Filter Logic isSarungGratisItem() - Edge Cases should handle null kondisiAwal gracefully",
          "status": "passed",
          "title": "should handle null kondisiAwal gracefully",
          "failureMessages": [],
          "duration": 0
        },
        {
          "ancestorTitles": [
            "STOCK-001: Sarung Gratis Filter Logic",
            "isSarungGratisItem() - Edge Cases"
          ],
          "fullName": "STOCK-001: Sarung Gratis Filter Logic isSarungGratisItem() - Edge Cases should handle undefined subtotal as 0",
          "status": "passed",
          "title": "should handle undefined subtotal as 0",
          "failureMessages": [],
          "duration": 1
        },
        {
          "ancestorTitles": [
            "STOCK-001: Sarung Gratis Filter Logic",
            "isSarungGratisItem() - Edge Cases"
          ],
          "fullName": "STOCK-001: Sarung Gratis Filter Logic isSarungGratisItem() - Edge Cases should handle missing product category",
          "status": "passed",
          "title": "should handle missing product category",
          "failureMessages": [],
          "duration": 0
        },
        {
          "ancestorTitles": [
            "STOCK-001: Sarung Gratis Filter Logic",
            "isSarungGratisItem() - Edge Cases"
          ],
          "fullName": "STOCK-001: Sarung Gratis Filter Logic isSarungGratisItem() - Edge Cases should handle Decimal subtotal type",
          "status": "passed",
          "title": "should handle Decimal subtotal type",
          "failureMessages": [],
          "duration": 0
        },
        {
          "ancestorTitles": [
            "STOCK-001: Sarung Gratis Filter Logic",
            "isSarungGratisItem() - Real-World Scenarios"
          ],
          "fullName": "STOCK-001: Sarung Gratis Filter Logic isSarungGratisItem() - Real-World Scenarios Scenario 1: Sarung gratis from jas pairing",
          "status": "passed",
          "title": "Scenario 1: Sarung gratis from jas pairing",
          "failureMessages": [],
          "duration": 0
        },
        {
          "ancestorTitles": [
            "STOCK-001: Sarung Gratis Filter Logic",
            "isSarungGratisItem() - Real-World Scenarios"
          ],
          "fullName": "STOCK-001: Sarung Gratis Filter Logic isSarungGratisItem() - Real-World Scenarios Scenario 2: Sarung standalone rental",
          "status": "passed",
          "title": "Scenario 2: Sarung standalone rental",
          "failureMessages": [],
          "duration": 1
        },
        {
          "ancestorTitles": [
            "STOCK-001: Sarung Gratis Filter Logic",
            "isSarungGratisItem() - Real-World Scenarios"
          ],
          "fullName": "STOCK-001: Sarung Gratis Filter Logic isSarungGratisItem() - Real-World Scenarios Scenario 3: Jas with linkedSarung",
          "status": "passed",
          "title": "Scenario 3: Jas with linkedSarung",
          "failureMessages": [],
          "duration": 0
        },
        {
          "ancestorTitles": [
            "STOCK-001: Sarung Gratis Filter Logic",
            "isSarungGratisItem() - Real-World Scenarios"
          ],
          "fullName": "STOCK-001: Sarung Gratis Filter Logic isSarungGratisItem() - Real-World Scenarios Scenario 4: Mixed transaction - sarung standalone in same transaction as jas pairing",
          "status": "passed",
          "title": "Scenario 4: Mixed transaction - sarung standalone in same transaction as jas pairing",
          "failureMessages": [],
          "duration": 0
        },
        {
          "ancestorTitles": [
            "STOCK-001: Sarung Gratis Filter Logic",
            "isSarungGratisItem() - Regression Tests"
          ],
          "fullName": "STOCK-001: Sarung Gratis Filter Logic isSarungGratisItem() - Regression Tests should not filter sarung if category is undefined",
          "status": "passed",
          "title": "should not filter sarung if category is undefined",
          "failureMessages": [],
          "duration": 0
        },
        {
          "ancestorTitles": [
            "STOCK-001: Sarung Gratis Filter Logic",
            "isSarungGratisItem() - Regression Tests"
          ],
          "fullName": "STOCK-001: Sarung Gratis Filter Logic isSarungGratisItem() - Regression Tests should not filter if produk object is missing",
          "status": "passed",
          "title": "should not filter if produk object is missing",
          "failureMessages": [],
          "duration": 0
        },
        {
          "ancestorTitles": [
            "STOCK-001: Sarung Gratis Filter Logic",
            "isSarungGratisItem() - Regression Tests"
          ],
          "fullName": "STOCK-001: Sarung Gratis Filter Logic isSarungGratisItem() - Regression Tests should handle case-sensitive category comparison",
          "status": "passed",
          "title": "should handle case-sensitive category comparison",
          "failureMessages": [],
          "duration": 0
        },
        {
          "ancestorTitles": [
            "STOCK-001: Integration Test - Filter in Stock Restoration Loop"
          ],
          "fullName": "STOCK-001: Integration Test - Filter in Stock Restoration Loop should document expected behavior in stock restoration",
          "status": "passed",
          "title": "should document expected behavior in stock restoration",
          "failureMessages": [],
          "duration": 0
        }
      ],
      "failureMessage": null
    }
  ]
}