{
  "numTotalTests": 6,
  "numPassedTests": 6,
  "numFailedTests": 0,
  "numPendingTests": 0,
  "startTime": "2025-12-22T05:25:05.067Z",
  "endTime": "2025-12-22T05:25:07.096Z",
  "testResults": [
    {
      "testFilePath": "D:\\.work\\rental-software\\__tests__\\features\\kasir\\services\\dateAwareAvailability.test.ts",
      "testFileResults": [
        {
          "ancestorTitles": [
            "AvailabilityService - Date-Aware Functionality",
            "checkDateRangeAvailability"
          ],
          "fullName": "AvailabilityService - Date-Aware Functionality checkDateRangeAvailability should detect date range conflicts correctly",
          "status": "passed",
          "title": "should detect date range conflicts correctly",
          "failureMessages": [],
          "duration": 7
        },
        {
          "ancestorTitles": [
            "AvailabilityService - Date-Aware Functionality",
            "checkDateRangeAvailability"
          ],
          "fullName": "AvailabilityService - Date-Aware Functionality checkDateRangeAvailability should allow booking when no conflicts exist",
          "status": "passed",
          "title": "should allow booking when no conflicts exist",
          "failureMessages": [],
          "duration": 1
        },
        {
          "ancestorTitles": [
            "AvailabilityService - Date-Aware Functionality",
            "getOverlappingTransactions"
          ],
          "fullName": "AvailabilityService - Date-Aware Functionality getOverlappingTransactions should find transactions that overlap with date range",
          "status": "passed",
          "title": "should find transactions that overlap with date range",
          "failureMessages": [],
          "duration": 1
        },
        {
          "ancestorTitles": [
            "AvailabilityService - Date-Aware Functionality",
            "getOverlappingTransactions"
          ],
          "fullName": "AvailabilityService - Date-Aware Functionality getOverlappingTransactions should handle ongoing rentals (null end date)",
          "status": "passed",
          "title": "should handle ongoing rentals (null end date)",
          "failureMessages": [],
          "duration": 1
        },
        {
          "ancestorTitles": [
            "AvailabilityService - Date-Aware Functionality",
            "checkRentalAvailability with date range"
          ],
          "fullName": "AvailabilityService - Date-Aware Functionality checkRentalAvailability with date range should use date-aware checking when endDate is provided",
          "status": "passed",
          "title": "should use date-aware checking when endDate is provided",
          "failureMessages": [],
          "duration": 2
        },
        {
          "ancestorTitles": [
            "AvailabilityService - Date-Aware Functionality",
            "checkRentalAvailability with date range"
          ],
          "fullName": "AvailabilityService - Date-Aware Functionality checkRentalAvailability with date range should use legacy checking when endDate is not provided",
          "status": "passed",
          "title": "should use legacy checking when endDate is not provided",
          "failureMessages": [],
          "duration": 1
        }
      ],
      "failureMessage": null
    }
  ]
}