{
  "numTotalTests": 261,
  "numPassedTests": 261,
  "numFailedTests": 0,
  "numPendingTests": 0,
  "startTime": "2026-01-03T15:23:44.860Z",
  "endTime": "2026-01-03T15:23:50.111Z",
  "testResults": [
    {
      "testFilePath": "D:\\.work\\rental-software\\features\\kasir\\lib\\utils\\kasirHelper.test.ts",
      "testFileResults": [
        {
          "ancestorTitles": [
            "Kasir Helper Functions",
            "getKasirFromUser"
          ],
          "fullName": "Kasir Helper Functions getKasirFromUser should return kasir info when found",
          "status": "passed",
          "title": "should return kasir info when found",
          "failureMessages": [],
          "duration": 9
        },
        {
          "ancestorTitles": [
            "Kasir Helper Functions",
            "getKasirFromUser"
          ],
          "fullName": "Kasir Helper Functions getKasirFromUser should return null when kasir not found",
          "status": "passed",
          "title": "should return null when kasir not found",
          "failureMessages": [],
          "duration": 1
        },
        {
          "ancestorTitles": [
            "Kasir Helper Functions",
            "getKasirFromUser"
          ],
          "fullName": "Kasir Helper Functions getKasirFromUser should return null when database error occurs",
          "status": "passed",
          "title": "should return null when database error occurs",
          "failureMessages": [],
          "duration": 2
        },
        {
          "ancestorTitles": [
            "Kasir Helper Functions",
            "validateKasir"
          ],
          "fullName": "Kasir Helper Functions validateKasir should return true for active kasir",
          "status": "passed",
          "title": "should return true for active kasir",
          "failureMessages": [],
          "duration": 1
        },
        {
          "ancestorTitles": [
            "Kasir Helper Functions",
            "validateKasir"
          ],
          "fullName": "Kasir Helper Functions validateKasir should return false for inactive kasir",
          "status": "passed",
          "title": "should return false for inactive kasir",
          "failureMessages": [],
          "duration": 0
        },
        {
          "ancestorTitles": [
            "Kasir Helper Functions",
            "validateKasir"
          ],
          "fullName": "Kasir Helper Functions validateKasir should return false when kasir not found",
          "status": "passed",
          "title": "should return false when kasir not found",
          "failureMessages": [],
          "duration": 1
        },
        {
          "ancestorTitles": [
            "Kasir Helper Functions",
            "validateKasir"
          ],
          "fullName": "Kasir Helper Functions validateKasir should return false when database error occurs",
          "status": "passed",
          "title": "should return false when database error occurs",
          "failureMessages": [],
          "duration": 4
        },
        {
          "ancestorTitles": [
            "Kasir Helper Functions",
            "Error Handling"
          ],
          "fullName": "Kasir Helper Functions Error Handling getKasirFromUser should handle various error types gracefully",
          "status": "passed",
          "title": "getKasirFromUser should handle various error types gracefully",
          "failureMessages": [],
          "duration": 1
        },
        {
          "ancestorTitles": [
            "Kasir Helper Functions",
            "Error Handling"
          ],
          "fullName": "Kasir Helper Functions Error Handling validateKasir should handle various error types gracefully",
          "status": "passed",
          "title": "validateKasir should handle various error types gracefully",
          "failureMessages": [],
          "duration": 1
        }
      ],
      "failureMessage": null
    },
    {
      "testFilePath": "D:\\.work\\rental-software\\features\\kasir\\services\\transaksiService.refund.test.ts",
      "testFileResults": [
        {
          "ancestorTitles": [
            "TransaksiService Refund Processing - Property-Based Tests",
            "Property 1: Refund Detection Accuracy"
          ],
          "fullName": "TransaksiService Refund Processing - Property-Based Tests Property 1: Refund Detection Accuracy Feature: cancel-transaction-refund, Property 1: Refund Detection Accuracy - should trigger refund for payment amount 663223",
          "status": "passed",
          "title": "Feature: cancel-transaction-refund, Property 1: Refund Detection Accuracy - should trigger refund for payment amount 663223",
          "failureMessages": [],
          "duration": 93
        },
        {
          "ancestorTitles": [
            "TransaksiService Refund Processing - Property-Based Tests",
            "Property 1: Refund Detection Accuracy"
          ],
          "fullName": "TransaksiService Refund Processing - Property-Based Tests Property 1: Refund Detection Accuracy Feature: cancel-transaction-refund, Property 1: Refund Detection Accuracy - should trigger refund for payment amount 397854",
          "status": "passed",
          "title": "Feature: cancel-transaction-refund, Property 1: Refund Detection Accuracy - should trigger refund for payment amount 397854",
          "failureMessages": [],
          "duration": 4
        },
        {
          "ancestorTitles": [
            "TransaksiService Refund Processing - Property-Based Tests",
            "Property 1: Refund Detection Accuracy"
          ],
          "fullName": "TransaksiService Refund Processing - Property-Based Tests Property 1: Refund Detection Accuracy Feature: cancel-transaction-refund, Property 1: Refund Detection Accuracy - should trigger refund for payment amount 774316",
          "status": "passed",
          "title": "Feature: cancel-transaction-refund, Property 1: Refund Detection Accuracy - should trigger refund for payment amount 774316",
          "failureMessages": [],
          "duration": 5
        },
        {
          "ancestorTitles": [
            "TransaksiService Refund Processing - Property-Based Tests",
            "Property 1: Refund Detection Accuracy"
          ],
          "fullName": "TransaksiService Refund Processing - Property-Based Tests Property 1: Refund Detection Accuracy Feature: cancel-transaction-refund, Property 1: Refund Detection Accuracy - should trigger refund for payment amount 743049",
          "status": "passed",
          "title": "Feature: cancel-transaction-refund, Property 1: Refund Detection Accuracy - should trigger refund for payment amount 743049",
          "failureMessages": [],
          "duration": 2
        },
        {
          "ancestorTitles": [
            "TransaksiService Refund Processing - Property-Based Tests",
            "Property 1: Refund Detection Accuracy"
          ],
          "fullName": "TransaksiService Refund Processing - Property-Based Tests Property 1: Refund Detection Accuracy Feature: cancel-transaction-refund, Property 1: Refund Detection Accuracy - should trigger refund for payment amount 390629",
          "status": "passed",
          "title": "Feature: cancel-transaction-refund, Property 1: Refund Detection Accuracy - should trigger refund for payment amount 390629",
          "failureMessages": [],
          "duration": 4
        },
        {
          "ancestorTitles": [
            "TransaksiService Refund Processing - Property-Based Tests",
            "Property 1: Refund Detection Accuracy"
          ],
          "fullName": "TransaksiService Refund Processing - Property-Based Tests Property 1: Refund Detection Accuracy Feature: cancel-transaction-refund, Property 1: Refund Detection Accuracy - should trigger refund for payment amount 35913",
          "status": "passed",
          "title": "Feature: cancel-transaction-refund, Property 1: Refund Detection Accuracy - should trigger refund for payment amount 35913",
          "failureMessages": [],
          "duration": 6
        },
        {
          "ancestorTitles": [
            "TransaksiService Refund Processing - Property-Based Tests",
            "Property 1: Refund Detection Accuracy"
          ],
          "fullName": "TransaksiService Refund Processing - Property-Based Tests Property 1: Refund Detection Accuracy Feature: cancel-transaction-refund, Property 1: Refund Detection Accuracy - should trigger refund for payment amount 732707",
          "status": "passed",
          "title": "Feature: cancel-transaction-refund, Property 1: Refund Detection Accuracy - should trigger refund for payment amount 732707",
          "failureMessages": [],
          "duration": 3
        },
        {
          "ancestorTitles": [
            "TransaksiService Refund Processing - Property-Based Tests",
            "Property 1: Refund Detection Accuracy"
          ],
          "fullName": "TransaksiService Refund Processing - Property-Based Tests Property 1: Refund Detection Accuracy Feature: cancel-transaction-refund, Property 1: Refund Detection Accuracy - should trigger refund for payment amount 350318",
          "status": "passed",
          "title": "Feature: cancel-transaction-refund, Property 1: Refund Detection Accuracy - should trigger refund for payment amount 350318",
          "failureMessages": [],
          "duration": 4
        },
        {
          "ancestorTitles": [
            "TransaksiService Refund Processing - Property-Based Tests",
            "Property 1: Refund Detection Accuracy"
          ],
          "fullName": "TransaksiService Refund Processing - Property-Based Tests Property 1: Refund Detection Accuracy Feature: cancel-transaction-refund, Property 1: Refund Detection Accuracy - should trigger refund for payment amount 927503",
          "status": "passed",
          "title": "Feature: cancel-transaction-refund, Property 1: Refund Detection Accuracy - should trigger refund for payment amount 927503",
          "failureMessages": [],
          "duration": 3
        },
        {
          "ancestorTitles": [
            "TransaksiService Refund Processing - Property-Based Tests",
            "Property 1: Refund Detection Accuracy"
          ],
          "fullName": "TransaksiService Refund Processing - Property-Based Tests Property 1: Refund Detection Accuracy Feature: cancel-transaction-refund, Property 1: Refund Detection Accuracy - should trigger refund for payment amount 448896",
          "status": "passed",
          "title": "Feature: cancel-transaction-refund, Property 1: Refund Detection Accuracy - should trigger refund for payment amount 448896",
          "failureMessages": [],
          "duration": 7
        },
        {
          "ancestorTitles": [
            "TransaksiService Refund Processing - Property-Based Tests",
            "Property 1: Refund Detection Accuracy"
          ],
          "fullName": "TransaksiService Refund Processing - Property-Based Tests Property 1: Refund Detection Accuracy Feature: cancel-transaction-refund, Property 1: Refund Detection Accuracy - should trigger refund for payment amount 870238",
          "status": "passed",
          "title": "Feature: cancel-transaction-refund, Property 1: Refund Detection Accuracy - should trigger refund for payment amount 870238",
          "failureMessages": [],
          "duration": 2
        },
        {
          "ancestorTitles": [
            "TransaksiService Refund Processing - Property-Based Tests",
            "Property 1: Refund Detection Accuracy"
          ],
          "fullName": "TransaksiService Refund Processing - Property-Based Tests Property 1: Refund Detection Accuracy Feature: cancel-transaction-refund, Property 1: Refund Detection Accuracy - should trigger refund for payment amount 569388",
          "status": "passed",
          "title": "Feature: cancel-transaction-refund, Property 1: Refund Detection Accuracy - should trigger refund for payment amount 569388",
          "failureMessages": [],
          "duration": 2
        },
        {
          "ancestorTitles": [
            "TransaksiService Refund Processing - Property-Based Tests",
            "Property 1: Refund Detection Accuracy"
          ],
          "fullName": "TransaksiService Refund Processing - Property-Based Tests Property 1: Refund Detection Accuracy Feature: cancel-transaction-refund, Property 1: Refund Detection Accuracy - should trigger refund for payment amount 820895",
          "status": "passed",
          "title": "Feature: cancel-transaction-refund, Property 1: Refund Detection Accuracy - should trigger refund for payment amount 820895",
          "failureMessages": [],
          "duration": 2
        },
        {
          "ancestorTitles": [
            "TransaksiService Refund Processing - Property-Based Tests",
            "Property 1: Refund Detection Accuracy"
          ],
          "fullName": "TransaksiService Refund Processing - Property-Based Tests Property 1: Refund Detection Accuracy Feature: cancel-transaction-refund, Property 1: Refund Detection Accuracy - should trigger refund for payment amount 29498",
          "status": "passed",
          "title": "Feature: cancel-transaction-refund, Property 1: Refund Detection Accuracy - should trigger refund for payment amount 29498",
          "failureMessages": [],
          "duration": 1
        },
        {
          "ancestorTitles": [
            "TransaksiService Refund Processing - Property-Based Tests",
            "Property 1: Refund Detection Accuracy"
          ],
          "fullName": "TransaksiService Refund Processing - Property-Based Tests Property 1: Refund Detection Accuracy Feature: cancel-transaction-refund, Property 1: Refund Detection Accuracy - should trigger refund for payment amount 609898",
          "status": "passed",
          "title": "Feature: cancel-transaction-refund, Property 1: Refund Detection Accuracy - should trigger refund for payment amount 609898",
          "failureMessages": [],
          "duration": 2
        },
        {
          "ancestorTitles": [
            "TransaksiService Refund Processing - Property-Based Tests",
            "Property 1: Refund Detection Accuracy"
          ],
          "fullName": "TransaksiService Refund Processing - Property-Based Tests Property 1: Refund Detection Accuracy Feature: cancel-transaction-refund, Property 1: Refund Detection Accuracy - should trigger refund for payment amount 829227",
          "status": "passed",
          "title": "Feature: cancel-transaction-refund, Property 1: Refund Detection Accuracy - should trigger refund for payment amount 829227",
          "failureMessages": [],
          "duration": 4
        },
        {
          "ancestorTitles": [
            "TransaksiService Refund Processing - Property-Based Tests",
            "Property 1: Refund Detection Accuracy"
          ],
          "fullName": "TransaksiService Refund Processing - Property-Based Tests Property 1: Refund Detection Accuracy Feature: cancel-transaction-refund, Property 1: Refund Detection Accuracy - should trigger refund for payment amount 340916",
          "status": "passed",
          "title": "Feature: cancel-transaction-refund, Property 1: Refund Detection Accuracy - should trigger refund for payment amount 340916",
          "failureMessages": [],
          "duration": 2
        },
        {
          "ancestorTitles": [
            "TransaksiService Refund Processing - Property-Based Tests",
            "Property 1: Refund Detection Accuracy"
          ],
          "fullName": "TransaksiService Refund Processing - Property-Based Tests Property 1: Refund Detection Accuracy Feature: cancel-transaction-refund, Property 1: Refund Detection Accuracy - should trigger refund for payment amount 846706",
          "status": "passed",
          "title": "Feature: cancel-transaction-refund, Property 1: Refund Detection Accuracy - should trigger refund for payment amount 846706",
          "failureMessages": [],
          "duration": 1
        },
        {
          "ancestorTitles": [
            "TransaksiService Refund Processing - Property-Based Tests",
            "Property 1: Refund Detection Accuracy"
          ],
          "fullName": "TransaksiService Refund Processing - Property-Based Tests Property 1: Refund Detection Accuracy Feature: cancel-transaction-refund, Property 1: Refund Detection Accuracy - should trigger refund for payment amount 323895",
          "status": "passed",
          "title": "Feature: cancel-transaction-refund, Property 1: Refund Detection Accuracy - should trigger refund for payment amount 323895",
          "failureMessages": [],
          "duration": 1
        },
        {
          "ancestorTitles": [
            "TransaksiService Refund Processing - Property-Based Tests",
            "Property 1: Refund Detection Accuracy"
          ],
          "fullName": "TransaksiService Refund Processing - Property-Based Tests Property 1: Refund Detection Accuracy Feature: cancel-transaction-refund, Property 1: Refund Detection Accuracy - should trigger refund for payment amount 938619",
          "status": "passed",
          "title": "Feature: cancel-transaction-refund, Property 1: Refund Detection Accuracy - should trigger refund for payment amount 938619",
          "failureMessages": [],
          "duration": 2
        },
        {
          "ancestorTitles": [
            "TransaksiService Refund Processing - Property-Based Tests",
            "Property 1: Refund Detection Accuracy"
          ],
          "fullName": "TransaksiService Refund Processing - Property-Based Tests Property 1: Refund Detection Accuracy Feature: cancel-transaction-refund, Property 1: Refund Detection Accuracy - should trigger refund for payment amount 646591",
          "status": "passed",
          "title": "Feature: cancel-transaction-refund, Property 1: Refund Detection Accuracy - should trigger refund for payment amount 646591",
          "failureMessages": [],
          "duration": 2
        },
        {
          "ancestorTitles": [
            "TransaksiService Refund Processing - Property-Based Tests",
            "Property 1: Refund Detection Accuracy"
          ],
          "fullName": "TransaksiService Refund Processing - Property-Based Tests Property 1: Refund Detection Accuracy Feature: cancel-transaction-refund, Property 1: Refund Detection Accuracy - should trigger refund for payment amount 207768",
          "status": "passed",
          "title": "Feature: cancel-transaction-refund, Property 1: Refund Detection Accuracy - should trigger refund for payment amount 207768",
          "failureMessages": [],
          "duration": 2
        },
        {
          "ancestorTitles": [
            "TransaksiService Refund Processing - Property-Based Tests",
            "Property 1: Refund Detection Accuracy"
          ],
          "fullName": "TransaksiService Refund Processing - Property-Based Tests Property 1: Refund Detection Accuracy Feature: cancel-transaction-refund, Property 1: Refund Detection Accuracy - should trigger refund for payment amount 12317",
          "status": "passed",
          "title": "Feature: cancel-transaction-refund, Property 1: Refund Detection Accuracy - should trigger refund for payment amount 12317",
          "failureMessages": [],
          "duration": 4
        },
        {
          "ancestorTitles": [
            "TransaksiService Refund Processing - Property-Based Tests",
            "Property 1: Refund Detection Accuracy"
          ],
          "fullName": "TransaksiService Refund Processing - Property-Based Tests Property 1: Refund Detection Accuracy Feature: cancel-transaction-refund, Property 1: Refund Detection Accuracy - should trigger refund for payment amount 788952",
          "status": "passed",
          "title": "Feature: cancel-transaction-refund, Property 1: Refund Detection Accuracy - should trigger refund for payment amount 788952",
          "failureMessages": [],
          "duration": 3
        },
        {
          "ancestorTitles": [
            "TransaksiService Refund Processing - Property-Based Tests",
            "Property 1: Refund Detection Accuracy"
          ],
          "fullName": "TransaksiService Refund Processing - Property-Based Tests Property 1: Refund Detection Accuracy Feature: cancel-transaction-refund, Property 1: Refund Detection Accuracy - should trigger refund for payment amount 299550",
          "status": "passed",
          "title": "Feature: cancel-transaction-refund, Property 1: Refund Detection Accuracy - should trigger refund for payment amount 299550",
          "failureMessages": [],
          "duration": 2
        },
        {
          "ancestorTitles": [
            "TransaksiService Refund Processing - Property-Based Tests",
            "Property 1: Refund Detection Accuracy"
          ],
          "fullName": "TransaksiService Refund Processing - Property-Based Tests Property 1: Refund Detection Accuracy Feature: cancel-transaction-refund, Property 1: Refund Detection Accuracy - should trigger refund for payment amount 229919",
          "status": "passed",
          "title": "Feature: cancel-transaction-refund, Property 1: Refund Detection Accuracy - should trigger refund for payment amount 229919",
          "failureMessages": [],
          "duration": 2
        },
        {
          "ancestorTitles": [
            "TransaksiService Refund Processing - Property-Based Tests",
            "Property 1: Refund Detection Accuracy"
          ],
          "fullName": "TransaksiService Refund Processing - Property-Based Tests Property 1: Refund Detection Accuracy Feature: cancel-transaction-refund, Property 1: Refund Detection Accuracy - should trigger refund for payment amount 503826",
          "status": "passed",
          "title": "Feature: cancel-transaction-refund, Property 1: Refund Detection Accuracy - should trigger refund for payment amount 503826",
          "failureMessages": [],
          "duration": 2
        },
        {
          "ancestorTitles": [
            "TransaksiService Refund Processing - Property-Based Tests",
            "Property 1: Refund Detection Accuracy"
          ],
          "fullName": "TransaksiService Refund Processing - Property-Based Tests Property 1: Refund Detection Accuracy Feature: cancel-transaction-refund, Property 1: Refund Detection Accuracy - should trigger refund for payment amount 91385",
          "status": "passed",
          "title": "Feature: cancel-transaction-refund, Property 1: Refund Detection Accuracy - should trigger refund for payment amount 91385",
          "failureMessages": [],
          "duration": 2
        },
        {
          "ancestorTitles": [
            "TransaksiService Refund Processing - Property-Based Tests",
            "Property 1: Refund Detection Accuracy"
          ],
          "fullName": "TransaksiService Refund Processing - Property-Based Tests Property 1: Refund Detection Accuracy Feature: cancel-transaction-refund, Property 1: Refund Detection Accuracy - should trigger refund for payment amount 832745",
          "status": "passed",
          "title": "Feature: cancel-transaction-refund, Property 1: Refund Detection Accuracy - should trigger refund for payment amount 832745",
          "failureMessages": [],
          "duration": 2
        },
        {
          "ancestorTitles": [
            "TransaksiService Refund Processing - Property-Based Tests",
            "Property 1: Refund Detection Accuracy"
          ],
          "fullName": "TransaksiService Refund Processing - Property-Based Tests Property 1: Refund Detection Accuracy Feature: cancel-transaction-refund, Property 1: Refund Detection Accuracy - should trigger refund for payment amount 384030",
          "status": "passed",
          "title": "Feature: cancel-transaction-refund, Property 1: Refund Detection Accuracy - should trigger refund for payment amount 384030",
          "failureMessages": [],
          "duration": 4
        },
        {
          "ancestorTitles": [
            "TransaksiService Refund Processing - Property-Based Tests",
            "Property 1: Refund Detection Accuracy"
          ],
          "fullName": "TransaksiService Refund Processing - Property-Based Tests Property 1: Refund Detection Accuracy Feature: cancel-transaction-refund, Property 1: Refund Detection Accuracy - should trigger refund for payment amount 376074",
          "status": "passed",
          "title": "Feature: cancel-transaction-refund, Property 1: Refund Detection Accuracy - should trigger refund for payment amount 376074",
          "failureMessages": [],
          "duration": 2
        },
        {
          "ancestorTitles": [
            "TransaksiService Refund Processing - Property-Based Tests",
            "Property 1: Refund Detection Accuracy"
          ],
          "fullName": "TransaksiService Refund Processing - Property-Based Tests Property 1: Refund Detection Accuracy Feature: cancel-transaction-refund, Property 1: Refund Detection Accuracy - should trigger refund for payment amount 699891",
          "status": "passed",
          "title": "Feature: cancel-transaction-refund, Property 1: Refund Detection Accuracy - should trigger refund for payment amount 699891",
          "failureMessages": [],
          "duration": 2
        },
        {
          "ancestorTitles": [
            "TransaksiService Refund Processing - Property-Based Tests",
            "Property 1: Refund Detection Accuracy"
          ],
          "fullName": "TransaksiService Refund Processing - Property-Based Tests Property 1: Refund Detection Accuracy Feature: cancel-transaction-refund, Property 1: Refund Detection Accuracy - should trigger refund for payment amount 577421",
          "status": "passed",
          "title": "Feature: cancel-transaction-refund, Property 1: Refund Detection Accuracy - should trigger refund for payment amount 577421",
          "failureMessages": [],
          "duration": 6
        },
        {
          "ancestorTitles": [
            "TransaksiService Refund Processing - Property-Based Tests",
            "Property 1: Refund Detection Accuracy"
          ],
          "fullName": "TransaksiService Refund Processing - Property-Based Tests Property 1: Refund Detection Accuracy Feature: cancel-transaction-refund, Property 1: Refund Detection Accuracy - should trigger refund for payment amount 931500",
          "status": "passed",
          "title": "Feature: cancel-transaction-refund, Property 1: Refund Detection Accuracy - should trigger refund for payment amount 931500",
          "failureMessages": [],
          "duration": 4
        },
        {
          "ancestorTitles": [
            "TransaksiService Refund Processing - Property-Based Tests",
            "Property 1: Refund Detection Accuracy"
          ],
          "fullName": "TransaksiService Refund Processing - Property-Based Tests Property 1: Refund Detection Accuracy Feature: cancel-transaction-refund, Property 1: Refund Detection Accuracy - should trigger refund for payment amount 651155",
          "status": "passed",
          "title": "Feature: cancel-transaction-refund, Property 1: Refund Detection Accuracy - should trigger refund for payment amount 651155",
          "failureMessages": [],
          "duration": 4
        },
        {
          "ancestorTitles": [
            "TransaksiService Refund Processing - Property-Based Tests",
            "Property 1: Refund Detection Accuracy"
          ],
          "fullName": "TransaksiService Refund Processing - Property-Based Tests Property 1: Refund Detection Accuracy Feature: cancel-transaction-refund, Property 1: Refund Detection Accuracy - should trigger refund for payment amount 223436",
          "status": "passed",
          "title": "Feature: cancel-transaction-refund, Property 1: Refund Detection Accuracy - should trigger refund for payment amount 223436",
          "failureMessages": [],
          "duration": 3
        },
        {
          "ancestorTitles": [
            "TransaksiService Refund Processing - Property-Based Tests",
            "Property 1: Refund Detection Accuracy"
          ],
          "fullName": "TransaksiService Refund Processing - Property-Based Tests Property 1: Refund Detection Accuracy Feature: cancel-transaction-refund, Property 1: Refund Detection Accuracy - should trigger refund for payment amount 829903",
          "status": "passed",
          "title": "Feature: cancel-transaction-refund, Property 1: Refund Detection Accuracy - should trigger refund for payment amount 829903",
          "failureMessages": [],
          "duration": 3
        },
        {
          "ancestorTitles": [
            "TransaksiService Refund Processing - Property-Based Tests",
            "Property 1: Refund Detection Accuracy"
          ],
          "fullName": "TransaksiService Refund Processing - Property-Based Tests Property 1: Refund Detection Accuracy Feature: cancel-transaction-refund, Property 1: Refund Detection Accuracy - should trigger refund for payment amount 225162",
          "status": "passed",
          "title": "Feature: cancel-transaction-refund, Property 1: Refund Detection Accuracy - should trigger refund for payment amount 225162",
          "failureMessages": [],
          "duration": 3
        },
        {
          "ancestorTitles": [
            "TransaksiService Refund Processing - Property-Based Tests",
            "Property 1: Refund Detection Accuracy"
          ],
          "fullName": "TransaksiService Refund Processing - Property-Based Tests Property 1: Refund Detection Accuracy Feature: cancel-transaction-refund, Property 1: Refund Detection Accuracy - should trigger refund for payment amount 519064",
          "status": "passed",
          "title": "Feature: cancel-transaction-refund, Property 1: Refund Detection Accuracy - should trigger refund for payment amount 519064",
          "failureMessages": [],
          "duration": 9
        },
        {
          "ancestorTitles": [
            "TransaksiService Refund Processing - Property-Based Tests",
            "Property 1: Refund Detection Accuracy"
          ],
          "fullName": "TransaksiService Refund Processing - Property-Based Tests Property 1: Refund Detection Accuracy Feature: cancel-transaction-refund, Property 1: Refund Detection Accuracy - should trigger refund for payment amount 839444",
          "status": "passed",
          "title": "Feature: cancel-transaction-refund, Property 1: Refund Detection Accuracy - should trigger refund for payment amount 839444",
          "failureMessages": [],
          "duration": 2
        },
        {
          "ancestorTitles": [
            "TransaksiService Refund Processing - Property-Based Tests",
            "Property 1: Refund Detection Accuracy"
          ],
          "fullName": "TransaksiService Refund Processing - Property-Based Tests Property 1: Refund Detection Accuracy Feature: cancel-transaction-refund, Property 1: Refund Detection Accuracy - should trigger refund for payment amount 384255",
          "status": "passed",
          "title": "Feature: cancel-transaction-refund, Property 1: Refund Detection Accuracy - should trigger refund for payment amount 384255",
          "failureMessages": [],
          "duration": 2
        },
        {
          "ancestorTitles": [
            "TransaksiService Refund Processing - Property-Based Tests",
            "Property 1: Refund Detection Accuracy"
          ],
          "fullName": "TransaksiService Refund Processing - Property-Based Tests Property 1: Refund Detection Accuracy Feature: cancel-transaction-refund, Property 1: Refund Detection Accuracy - should trigger refund for payment amount 257266",
          "status": "passed",
          "title": "Feature: cancel-transaction-refund, Property 1: Refund Detection Accuracy - should trigger refund for payment amount 257266",
          "failureMessages": [],
          "duration": 2
        },
        {
          "ancestorTitles": [
            "TransaksiService Refund Processing - Property-Based Tests",
            "Property 1: Refund Detection Accuracy"
          ],
          "fullName": "TransaksiService Refund Processing - Property-Based Tests Property 1: Refund Detection Accuracy Feature: cancel-transaction-refund, Property 1: Refund Detection Accuracy - should trigger refund for payment amount 705347",
          "status": "passed",
          "title": "Feature: cancel-transaction-refund, Property 1: Refund Detection Accuracy - should trigger refund for payment amount 705347",
          "failureMessages": [],
          "duration": 2
        },
        {
          "ancestorTitles": [
            "TransaksiService Refund Processing - Property-Based Tests",
            "Property 1: Refund Detection Accuracy"
          ],
          "fullName": "TransaksiService Refund Processing - Property-Based Tests Property 1: Refund Detection Accuracy Feature: cancel-transaction-refund, Property 1: Refund Detection Accuracy - should trigger refund for payment amount 699608",
          "status": "passed",
          "title": "Feature: cancel-transaction-refund, Property 1: Refund Detection Accuracy - should trigger refund for payment amount 699608",
          "failureMessages": [],
          "duration": 2
        },
        {
          "ancestorTitles": [
            "TransaksiService Refund Processing - Property-Based Tests",
            "Property 1: Refund Detection Accuracy"
          ],
          "fullName": "TransaksiService Refund Processing - Property-Based Tests Property 1: Refund Detection Accuracy Feature: cancel-transaction-refund, Property 1: Refund Detection Accuracy - should trigger refund for payment amount 450532",
          "status": "passed",
          "title": "Feature: cancel-transaction-refund, Property 1: Refund Detection Accuracy - should trigger refund for payment amount 450532",
          "failureMessages": [],
          "duration": 4
        },
        {
          "ancestorTitles": [
            "TransaksiService Refund Processing - Property-Based Tests",
            "Property 1: Refund Detection Accuracy"
          ],
          "fullName": "TransaksiService Refund Processing - Property-Based Tests Property 1: Refund Detection Accuracy Feature: cancel-transaction-refund, Property 1: Refund Detection Accuracy - should trigger refund for payment amount 955097",
          "status": "passed",
          "title": "Feature: cancel-transaction-refund, Property 1: Refund Detection Accuracy - should trigger refund for payment amount 955097",
          "failureMessages": [],
          "duration": 2
        },
        {
          "ancestorTitles": [
            "TransaksiService Refund Processing - Property-Based Tests",
            "Property 1: Refund Detection Accuracy"
          ],
          "fullName": "TransaksiService Refund Processing - Property-Based Tests Property 1: Refund Detection Accuracy Feature: cancel-transaction-refund, Property 1: Refund Detection Accuracy - should trigger refund for payment amount 897627",
          "status": "passed",
          "title": "Feature: cancel-transaction-refund, Property 1: Refund Detection Accuracy - should trigger refund for payment amount 897627",
          "failureMessages": [],
          "duration": 2
        },
        {
          "ancestorTitles": [
            "TransaksiService Refund Processing - Property-Based Tests",
            "Property 1: Refund Detection Accuracy"
          ],
          "fullName": "TransaksiService Refund Processing - Property-Based Tests Property 1: Refund Detection Accuracy Feature: cancel-transaction-refund, Property 1: Refund Detection Accuracy - should trigger refund for payment amount 352860",
          "status": "passed",
          "title": "Feature: cancel-transaction-refund, Property 1: Refund Detection Accuracy - should trigger refund for payment amount 352860",
          "failureMessages": [],
          "duration": 2
        },
        {
          "ancestorTitles": [
            "TransaksiService Refund Processing - Property-Based Tests",
            "Property 1: Refund Detection Accuracy"
          ],
          "fullName": "TransaksiService Refund Processing - Property-Based Tests Property 1: Refund Detection Accuracy Feature: cancel-transaction-refund, Property 1: Refund Detection Accuracy - should trigger refund for payment amount 650771",
          "status": "passed",
          "title": "Feature: cancel-transaction-refund, Property 1: Refund Detection Accuracy - should trigger refund for payment amount 650771",
          "failureMessages": [],
          "duration": 2
        },
        {
          "ancestorTitles": [
            "TransaksiService Refund Processing - Property-Based Tests",
            "Property 1: Refund Detection Accuracy"
          ],
          "fullName": "TransaksiService Refund Processing - Property-Based Tests Property 1: Refund Detection Accuracy Feature: cancel-transaction-refund, Property 1: Refund Detection Accuracy - should trigger refund for payment amount 249811",
          "status": "passed",
          "title": "Feature: cancel-transaction-refund, Property 1: Refund Detection Accuracy - should trigger refund for payment amount 249811",
          "failureMessages": [],
          "duration": 1
        },
        {
          "ancestorTitles": [
            "TransaksiService Refund Processing - Property-Based Tests",
            "Property 1: Refund Detection Accuracy"
          ],
          "fullName": "TransaksiService Refund Processing - Property-Based Tests Property 1: Refund Detection Accuracy Feature: cancel-transaction-refund, Property 1: Refund Detection Accuracy - should trigger refund for payment amount 274181",
          "status": "passed",
          "title": "Feature: cancel-transaction-refund, Property 1: Refund Detection Accuracy - should trigger refund for payment amount 274181",
          "failureMessages": [],
          "duration": 2
        },
        {
          "ancestorTitles": [
            "TransaksiService Refund Processing - Property-Based Tests",
            "Property 1: Refund Detection Accuracy"
          ],
          "fullName": "TransaksiService Refund Processing - Property-Based Tests Property 1: Refund Detection Accuracy Feature: cancel-transaction-refund, Property 1: Refund Detection Accuracy - should trigger refund for payment amount 399386",
          "status": "passed",
          "title": "Feature: cancel-transaction-refund, Property 1: Refund Detection Accuracy - should trigger refund for payment amount 399386",
          "failureMessages": [],
          "duration": 2
        },
        {
          "ancestorTitles": [
            "TransaksiService Refund Processing - Property-Based Tests",
            "Property 1: Refund Detection Accuracy"
          ],
          "fullName": "TransaksiService Refund Processing - Property-Based Tests Property 1: Refund Detection Accuracy Feature: cancel-transaction-refund, Property 1: Refund Detection Accuracy - should trigger refund for payment amount 708156",
          "status": "passed",
          "title": "Feature: cancel-transaction-refund, Property 1: Refund Detection Accuracy - should trigger refund for payment amount 708156",
          "failureMessages": [],
          "duration": 3
        },
        {
          "ancestorTitles": [
            "TransaksiService Refund Processing - Property-Based Tests",
            "Property 1: Refund Detection Accuracy"
          ],
          "fullName": "TransaksiService Refund Processing - Property-Based Tests Property 1: Refund Detection Accuracy Feature: cancel-transaction-refund, Property 1: Refund Detection Accuracy - should trigger refund for payment amount 67009",
          "status": "passed",
          "title": "Feature: cancel-transaction-refund, Property 1: Refund Detection Accuracy - should trigger refund for payment amount 67009",
          "failureMessages": [],
          "duration": 2
        },
        {
          "ancestorTitles": [
            "TransaksiService Refund Processing - Property-Based Tests",
            "Property 1: Refund Detection Accuracy"
          ],
          "fullName": "TransaksiService Refund Processing - Property-Based Tests Property 1: Refund Detection Accuracy Feature: cancel-transaction-refund, Property 1: Refund Detection Accuracy - should trigger refund for payment amount 640072",
          "status": "passed",
          "title": "Feature: cancel-transaction-refund, Property 1: Refund Detection Accuracy - should trigger refund for payment amount 640072",
          "failureMessages": [],
          "duration": 2
        },
        {
          "ancestorTitles": [
            "TransaksiService Refund Processing - Property-Based Tests",
            "Property 1: Refund Detection Accuracy"
          ],
          "fullName": "TransaksiService Refund Processing - Property-Based Tests Property 1: Refund Detection Accuracy Feature: cancel-transaction-refund, Property 1: Refund Detection Accuracy - should trigger refund for payment amount 168698",
          "status": "passed",
          "title": "Feature: cancel-transaction-refund, Property 1: Refund Detection Accuracy - should trigger refund for payment amount 168698",
          "failureMessages": [],
          "duration": 2
        },
        {
          "ancestorTitles": [
            "TransaksiService Refund Processing - Property-Based Tests",
            "Property 1: Refund Detection Accuracy"
          ],
          "fullName": "TransaksiService Refund Processing - Property-Based Tests Property 1: Refund Detection Accuracy Feature: cancel-transaction-refund, Property 1: Refund Detection Accuracy - should trigger refund for payment amount 755557",
          "status": "passed",
          "title": "Feature: cancel-transaction-refund, Property 1: Refund Detection Accuracy - should trigger refund for payment amount 755557",
          "failureMessages": [],
          "duration": 2
        },
        {
          "ancestorTitles": [
            "TransaksiService Refund Processing - Property-Based Tests",
            "Property 1: Refund Detection Accuracy"
          ],
          "fullName": "TransaksiService Refund Processing - Property-Based Tests Property 1: Refund Detection Accuracy Feature: cancel-transaction-refund, Property 1: Refund Detection Accuracy - should trigger refund for payment amount 994613",
          "status": "passed",
          "title": "Feature: cancel-transaction-refund, Property 1: Refund Detection Accuracy - should trigger refund for payment amount 994613",
          "failureMessages": [],
          "duration": 2
        },
        {
          "ancestorTitles": [
            "TransaksiService Refund Processing - Property-Based Tests",
            "Property 1: Refund Detection Accuracy"
          ],
          "fullName": "TransaksiService Refund Processing - Property-Based Tests Property 1: Refund Detection Accuracy Feature: cancel-transaction-refund, Property 1: Refund Detection Accuracy - should trigger refund for payment amount 314288",
          "status": "passed",
          "title": "Feature: cancel-transaction-refund, Property 1: Refund Detection Accuracy - should trigger refund for payment amount 314288",
          "failureMessages": [],
          "duration": 1
        },
        {
          "ancestorTitles": [
            "TransaksiService Refund Processing - Property-Based Tests",
            "Property 1: Refund Detection Accuracy"
          ],
          "fullName": "TransaksiService Refund Processing - Property-Based Tests Property 1: Refund Detection Accuracy Feature: cancel-transaction-refund, Property 1: Refund Detection Accuracy - should trigger refund for payment amount 548756",
          "status": "passed",
          "title": "Feature: cancel-transaction-refund, Property 1: Refund Detection Accuracy - should trigger refund for payment amount 548756",
          "failureMessages": [],
          "duration": 2
        },
        {
          "ancestorTitles": [
            "TransaksiService Refund Processing - Property-Based Tests",
            "Property 1: Refund Detection Accuracy"
          ],
          "fullName": "TransaksiService Refund Processing - Property-Based Tests Property 1: Refund Detection Accuracy Feature: cancel-transaction-refund, Property 1: Refund Detection Accuracy - should trigger refund for payment amount 915314",
          "status": "passed",
          "title": "Feature: cancel-transaction-refund, Property 1: Refund Detection Accuracy - should trigger refund for payment amount 915314",
          "failureMessages": [],
          "duration": 3
        },
        {
          "ancestorTitles": [
            "TransaksiService Refund Processing - Property-Based Tests",
            "Property 1: Refund Detection Accuracy"
          ],
          "fullName": "TransaksiService Refund Processing - Property-Based Tests Property 1: Refund Detection Accuracy Feature: cancel-transaction-refund, Property 1: Refund Detection Accuracy - should trigger refund for payment amount 478245",
          "status": "passed",
          "title": "Feature: cancel-transaction-refund, Property 1: Refund Detection Accuracy - should trigger refund for payment amount 478245",
          "failureMessages": [],
          "duration": 2
        },
        {
          "ancestorTitles": [
            "TransaksiService Refund Processing - Property-Based Tests",
            "Property 1: Refund Detection Accuracy"
          ],
          "fullName": "TransaksiService Refund Processing - Property-Based Tests Property 1: Refund Detection Accuracy Feature: cancel-transaction-refund, Property 1: Refund Detection Accuracy - should trigger refund for payment amount 680369",
          "status": "passed",
          "title": "Feature: cancel-transaction-refund, Property 1: Refund Detection Accuracy - should trigger refund for payment amount 680369",
          "failureMessages": [],
          "duration": 2
        },
        {
          "ancestorTitles": [
            "TransaksiService Refund Processing - Property-Based Tests",
            "Property 1: Refund Detection Accuracy"
          ],
          "fullName": "TransaksiService Refund Processing - Property-Based Tests Property 1: Refund Detection Accuracy Feature: cancel-transaction-refund, Property 1: Refund Detection Accuracy - should trigger refund for payment amount 539112",
          "status": "passed",
          "title": "Feature: cancel-transaction-refund, Property 1: Refund Detection Accuracy - should trigger refund for payment amount 539112",
          "failureMessages": [],
          "duration": 2
        },
        {
          "ancestorTitles": [
            "TransaksiService Refund Processing - Property-Based Tests",
            "Property 1: Refund Detection Accuracy"
          ],
          "fullName": "TransaksiService Refund Processing - Property-Based Tests Property 1: Refund Detection Accuracy Feature: cancel-transaction-refund, Property 1: Refund Detection Accuracy - should trigger refund for payment amount 29895",
          "status": "passed",
          "title": "Feature: cancel-transaction-refund, Property 1: Refund Detection Accuracy - should trigger refund for payment amount 29895",
          "failureMessages": [],
          "duration": 2
        },
        {
          "ancestorTitles": [
            "TransaksiService Refund Processing - Property-Based Tests",
            "Property 1: Refund Detection Accuracy"
          ],
          "fullName": "TransaksiService Refund Processing - Property-Based Tests Property 1: Refund Detection Accuracy Feature: cancel-transaction-refund, Property 1: Refund Detection Accuracy - should trigger refund for payment amount 235137",
          "status": "passed",
          "title": "Feature: cancel-transaction-refund, Property 1: Refund Detection Accuracy - should trigger refund for payment amount 235137",
          "failureMessages": [],
          "duration": 1
        },
        {
          "ancestorTitles": [
            "TransaksiService Refund Processing - Property-Based Tests",
            "Property 1: Refund Detection Accuracy"
          ],
          "fullName": "TransaksiService Refund Processing - Property-Based Tests Property 1: Refund Detection Accuracy Feature: cancel-transaction-refund, Property 1: Refund Detection Accuracy - should trigger refund for payment amount 513259",
          "status": "passed",
          "title": "Feature: cancel-transaction-refund, Property 1: Refund Detection Accuracy - should trigger refund for payment amount 513259",
          "failureMessages": [],
          "duration": 2
        },
        {
          "ancestorTitles": [
            "TransaksiService Refund Processing - Property-Based Tests",
            "Property 1: Refund Detection Accuracy"
          ],
          "fullName": "TransaksiService Refund Processing - Property-Based Tests Property 1: Refund Detection Accuracy Feature: cancel-transaction-refund, Property 1: Refund Detection Accuracy - should trigger refund for payment amount 790196",
          "status": "passed",
          "title": "Feature: cancel-transaction-refund, Property 1: Refund Detection Accuracy - should trigger refund for payment amount 790196",
          "failureMessages": [],
          "duration": 2
        },
        {
          "ancestorTitles": [
            "TransaksiService Refund Processing - Property-Based Tests",
            "Property 1: Refund Detection Accuracy"
          ],
          "fullName": "TransaksiService Refund Processing - Property-Based Tests Property 1: Refund Detection Accuracy Feature: cancel-transaction-refund, Property 1: Refund Detection Accuracy - should trigger refund for payment amount 372207",
          "status": "passed",
          "title": "Feature: cancel-transaction-refund, Property 1: Refund Detection Accuracy - should trigger refund for payment amount 372207",
          "failureMessages": [],
          "duration": 5
        },
        {
          "ancestorTitles": [
            "TransaksiService Refund Processing - Property-Based Tests",
            "Property 1: Refund Detection Accuracy"
          ],
          "fullName": "TransaksiService Refund Processing - Property-Based Tests Property 1: Refund Detection Accuracy Feature: cancel-transaction-refund, Property 1: Refund Detection Accuracy - should trigger refund for payment amount 448666",
          "status": "passed",
          "title": "Feature: cancel-transaction-refund, Property 1: Refund Detection Accuracy - should trigger refund for payment amount 448666",
          "failureMessages": [],
          "duration": 2
        },
        {
          "ancestorTitles": [
            "TransaksiService Refund Processing - Property-Based Tests",
            "Property 1: Refund Detection Accuracy"
          ],
          "fullName": "TransaksiService Refund Processing - Property-Based Tests Property 1: Refund Detection Accuracy Feature: cancel-transaction-refund, Property 1: Refund Detection Accuracy - should trigger refund for payment amount 13038",
          "status": "passed",
          "title": "Feature: cancel-transaction-refund, Property 1: Refund Detection Accuracy - should trigger refund for payment amount 13038",
          "failureMessages": [],
          "duration": 1
        },
        {
          "ancestorTitles": [
            "TransaksiService Refund Processing - Property-Based Tests",
            "Property 1: Refund Detection Accuracy"
          ],
          "fullName": "TransaksiService Refund Processing - Property-Based Tests Property 1: Refund Detection Accuracy Feature: cancel-transaction-refund, Property 1: Refund Detection Accuracy - should trigger refund for payment amount 975174",
          "status": "passed",
          "title": "Feature: cancel-transaction-refund, Property 1: Refund Detection Accuracy - should trigger refund for payment amount 975174",
          "failureMessages": [],
          "duration": 2
        },
        {
          "ancestorTitles": [
            "TransaksiService Refund Processing - Property-Based Tests",
            "Property 1: Refund Detection Accuracy"
          ],
          "fullName": "TransaksiService Refund Processing - Property-Based Tests Property 1: Refund Detection Accuracy Feature: cancel-transaction-refund, Property 1: Refund Detection Accuracy - should trigger refund for payment amount 529863",
          "status": "passed",
          "title": "Feature: cancel-transaction-refund, Property 1: Refund Detection Accuracy - should trigger refund for payment amount 529863",
          "failureMessages": [],
          "duration": 2
        },
        {
          "ancestorTitles": [
            "TransaksiService Refund Processing - Property-Based Tests",
            "Property 1: Refund Detection Accuracy"
          ],
          "fullName": "TransaksiService Refund Processing - Property-Based Tests Property 1: Refund Detection Accuracy Feature: cancel-transaction-refund, Property 1: Refund Detection Accuracy - should trigger refund for payment amount 349857",
          "status": "passed",
          "title": "Feature: cancel-transaction-refund, Property 1: Refund Detection Accuracy - should trigger refund for payment amount 349857",
          "failureMessages": [],
          "duration": 2
        },
        {
          "ancestorTitles": [
            "TransaksiService Refund Processing - Property-Based Tests",
            "Property 1: Refund Detection Accuracy"
          ],
          "fullName": "TransaksiService Refund Processing - Property-Based Tests Property 1: Refund Detection Accuracy Feature: cancel-transaction-refund, Property 1: Refund Detection Accuracy - should trigger refund for payment amount 949207",
          "status": "passed",
          "title": "Feature: cancel-transaction-refund, Property 1: Refund Detection Accuracy - should trigger refund for payment amount 949207",
          "failureMessages": [],
          "duration": 2
        },
        {
          "ancestorTitles": [
            "TransaksiService Refund Processing - Property-Based Tests",
            "Property 1: Refund Detection Accuracy"
          ],
          "fullName": "TransaksiService Refund Processing - Property-Based Tests Property 1: Refund Detection Accuracy Feature: cancel-transaction-refund, Property 1: Refund Detection Accuracy - should trigger refund for payment amount 754380",
          "status": "passed",
          "title": "Feature: cancel-transaction-refund, Property 1: Refund Detection Accuracy - should trigger refund for payment amount 754380",
          "failureMessages": [],
          "duration": 3
        },
        {
          "ancestorTitles": [
            "TransaksiService Refund Processing - Property-Based Tests",
            "Property 1: Refund Detection Accuracy"
          ],
          "fullName": "TransaksiService Refund Processing - Property-Based Tests Property 1: Refund Detection Accuracy Feature: cancel-transaction-refund, Property 1: Refund Detection Accuracy - should trigger refund for payment amount 633801",
          "status": "passed",
          "title": "Feature: cancel-transaction-refund, Property 1: Refund Detection Accuracy - should trigger refund for payment amount 633801",
          "failureMessages": [],
          "duration": 2
        },
        {
          "ancestorTitles": [
            "TransaksiService Refund Processing - Property-Based Tests",
            "Property 1: Refund Detection Accuracy"
          ],
          "fullName": "TransaksiService Refund Processing - Property-Based Tests Property 1: Refund Detection Accuracy Feature: cancel-transaction-refund, Property 1: Refund Detection Accuracy - should trigger refund for payment amount 791298",
          "status": "passed",
          "title": "Feature: cancel-transaction-refund, Property 1: Refund Detection Accuracy - should trigger refund for payment amount 791298",
          "failureMessages": [],
          "duration": 2
        },
        {
          "ancestorTitles": [
            "TransaksiService Refund Processing - Property-Based Tests",
            "Property 1: Refund Detection Accuracy"
          ],
          "fullName": "TransaksiService Refund Processing - Property-Based Tests Property 1: Refund Detection Accuracy Feature: cancel-transaction-refund, Property 1: Refund Detection Accuracy - should trigger refund for payment amount 153141",
          "status": "passed",
          "title": "Feature: cancel-transaction-refund, Property 1: Refund Detection Accuracy - should trigger refund for payment amount 153141",
          "failureMessages": [],
          "duration": 2
        },
        {
          "ancestorTitles": [
            "TransaksiService Refund Processing - Property-Based Tests",
            "Property 1: Refund Detection Accuracy"
          ],
          "fullName": "TransaksiService Refund Processing - Property-Based Tests Property 1: Refund Detection Accuracy Feature: cancel-transaction-refund, Property 1: Refund Detection Accuracy - should trigger refund for payment amount 190854",
          "status": "passed",
          "title": "Feature: cancel-transaction-refund, Property 1: Refund Detection Accuracy - should trigger refund for payment amount 190854",
          "failureMessages": [],
          "duration": 2
        },
        {
          "ancestorTitles": [
            "TransaksiService Refund Processing - Property-Based Tests",
            "Property 1: Refund Detection Accuracy"
          ],
          "fullName": "TransaksiService Refund Processing - Property-Based Tests Property 1: Refund Detection Accuracy Feature: cancel-transaction-refund, Property 1: Refund Detection Accuracy - should trigger refund for payment amount 28038",
          "status": "passed",
          "title": "Feature: cancel-transaction-refund, Property 1: Refund Detection Accuracy - should trigger refund for payment amount 28038",
          "failureMessages": [],
          "duration": 2
        },
        {
          "ancestorTitles": [
            "TransaksiService Refund Processing - Property-Based Tests",
            "Property 1: Refund Detection Accuracy"
          ],
          "fullName": "TransaksiService Refund Processing - Property-Based Tests Property 1: Refund Detection Accuracy Feature: cancel-transaction-refund, Property 1: Refund Detection Accuracy - should trigger refund for payment amount 430422",
          "status": "passed",
          "title": "Feature: cancel-transaction-refund, Property 1: Refund Detection Accuracy - should trigger refund for payment amount 430422",
          "failureMessages": [],
          "duration": 2
        },
        {
          "ancestorTitles": [
            "TransaksiService Refund Processing - Property-Based Tests",
            "Property 1: Refund Detection Accuracy"
          ],
          "fullName": "TransaksiService Refund Processing - Property-Based Tests Property 1: Refund Detection Accuracy Feature: cancel-transaction-refund, Property 1: Refund Detection Accuracy - should trigger refund for payment amount 48912",
          "status": "passed",
          "title": "Feature: cancel-transaction-refund, Property 1: Refund Detection Accuracy - should trigger refund for payment amount 48912",
          "failureMessages": [],
          "duration": 3
        },
        {
          "ancestorTitles": [
            "TransaksiService Refund Processing - Property-Based Tests",
            "Property 1: Refund Detection Accuracy"
          ],
          "fullName": "TransaksiService Refund Processing - Property-Based Tests Property 1: Refund Detection Accuracy Feature: cancel-transaction-refund, Property 1: Refund Detection Accuracy - should trigger refund for payment amount 816348",
          "status": "passed",
          "title": "Feature: cancel-transaction-refund, Property 1: Refund Detection Accuracy - should trigger refund for payment amount 816348",
          "failureMessages": [],
          "duration": 2
        },
        {
          "ancestorTitles": [
            "TransaksiService Refund Processing - Property-Based Tests",
            "Property 1: Refund Detection Accuracy"
          ],
          "fullName": "TransaksiService Refund Processing - Property-Based Tests Property 1: Refund Detection Accuracy Feature: cancel-transaction-refund, Property 1: Refund Detection Accuracy - should trigger refund for payment amount 613487",
          "status": "passed",
          "title": "Feature: cancel-transaction-refund, Property 1: Refund Detection Accuracy - should trigger refund for payment amount 613487",
          "failureMessages": [],
          "duration": 2
        },
        {
          "ancestorTitles": [
            "TransaksiService Refund Processing - Property-Based Tests",
            "Property 1: Refund Detection Accuracy"
          ],
          "fullName": "TransaksiService Refund Processing - Property-Based Tests Property 1: Refund Detection Accuracy Feature: cancel-transaction-refund, Property 1: Refund Detection Accuracy - should trigger refund for payment amount 505128",
          "status": "passed",
          "title": "Feature: cancel-transaction-refund, Property 1: Refund Detection Accuracy - should trigger refund for payment amount 505128",
          "failureMessages": [],
          "duration": 2
        },
        {
          "ancestorTitles": [
            "TransaksiService Refund Processing - Property-Based Tests",
            "Property 1: Refund Detection Accuracy"
          ],
          "fullName": "TransaksiService Refund Processing - Property-Based Tests Property 1: Refund Detection Accuracy Feature: cancel-transaction-refund, Property 1: Refund Detection Accuracy - should trigger refund for payment amount 435333",
          "status": "passed",
          "title": "Feature: cancel-transaction-refund, Property 1: Refund Detection Accuracy - should trigger refund for payment amount 435333",
          "failureMessages": [],
          "duration": 2
        },
        {
          "ancestorTitles": [
            "TransaksiService Refund Processing - Property-Based Tests",
            "Property 1: Refund Detection Accuracy"
          ],
          "fullName": "TransaksiService Refund Processing - Property-Based Tests Property 1: Refund Detection Accuracy Feature: cancel-transaction-refund, Property 1: Refund Detection Accuracy - should trigger refund for payment amount 718827",
          "status": "passed",
          "title": "Feature: cancel-transaction-refund, Property 1: Refund Detection Accuracy - should trigger refund for payment amount 718827",
          "failureMessages": [],
          "duration": 3
        },
        {
          "ancestorTitles": [
            "TransaksiService Refund Processing - Property-Based Tests",
            "Property 1: Refund Detection Accuracy"
          ],
          "fullName": "TransaksiService Refund Processing - Property-Based Tests Property 1: Refund Detection Accuracy Feature: cancel-transaction-refund, Property 1: Refund Detection Accuracy - should trigger refund for payment amount 133698",
          "status": "passed",
          "title": "Feature: cancel-transaction-refund, Property 1: Refund Detection Accuracy - should trigger refund for payment amount 133698",
          "failureMessages": [],
          "duration": 4
        },
        {
          "ancestorTitles": [
            "TransaksiService Refund Processing - Property-Based Tests",
            "Property 1: Refund Detection Accuracy"
          ],
          "fullName": "TransaksiService Refund Processing - Property-Based Tests Property 1: Refund Detection Accuracy Feature: cancel-transaction-refund, Property 1: Refund Detection Accuracy - should trigger refund for payment amount 249763",
          "status": "passed",
          "title": "Feature: cancel-transaction-refund, Property 1: Refund Detection Accuracy - should trigger refund for payment amount 249763",
          "failureMessages": [],
          "duration": 4
        },
        {
          "ancestorTitles": [
            "TransaksiService Refund Processing - Property-Based Tests",
            "Property 1: Refund Detection Accuracy"
          ],
          "fullName": "TransaksiService Refund Processing - Property-Based Tests Property 1: Refund Detection Accuracy Feature: cancel-transaction-refund, Property 1: Refund Detection Accuracy - should trigger refund for payment amount 206151",
          "status": "passed",
          "title": "Feature: cancel-transaction-refund, Property 1: Refund Detection Accuracy - should trigger refund for payment amount 206151",
          "failureMessages": [],
          "duration": 3
        },
        {
          "ancestorTitles": [
            "TransaksiService Refund Processing - Property-Based Tests",
            "Property 1: Refund Detection Accuracy"
          ],
          "fullName": "TransaksiService Refund Processing - Property-Based Tests Property 1: Refund Detection Accuracy Feature: cancel-transaction-refund, Property 1: Refund Detection Accuracy - should trigger refund for payment amount 562456",
          "status": "passed",
          "title": "Feature: cancel-transaction-refund, Property 1: Refund Detection Accuracy - should trigger refund for payment amount 562456",
          "failureMessages": [],
          "duration": 2
        },
        {
          "ancestorTitles": [
            "TransaksiService Refund Processing - Property-Based Tests",
            "Property 1: Refund Detection Accuracy"
          ],
          "fullName": "TransaksiService Refund Processing - Property-Based Tests Property 1: Refund Detection Accuracy Feature: cancel-transaction-refund, Property 1: Refund Detection Accuracy - should trigger refund for payment amount 229484",
          "status": "passed",
          "title": "Feature: cancel-transaction-refund, Property 1: Refund Detection Accuracy - should trigger refund for payment amount 229484",
          "failureMessages": [],
          "duration": 2
        },
        {
          "ancestorTitles": [
            "TransaksiService Refund Processing - Property-Based Tests",
            "Property 1: Refund Detection Accuracy"
          ],
          "fullName": "TransaksiService Refund Processing - Property-Based Tests Property 1: Refund Detection Accuracy Feature: cancel-transaction-refund, Property 1: Refund Detection Accuracy - should trigger refund for payment amount 997140",
          "status": "passed",
          "title": "Feature: cancel-transaction-refund, Property 1: Refund Detection Accuracy - should trigger refund for payment amount 997140",
          "failureMessages": [],
          "duration": 6
        },
        {
          "ancestorTitles": [
            "TransaksiService Refund Processing - Property-Based Tests",
            "Property 1: Refund Detection Accuracy"
          ],
          "fullName": "TransaksiService Refund Processing - Property-Based Tests Property 1: Refund Detection Accuracy Feature: cancel-transaction-refund, Property 1: Refund Detection Accuracy - should trigger refund for payment amount 875573",
          "status": "passed",
          "title": "Feature: cancel-transaction-refund, Property 1: Refund Detection Accuracy - should trigger refund for payment amount 875573",
          "failureMessages": [],
          "duration": 2
        },
        {
          "ancestorTitles": [
            "TransaksiService Refund Processing - Property-Based Tests",
            "Property 1: Refund Detection Accuracy"
          ],
          "fullName": "TransaksiService Refund Processing - Property-Based Tests Property 1: Refund Detection Accuracy Feature: cancel-transaction-refund, Property 1: Refund Detection Accuracy - should trigger refund for payment amount 349753",
          "status": "passed",
          "title": "Feature: cancel-transaction-refund, Property 1: Refund Detection Accuracy - should trigger refund for payment amount 349753",
          "failureMessages": [],
          "duration": 2
        },
        {
          "ancestorTitles": [
            "TransaksiService Refund Processing - Property-Based Tests",
            "Property 1: Refund Detection Accuracy"
          ],
          "fullName": "TransaksiService Refund Processing - Property-Based Tests Property 1: Refund Detection Accuracy Feature: cancel-transaction-refund, Property 1: Refund Detection Accuracy - should trigger refund for payment amount 738402",
          "status": "passed",
          "title": "Feature: cancel-transaction-refund, Property 1: Refund Detection Accuracy - should trigger refund for payment amount 738402",
          "failureMessages": [],
          "duration": 2
        },
        {
          "ancestorTitles": [
            "TransaksiService Refund Processing - Property-Based Tests",
            "Property 1: Refund Detection Accuracy"
          ],
          "fullName": "TransaksiService Refund Processing - Property-Based Tests Property 1: Refund Detection Accuracy Feature: cancel-transaction-refund, Property 1: Refund Detection Accuracy - should trigger refund for payment amount 340187",
          "status": "passed",
          "title": "Feature: cancel-transaction-refund, Property 1: Refund Detection Accuracy - should trigger refund for payment amount 340187",
          "failureMessages": [],
          "duration": 2
        },
        {
          "ancestorTitles": [
            "TransaksiService Refund Processing - Property-Based Tests",
            "Property 1: Refund Detection Accuracy"
          ],
          "fullName": "TransaksiService Refund Processing - Property-Based Tests Property 1: Refund Detection Accuracy Feature: cancel-transaction-refund, Property 1: Refund Detection Accuracy - should trigger refund for payment amount 968809",
          "status": "passed",
          "title": "Feature: cancel-transaction-refund, Property 1: Refund Detection Accuracy - should trigger refund for payment amount 968809",
          "failureMessages": [],
          "duration": 2
        },
        {
          "ancestorTitles": [
            "TransaksiService Refund Processing - Property-Based Tests",
            "Property 1: Refund Detection Accuracy"
          ],
          "fullName": "TransaksiService Refund Processing - Property-Based Tests Property 1: Refund Detection Accuracy Feature: cancel-transaction-refund, Property 1: Refund Detection Accuracy - should trigger refund for payment amount 617444",
          "status": "passed",
          "title": "Feature: cancel-transaction-refund, Property 1: Refund Detection Accuracy - should trigger refund for payment amount 617444",
          "failureMessages": [],
          "duration": 2
        },
        {
          "ancestorTitles": [
            "TransaksiService Refund Processing - Property-Based Tests",
            "Property 1: Refund Detection Accuracy"
          ],
          "fullName": "TransaksiService Refund Processing - Property-Based Tests Property 1: Refund Detection Accuracy Feature: cancel-transaction-refund, Property 1: Refund Detection Accuracy - should NOT trigger refund for zero payment",
          "status": "passed",
          "title": "Feature: cancel-transaction-refund, Property 1: Refund Detection Accuracy - should NOT trigger refund for zero payment",
          "failureMessages": [],
          "duration": 2
        },
        {
          "ancestorTitles": [
            "TransaksiService Refund Processing - Property-Based Tests",
            "Property 2: Atomic Refund Processing"
          ],
          "fullName": "TransaksiService Refund Processing - Property-Based Tests Property 2: Atomic Refund Processing Feature: cancel-transaction-refund, Property 2: Atomic Refund Processing - should handle failure at step 1 atomically",
          "status": "passed",
          "title": "Feature: cancel-transaction-refund, Property 2: Atomic Refund Processing - should handle failure at step 1 atomically",
          "failureMessages": [],
          "duration": 3
        },
        {
          "ancestorTitles": [
            "TransaksiService Refund Processing - Property-Based Tests",
            "Property 2: Atomic Refund Processing"
          ],
          "fullName": "TransaksiService Refund Processing - Property-Based Tests Property 2: Atomic Refund Processing Feature: cancel-transaction-refund, Property 2: Atomic Refund Processing - should handle failure at step 2 atomically",
          "status": "passed",
          "title": "Feature: cancel-transaction-refund, Property 2: Atomic Refund Processing - should handle failure at step 2 atomically",
          "failureMessages": [],
          "duration": 1
        },
        {
          "ancestorTitles": [
            "TransaksiService Refund Processing - Property-Based Tests",
            "Property 2: Atomic Refund Processing"
          ],
          "fullName": "TransaksiService Refund Processing - Property-Based Tests Property 2: Atomic Refund Processing Feature: cancel-transaction-refund, Property 2: Atomic Refund Processing - should handle failure at step 0 atomically",
          "status": "passed",
          "title": "Feature: cancel-transaction-refund, Property 2: Atomic Refund Processing - should handle failure at step 0 atomically",
          "failureMessages": [],
          "duration": 1
        },
        {
          "ancestorTitles": [
            "TransaksiService Refund Processing - Property-Based Tests",
            "Property 2: Atomic Refund Processing"
          ],
          "fullName": "TransaksiService Refund Processing - Property-Based Tests Property 2: Atomic Refund Processing Feature: cancel-transaction-refund, Property 2: Atomic Refund Processing - should handle failure at step 1 atomically",
          "status": "passed",
          "title": "Feature: cancel-transaction-refund, Property 2: Atomic Refund Processing - should handle failure at step 1 atomically",
          "failureMessages": [],
          "duration": 1
        },
        {
          "ancestorTitles": [
            "TransaksiService Refund Processing - Property-Based Tests",
            "Property 2: Atomic Refund Processing"
          ],
          "fullName": "TransaksiService Refund Processing - Property-Based Tests Property 2: Atomic Refund Processing Feature: cancel-transaction-refund, Property 2: Atomic Refund Processing - should handle failure at step 2 atomically",
          "status": "passed",
          "title": "Feature: cancel-transaction-refund, Property 2: Atomic Refund Processing - should handle failure at step 2 atomically",
          "failureMessages": [],
          "duration": 1
        },
        {
          "ancestorTitles": [
            "TransaksiService Refund Processing - Property-Based Tests",
            "Property 2: Atomic Refund Processing"
          ],
          "fullName": "TransaksiService Refund Processing - Property-Based Tests Property 2: Atomic Refund Processing Feature: cancel-transaction-refund, Property 2: Atomic Refund Processing - should handle failure at step 0 atomically",
          "status": "passed",
          "title": "Feature: cancel-transaction-refund, Property 2: Atomic Refund Processing - should handle failure at step 0 atomically",
          "failureMessages": [],
          "duration": 2
        },
        {
          "ancestorTitles": [
            "TransaksiService Refund Processing - Property-Based Tests",
            "Property 2: Atomic Refund Processing"
          ],
          "fullName": "TransaksiService Refund Processing - Property-Based Tests Property 2: Atomic Refund Processing Feature: cancel-transaction-refund, Property 2: Atomic Refund Processing - should handle failure at step 0 atomically",
          "status": "passed",
          "title": "Feature: cancel-transaction-refund, Property 2: Atomic Refund Processing - should handle failure at step 0 atomically",
          "failureMessages": [],
          "duration": 1
        },
        {
          "ancestorTitles": [
            "TransaksiService Refund Processing - Property-Based Tests",
            "Property 2: Atomic Refund Processing"
          ],
          "fullName": "TransaksiService Refund Processing - Property-Based Tests Property 2: Atomic Refund Processing Feature: cancel-transaction-refund, Property 2: Atomic Refund Processing - should handle failure at step 0 atomically",
          "status": "passed",
          "title": "Feature: cancel-transaction-refund, Property 2: Atomic Refund Processing - should handle failure at step 0 atomically",
          "failureMessages": [],
          "duration": 2
        },
        {
          "ancestorTitles": [
            "TransaksiService Refund Processing - Property-Based Tests",
            "Property 2: Atomic Refund Processing"
          ],
          "fullName": "TransaksiService Refund Processing - Property-Based Tests Property 2: Atomic Refund Processing Feature: cancel-transaction-refund, Property 2: Atomic Refund Processing - should handle failure at step 1 atomically",
          "status": "passed",
          "title": "Feature: cancel-transaction-refund, Property 2: Atomic Refund Processing - should handle failure at step 1 atomically",
          "failureMessages": [],
          "duration": 2
        },
        {
          "ancestorTitles": [
            "TransaksiService Refund Processing - Property-Based Tests",
            "Property 2: Atomic Refund Processing"
          ],
          "fullName": "TransaksiService Refund Processing - Property-Based Tests Property 2: Atomic Refund Processing Feature: cancel-transaction-refund, Property 2: Atomic Refund Processing - should handle failure at step 0 atomically",
          "status": "passed",
          "title": "Feature: cancel-transaction-refund, Property 2: Atomic Refund Processing - should handle failure at step 0 atomically",
          "failureMessages": [],
          "duration": 2
        },
        {
          "ancestorTitles": [
            "TransaksiService Refund Processing - Property-Based Tests",
            "Property 2: Atomic Refund Processing"
          ],
          "fullName": "TransaksiService Refund Processing - Property-Based Tests Property 2: Atomic Refund Processing Feature: cancel-transaction-refund, Property 2: Atomic Refund Processing - should handle failure at step 2 atomically",
          "status": "passed",
          "title": "Feature: cancel-transaction-refund, Property 2: Atomic Refund Processing - should handle failure at step 2 atomically",
          "failureMessages": [],
          "duration": 1
        },
        {
          "ancestorTitles": [
            "TransaksiService Refund Processing - Property-Based Tests",
            "Property 2: Atomic Refund Processing"
          ],
          "fullName": "TransaksiService Refund Processing - Property-Based Tests Property 2: Atomic Refund Processing Feature: cancel-transaction-refund, Property 2: Atomic Refund Processing - should handle failure at step 2 atomically",
          "status": "passed",
          "title": "Feature: cancel-transaction-refund, Property 2: Atomic Refund Processing - should handle failure at step 2 atomically",
          "failureMessages": [],
          "duration": 2
        },
        {
          "ancestorTitles": [
            "TransaksiService Refund Processing - Property-Based Tests",
            "Property 2: Atomic Refund Processing"
          ],
          "fullName": "TransaksiService Refund Processing - Property-Based Tests Property 2: Atomic Refund Processing Feature: cancel-transaction-refund, Property 2: Atomic Refund Processing - should handle failure at step 0 atomically",
          "status": "passed",
          "title": "Feature: cancel-transaction-refund, Property 2: Atomic Refund Processing - should handle failure at step 0 atomically",
          "failureMessages": [],
          "duration": 0
        },
        {
          "ancestorTitles": [
[...]
          "duration": 2
        },
        {
          "ancestorTitles": [
            "TransaksiService Refund Processing - Property-Based Tests",
            "Property 3: Refund Amount Consistency"
          ],
          "fullName": "TransaksiService Refund Processing - Property-Based Tests Property 3: Refund Amount Consistency Feature: cancel-transaction-refund, Property 3: Refund Amount Consistency - payment and expense amounts should match for amount 58581",
          "status": "passed",
          "title": "Feature: cancel-transaction-refund, Property 3: Refund Amount Consistency - payment and expense amounts should match for amount 58581",
          "failureMessages": [],
          "duration": 4
        },
        {
          "ancestorTitles": [
            "TransaksiService Refund Processing - Property-Based Tests",
            "Property 3: Refund Amount Consistency"
          ],
          "fullName": "TransaksiService Refund Processing - Property-Based Tests Property 3: Refund Amount Consistency Feature: cancel-transaction-refund, Property 3: Refund Amount Consistency - payment and expense amounts should match for amount 951918",
          "status": "passed",
          "title": "Feature: cancel-transaction-refund, Property 3: Refund Amount Consistency - payment and expense amounts should match for amount 951918",
          "failureMessages": [],
          "duration": 2
        },
        {
          "ancestorTitles": [
            "TransaksiService Refund Processing - Property-Based Tests",
            "Property 3: Refund Amount Consistency"
          ],
          "fullName": "TransaksiService Refund Processing - Property-Based Tests Property 3: Refund Amount Consistency Feature: cancel-transaction-refund, Property 3: Refund Amount Consistency - payment and expense amounts should match for amount 945019",
          "status": "passed",
          "title": "Feature: cancel-transaction-refund, Property 3: Refund Amount Consistency - payment and expense amounts should match for amount 945019",
          "failureMessages": [],
          "duration": 2
        },
        {
          "ancestorTitles": [
            "TransaksiService Refund Processing - Property-Based Tests",
            "Property 3: Refund Amount Consistency"
          ],
          "fullName": "TransaksiService Refund Processing - Property-Based Tests Property 3: Refund Amount Consistency Feature: cancel-transaction-refund, Property 3: Refund Amount Consistency - payment and expense amounts should match for amount 328593",
          "status": "passed",
          "title": "Feature: cancel-transaction-refund, Property 3: Refund Amount Consistency - payment and expense amounts should match for amount 328593",
          "failureMessages": [],
          "duration": 3
        },
        {
          "ancestorTitles": [
            "TransaksiService Refund Processing - Property-Based Tests",
            "Property 3: Refund Amount Consistency"
          ],
          "fullName": "TransaksiService Refund Processing - Property-Based Tests Property 3: Refund Amount Consistency Feature: cancel-transaction-refund, Property 3: Refund Amount Consistency - payment and expense amounts should match for amount 997173",
          "status": "passed",
          "title": "Feature: cancel-transaction-refund, Property 3: Refund Amount Consistency - payment and expense amounts should match for amount 997173",
          "failureMessages": [],
          "duration": 2
        },
        {
          "ancestorTitles": [
            "TransaksiService Refund Processing - Property-Based Tests",
            "Property 3: Refund Amount Consistency"
          ],
          "fullName": "TransaksiService Refund Processing - Property-Based Tests Property 3: Refund Amount Consistency Feature: cancel-transaction-refund, Property 3: Refund Amount Consistency - payment and expense amounts should match for amount 586793",
          "status": "passed",
          "title": "Feature: cancel-transaction-refund, Property 3: Refund Amount Consistency - payment and expense amounts should match for amount 586793",
          "failureMessages": [],
          "duration": 5
        },
        {
          "ancestorTitles": [
            "TransaksiService Refund Processing - Property-Based Tests",
            "Property 3: Refund Amount Consistency"
          ],
          "fullName": "TransaksiService Refund Processing - Property-Based Tests Property 3: Refund Amount Consistency Feature: cancel-transaction-refund, Property 3: Refund Amount Consistency - payment and expense amounts should match for amount 879466",
          "status": "passed",
          "title": "Feature: cancel-transaction-refund, Property 3: Refund Amount Consistency - payment and expense amounts should match for amount 879466",
          "failureMessages": [],
          "duration": 4
        },
        {
          "ancestorTitles": [
            "TransaksiService Refund Processing - Property-Based Tests",
            "Property 3: Refund Amount Consistency"
          ],
          "fullName": "TransaksiService Refund Processing - Property-Based Tests Property 3: Refund Amount Consistency Feature: cancel-transaction-refund, Property 3: Refund Amount Consistency - payment and expense amounts should match for amount 245556",
          "status": "passed",
          "title": "Feature: cancel-transaction-refund, Property 3: Refund Amount Consistency - payment and expense amounts should match for amount 245556",
          "failureMessages": [],
          "duration": 2
        },
        {
          "ancestorTitles": [
            "TransaksiService Refund Processing - Property-Based Tests",
            "Property 3: Refund Amount Consistency"
          ],
          "fullName": "TransaksiService Refund Processing - Property-Based Tests Property 3: Refund Amount Consistency Feature: cancel-transaction-refund, Property 3: Refund Amount Consistency - payment and expense amounts should match for amount 37397",
          "status": "passed",
          "title": "Feature: cancel-transaction-refund, Property 3: Refund Amount Consistency - payment and expense amounts should match for amount 37397",
          "failureMessages": [],
          "duration": 2
        },
        {
          "ancestorTitles": [
            "TransaksiService Refund Processing - Property-Based Tests",
            "Property 3: Refund Amount Consistency"
          ],
          "fullName": "TransaksiService Refund Processing - Property-Based Tests Property 3: Refund Amount Consistency Feature: cancel-transaction-refund, Property 3: Refund Amount Consistency - payment and expense amounts should match for amount 918465",
          "status": "passed",
          "title": "Feature: cancel-transaction-refund, Property 3: Refund Amount Consistency - payment and expense amounts should match for amount 918465",
          "failureMessages": [],
          "duration": 2
        },
        {
          "ancestorTitles": [
            "TransaksiService Refund Processing - Property-Based Tests",
            "Property 3: Refund Amount Consistency"
          ],
          "fullName": "TransaksiService Refund Processing - Property-Based Tests Property 3: Refund Amount Consistency Feature: cancel-transaction-refund, Property 3: Refund Amount Consistency - payment and expense amounts should match for amount 305148",
          "status": "passed",
          "title": "Feature: cancel-transaction-refund, Property 3: Refund Amount Consistency - payment and expense amounts should match for amount 305148",
          "failureMessages": [],
          "duration": 1
        },
        {
          "ancestorTitles": [
            "TransaksiService Refund Processing - Property-Based Tests",
            "Property 3: Refund Amount Consistency"
          ],
          "fullName": "TransaksiService Refund Processing - Property-Based Tests Property 3: Refund Amount Consistency Feature: cancel-transaction-refund, Property 3: Refund Amount Consistency - payment and expense amounts should match for amount 172112",
          "status": "passed",
          "title": "Feature: cancel-transaction-refund, Property 3: Refund Amount Consistency - payment and expense amounts should match for amount 172112",
          "failureMessages": [],
          "duration": 3
        },
        {
          "ancestorTitles": [
            "TransaksiService Refund Processing - Property-Based Tests",
            "Property 3: Refund Amount Consistency"
          ],
          "fullName": "TransaksiService Refund Processing - Property-Based Tests Property 3: Refund Amount Consistency Feature: cancel-transaction-refund, Property 3: Refund Amount Consistency - payment and expense amounts should match for amount 634433",
          "status": "passed",
          "title": "Feature: cancel-transaction-refund, Property 3: Refund Amount Consistency - payment and expense amounts should match for amount 634433",
          "failureMessages": [],
          "duration": 3
        },
        {
          "ancestorTitles": [
            "TransaksiService Refund Processing - Property-Based Tests",
            "Property 3: Refund Amount Consistency"
          ],
          "fullName": "TransaksiService Refund Processing - Property-Based Tests Property 3: Refund Amount Consistency Feature: cancel-transaction-refund, Property 3: Refund Amount Consistency - payment and expense amounts should match for amount 115268",
          "status": "passed",
          "title": "Feature: cancel-transaction-refund, Property 3: Refund Amount Consistency - payment and expense amounts should match for amount 115268",
          "failureMessages": [],
          "duration": 2
        },
        {
          "ancestorTitles": [
            "TransaksiService Refund Processing - Property-Based Tests",
            "Property 3: Refund Amount Consistency"
          ],
          "fullName": "TransaksiService Refund Processing - Property-Based Tests Property 3: Refund Amount Consistency Feature: cancel-transaction-refund, Property 3: Refund Amount Consistency - payment and expense amounts should match for amount 461004",
          "status": "passed",
          "title": "Feature: cancel-transaction-refund, Property 3: Refund Amount Consistency - payment and expense amounts should match for amount 461004",
          "failureMessages": [],
          "duration": 2
        },
        {
          "ancestorTitles": [
            "TransaksiService Refund Processing - Property-Based Tests",
            "Property 3: Refund Amount Consistency"
          ],
          "fullName": "TransaksiService Refund Processing - Property-Based Tests Property 3: Refund Amount Consistency Feature: cancel-transaction-refund, Property 3: Refund Amount Consistency - payment and expense amounts should match for amount 194244",
          "status": "passed",
          "title": "Feature: cancel-transaction-refund, Property 3: Refund Amount Consistency - payment and expense amounts should match for amount 194244",
          "failureMessages": [],
          "duration": 2
        },
        {
          "ancestorTitles": [
            "TransaksiService Refund Processing - Property-Based Tests",
            "Property 3: Refund Amount Consistency"
          ],
          "fullName": "TransaksiService Refund Processing - Property-Based Tests Property 3: Refund Amount Consistency Feature: cancel-transaction-refund, Property 3: Refund Amount Consistency - payment and expense amounts should match for amount 527539",
          "status": "passed",
          "title": "Feature: cancel-transaction-refund, Property 3: Refund Amount Consistency - payment and expense amounts should match for amount 527539",
          "failureMessages": [],
          "duration": 2
        },
        {
          "ancestorTitles": [
            "TransaksiService Refund Processing - Property-Based Tests",
            "Property 3: Refund Amount Consistency"
          ],
          "fullName": "TransaksiService Refund Processing - Property-Based Tests Property 3: Refund Amount Consistency Feature: cancel-transaction-refund, Property 3: Refund Amount Consistency - payment and expense amounts should match for amount 698338",
          "status": "passed",
          "title": "Feature: cancel-transaction-refund, Property 3: Refund Amount Consistency - payment and expense amounts should match for amount 698338",
          "failureMessages": [],
          "duration": 3
        },
        {
          "ancestorTitles": [
            "TransaksiService Refund Processing - Property-Based Tests",
            "Property 3: Refund Amount Consistency"
          ],
          "fullName": "TransaksiService Refund Processing - Property-Based Tests Property 3: Refund Amount Consistency Feature: cancel-transaction-refund, Property 3: Refund Amount Consistency - payment and expense amounts should match for amount 824628",
          "status": "passed",
          "title": "Feature: cancel-transaction-refund, Property 3: Refund Amount Consistency - payment and expense amounts should match for amount 824628",
          "failureMessages": [],
          "duration": 3
        },
        {
          "ancestorTitles": [
            "TransaksiService Refund Processing - Property-Based Tests",
            "Property 3: Refund Amount Consistency"
          ],
          "fullName": "TransaksiService Refund Processing - Property-Based Tests Property 3: Refund Amount Consistency Feature: cancel-transaction-refund, Property 3: Refund Amount Consistency - payment and expense amounts should match for amount 100990",
          "status": "passed",
          "title": "Feature: cancel-transaction-refund, Property 3: Refund Amount Consistency - payment and expense amounts should match for amount 100990",
          "failureMessages": [],
          "duration": 3
        },
        {
          "ancestorTitles": [
            "TransaksiService Refund Processing - Property-Based Tests",
            "Property 3: Refund Amount Consistency"
          ],
          "fullName": "TransaksiService Refund Processing - Property-Based Tests Property 3: Refund Amount Consistency Feature: cancel-transaction-refund, Property 3: Refund Amount Consistency - payment and expense amounts should match for amount 398093",
          "status": "passed",
          "title": "Feature: cancel-transaction-refund, Property 3: Refund Amount Consistency - payment and expense amounts should match for amount 398093",
          "failureMessages": [],
          "duration": 2
        },
        {
          "ancestorTitles": [
            "TransaksiService Refund Processing - Property-Based Tests",
            "Property 3: Refund Amount Consistency"
          ],
          "fullName": "TransaksiService Refund Processing - Property-Based Tests Property 3: Refund Amount Consistency Feature: cancel-transaction-refund, Property 3: Refund Amount Consistency - payment and expense amounts should match for amount 941152",
          "status": "passed",
          "title": "Feature: cancel-transaction-refund, Property 3: Refund Amount Consistency - payment and expense amounts should match for amount 941152",
          "failureMessages": [],
          "duration": 2
        },
        {
          "ancestorTitles": [
            "TransaksiService Refund Processing - Property-Based Tests",
            "Property 3: Refund Amount Consistency"
          ],
          "fullName": "TransaksiService Refund Processing - Property-Based Tests Property 3: Refund Amount Consistency Feature: cancel-transaction-refund, Property 3: Refund Amount Consistency - payment and expense amounts should match for amount 427780",
          "status": "passed",
          "title": "Feature: cancel-transaction-refund, Property 3: Refund Amount Consistency - payment and expense amounts should match for amount 427780",
          "failureMessages": [],
          "duration": 2
        },
        {
          "ancestorTitles": [
            "TransaksiService Refund Processing - Property-Based Tests",
            "Property 3: Refund Amount Consistency"
          ],
          "fullName": "TransaksiService Refund Processing - Property-Based Tests Property 3: Refund Amount Consistency Feature: cancel-transaction-refund, Property 3: Refund Amount Consistency - payment and expense amounts should match for amount 594230",
          "status": "passed",
          "title": "Feature: cancel-transaction-refund, Property 3: Refund Amount Consistency - payment and expense amounts should match for amount 594230",
          "failureMessages": [],
          "duration": 2
        },
        {
          "ancestorTitles": [
            "TransaksiService Refund Processing - Property-Based Tests",
            "Property 3: Refund Amount Consistency"
          ],
          "fullName": "TransaksiService Refund Processing - Property-Based Tests Property 3: Refund Amount Consistency Feature: cancel-transaction-refund, Property 3: Refund Amount Consistency - payment and expense amounts should match for amount 355339",
          "status": "passed",
          "title": "Feature: cancel-transaction-refund, Property 3: Refund Amount Consistency - payment and expense amounts should match for amount 355339",
          "failureMessages": [],
          "duration": 4
        },
        {
          "ancestorTitles": [
            "TransaksiService Refund Processing - Property-Based Tests",
            "Property 3: Refund Amount Consistency"
          ],
          "fullName": "TransaksiService Refund Processing - Property-Based Tests Property 3: Refund Amount Consistency Feature: cancel-transaction-refund, Property 3: Refund Amount Consistency - payment and expense amounts should match for amount 781837",
          "status": "passed",
          "title": "Feature: cancel-transaction-refund, Property 3: Refund Amount Consistency - payment and expense amounts should match for amount 781837",
          "failureMessages": [],
          "duration": 3
        },
        {
          "ancestorTitles": [
            "TransaksiService Refund Processing - Property-Based Tests",
            "Property 3: Refund Amount Consistency"
          ],
          "fullName": "TransaksiService Refund Processing - Property-Based Tests Property 3: Refund Amount Consistency Feature: cancel-transaction-refund, Property 3: Refund Amount Consistency - payment and expense amounts should match for amount 555121",
          "status": "passed",
          "title": "Feature: cancel-transaction-refund, Property 3: Refund Amount Consistency - payment and expense amounts should match for amount 555121",
          "failureMessages": [],
          "duration": 5
        },
        {
          "ancestorTitles": [
            "TransaksiService Refund Processing - Property-Based Tests",
            "Property 3: Refund Amount Consistency"
          ],
          "fullName": "TransaksiService Refund Processing - Property-Based Tests Property 3: Refund Amount Consistency Feature: cancel-transaction-refund, Property 3: Refund Amount Consistency - payment and expense amounts should match for amount 554464",
          "status": "passed",
          "title": "Feature: cancel-transaction-refund, Property 3: Refund Amount Consistency - payment and expense amounts should match for amount 554464",
          "failureMessages": [],
          "duration": 2
        },
        {
          "ancestorTitles": [
            "TransaksiService Refund Processing - Property-Based Tests",
            "Edge Cases"
          ],
          "fullName": "TransaksiService Refund Processing - Property-Based Tests Edge Cases Feature: cancel-transaction-refund, Property 1: Refund Detection Accuracy - should handle missing kasirId gracefully",
          "status": "passed",
          "title": "Feature: cancel-transaction-refund, Property 1: Refund Detection Accuracy - should handle missing kasirId gracefully",
          "failureMessages": [],
          "duration": 1
        }
      ],
      "failureMessage": null
    }
  ]
}